<?xml version="1.0" encoding="UTF-8"?>
<!-- Generated by org.testng.reporters.JUnitXMLReporter -->
<testsuite ignored="0" hostname="INL-JVNGDL3" failures="0" tests="21" name="Enterprise Reports" time="5.661" errors="0" timestamp="2023-09-15T11:24:05 IST">
  <testcase classname="com.Test.AllClassCalling_Enterprise_Reports" name="@BeforeTest Login" time="5.602">
    <failure type="org.openqa.selenium.SessionNotCreatedException" message="Could not start a new session. Response code 500. Message: session not created: This version of ChromeDriver only supports Chrome version 114
Current browser version is 116.0.5845.188 with binary path C:\Program Files\Google\Chrome\Application\chrome.exe 
Host info: host: &amp;apos;INL-JVNGDL3&amp;apos;, ip: &amp;apos;10.10.121.101&amp;apos;
Build info: version: &amp;apos;4.10.0&amp;apos;, revision: &amp;apos;c14d967899&amp;apos;
System info: os.name: &amp;apos;Windows 10&amp;apos;, os.arch: &amp;apos;amd64&amp;apos;, os.version: &amp;apos;10.0&amp;apos;, java.version: &amp;apos;17.0.8&amp;apos;
Driver info: org.openqa.selenium.chrome.ChromeDriver
Command: [null, newSession {capabilities=[Capabilities {browserName: chrome, goog:chromeOptions: {args: [--remote-allow-origins=*], extensions: []}}]}]">
      <![CDATA[org.openqa.selenium.SessionNotCreatedException: Could not start a new session. Response code 500. Message: session not created: This version of ChromeDriver only supports Chrome version 114
Current browser version is 116.0.5845.188 with binary path C:\Program Files\Google\Chrome\Application\chrome.exe 
Host info: host: 'INL-JVNGDL3', ip: '10.10.121.101'
Build info: version: '4.10.0', revision: 'c14d967899'
System info: os.name: 'Windows 10', os.arch: 'amd64', os.version: '10.0', java.version: '17.0.8'
Driver info: org.openqa.selenium.chrome.ChromeDriver
Command: [null, newSession {capabilities=[Capabilities {browserName: chrome, goog:chromeOptions: {args: [--remote-allow-origins=*], extensions: []}}]}]
at org.openqa.selenium.remote.ProtocolHandshake.createSession(ProtocolHandshake.java:140)
at org.openqa.selenium.remote.ProtocolHandshake.createSession(ProtocolHandshake.java:96)
at org.openqa.selenium.remote.ProtocolHandshake.createSession(ProtocolHandshake.java:68)
at org.openqa.selenium.remote.HttpCommandExecutor.execute(HttpCommandExecutor.java:163)
at org.openqa.selenium.remote.service.DriverCommandExecutor.invokeExecute(DriverCommandExecutor.java:196)
at org.openqa.selenium.remote.service.DriverCommandExecutor.execute(DriverCommandExecutor.java:171)
at org.openqa.selenium.remote.RemoteWebDriver.execute(RemoteWebDriver.java:531)
at org.openqa.selenium.remote.RemoteWebDriver.startSession(RemoteWebDriver.java:227)
at org.openqa.selenium.remote.RemoteWebDriver.<init>(RemoteWebDriver.java:154)
at org.openqa.selenium.chromium.ChromiumDriver.<init>(ChromiumDriver.java:107)
at org.openqa.selenium.chrome.ChromeDriver.<init>(ChromeDriver.java:87)
at org.openqa.selenium.chrome.ChromeDriver.<init>(ChromeDriver.java:82)
at org.openqa.selenium.chrome.ChromeDriver.<init>(ChromeDriver.java:71)
at com.Test.AllClassCalling_Enterprise_Reports.Login(AllClassCalling_Enterprise_Reports.java:95)
... Removed 24 stack frames]]>
    </failure>
  </testcase> <!-- @BeforeTest Login -->
  <testcase classname="com.Test.AllClassCalling_Enterprise_Reports" name="@AfterMethod TestFail" time="-1.694757245197E9">
    <skipped/>
  </testcase> <!-- @AfterMethod TestFail -->
  <testcase classname="com.Test.AllClassCalling_Enterprise_Reports" name="@AfterMethod TestFail" time="-1.694757245199E9">
    <skipped/>
  </testcase> <!-- @AfterMethod TestFail -->
  <testcase classname="com.Test.AllClassCalling_Enterprise_Reports" name="@AfterMethod TestFail" time="-1.694757245202E9">
    <skipped/>
  </testcase> <!-- @AfterMethod TestFail -->
  <testcase classname="com.Test.AllClassCalling_Enterprise_Reports" name="@AfterMethod TestFail" time="-1.694757245203E9">
    <skipped/>
  </testcase> <!-- @AfterMethod TestFail -->
  <testcase classname="com.Test.AllClassCalling_Enterprise_Reports" name="@AfterMethod TestFail" time="-1.694757245205E9">
    <skipped/>
  </testcase> <!-- @AfterMethod TestFail -->
  <testcase classname="com.Test.AllClassCalling_Enterprise_Reports" name="@AfterMethod TestFail" time="-1.694757245206E9">
    <skipped/>
  </testcase> <!-- @AfterMethod TestFail -->
  <testcase classname="com.Test.AllClassCalling_Enterprise_Reports" name="@AfterMethod TestFail" time="-1.694757245207E9">
    <skipped/>
  </testcase> <!-- @AfterMethod TestFail -->
  <testcase classname="com.Test.AllClassCalling_Enterprise_Reports" name="@AfterMethod TestFail" time="-1.694757245209E9">
    <skipped/>
  </testcase> <!-- @AfterMethod TestFail -->
  <testcase classname="com.Test.AllClassCalling_Enterprise_Reports" name="@AfterMethod TestFail" time="-1.694757245211E9">
    <skipped/>
  </testcase> <!-- @AfterMethod TestFail -->
  <testcase classname="com.Test.AllClassCalling_Enterprise_Reports" name="@AfterMethod TestFail" time="-1.694757245214E9">
    <skipped/>
  </testcase> <!-- @AfterMethod TestFail -->
  <testcase classname="com.Test.AllClassCalling_Enterprise_Reports" name="@AfterMethod TestFail" time="-1.694757245216E9">
    <skipped/>
  </testcase> <!-- @AfterMethod TestFail -->
  <testcase classname="com.Test.AllClassCalling_Enterprise_Reports" name="@AfterMethod TestFail" time="-1.694757245218E9">
    <skipped/>
  </testcase> <!-- @AfterMethod TestFail -->
  <testcase classname="com.Test.AllClassCalling_Enterprise_Reports" name="@AfterMethod TestFail" time="-1.694757245221E9">
    <skipped/>
  </testcase> <!-- @AfterMethod TestFail -->
  <testcase classname="com.Test.AllClassCalling_Enterprise_Reports" name="@AfterMethod TestFail" time="-1.694757245224E9">
    <skipped/>
  </testcase> <!-- @AfterMethod TestFail -->
  <testcase classname="com.Test.AllClassCalling_Enterprise_Reports" name="@AfterMethod TestFail" time="-1.694757245227E9">
    <skipped/>
  </testcase> <!-- @AfterMethod TestFail -->
  <testcase classname="com.Test.AllClassCalling_Enterprise_Reports" name="@AfterMethod TestFail" time="-1.694757245232E9">
    <skipped/>
  </testcase> <!-- @AfterMethod TestFail -->
  <testcase classname="com.Test.AllClassCalling_Enterprise_Reports" name="@AfterMethod TestFail" time="-1.694757245235E9">
    <skipped/>
  </testcase> <!-- @AfterMethod TestFail -->
  <testcase classname="com.Test.AllClassCalling_Enterprise_Reports" name="@AfterMethod TestFail" time="-1.694757245238E9">
    <skipped/>
  </testcase> <!-- @AfterMethod TestFail -->
  <testcase classname="com.Test.AllClassCalling_Enterprise_Reports" name="@AfterMethod TestFail" time="-1.694757245241E9">
    <skipped/>
  </testcase> <!-- @AfterMethod TestFail -->
  <testcase classname="com.Test.AllClassCalling_Enterprise_Reports" name="@AfterMethod TestFail" time="-1.694757245243E9">
    <skipped/>
  </testcase> <!-- @AfterMethod TestFail -->
  <testcase classname="com.Test.AllClassCalling_Enterprise_Reports" name="@AfterMethod TestFail" time="-1.694757245245E9">
    <skipped/>
  </testcase> <!-- @AfterMethod TestFail -->
  <testcase classname="com.Test.AllClassCalling_Enterprise_Reports" name="@AfterClass flushTest" time="-1.694757245245E9">
    <skipped/>
  </testcase> <!-- @AfterClass flushTest -->
  <testcase classname="com.Test.AllClassCalling_Enterprise_Reports" name="@AfterTest LogOut" time="-1.694757245246E9">
    <skipped/>
  </testcase> <!-- @AfterTest LogOut -->
  <testcase classname="com.Test.AllClassCalling_Enterprise_Reports" name="Enterprise_Reports" time="0.0">
    <skipped/>
  </testcase> <!-- Enterprise_Reports -->
  <testcase classname="com.Test.AllClassCalling_Enterprise_Reports" name="Enterprise_Reports_Sale_Recap_Report" time="0.0">
    <skipped/>
  </testcase> <!-- Enterprise_Reports_Sale_Recap_Report -->
  <testcase classname="com.Test.AllClassCalling_Enterprise_Reports" name="Enterprise_Reports_Department_Sale_Report" time="0.0">
    <skipped/>
  </testcase> <!-- Enterprise_Reports_Department_Sale_Report -->
  <testcase classname="com.Test.AllClassCalling_Enterprise_Reports" name="Enterprise_Reports_Category_Sale_Report" time="0.0">
    <skipped/>
  </testcase> <!-- Enterprise_Reports_Category_Sale_Report -->
  <testcase classname="com.Test.AllClassCalling_Enterprise_Reports" name="Enterprise_Reports_SubCategory_Sale_Report" time="0.0">
    <skipped/>
  </testcase> <!-- Enterprise_Reports_SubCategory_Sale_Report -->
  <testcase classname="com.Test.AllClassCalling_Enterprise_Reports" name="Enterprise_Reports_Menu_Items_Report" time="0.0">
    <skipped/>
  </testcase> <!-- Enterprise_Reports_Menu_Items_Report -->
  <testcase classname="com.Test.AllClassCalling_Enterprise_Reports" name="Enterprise_Reports_Modifier_Sale_Report" time="0.0">
    <skipped/>
  </testcase> <!-- Enterprise_Reports_Modifier_Sale_Report -->
  <testcase classname="com.Test.AllClassCalling_Enterprise_Reports" name="Enterprise_Reports_Hourly_Sale_Report" time="0.0">
    <skipped/>
  </testcase> <!-- Enterprise_Reports_Hourly_Sale_Report -->
  <testcase classname="com.Test.AllClassCalling_Enterprise_Reports" name="Enterprise_Reports_Daily_Sale_Report" time="0.0">
    <skipped/>
  </testcase> <!-- Enterprise_Reports_Daily_Sale_Report -->
  <testcase classname="com.Test.AllClassCalling_Enterprise_Reports" name="Enterprise_Reports_Cashier_Out_Report" time="0.0">
    <skipped/>
  </testcase> <!-- Enterprise_Reports_Cashier_Out_Report -->
  <testcase classname="com.Test.AllClassCalling_Enterprise_Reports" name="Enterprise_Reports_Weekly_Summary_Report" time="0.0">
    <skipped/>
  </testcase> <!-- Enterprise_Reports_Weekly_Summary_Report -->
  <testcase classname="com.Test.AllClassCalling_Enterprise_Reports" name="Enterprise_Reports_Sale_Summary_Report" time="0.0">
    <skipped/>
  </testcase> <!-- Enterprise_Reports_Sale_Summary_Report -->
  <testcase classname="com.Test.AllClassCalling_Enterprise_Reports" name="Enterprise_Detailed_Report" time="0.0">
    <skipped/>
  </testcase> <!-- Enterprise_Detailed_Report -->
  <testcase classname="com.Test.AllClassCalling_Enterprise_Reports" name="Enterprise_Reports_Online_Sales_Report" time="0.0">
    <skipped/>
  </testcase> <!-- Enterprise_Reports_Online_Sales_Report -->
  <testcase classname="com.Test.AllClassCalling_Enterprise_Reports" name="Enterprise_Reports_Employee_Role_Based_Payroll_Report" time="0.0">
    <skipped/>
  </testcase> <!-- Enterprise_Reports_Employee_Role_Based_Payroll_Report -->
  <testcase classname="com.Test.AllClassCalling_Enterprise_Reports" name="Enterprise_Reports_HA_Activity_Report" time="0.0">
    <skipped/>
  </testcase> <!-- Enterprise_Reports_HA_Activity_Report -->
  <testcase classname="com.Test.AllClassCalling_Enterprise_Reports" name="Enterprise_Reports_HA_Statement" time="0.0">
    <skipped/>
  </testcase> <!-- Enterprise_Reports_HA_Statement -->
  <testcase classname="com.Test.AllClassCalling_Enterprise_Reports" name="Enterprise_Reports_Gift_Card_Redemption" time="0.0">
    <skipped/>
  </testcase> <!-- Enterprise_Reports_Gift_Card_Redemption -->
  <testcase classname="com.Test.AllClassCalling_Enterprise_Reports" name="Enterprise_Reports_Royalty_Franchies_Royalty_Report" time="0.0">
    <skipped/>
  </testcase> <!-- Enterprise_Reports_Royalty_Franchies_Royalty_Report -->
  <testcase classname="com.Test.AllClassCalling_Enterprise_Reports" name="Enterprise_Reports_Royalty_Franchies_ACH_Report" time="0.0">
    <skipped/>
  </testcase> <!-- Enterprise_Reports_Royalty_Franchies_ACH_Report -->
  <testcase classname="com.Test.AllClassCalling_Enterprise_Reports" name="Enterprise_Reports_Loyalty_Report" time="0.0">
    <skipped/>
  </testcase> <!-- Enterprise_Reports_Loyalty_Report -->
</testsuite> <!-- Enterprise Reports -->
