<?xml version="1.0" encoding="UTF-8"?>
<!-- Generated by org.testng.reporters.JUnitXMLReporter -->
<testsuite hostname="Raja-QA-Laptop-IN" ignored="0" name="Product Items" tests="26" failures="2" timestamp="2023-05-17T20:38:06 IST" time="2675.512" errors="0">
  <testcase name="@AfterMethod TestFail" time="180.132" classname="com.Test.AllClassCalling_Product_and_Items">
    <failure type="org.openqa.selenium.TimeoutException" message="java.util.concurrent.TimeoutException
Build info: version: &amp;apos;4.4.0&amp;apos;, revision: &amp;apos;e5c75ed026a&amp;apos;
System info: host: &amp;apos;RAJA-QA-LAPTOP-&amp;apos;, ip: &amp;apos;192.168.1.225&amp;apos;, os.name: &amp;apos;Windows 10&amp;apos;, os.arch: &amp;apos;amd64&amp;apos;, os.version: &amp;apos;10.0&amp;apos;, java.version: &amp;apos;1.8.0_301&amp;apos;
Driver info: org.openqa.selenium.chrome.ChromeDriver
Command: [eb72fddf051b0516de4960d9be3368ac, screenshot {}]
Capabilities {acceptInsecureCerts: false, browserName: chrome, browserVersion: 113.0.5672.126, chrome: {chromedriverVersion: 113.0.5672.63 (0e1a4471d5ae..., userDataDir: C:\Users\rajas\AppData\Loca...}, goog:chromeOptions: {debuggerAddress: localhost:62930}, networkConnectionEnabled: false, pageLoadStrategy: normal, platformName: WINDOWS, proxy: Proxy(), se:cdp: ws://localhost:62930/devtoo..., se:cdpVersion: 113.0.5672.126, setWindowRect: true, strictFileInteractability: false, timeouts: {implicit: 0, pageLoad: 300000, script: 30000}, unhandledPromptBehavior: dismiss and notify, webauthn:extension:credBlob: true, webauthn:extension:largeBlob: true, webauthn:extension:minPinLength: true, webauthn:extension:prf: true, webauthn:virtualAuthenticators: true}
Session ID: eb72fddf051b0516de4960d9be3368ac">
      <![CDATA[org.openqa.selenium.TimeoutException: java.util.concurrent.TimeoutException
Build info: version: '4.4.0', revision: 'e5c75ed026a'
System info: host: 'RAJA-QA-LAPTOP-', ip: '192.168.1.225', os.name: 'Windows 10', os.arch: 'amd64', os.version: '10.0', java.version: '1.8.0_301'
Driver info: org.openqa.selenium.chrome.ChromeDriver
Command: [eb72fddf051b0516de4960d9be3368ac, screenshot {}]
Capabilities {acceptInsecureCerts: false, browserName: chrome, browserVersion: 113.0.5672.126, chrome: {chromedriverVersion: 113.0.5672.63 (0e1a4471d5ae..., userDataDir: C:\Users\rajas\AppData\Loca...}, goog:chromeOptions: {debuggerAddress: localhost:62930}, networkConnectionEnabled: false, pageLoadStrategy: normal, platformName: WINDOWS, proxy: Proxy(), se:cdp: ws://localhost:62930/devtoo..., se:cdpVersion: 113.0.5672.126, setWindowRect: true, strictFileInteractability: false, timeouts: {implicit: 0, pageLoad: 300000, script: 30000}, unhandledPromptBehavior: dismiss and notify, webauthn:extension:credBlob: true, webauthn:extension:largeBlob: true, webauthn:extension:minPinLength: true, webauthn:extension:prf: true, webauthn:virtualAuthenticators: true}
Session ID: eb72fddf051b0516de4960d9be3368ac
at org.openqa.selenium.remote.http.netty.NettyHttpHandler.makeCall(NettyHttpHandler.java:65)
at org.openqa.selenium.remote.http.AddSeleniumUserAgent.lambda$apply$0(AddSeleniumUserAgent.java:42)
at org.openqa.selenium.remote.http.Filter.lambda$andFinally$1(Filter.java:56)
at org.openqa.selenium.remote.http.netty.NettyHttpHandler.execute(NettyHttpHandler.java:49)
at org.openqa.selenium.remote.http.AddSeleniumUserAgent.lambda$apply$0(AddSeleniumUserAgent.java:42)
at org.openqa.selenium.remote.http.Filter.lambda$andFinally$1(Filter.java:56)
at org.openqa.selenium.remote.http.netty.NettyClient.execute(NettyClient.java:98)
at org.openqa.selenium.remote.HttpCommandExecutor.execute(HttpCommandExecutor.java:181)
at org.openqa.selenium.remote.service.DriverCommandExecutor.invokeExecute(DriverCommandExecutor.java:167)
at org.openqa.selenium.remote.service.DriverCommandExecutor.execute(DriverCommandExecutor.java:142)
at org.openqa.selenium.remote.RemoteWebDriver.execute(RemoteWebDriver.java:547)
at org.openqa.selenium.remote.RemoteWebDriver.execute(RemoteWebDriver.java:602)
at org.openqa.selenium.remote.RemoteWebDriver.execute(RemoteWebDriver.java:606)
at org.openqa.selenium.remote.RemoteWebDriver.getScreenshotAs(RemoteWebDriver.java:331)
at com.Test.AllClassCalling_Product_and_Items.TestFail(AllClassCalling_Product_and_Items.java:60)
at java.util.ArrayList.forEach(Unknown Source)
Caused by: java.util.concurrent.TimeoutException
at java.util.concurrent.CompletableFuture.timedGet(Unknown Source)
at java.util.concurrent.CompletableFuture.get(Unknown Source)
at org.asynchttpclient.netty.NettyResponseFuture.get(NettyResponseFuture.java:206)
at org.openqa.selenium.remote.http.netty.NettyHttpHandler.makeCall(NettyHttpHandler.java:59)
... 47 more
... Removed 32 stack frames]]>
    </failure>
  </testcase> <!-- @AfterMethod TestFail -->
  <testcase name="@AfterMethod TestFail" time="-1.684336086155E9" classname="com.Test.AllClassCalling_Product_and_Items">
    <skipped/>
  </testcase> <!-- @AfterMethod TestFail -->
  <testcase name="@AfterMethod TestFail" time="-1.684336086164E9" classname="com.Test.AllClassCalling_Product_and_Items">
    <skipped/>
  </testcase> <!-- @AfterMethod TestFail -->
  <testcase name="@AfterMethod TestFail" time="-1.684336086173E9" classname="com.Test.AllClassCalling_Product_and_Items">
    <skipped/>
  </testcase> <!-- @AfterMethod TestFail -->
  <testcase name="@AfterMethod TestFail" time="-1.684336086184E9" classname="com.Test.AllClassCalling_Product_and_Items">
    <skipped/>
  </testcase> <!-- @AfterMethod TestFail -->
  <testcase name="@AfterMethod TestFail" time="-1.684336086193E9" classname="com.Test.AllClassCalling_Product_and_Items">
    <skipped/>
  </testcase> <!-- @AfterMethod TestFail -->
  <testcase name="@AfterMethod TestFail" time="-1.684336086203E9" classname="com.Test.AllClassCalling_Product_and_Items">
    <skipped/>
  </testcase> <!-- @AfterMethod TestFail -->
  <testcase name="@AfterMethod TestFail" time="-1.684336086211E9" classname="com.Test.AllClassCalling_Product_and_Items">
    <skipped/>
  </testcase> <!-- @AfterMethod TestFail -->
  <testcase name="@AfterMethod TestFail" time="-1.68433608622E9" classname="com.Test.AllClassCalling_Product_and_Items">
    <skipped/>
  </testcase> <!-- @AfterMethod TestFail -->
  <testcase name="@AfterMethod TestFail" time="-1.684336086224E9" classname="com.Test.AllClassCalling_Product_and_Items">
    <skipped/>
  </testcase> <!-- @AfterMethod TestFail -->
  <testcase name="@AfterMethod TestFail" time="-1.684336086227E9" classname="com.Test.AllClassCalling_Product_and_Items">
    <skipped/>
  </testcase> <!-- @AfterMethod TestFail -->
  <testcase name="@AfterMethod TestFail" time="-1.684336086233E9" classname="com.Test.AllClassCalling_Product_and_Items">
    <skipped/>
  </testcase> <!-- @AfterMethod TestFail -->
  <testcase name="@AfterMethod TestFail" time="-1.684336086238E9" classname="com.Test.AllClassCalling_Product_and_Items">
    <skipped/>
  </testcase> <!-- @AfterMethod TestFail -->
  <testcase name="@AfterMethod TestFail" time="-1.684336086243E9" classname="com.Test.AllClassCalling_Product_and_Items">
    <skipped/>
  </testcase> <!-- @AfterMethod TestFail -->
  <testcase name="@AfterMethod TestFail" time="-1.684336086252E9" classname="com.Test.AllClassCalling_Product_and_Items">
    <skipped/>
  </testcase> <!-- @AfterMethod TestFail -->
  <testcase name="@AfterMethod TestFail" time="-1.684336086264E9" classname="com.Test.AllClassCalling_Product_and_Items">
    <skipped/>
  </testcase> <!-- @AfterMethod TestFail -->
  <testcase name="@AfterMethod TestFail" time="-1.684336086272E9" classname="com.Test.AllClassCalling_Product_and_Items">
    <skipped/>
  </testcase> <!-- @AfterMethod TestFail -->
  <testcase name="@AfterMethod TestFail" time="-1.68433608629E9" classname="com.Test.AllClassCalling_Product_and_Items">
    <skipped/>
  </testcase> <!-- @AfterMethod TestFail -->
  <testcase name="@AfterMethod TestFail" time="-1.6843360863E9" classname="com.Test.AllClassCalling_Product_and_Items">
    <skipped/>
  </testcase> <!-- @AfterMethod TestFail -->
  <testcase name="@AfterMethod TestFail" time="-1.68433608631E9" classname="com.Test.AllClassCalling_Product_and_Items">
    <skipped/>
  </testcase> <!-- @AfterMethod TestFail -->
  <testcase name="@AfterMethod TestFail" time="-1.684336086319E9" classname="com.Test.AllClassCalling_Product_and_Items">
    <skipped/>
  </testcase> <!-- @AfterMethod TestFail -->
  <testcase name="@AfterMethod TestFail" time="-1.684336086326E9" classname="com.Test.AllClassCalling_Product_and_Items">
    <skipped/>
  </testcase> <!-- @AfterMethod TestFail -->
  <testcase name="@AfterClass flushTest" time="-1.684336086331E9" classname="com.Test.AllClassCalling_Product_and_Items">
    <skipped/>
  </testcase> <!-- @AfterClass flushTest -->
  <testcase name="@AfterTest LogOut" time="-1.684336086336E9" classname="com.Test.AllClassCalling_Product_and_Items">
    <skipped/>
  </testcase> <!-- @AfterTest LogOut -->
  <testcase name="Product_Items_AddEditDelete_Departments" time="194.444" classname="com.Test.AllClassCalling_Product_and_Items"/>
  <testcase name="Product_Items_AddEditDelete_Coursing" time="216.621" classname="com.Test.AllClassCalling_Product_and_Items"/>
  <testcase name="Product_Items_AddEditDelete_Serving_Size_Levels" time="563.944" classname="com.Test.AllClassCalling_Product_and_Items"/>
  <testcase name="Product_Items_AddEditDelete_Taxes" time="290.483" classname="com.Test.AllClassCalling_Product_and_Items">
    <failure type="org.openqa.selenium.NoSuchElementException" message="no such element: Unable to locate element: {&amp;quot;method&amp;quot;:&amp;quot;xpath&amp;quot;,&amp;quot;selector&amp;quot;:&amp;quot;//button[contains(.,&amp;apos;NEW TAX&amp;apos;)]&amp;quot;}
  (Session info: chrome=113.0.5672.126)
For documentation on this error, please visit: https://selenium.dev/exceptions/#no_such_element
Build info: version: &amp;apos;4.4.0&amp;apos;, revision: &amp;apos;e5c75ed026a&amp;apos;
System info: host: &amp;apos;RAJA-QA-LAPTOP-&amp;apos;, ip: &amp;apos;192.168.1.225&amp;apos;, os.name: &amp;apos;Windows 10&amp;apos;, os.arch: &amp;apos;amd64&amp;apos;, os.version: &amp;apos;10.0&amp;apos;, java.version: &amp;apos;1.8.0_301&amp;apos;
Driver info: org.openqa.selenium.chrome.ChromeDriver
Command: [eb72fddf051b0516de4960d9be3368ac, findElement {using=xpath, value=//button[contains(.,&amp;apos;NEW TAX&amp;apos;)]}]
Capabilities {acceptInsecureCerts: false, browserName: chrome, browserVersion: 113.0.5672.126, chrome: {chromedriverVersion: 113.0.5672.63 (0e1a4471d5ae..., userDataDir: C:\Users\rajas\AppData\Loca...}, goog:chromeOptions: {debuggerAddress: localhost:62930}, networkConnectionEnabled: false, pageLoadStrategy: normal, platformName: WINDOWS, proxy: Proxy(), se:cdp: ws://localhost:62930/devtoo..., se:cdpVersion: 113.0.5672.126, setWindowRect: true, strictFileInteractability: false, timeouts: {implicit: 0, pageLoad: 300000, script: 30000}, unhandledPromptBehavior: dismiss and notify, webauthn:extension:credBlob: true, webauthn:extension:largeBlob: true, webauthn:extension:minPinLength: true, webauthn:extension:prf: true, webauthn:virtualAuthenticators: true}
Session ID: eb72fddf051b0516de4960d9be3368ac">
      <![CDATA[org.openqa.selenium.NoSuchElementException: no such element: Unable to locate element: {"method":"xpath","selector":"//button[contains(.,'NEW TAX')]"}
  (Session info: chrome=113.0.5672.126)
For documentation on this error, please visit: https://selenium.dev/exceptions/#no_such_element
Build info: version: '4.4.0', revision: 'e5c75ed026a'
System info: host: 'RAJA-QA-LAPTOP-', ip: '192.168.1.225', os.name: 'Windows 10', os.arch: 'amd64', os.version: '10.0', java.version: '1.8.0_301'
Driver info: org.openqa.selenium.chrome.ChromeDriver
Command: [eb72fddf051b0516de4960d9be3368ac, findElement {using=xpath, value=//button[contains(.,'NEW TAX')]}]
Capabilities {acceptInsecureCerts: false, browserName: chrome, browserVersion: 113.0.5672.126, chrome: {chromedriverVersion: 113.0.5672.63 (0e1a4471d5ae..., userDataDir: C:\Users\rajas\AppData\Loca...}, goog:chromeOptions: {debuggerAddress: localhost:62930}, networkConnectionEnabled: false, pageLoadStrategy: normal, platformName: WINDOWS, proxy: Proxy(), se:cdp: ws://localhost:62930/devtoo..., se:cdpVersion: 113.0.5672.126, setWindowRect: true, strictFileInteractability: false, timeouts: {implicit: 0, pageLoad: 300000, script: 30000}, unhandledPromptBehavior: dismiss and notify, webauthn:extension:credBlob: true, webauthn:extension:largeBlob: true, webauthn:extension:minPinLength: true, webauthn:extension:prf: true, webauthn:virtualAuthenticators: true}
Session ID: eb72fddf051b0516de4960d9be3368ac
at org.openqa.selenium.remote.codec.w3c.W3CHttpResponseCodec.createException(W3CHttpResponseCodec.java:200)
at org.openqa.selenium.remote.codec.w3c.W3CHttpResponseCodec.decode(W3CHttpResponseCodec.java:133)
at org.openqa.selenium.remote.codec.w3c.W3CHttpResponseCodec.decode(W3CHttpResponseCodec.java:53)
at org.openqa.selenium.remote.HttpCommandExecutor.execute(HttpCommandExecutor.java:184)
at org.openqa.selenium.remote.service.DriverCommandExecutor.invokeExecute(DriverCommandExecutor.java:167)
at org.openqa.selenium.remote.service.DriverCommandExecutor.execute(DriverCommandExecutor.java:142)
at org.openqa.selenium.remote.RemoteWebDriver.execute(RemoteWebDriver.java:547)
at org.openqa.selenium.remote.ElementLocation$ElementFinder$2.findElement(ElementLocation.java:162)
at org.openqa.selenium.remote.ElementLocation.findElement(ElementLocation.java:60)
at org.openqa.selenium.remote.RemoteWebDriver.findElement(RemoteWebDriver.java:365)
at org.openqa.selenium.remote.RemoteWebDriver.findElement(RemoteWebDriver.java:357)
at org.openqa.selenium.support.pagefactory.DefaultElementLocator.findElement(DefaultElementLocator.java:70)
at org.openqa.selenium.support.pagefactory.internal.LocatingElementHandler.invoke(LocatingElementHandler.java:39)
at com.sun.proxy.$Proxy16.click(Unknown Source)
at com.Pages.TaxesPage.Click_NewTaxButton(TaxesPage.java:118)
at com.Test.Product_Items_AddEditDelete_Taxes.Add_TaxOnItemTax(Product_Items_AddEditDelete_Taxes.java:355)
at com.Test.AllClassCalling_Product_and_Items.Product_Items_AddEditDelete_Taxes(AllClassCalling_Product_and_Items.java:160)
at java.util.ArrayList.forEach(Unknown Source)
... Removed 30 stack frames]]>
    </failure>
  </testcase> <!-- Product_Items_AddEditDelete_Taxes -->
  <testcase name="Product_Items_AddEditDelete_Categories" time="1172.303" classname="com.Test.AllClassCalling_Product_and_Items">
    <failure type="org.openqa.selenium.TimeoutException" message="java.util.concurrent.TimeoutException
Build info: version: &amp;apos;4.4.0&amp;apos;, revision: &amp;apos;e5c75ed026a&amp;apos;
System info: host: &amp;apos;RAJA-QA-LAPTOP-&amp;apos;, ip: &amp;apos;192.168.1.225&amp;apos;, os.name: &amp;apos;Windows 10&amp;apos;, os.arch: &amp;apos;amd64&amp;apos;, os.version: &amp;apos;10.0&amp;apos;, java.version: &amp;apos;1.8.0_301&amp;apos;
Driver info: org.openqa.selenium.chrome.ChromeDriver
Command: [eb72fddf051b0516de4960d9be3368ac, clickElement {id=B3AF07C63F30426CE0568AEBC5810701_element_2096}]
Capabilities {acceptInsecureCerts: false, browserName: chrome, browserVersion: 113.0.5672.126, chrome: {chromedriverVersion: 113.0.5672.63 (0e1a4471d5ae..., userDataDir: C:\Users\rajas\AppData\Loca...}, goog:chromeOptions: {debuggerAddress: localhost:62930}, networkConnectionEnabled: false, pageLoadStrategy: normal, platformName: WINDOWS, proxy: Proxy(), se:cdp: ws://localhost:62930/devtoo..., se:cdpVersion: 113.0.5672.126, setWindowRect: true, strictFileInteractability: false, timeouts: {implicit: 0, pageLoad: 300000, script: 30000}, unhandledPromptBehavior: dismiss and notify, webauthn:extension:credBlob: true, webauthn:extension:largeBlob: true, webauthn:extension:minPinLength: true, webauthn:extension:prf: true, webauthn:virtualAuthenticators: true}
Element: [[ChromeDriver: chrome on WINDOWS (eb72fddf051b0516de4960d9be3368ac)] -&amp;gt; xpath: //app-chip[@name=&amp;apos;restrictToMonths&amp;apos;]/div/mat-chip-list/div/mat-chip[7]]
Session ID: eb72fddf051b0516de4960d9be3368ac">
      <![CDATA[org.openqa.selenium.TimeoutException: java.util.concurrent.TimeoutException
Build info: version: '4.4.0', revision: 'e5c75ed026a'
System info: host: 'RAJA-QA-LAPTOP-', ip: '192.168.1.225', os.name: 'Windows 10', os.arch: 'amd64', os.version: '10.0', java.version: '1.8.0_301'
Driver info: org.openqa.selenium.chrome.ChromeDriver
Command: [eb72fddf051b0516de4960d9be3368ac, clickElement {id=B3AF07C63F30426CE0568AEBC5810701_element_2096}]
Capabilities {acceptInsecureCerts: false, browserName: chrome, browserVersion: 113.0.5672.126, chrome: {chromedriverVersion: 113.0.5672.63 (0e1a4471d5ae..., userDataDir: C:\Users\rajas\AppData\Loca...}, goog:chromeOptions: {debuggerAddress: localhost:62930}, networkConnectionEnabled: false, pageLoadStrategy: normal, platformName: WINDOWS, proxy: Proxy(), se:cdp: ws://localhost:62930/devtoo..., se:cdpVersion: 113.0.5672.126, setWindowRect: true, strictFileInteractability: false, timeouts: {implicit: 0, pageLoad: 300000, script: 30000}, unhandledPromptBehavior: dismiss and notify, webauthn:extension:credBlob: true, webauthn:extension:largeBlob: true, webauthn:extension:minPinLength: true, webauthn:extension:prf: true, webauthn:virtualAuthenticators: true}
Element: [[ChromeDriver: chrome on WINDOWS (eb72fddf051b0516de4960d9be3368ac)] -> xpath: //app-chip[@name='restrictToMonths']/div/mat-chip-list/div/mat-chip[7]]
Session ID: eb72fddf051b0516de4960d9be3368ac
at org.openqa.selenium.remote.http.netty.NettyHttpHandler.makeCall(NettyHttpHandler.java:65)
at org.openqa.selenium.remote.http.AddSeleniumUserAgent.lambda$apply$0(AddSeleniumUserAgent.java:42)
at org.openqa.selenium.remote.http.Filter.lambda$andFinally$1(Filter.java:56)
at org.openqa.selenium.remote.http.netty.NettyHttpHandler.execute(NettyHttpHandler.java:49)
at org.openqa.selenium.remote.http.AddSeleniumUserAgent.lambda$apply$0(AddSeleniumUserAgent.java:42)
at org.openqa.selenium.remote.http.Filter.lambda$andFinally$1(Filter.java:56)
at org.openqa.selenium.remote.http.netty.NettyClient.execute(NettyClient.java:98)
at org.openqa.selenium.remote.HttpCommandExecutor.execute(HttpCommandExecutor.java:181)
at org.openqa.selenium.remote.service.DriverCommandExecutor.invokeExecute(DriverCommandExecutor.java:167)
at org.openqa.selenium.remote.service.DriverCommandExecutor.execute(DriverCommandExecutor.java:142)
at org.openqa.selenium.remote.RemoteWebDriver.execute(RemoteWebDriver.java:547)
at org.openqa.selenium.remote.RemoteWebElement.execute(RemoteWebElement.java:257)
at org.openqa.selenium.remote.RemoteWebElement.click(RemoteWebElement.java:78)
at com.Pages.Availability_RestrictionTimePage.Select_DaysOfMonth(Availability_RestrictionTimePage.java:590)
at com.Test.Product_Items_AddEditDelete_Categories.Edit_and_Update_Categories_DaysOfMonth(Product_Items_AddEditDelete_Categories.java:531)
at com.Test.AllClassCalling_Product_and_Items.Product_Items_AddEditDelete_Categories(AllClassCalling_Product_and_Items.java:183)
at java.util.ArrayList.forEach(Unknown Source)
Caused by: java.util.concurrent.TimeoutException
at java.util.concurrent.CompletableFuture.timedGet(Unknown Source)
at java.util.concurrent.CompletableFuture.get(Unknown Source)
at org.asynchttpclient.netty.NettyResponseFuture.get(NettyResponseFuture.java:206)
at org.openqa.selenium.remote.http.netty.NettyHttpHandler.makeCall(NettyHttpHandler.java:59)
... 43 more
... Removed 27 stack frames]]>
    </failure>
  </testcase> <!-- Product_Items_AddEditDelete_Categories -->
  <testcase name="Product_Items_AddEditDelete_SubCategories" time="0.0" classname="com.Test.AllClassCalling_Product_and_Items">
    <skipped/>
  </testcase> <!-- Product_Items_AddEditDelete_SubCategories -->
  <testcase name="Product_Items_AddEditDelete_Modifiers" time="0.0" classname="com.Test.AllClassCalling_Product_and_Items">
    <skipped/>
  </testcase> <!-- Product_Items_AddEditDelete_Modifiers -->
  <testcase name="Product_Items_AddEditDelete_ModifierGroups" time="0.0" classname="com.Test.AllClassCalling_Product_and_Items">
    <skipped/>
  </testcase> <!-- Product_Items_AddEditDelete_ModifierGroups -->
  <testcase name="Product_Items_Meito" time="0.0" classname="com.Test.AllClassCalling_Product_and_Items">
    <skipped/>
  </testcase> <!-- Product_Items_Meito -->
  <testcase name="Product_Items_AddEditDelete_MenuItem" time="0.0" classname="com.Test.AllClassCalling_Product_and_Items">
    <skipped/>
  </testcase> <!-- Product_Items_AddEditDelete_MenuItem -->
  <testcase name="Product_Items_AddEditDelete_RetailItem" time="0.0" classname="com.Test.AllClassCalling_Product_and_Items">
    <skipped/>
  </testcase> <!-- Product_Items_AddEditDelete_RetailItem -->
  <testcase name="Product_Items_Bulk_Update" time="0.0" classname="com.Test.AllClassCalling_Product_and_Items">
    <skipped/>
  </testcase> <!-- Product_Items_Bulk_Update -->
  <testcase name="Product_Items_AddEditDelete_DisplayGroups" time="0.0" classname="com.Test.AllClassCalling_Product_and_Items">
    <skipped/>
  </testcase> <!-- Product_Items_AddEditDelete_DisplayGroups -->
  <testcase name="Product_Items_AddEditDelete_Item_Based_Discount" time="0.0" classname="com.Test.AllClassCalling_Product_and_Items">
    <skipped/>
  </testcase> <!-- Product_Items_AddEditDelete_Item_Based_Discount -->
  <testcase name="Product_Items_AddEditDelete_Check_Based_Discount" time="0.0" classname="com.Test.AllClassCalling_Product_and_Items">
    <skipped/>
  </testcase> <!-- Product_Items_AddEditDelete_Check_Based_Discount -->
  <testcase name="Product_Items_AddEditDelete_Open_Item_Discount" time="0.0" classname="com.Test.AllClassCalling_Product_and_Items">
    <skipped/>
  </testcase> <!-- Product_Items_AddEditDelete_Open_Item_Discount -->
  <testcase name="Product_Items_AddEditDelete_Open_Check_Discount" time="0.0" classname="com.Test.AllClassCalling_Product_and_Items">
    <skipped/>
  </testcase> <!-- Product_Items_AddEditDelete_Open_Check_Discount -->
  <testcase name="Product_Items_AddEditDelete_MixAndMatch_Discount" time="0.0" classname="com.Test.AllClassCalling_Product_and_Items">
    <skipped/>
  </testcase> <!-- Product_Items_AddEditDelete_MixAndMatch_Discount -->
  <testcase name="Product_Items_AddEditDelete_Upcharges" time="0.0" classname="com.Test.AllClassCalling_Product_and_Items">
    <skipped/>
  </testcase> <!-- Product_Items_AddEditDelete_Upcharges -->
  <testcase name="Product_Items_Sort_Menu_Config" time="0.0" classname="com.Test.AllClassCalling_Product_and_Items">
    <skipped/>
  </testcase> <!-- Product_Items_Sort_Menu_Config -->
  <testcase name="Product_Items_AddEditDelete_Gratuities" time="0.0" classname="com.Test.AllClassCalling_Product_and_Items">
    <skipped/>
  </testcase> <!-- Product_Items_AddEditDelete_Gratuities -->
  <testcase name="Product_Items_AddEditDelete_GiftCards" time="0.0" classname="com.Test.AllClassCalling_Product_and_Items">
    <skipped/>
  </testcase> <!-- Product_Items_AddEditDelete_GiftCards -->
  <testcase name="Product_Items_Cut_And_Modify" time="0.0" classname="com.Test.AllClassCalling_Product_and_Items">
    <skipped/>
  </testcase> <!-- Product_Items_Cut_And_Modify -->
  <testcase name="Product_Items_AddEditDelete_TareGroup" time="0.0" classname="com.Test.AllClassCalling_Product_and_Items">
    <skipped/>
  </testcase> <!-- Product_Items_AddEditDelete_TareGroup -->
  <testcase name="Product_Items_AddEditDelete_Reasons" time="0.0" classname="com.Test.AllClassCalling_Product_and_Items">
    <skipped/>
  </testcase> <!-- Product_Items_AddEditDelete_Reasons -->
  <testcase name="Product_Items_AddEditDelete_Item_Service_Charge" time="0.0" classname="com.Test.AllClassCalling_Product_and_Items">
    <skipped/>
  </testcase> <!-- Product_Items_AddEditDelete_Item_Service_Charge -->
</testsuite> <!-- Product Items -->
