<?xml version="1.0" encoding="UTF-8"?>
<!-- Generated by org.testng.reporters.JUnitXMLReporter -->
<testsuite ignored="1" hostname="INL-JVNGDL3" failures="1" tests="36" name="Settings" time="5.305" errors="0" timestamp="2023-07-14T18:35:55 IST">
  <testcase classname="com.Test.AllClassCalling_Settings" name="@AfterMethod TestFail" time="0.004">
    <failure type="java.lang.NullPointerException" message="Cannot invoke &amp;quot;org.openqa.selenium.TakesScreenshot.getScreenshotAs(org.openqa.selenium.OutputType)&amp;quot; because &amp;quot;this.driver&amp;quot; is null">
      <![CDATA[java.lang.NullPointerException: Cannot invoke "org.openqa.selenium.TakesScreenshot.getScreenshotAs(org.openqa.selenium.OutputType)" because "this.driver" is null
at com.Test.AllClassCalling_Settings.TestFail(AllClassCalling_Settings.java:42)
at java.base/java.util.ArrayList.forEach(ArrayList.java:1511)
... Removed 32 stack frames]]>
    </failure>
  </testcase> <!-- @AfterMethod TestFail -->
  <testcase classname="com.Test.AllClassCalling_Settings" name="@AfterMethod TestFail" time="-1.68933995505E9">
    <skipped/>
  </testcase> <!-- @AfterMethod TestFail -->
  <testcase classname="com.Test.AllClassCalling_Settings" name="@AfterMethod TestFail" time="-1.689339955054E9">
    <skipped/>
  </testcase> <!-- @AfterMethod TestFail -->
  <testcase classname="com.Test.AllClassCalling_Settings" name="@AfterMethod TestFail" time="-1.689339955057E9">
    <skipped/>
  </testcase> <!-- @AfterMethod TestFail -->
  <testcase classname="com.Test.AllClassCalling_Settings" name="@AfterMethod TestFail" time="-1.689339955064E9">
    <skipped/>
  </testcase> <!-- @AfterMethod TestFail -->
  <testcase classname="com.Test.AllClassCalling_Settings" name="@AfterMethod TestFail" time="-1.689339955067E9">
    <skipped/>
  </testcase> <!-- @AfterMethod TestFail -->
  <testcase classname="com.Test.AllClassCalling_Settings" name="@AfterMethod TestFail" time="-1.689339955069E9">
    <skipped/>
  </testcase> <!-- @AfterMethod TestFail -->
  <testcase classname="com.Test.AllClassCalling_Settings" name="@AfterMethod TestFail" time="-1.689339955079E9">
    <skipped/>
  </testcase> <!-- @AfterMethod TestFail -->
  <testcase classname="com.Test.AllClassCalling_Settings" name="@AfterMethod TestFail" time="-1.689339955083E9">
    <skipped/>
  </testcase> <!-- @AfterMethod TestFail -->
  <testcase classname="com.Test.AllClassCalling_Settings" name="@AfterMethod TestFail" time="-1.689339955085E9">
    <skipped/>
  </testcase> <!-- @AfterMethod TestFail -->
  <testcase classname="com.Test.AllClassCalling_Settings" name="@AfterMethod TestFail" time="-1.689339955088E9">
    <skipped/>
  </testcase> <!-- @AfterMethod TestFail -->
  <testcase classname="com.Test.AllClassCalling_Settings" name="@AfterMethod TestFail" time="-1.689339955091E9">
    <skipped/>
  </testcase> <!-- @AfterMethod TestFail -->
  <testcase classname="com.Test.AllClassCalling_Settings" name="@AfterMethod TestFail" time="-1.689339955094E9">
    <skipped/>
  </testcase> <!-- @AfterMethod TestFail -->
  <testcase classname="com.Test.AllClassCalling_Settings" name="@AfterMethod TestFail" time="-1.689339955096E9">
    <skipped/>
  </testcase> <!-- @AfterMethod TestFail -->
  <testcase classname="com.Test.AllClassCalling_Settings" name="@AfterMethod TestFail" time="-1.689339955098E9">
    <skipped/>
  </testcase> <!-- @AfterMethod TestFail -->
  <testcase classname="com.Test.AllClassCalling_Settings" name="@AfterMethod TestFail" time="-1.689339955099E9">
    <skipped/>
  </testcase> <!-- @AfterMethod TestFail -->
  <testcase classname="com.Test.AllClassCalling_Settings" name="@AfterMethod TestFail" time="-1.689339955111E9">
    <skipped/>
  </testcase> <!-- @AfterMethod TestFail -->
  <testcase classname="com.Test.AllClassCalling_Settings" name="@AfterMethod TestFail" time="-1.689339955113E9">
    <skipped/>
  </testcase> <!-- @AfterMethod TestFail -->
  <testcase classname="com.Test.AllClassCalling_Settings" name="@AfterMethod TestFail" time="-1.689339955116E9">
    <skipped/>
  </testcase> <!-- @AfterMethod TestFail -->
  <testcase classname="com.Test.AllClassCalling_Settings" name="@AfterMethod TestFail" time="-1.689339955118E9">
    <skipped/>
  </testcase> <!-- @AfterMethod TestFail -->
  <testcase classname="com.Test.AllClassCalling_Settings" name="@AfterMethod TestFail" time="-1.689339955126E9">
    <skipped/>
  </testcase> <!-- @AfterMethod TestFail -->
  <testcase classname="com.Test.AllClassCalling_Settings" name="@AfterMethod TestFail" time="-1.689339955131E9">
    <skipped/>
  </testcase> <!-- @AfterMethod TestFail -->
  <testcase classname="com.Test.AllClassCalling_Settings" name="@AfterMethod TestFail" time="-1.689339955135E9">
    <skipped/>
  </testcase> <!-- @AfterMethod TestFail -->
  <testcase classname="com.Test.AllClassCalling_Settings" name="@AfterMethod TestFail" time="-1.689339955141E9">
    <skipped/>
  </testcase> <!-- @AfterMethod TestFail -->
  <testcase classname="com.Test.AllClassCalling_Settings" name="@AfterMethod TestFail" time="-1.689339955147E9">
    <skipped/>
  </testcase> <!-- @AfterMethod TestFail -->
  <testcase classname="com.Test.AllClassCalling_Settings" name="@AfterMethod TestFail" time="-1.68933995515E9">
    <skipped/>
  </testcase> <!-- @AfterMethod TestFail -->
  <testcase classname="com.Test.AllClassCalling_Settings" name="@AfterMethod TestFail" time="-1.689339955152E9">
    <skipped/>
  </testcase> <!-- @AfterMethod TestFail -->
  <testcase classname="com.Test.AllClassCalling_Settings" name="@AfterMethod TestFail" time="-1.689339955156E9">
    <skipped/>
  </testcase> <!-- @AfterMethod TestFail -->
  <testcase classname="com.Test.AllClassCalling_Settings" name="@AfterMethod TestFail" time="-1.68933995516E9">
    <skipped/>
  </testcase> <!-- @AfterMethod TestFail -->
  <testcase classname="com.Test.AllClassCalling_Settings" name="@AfterMethod TestFail" time="-1.689339955163E9">
    <skipped/>
  </testcase> <!-- @AfterMethod TestFail -->
  <testcase classname="com.Test.AllClassCalling_Settings" name="@AfterMethod TestFail" time="-1.689339955165E9">
    <skipped/>
  </testcase> <!-- @AfterMethod TestFail -->
  <testcase classname="com.Test.AllClassCalling_Settings" name="@AfterMethod TestFail" time="-1.689339955169E9">
    <skipped/>
  </testcase> <!-- @AfterMethod TestFail -->
  <testcase classname="com.Test.AllClassCalling_Settings" name="@AfterMethod TestFail" time="-1.689339955173E9">
    <skipped/>
  </testcase> <!-- @AfterMethod TestFail -->
  <testcase classname="com.Test.AllClassCalling_Settings" name="@AfterMethod TestFail" time="-1.689339955178E9">
    <skipped/>
  </testcase> <!-- @AfterMethod TestFail -->
  <testcase classname="com.Test.AllClassCalling_Settings" name="@AfterMethod TestFail" time="-1.689339955181E9">
    <skipped/>
  </testcase> <!-- @AfterMethod TestFail -->
  <testcase classname="com.Test.AllClassCalling_Settings" name="@AfterMethod TestFail" time="-1.689339955184E9">
    <skipped/>
  </testcase> <!-- @AfterMethod TestFail -->
  <testcase classname="com.Test.AllClassCalling_Settings" name="@AfterClass flushTest" time="-1.689339955186E9">
    <skipped/>
  </testcase> <!-- @AfterClass flushTest -->
  <testcase classname="com.Test.AllClassCalling_Settings" name="login" time="5.129">
    <failure type="org.openqa.selenium.SessionNotCreatedException" message="Could not start a new session. Response code 500. Message: session not created: This version of ChromeDriver only supports Chrome version 110
Current browser version is 114.0.5735.199 with binary path C:\Program Files\Google\Chrome\Application\chrome.exe
Build info: version: &amp;apos;4.4.0&amp;apos;, revision: &amp;apos;e5c75ed026a&amp;apos;
System info: host: &amp;apos;INL-JVNGDL3&amp;apos;, ip: &amp;apos;10.10.122.131&amp;apos;, os.name: &amp;apos;Windows 10&amp;apos;, os.arch: &amp;apos;amd64&amp;apos;, os.version: &amp;apos;10.0&amp;apos;, java.version: &amp;apos;17.0.6&amp;apos;
Driver info: org.openqa.selenium.chrome.ChromeDriver
Command: [null, newSession {capabilities=[Capabilities {browserName: chrome, goog:chromeOptions: {args: [], extensions: []}}], desiredCapabilities=Capabilities {browserName: chrome, goog:chromeOptions: {args: [], extensions: []}}}]">
      <![CDATA[org.openqa.selenium.SessionNotCreatedException: Could not start a new session. Response code 500. Message: session not created: This version of ChromeDriver only supports Chrome version 110
Current browser version is 114.0.5735.199 with binary path C:\Program Files\Google\Chrome\Application\chrome.exe
Build info: version: '4.4.0', revision: 'e5c75ed026a'
System info: host: 'INL-JVNGDL3', ip: '10.10.122.131', os.name: 'Windows 10', os.arch: 'amd64', os.version: '10.0', java.version: '17.0.6'
Driver info: org.openqa.selenium.chrome.ChromeDriver
Command: [null, newSession {capabilities=[Capabilities {browserName: chrome, goog:chromeOptions: {args: [], extensions: []}}], desiredCapabilities=Capabilities {browserName: chrome, goog:chromeOptions: {args: [], extensions: []}}}]
at org.openqa.selenium.remote.ProtocolHandshake.createSession(ProtocolHandshake.java:144)
at org.openqa.selenium.remote.ProtocolHandshake.createSession(ProtocolHandshake.java:102)
at org.openqa.selenium.remote.ProtocolHandshake.createSession(ProtocolHandshake.java:67)
at org.openqa.selenium.remote.HttpCommandExecutor.execute(HttpCommandExecutor.java:156)
at org.openqa.selenium.remote.service.DriverCommandExecutor.invokeExecute(DriverCommandExecutor.java:167)
at org.openqa.selenium.remote.service.DriverCommandExecutor.execute(DriverCommandExecutor.java:142)
at org.openqa.selenium.remote.RemoteWebDriver.execute(RemoteWebDriver.java:547)
at org.openqa.selenium.remote.RemoteWebDriver.startSession(RemoteWebDriver.java:242)
at org.openqa.selenium.remote.RemoteWebDriver.<init>(RemoteWebDriver.java:157)
at org.openqa.selenium.chromium.ChromiumDriver.<init>(ChromiumDriver.java:101)
at org.openqa.selenium.chrome.ChromeDriver.<init>(ChromeDriver.java:81)
at org.openqa.selenium.chrome.ChromeDriver.<init>(ChromeDriver.java:49)
at com.Test.AllClassCalling_Settings.login(AllClassCalling_Settings.java:61)
at java.base/java.util.ArrayList.forEach(ArrayList.java:1511)
... Removed 27 stack frames]]>
    </failure>
  </testcase> <!-- login -->
  <testcase classname="com.Test.AllClassCalling_Settings" name="Start_Settings" time="0.0">
    <skipped/>
  </testcase> <!-- Start_Settings -->
  <testcase classname="com.Test.AllClassCalling_Settings" name="Settings_Till_Setting" time="0.0">
    <skipped/>
  </testcase> <!-- Settings_Till_Setting -->
  <testcase classname="com.Test.AllClassCalling_Settings" name="Settings_Scales" time="0.0">
    <skipped/>
  </testcase> <!-- Settings_Scales -->
  <testcase classname="com.Test.AllClassCalling_Settings" name="Settings_CDS_Configuration" time="0.0">
    <skipped/>
  </testcase> <!-- Settings_CDS_Configuration -->
  <testcase classname="com.Test.AllClassCalling_Settings" name="Settings_Store_Information" time="0.0">
    <skipped/>
  </testcase> <!-- Settings_Store_Information -->
  <testcase classname="com.Test.AllClassCalling_Settings" name="Settings_Notifications" time="0.0">
    <skipped/>
  </testcase> <!-- Settings_Notifications -->
  <testcase classname="com.Test.AllClassCalling_Settings" name="Settings_Additional_Settings" time="0.0">
    <skipped/>
  </testcase> <!-- Settings_Additional_Settings -->
  <testcase classname="com.Test.AllClassCalling_Settings" name="Settings_Batch_Settings" time="0.0">
    <skipped/>
  </testcase> <!-- Settings_Batch_Settings -->
  <testcase classname="com.Test.AllClassCalling_Settings" name="Settings_Email_Receipt_Template" time="0.0">
    <skipped/>
  </testcase> <!-- Settings_Email_Receipt_Template -->
  <testcase classname="com.Test.AllClassCalling_Settings" name="Settings_Integrations_WebHook" time="0.0">
    <skipped/>
  </testcase> <!-- Settings_Integrations_WebHook -->
  <testcase classname="com.Test.AllClassCalling_Settings" name="Settings_Report_MatrixReport" time="0.0">
    <skipped/>
  </testcase> <!-- Settings_Report_MatrixReport -->
  <testcase classname="com.Test.AllClassCalling_Settings" name="Settings_Revenue_Center" time="0.0">
    <skipped/>
  </testcase> <!-- Settings_Revenue_Center -->
  <testcase classname="com.Test.AllClassCalling_Settings" name="Settings_WaitList" time="0.0">
    <skipped/>
  </testcase> <!-- Settings_WaitList -->
  <testcase classname="com.Test.AllClassCalling_Settings" name="Settings_General_Settings" time="0.0">
    <skipped/>
  </testcase> <!-- Settings_General_Settings -->
  <testcase classname="com.Test.AllClassCalling_Settings" name="Settings_Store_Licenses" time="0.0">
    <skipped/>
  </testcase> <!-- Settings_Store_Licenses -->
  <testcase classname="com.Test.AllClassCalling_Settings" name="Settings_Kitchen_Printers" time="0.0">
    <skipped/>
  </testcase> <!-- Settings_Kitchen_Printers -->
  <testcase classname="com.Test.AllClassCalling_Settings" name="Settings_Receipt_Printers" time="0.0">
    <skipped/>
  </testcase> <!-- Settings_Receipt_Printers -->
  <testcase classname="com.Test.AllClassCalling_Settings" name="Settings_Label_Printers" time="0.0">
    <skipped/>
  </testcase> <!-- Settings_Label_Printers -->
  <testcase classname="com.Test.AllClassCalling_Settings" name="Settings_AccountBalance" time="0.0">
    <skipped/>
  </testcase> <!-- Settings_AccountBalance -->
  <testcase classname="com.Test.AllClassCalling_Settings" name="Settings_POS_Custom_URL" time="0.0">
    <skipped/>
  </testcase> <!-- Settings_POS_Custom_URL -->
  <testcase classname="com.Test.AllClassCalling_Settings" name="Settings_StoreInventory" time="0.0">
    <skipped/>
  </testcase> <!-- Settings_StoreInventory -->
  <testcase classname="com.Test.AllClassCalling_Settings" name="Settings_EMV_Settings" time="0.0">
    <skipped/>
  </testcase> <!-- Settings_EMV_Settings -->
  <testcase classname="com.Test.AllClassCalling_Settings" name="Settings_Sale_Recap_Report" time="0.0">
    <skipped/>
  </testcase> <!-- Settings_Sale_Recap_Report -->
  <testcase classname="com.Test.AllClassCalling_Settings" name="Settings_Payment_Settings_and_Service_Charge" time="0.0">
    <skipped/>
  </testcase> <!-- Settings_Payment_Settings_and_Service_Charge -->
  <testcase classname="com.Test.AllClassCalling_Settings" name="Settings_Payment_Methods" time="0.0">
    <skipped/>
  </testcase> <!-- Settings_Payment_Methods -->
  <testcase classname="com.Test.AllClassCalling_Settings" name="Settings_Label_Template" time="0.0">
    <skipped/>
  </testcase> <!-- Settings_Label_Template -->
  <testcase classname="com.Test.AllClassCalling_Settings" name="Settings_KDS_Configuration" time="0.0">
    <skipped/>
  </testcase> <!-- Settings_KDS_Configuration -->
  <testcase classname="com.Test.AllClassCalling_Settings" name="Settings_Front_End_Receipt_Template" time="0.0">
    <skipped/>
  </testcase> <!-- Settings_Front_End_Receipt_Template -->
  <testcase classname="com.Test.AllClassCalling_Settings" name="Settings_Kitchen_Printer_Template" time="0.0">
    <skipped/>
  </testcase> <!-- Settings_Kitchen_Printer_Template -->
  <testcase classname="com.Test.AllClassCalling_Settings" name="Settings_Table_Layout" time="0.0">
    <skipped/>
  </testcase> <!-- Settings_Table_Layout -->
  <testcase classname="com.Test.AllClassCalling_Settings" name="Settings_ThirdPartyIntegrations" time="0.0">
    <skipped/>
  </testcase> <!-- Settings_ThirdPartyIntegrations -->
  <testcase classname="com.Test.AllClassCalling_Settings" name="Settings_Printer_Rerouting" time="0.0">
    <skipped/>
  </testcase> <!-- Settings_Printer_Rerouting -->
  <testcase classname="com.Test.AllClassCalling_Settings" name="Settings_TipOut_TipSharing" time="0.0">
    <skipped/>
  </testcase> <!-- Settings_TipOut_TipSharing -->
  <testcase classname="com.Test.AllClassCalling_Settings" name="End_Settings" time="0.0">
    <skipped/>
  </testcase> <!-- End_Settings -->
  <testcase classname="com.Test.AllClassCalling_Settings" name="logout" time="0.0">
    <skipped/>
  </testcase> <!-- logout -->
  <testcase classname="com.Test.AllClassCalling_Settings" name="Settings_Business_Hours" time="0.0">
    <ignored/>
  </testcase> <!-- Settings_Business_Hours -->
</testsuite> <!-- Settings -->
