<?xml version="1.0" encoding="UTF-8"?>
<!-- Generated by org.testng.reporters.JUnitXMLReporter -->
<testsuite ignored="1" hostname="Raja-QA-Laptop-IN" failures="0" tests="44" name="Reports" time="69.106" errors="0" timestamp="2023-07-07T16:08:59 IST">
  <testcase classname="com.Test.AllClassCalling_Reports" name="@BeforeTest Login" time="69.075">
    <failure type="org.openqa.selenium.NoSuchElementException" message="no such element: Unable to locate element: {&amp;quot;method&amp;quot;:&amp;quot;xpath&amp;quot;,&amp;quot;selector&amp;quot;:&amp;quot;//app-input[@placeholder=&amp;apos;Search&amp;apos;]/div/div/mat-form-field/div/div/div[4]/input&amp;quot;}
  (Session info: chrome=114.0.5735.199)
For documentation on this error, please visit: https://selenium.dev/exceptions/#no_such_element
Build info: version: &amp;apos;4.4.0&amp;apos;, revision: &amp;apos;e5c75ed026a&amp;apos;
System info: host: &amp;apos;RAJA-QA-LAPTOP-&amp;apos;, ip: &amp;apos;10.10.123.165&amp;apos;, os.name: &amp;apos;Windows 11&amp;apos;, os.arch: &amp;apos;amd64&amp;apos;, os.version: &amp;apos;10.0&amp;apos;, java.version: &amp;apos;17.0.4.1&amp;apos;
Driver info: org.openqa.selenium.chrome.ChromeDriver
Command: [59a0fa5b123ea838297366a62bb7108e, findElement {using=xpath, value=//app-input[@placeholder=&amp;apos;Search&amp;apos;]/div/div/mat-form-field/div/div/div[4]/input}]
Capabilities {acceptInsecureCerts: false, browserName: chrome, browserVersion: 114.0.5735.199, chrome: {chromedriverVersion: 114.0.5735.90 (386bc09e8f4f..., userDataDir: C:\WINDOWS\SystemTemp\scope...}, goog:chromeOptions: {debuggerAddress: localhost:53770}, networkConnectionEnabled: false, pageLoadStrategy: normal, platformName: WINDOWS, proxy: Proxy(), se:cdp: ws://localhost:53770/devtoo..., se:cdpVersion: 114.0.5735.199, setWindowRect: true, strictFileInteractability: false, timeouts: {implicit: 0, pageLoad: 300000, script: 30000}, unhandledPromptBehavior: dismiss and notify, webauthn:extension:credBlob: true, webauthn:extension:largeBlob: true, webauthn:extension:minPinLength: true, webauthn:extension:prf: true, webauthn:virtualAuthenticators: true}
Session ID: 59a0fa5b123ea838297366a62bb7108e">
      <![CDATA[org.openqa.selenium.NoSuchElementException: no such element: Unable to locate element: {"method":"xpath","selector":"//app-input[@placeholder='Search']/div/div/mat-form-field/div/div/div[4]/input"}
  (Session info: chrome=114.0.5735.199)
For documentation on this error, please visit: https://selenium.dev/exceptions/#no_such_element
Build info: version: '4.4.0', revision: 'e5c75ed026a'
System info: host: 'RAJA-QA-LAPTOP-', ip: '10.10.123.165', os.name: 'Windows 11', os.arch: 'amd64', os.version: '10.0', java.version: '17.0.4.1'
Driver info: org.openqa.selenium.chrome.ChromeDriver
Command: [59a0fa5b123ea838297366a62bb7108e, findElement {using=xpath, value=//app-input[@placeholder='Search']/div/div/mat-form-field/div/div/div[4]/input}]
Capabilities {acceptInsecureCerts: false, browserName: chrome, browserVersion: 114.0.5735.199, chrome: {chromedriverVersion: 114.0.5735.90 (386bc09e8f4f..., userDataDir: C:\WINDOWS\SystemTemp\scope...}, goog:chromeOptions: {debuggerAddress: localhost:53770}, networkConnectionEnabled: false, pageLoadStrategy: normal, platformName: WINDOWS, proxy: Proxy(), se:cdp: ws://localhost:53770/devtoo..., se:cdpVersion: 114.0.5735.199, setWindowRect: true, strictFileInteractability: false, timeouts: {implicit: 0, pageLoad: 300000, script: 30000}, unhandledPromptBehavior: dismiss and notify, webauthn:extension:credBlob: true, webauthn:extension:largeBlob: true, webauthn:extension:minPinLength: true, webauthn:extension:prf: true, webauthn:virtualAuthenticators: true}
Session ID: 59a0fa5b123ea838297366a62bb7108e
at org.openqa.selenium.remote.codec.w3c.W3CHttpResponseCodec.createException(W3CHttpResponseCodec.java:200)
at org.openqa.selenium.remote.codec.w3c.W3CHttpResponseCodec.decode(W3CHttpResponseCodec.java:133)
at org.openqa.selenium.remote.codec.w3c.W3CHttpResponseCodec.decode(W3CHttpResponseCodec.java:53)
at org.openqa.selenium.remote.HttpCommandExecutor.execute(HttpCommandExecutor.java:184)
at org.openqa.selenium.remote.service.DriverCommandExecutor.invokeExecute(DriverCommandExecutor.java:167)
at org.openqa.selenium.remote.service.DriverCommandExecutor.execute(DriverCommandExecutor.java:142)
at org.openqa.selenium.remote.RemoteWebDriver.execute(RemoteWebDriver.java:547)
at org.openqa.selenium.remote.ElementLocation$ElementFinder$2.findElement(ElementLocation.java:162)
at org.openqa.selenium.remote.ElementLocation.findElement(ElementLocation.java:60)
at org.openqa.selenium.remote.RemoteWebDriver.findElement(RemoteWebDriver.java:365)
at org.openqa.selenium.remote.RemoteWebDriver.findElement(RemoteWebDriver.java:357)
at org.openqa.selenium.support.pagefactory.DefaultElementLocator.findElement(DefaultElementLocator.java:70)
at org.openqa.selenium.support.pagefactory.internal.LocatingElementHandler.invoke(LocatingElementHandler.java:39)
at jdk.proxy2/jdk.proxy2.$Proxy16.clear(Unknown Source)
at com.Pages.LoginPage.Login(LoginPage.java:142)
at com.Test.LoginTest.Login(LoginTest.java:48)
at com.Test.AllClassCalling_Reports.Login(AllClassCalling_Reports.java:92)
... Removed 33 stack frames]]>
    </failure>
  </testcase> <!-- @BeforeTest Login -->
  <testcase classname="com.Test.AllClassCalling_Reports" name="@AfterMethod TestFail" time="-1.688726339911E9">
    <skipped/>
  </testcase> <!-- @AfterMethod TestFail -->
  <testcase classname="com.Test.AllClassCalling_Reports" name="@AfterMethod TestFail" time="-1.688726339914E9">
    <skipped/>
  </testcase> <!-- @AfterMethod TestFail -->
  <testcase classname="com.Test.AllClassCalling_Reports" name="@AfterMethod TestFail" time="-1.688726339915E9">
    <skipped/>
  </testcase> <!-- @AfterMethod TestFail -->
  <testcase classname="com.Test.AllClassCalling_Reports" name="@AfterMethod TestFail" time="-1.688726339916E9">
    <skipped/>
  </testcase> <!-- @AfterMethod TestFail -->
  <testcase classname="com.Test.AllClassCalling_Reports" name="@AfterMethod TestFail" time="-1.688726339917E9">
    <skipped/>
  </testcase> <!-- @AfterMethod TestFail -->
  <testcase classname="com.Test.AllClassCalling_Reports" name="@AfterMethod TestFail" time="-1.688726339917E9">
    <skipped/>
  </testcase> <!-- @AfterMethod TestFail -->
  <testcase classname="com.Test.AllClassCalling_Reports" name="@AfterMethod TestFail" time="-1.688726339918E9">
    <skipped/>
  </testcase> <!-- @AfterMethod TestFail -->
  <testcase classname="com.Test.AllClassCalling_Reports" name="@AfterMethod TestFail" time="-1.688726339918E9">
    <skipped/>
  </testcase> <!-- @AfterMethod TestFail -->
  <testcase classname="com.Test.AllClassCalling_Reports" name="@AfterMethod TestFail" time="-1.688726339919E9">
    <skipped/>
  </testcase> <!-- @AfterMethod TestFail -->
  <testcase classname="com.Test.AllClassCalling_Reports" name="@AfterMethod TestFail" time="-1.688726339919E9">
    <skipped/>
  </testcase> <!-- @AfterMethod TestFail -->
  <testcase classname="com.Test.AllClassCalling_Reports" name="@AfterMethod TestFail" time="-1.68872633992E9">
    <skipped/>
  </testcase> <!-- @AfterMethod TestFail -->
  <testcase classname="com.Test.AllClassCalling_Reports" name="@AfterMethod TestFail" time="-1.68872633992E9">
    <skipped/>
  </testcase> <!-- @AfterMethod TestFail -->
  <testcase classname="com.Test.AllClassCalling_Reports" name="@AfterMethod TestFail" time="-1.688726339921E9">
    <skipped/>
  </testcase> <!-- @AfterMethod TestFail -->
  <testcase classname="com.Test.AllClassCalling_Reports" name="@AfterMethod TestFail" time="-1.688726339921E9">
    <skipped/>
  </testcase> <!-- @AfterMethod TestFail -->
  <testcase classname="com.Test.AllClassCalling_Reports" name="@AfterMethod TestFail" time="-1.688726339922E9">
    <skipped/>
  </testcase> <!-- @AfterMethod TestFail -->
  <testcase classname="com.Test.AllClassCalling_Reports" name="@AfterMethod TestFail" time="-1.688726339922E9">
    <skipped/>
  </testcase> <!-- @AfterMethod TestFail -->
  <testcase classname="com.Test.AllClassCalling_Reports" name="@AfterMethod TestFail" time="-1.688726339923E9">
    <skipped/>
  </testcase> <!-- @AfterMethod TestFail -->
  <testcase classname="com.Test.AllClassCalling_Reports" name="@AfterMethod TestFail" time="-1.688726339923E9">
    <skipped/>
  </testcase> <!-- @AfterMethod TestFail -->
  <testcase classname="com.Test.AllClassCalling_Reports" name="@AfterMethod TestFail" time="-1.688726339923E9">
    <skipped/>
  </testcase> <!-- @AfterMethod TestFail -->
  <testcase classname="com.Test.AllClassCalling_Reports" name="@AfterMethod TestFail" time="-1.688726339924E9">
    <skipped/>
  </testcase> <!-- @AfterMethod TestFail -->
  <testcase classname="com.Test.AllClassCalling_Reports" name="@AfterMethod TestFail" time="-1.688726339924E9">
    <skipped/>
  </testcase> <!-- @AfterMethod TestFail -->
  <testcase classname="com.Test.AllClassCalling_Reports" name="@AfterMethod TestFail" time="-1.688726339925E9">
    <skipped/>
  </testcase> <!-- @AfterMethod TestFail -->
  <testcase classname="com.Test.AllClassCalling_Reports" name="@AfterMethod TestFail" time="-1.688726339925E9">
    <skipped/>
  </testcase> <!-- @AfterMethod TestFail -->
  <testcase classname="com.Test.AllClassCalling_Reports" name="@AfterMethod TestFail" time="-1.688726339925E9">
    <skipped/>
  </testcase> <!-- @AfterMethod TestFail -->
  <testcase classname="com.Test.AllClassCalling_Reports" name="@AfterMethod TestFail" time="-1.688726339926E9">
    <skipped/>
  </testcase> <!-- @AfterMethod TestFail -->
  <testcase classname="com.Test.AllClassCalling_Reports" name="@AfterMethod TestFail" time="-1.688726339926E9">
    <skipped/>
  </testcase> <!-- @AfterMethod TestFail -->
  <testcase classname="com.Test.AllClassCalling_Reports" name="@AfterMethod TestFail" time="-1.688726339927E9">
    <skipped/>
  </testcase> <!-- @AfterMethod TestFail -->
  <testcase classname="com.Test.AllClassCalling_Reports" name="@AfterMethod TestFail" time="-1.688726339927E9">
    <skipped/>
  </testcase> <!-- @AfterMethod TestFail -->
  <testcase classname="com.Test.AllClassCalling_Reports" name="@AfterMethod TestFail" time="-1.688726339928E9">
    <skipped/>
  </testcase> <!-- @AfterMethod TestFail -->
  <testcase classname="com.Test.AllClassCalling_Reports" name="@AfterMethod TestFail" time="-1.68872633993E9">
    <skipped/>
  </testcase> <!-- @AfterMethod TestFail -->
  <testcase classname="com.Test.AllClassCalling_Reports" name="@AfterMethod TestFail" time="-1.688726339931E9">
    <skipped/>
  </testcase> <!-- @AfterMethod TestFail -->
  <testcase classname="com.Test.AllClassCalling_Reports" name="@AfterMethod TestFail" time="-1.688726339932E9">
    <skipped/>
  </testcase> <!-- @AfterMethod TestFail -->
  <testcase classname="com.Test.AllClassCalling_Reports" name="@AfterMethod TestFail" time="-1.688726339933E9">
    <skipped/>
  </testcase> <!-- @AfterMethod TestFail -->
  <testcase classname="com.Test.AllClassCalling_Reports" name="@AfterMethod TestFail" time="-1.688726339933E9">
    <skipped/>
  </testcase> <!-- @AfterMethod TestFail -->
  <testcase classname="com.Test.AllClassCalling_Reports" name="@AfterMethod TestFail" time="-1.688726339934E9">
    <skipped/>
  </testcase> <!-- @AfterMethod TestFail -->
  <testcase classname="com.Test.AllClassCalling_Reports" name="@AfterMethod TestFail" time="-1.688726339936E9">
    <skipped/>
  </testcase> <!-- @AfterMethod TestFail -->
  <testcase classname="com.Test.AllClassCalling_Reports" name="@AfterMethod TestFail" time="-1.688726339937E9">
    <skipped/>
  </testcase> <!-- @AfterMethod TestFail -->
  <testcase classname="com.Test.AllClassCalling_Reports" name="@AfterMethod TestFail" time="-1.688726339937E9">
    <skipped/>
  </testcase> <!-- @AfterMethod TestFail -->
  <testcase classname="com.Test.AllClassCalling_Reports" name="@AfterMethod TestFail" time="-1.688726339938E9">
    <skipped/>
  </testcase> <!-- @AfterMethod TestFail -->
  <testcase classname="com.Test.AllClassCalling_Reports" name="@AfterMethod TestFail" time="-1.688726339938E9">
    <skipped/>
  </testcase> <!-- @AfterMethod TestFail -->
  <testcase classname="com.Test.AllClassCalling_Reports" name="@AfterMethod TestFail" time="-1.688726339939E9">
    <skipped/>
  </testcase> <!-- @AfterMethod TestFail -->
  <testcase classname="com.Test.AllClassCalling_Reports" name="@AfterMethod TestFail" time="-1.688726339939E9">
    <skipped/>
  </testcase> <!-- @AfterMethod TestFail -->
  <testcase classname="com.Test.AllClassCalling_Reports" name="@AfterMethod TestFail" time="-1.688726339939E9">
    <skipped/>
  </testcase> <!-- @AfterMethod TestFail -->
  <testcase classname="com.Test.AllClassCalling_Reports" name="@AfterMethod TestFail" time="-1.68872633994E9">
    <skipped/>
  </testcase> <!-- @AfterMethod TestFail -->
  <testcase classname="com.Test.AllClassCalling_Reports" name="@AfterClass flushTest" time="-1.68872633994E9">
    <skipped/>
  </testcase> <!-- @AfterClass flushTest -->
  <testcase classname="com.Test.AllClassCalling_Reports" name="@AfterTest LogOut" time="-1.68872633994E9">
    <skipped/>
  </testcase> <!-- @AfterTest LogOut -->
  <testcase classname="com.Test.AllClassCalling_Reports" name="Reports_Sale_Recap_Report" time="0.0">
    <skipped/>
  </testcase> <!-- Reports_Sale_Recap_Report -->
  <testcase classname="com.Test.AllClassCalling_Reports" name="Reports_Department_Sale_Report" time="0.0">
    <skipped/>
  </testcase> <!-- Reports_Department_Sale_Report -->
  <testcase classname="com.Test.AllClassCalling_Reports" name="Reports_Category_Sale_Report" time="0.0">
    <skipped/>
  </testcase> <!-- Reports_Category_Sale_Report -->
  <testcase classname="com.Test.AllClassCalling_Reports" name="Reports_SubCategory_Sale_Report" time="0.0">
    <skipped/>
  </testcase> <!-- Reports_SubCategory_Sale_Report -->
  <testcase classname="com.Test.AllClassCalling_Reports" name="Reports_MenuItem_Sale_Report" time="0.0">
    <skipped/>
  </testcase> <!-- Reports_MenuItem_Sale_Report -->
  <testcase classname="com.Test.AllClassCalling_Reports" name="Reports_Modifier_Sale_Report" time="0.0">
    <skipped/>
  </testcase> <!-- Reports_Modifier_Sale_Report -->
  <testcase classname="com.Test.AllClassCalling_Reports" name="Reports_Hourly_Sale_Report" time="0.0">
    <skipped/>
  </testcase> <!-- Reports_Hourly_Sale_Report -->
  <testcase classname="com.Test.AllClassCalling_Reports" name="Reports_Daily_Sale_Report" time="0.0">
    <skipped/>
  </testcase> <!-- Reports_Daily_Sale_Report -->
  <testcase classname="com.Test.AllClassCalling_Reports" name="Reports_Cashier_Out_Report" time="0.0">
    <skipped/>
  </testcase> <!-- Reports_Cashier_Out_Report -->
  <testcase classname="com.Test.AllClassCalling_Reports" name="Reports_Weekly_Summary_Sale_Report" time="0.0">
    <skipped/>
  </testcase> <!-- Reports_Weekly_Summary_Sale_Report -->
  <testcase classname="com.Test.AllClassCalling_Reports" name="Reports_Sale_Summary_Report" time="0.0">
    <skipped/>
  </testcase> <!-- Reports_Sale_Summary_Report -->
  <testcase classname="com.Test.AllClassCalling_Reports" name="Reports_Future_Order_Sale_Report" time="0.0">
    <skipped/>
  </testcase> <!-- Reports_Future_Order_Sale_Report -->
  <testcase classname="com.Test.AllClassCalling_Reports" name="Reports_Sale_Logo_Sale" time="0.0">
    <skipped/>
  </testcase> <!-- Reports_Sale_Logo_Sale -->
  <testcase classname="com.Test.AllClassCalling_Reports" name="Reports_Sale_Logo_Payment" time="0.0">
    <skipped/>
  </testcase> <!-- Reports_Sale_Logo_Payment -->
  <testcase classname="com.Test.AllClassCalling_Reports" name="Reports_Online_Sales_Report" time="0.0">
    <skipped/>
  </testcase> <!-- Reports_Online_Sales_Report -->
  <testcase classname="com.Test.AllClassCalling_Reports" name="Reports_Transactions_Report" time="0.0">
    <skipped/>
  </testcase> <!-- Reports_Transactions_Report -->
  <testcase classname="com.Test.AllClassCalling_Reports" name="Reports_Void_Transactions_Report" time="0.0">
    <skipped/>
  </testcase> <!-- Reports_Void_Transactions_Report -->
  <testcase classname="com.Test.AllClassCalling_Reports" name="Reports_Gift_Card_Report" time="0.0">
    <skipped/>
  </testcase> <!-- Reports_Gift_Card_Report -->
  <testcase classname="com.Test.AllClassCalling_Reports" name="Reports_GiveX_Report" time="0.0">
    <skipped/>
  </testcase> <!-- Reports_GiveX_Report -->
  <testcase classname="com.Test.AllClassCalling_Reports" name="Reports_Discount_Report" time="0.0">
    <skipped/>
  </testcase> <!-- Reports_Discount_Report -->
  <testcase classname="com.Test.AllClassCalling_Reports" name="Reports_Store_Credit_Report" time="0.0">
    <skipped/>
  </testcase> <!-- Reports_Store_Credit_Report -->
  <testcase classname="com.Test.AllClassCalling_Reports" name="Reports_Void_Node_Report" time="0.0">
    <skipped/>
  </testcase> <!-- Reports_Void_Node_Report -->
  <testcase classname="com.Test.AllClassCalling_Reports" name="Reports_Void_Employee_Report" time="0.0">
    <skipped/>
  </testcase> <!-- Reports_Void_Employee_Report -->
  <testcase classname="com.Test.AllClassCalling_Reports" name="Reports_Paid_In_Paid_Out_Report" time="0.0">
    <skipped/>
  </testcase> <!-- Reports_Paid_In_Paid_Out_Report -->
  <testcase classname="com.Test.AllClassCalling_Reports" name="Reports_Audit_Log" time="0.0">
    <skipped/>
  </testcase> <!-- Reports_Audit_Log -->
  <testcase classname="com.Test.AllClassCalling_Reports" name="Reports_Employee_Attendance_Report" time="0.0">
    <skipped/>
  </testcase> <!-- Reports_Employee_Attendance_Report -->
  <testcase classname="com.Test.AllClassCalling_Reports" name="Reports_Employee_Role_Based_Payroll_Report" time="0.0">
    <skipped/>
  </testcase> <!-- Reports_Employee_Role_Based_Payroll_Report -->
  <testcase classname="com.Test.AllClassCalling_Reports" name="Reports_Employee_Labor_Report" time="0.0">
    <skipped/>
  </testcase> <!-- Reports_Employee_Labor_Report -->
  <testcase classname="com.Test.AllClassCalling_Reports" name="Reports_Employee_Labor_By_Job_Code_Report" time="0.0">
    <skipped/>
  </testcase> <!-- Reports_Employee_Labor_By_Job_Code_Report -->
  <testcase classname="com.Test.AllClassCalling_Reports" name="Reports_HA_Activity_Report" time="0.0">
    <skipped/>
  </testcase> <!-- Reports_HA_Activity_Report -->
  <testcase classname="com.Test.AllClassCalling_Reports" name="Reports_HA_Statement" time="0.0">
    <skipped/>
  </testcase> <!-- Reports_HA_Statement -->
  <testcase classname="com.Test.AllClassCalling_Reports" name="Reports_Driver_Report" time="0.0">
    <skipped/>
  </testcase> <!-- Reports_Driver_Report -->
  <testcase classname="com.Test.AllClassCalling_Reports" name="Reports_Batch_Report" time="0.0">
    <skipped/>
  </testcase> <!-- Reports_Batch_Report -->
  <testcase classname="com.Test.AllClassCalling_Reports" name="Reports_Refund_Report" time="0.0">
    <skipped/>
  </testcase> <!-- Reports_Refund_Report -->
  <testcase classname="com.Test.AllClassCalling_Reports" name="Reports_Till_Report" time="0.0">
    <skipped/>
  </testcase> <!-- Reports_Till_Report -->
  <testcase classname="com.Test.AllClassCalling_Reports" name="Reports_Cash_Transaction_Report" time="0.0">
    <skipped/>
  </testcase> <!-- Reports_Cash_Transaction_Report -->
  <testcase classname="com.Test.AllClassCalling_Reports" name="Reports_Customer_Preference_Report" time="0.0">
    <skipped/>
  </testcase> <!-- Reports_Customer_Preference_Report -->
  <testcase classname="com.Test.AllClassCalling_Reports" name="Reports_Daily_Tender_Report" time="0.0">
    <skipped/>
  </testcase> <!-- Reports_Daily_Tender_Report -->
  <testcase classname="com.Test.AllClassCalling_Reports" name="Reports_Daily_Summary_Report" time="0.0">
    <skipped/>
  </testcase> <!-- Reports_Daily_Summary_Report -->
  <testcase classname="com.Test.AllClassCalling_Reports" name="Reports_Tax_Report" time="0.0">
    <skipped/>
  </testcase> <!-- Reports_Tax_Report -->
  <testcase classname="com.Test.AllClassCalling_Reports" name="Reports_Revenue_Center" time="0.0">
    <skipped/>
  </testcase> <!-- Reports_Revenue_Center -->
  <testcase classname="com.Test.AllClassCalling_Reports" name="Reports_Account_Balance_Report" time="0.0">
    <skipped/>
  </testcase> <!-- Reports_Account_Balance_Report -->
  <testcase classname="com.Test.AllClassCalling_Reports" name="Reports_Membership_Statement" time="0.0">
    <skipped/>
  </testcase> <!-- Reports_Membership_Statement -->
  <testcase classname="com.Test.AllClassCalling_Reports" name="Reports_Membership_Summary_Report" time="0.0">
    <skipped/>
  </testcase> <!-- Reports_Membership_Summary_Report -->
  <testcase classname="com.Test.AllClassCalling_Reports" name="Reports_Comparison_Report" time="0.0">
    <ignored/>
  </testcase> <!-- Reports_Comparison_Report -->
</testsuite> <!-- Reports -->
