<?xml version="1.0" encoding="UTF-8"?>
<!-- Generated by org.testng.reporters.JUnitXMLReporter -->
<testsuite ignored="0" hostname="Raja-QA-Laptop-IN" failures="0" tests="26" name="Test" time="75.824" errors="0" timestamp="2023-07-10T16:34:42 IST">
  <testcase classname="com.Test.AllClassCalling_Product_and_Items" name="@BeforeTest Login" time="75.694">
    <failure type="org.openqa.selenium.NoSuchElementException" message="no such element: Unable to locate element: {&amp;quot;method&amp;quot;:&amp;quot;xpath&amp;quot;,&amp;quot;selector&amp;quot;:&amp;quot;//app-input[@placeholder=&amp;apos;Search&amp;apos;]/div/div/mat-form-field/div/div/div[4]/input&amp;quot;}
  (Session info: chrome=114.0.5735.199)
For documentation on this error, please visit: https://selenium.dev/exceptions/#no_such_element
Build info: version: &amp;apos;4.4.0&amp;apos;, revision: &amp;apos;e5c75ed026a&amp;apos;
System info: host: &amp;apos;RAJA-QA-LAPTOP-&amp;apos;, ip: &amp;apos;10.10.123.165&amp;apos;, os.name: &amp;apos;Windows 11&amp;apos;, os.arch: &amp;apos;amd64&amp;apos;, os.version: &amp;apos;10.0&amp;apos;, java.version: &amp;apos;17.0.4.1&amp;apos;
Driver info: org.openqa.selenium.chrome.ChromeDriver
Command: [db1a66b922ce4790d6ba0590f4d8f8b0, findElement {using=xpath, value=//app-input[@placeholder=&amp;apos;Search&amp;apos;]/div/div/mat-form-field/div/div/div[4]/input}]
Capabilities {acceptInsecureCerts: false, browserName: chrome, browserVersion: 114.0.5735.199, chrome: {chromedriverVersion: 114.0.5735.90 (386bc09e8f4f..., userDataDir: C:\WINDOWS\SystemTemp\scope...}, goog:chromeOptions: {debuggerAddress: localhost:64408}, networkConnectionEnabled: false, pageLoadStrategy: normal, platformName: WINDOWS, proxy: Proxy(), se:cdp: ws://localhost:64408/devtoo..., se:cdpVersion: 114.0.5735.199, setWindowRect: true, strictFileInteractability: false, timeouts: {implicit: 0, pageLoad: 300000, script: 30000}, unhandledPromptBehavior: dismiss and notify, webauthn:extension:credBlob: true, webauthn:extension:largeBlob: true, webauthn:extension:minPinLength: true, webauthn:extension:prf: true, webauthn:virtualAuthenticators: true}
Session ID: db1a66b922ce4790d6ba0590f4d8f8b0">
      <![CDATA[org.openqa.selenium.NoSuchElementException: no such element: Unable to locate element: {"method":"xpath","selector":"//app-input[@placeholder='Search']/div/div/mat-form-field/div/div/div[4]/input"}
  (Session info: chrome=114.0.5735.199)
For documentation on this error, please visit: https://selenium.dev/exceptions/#no_such_element
Build info: version: '4.4.0', revision: 'e5c75ed026a'
System info: host: 'RAJA-QA-LAPTOP-', ip: '10.10.123.165', os.name: 'Windows 11', os.arch: 'amd64', os.version: '10.0', java.version: '17.0.4.1'
Driver info: org.openqa.selenium.chrome.ChromeDriver
Command: [db1a66b922ce4790d6ba0590f4d8f8b0, findElement {using=xpath, value=//app-input[@placeholder='Search']/div/div/mat-form-field/div/div/div[4]/input}]
Capabilities {acceptInsecureCerts: false, browserName: chrome, browserVersion: 114.0.5735.199, chrome: {chromedriverVersion: 114.0.5735.90 (386bc09e8f4f..., userDataDir: C:\WINDOWS\SystemTemp\scope...}, goog:chromeOptions: {debuggerAddress: localhost:64408}, networkConnectionEnabled: false, pageLoadStrategy: normal, platformName: WINDOWS, proxy: Proxy(), se:cdp: ws://localhost:64408/devtoo..., se:cdpVersion: 114.0.5735.199, setWindowRect: true, strictFileInteractability: false, timeouts: {implicit: 0, pageLoad: 300000, script: 30000}, unhandledPromptBehavior: dismiss and notify, webauthn:extension:credBlob: true, webauthn:extension:largeBlob: true, webauthn:extension:minPinLength: true, webauthn:extension:prf: true, webauthn:virtualAuthenticators: true}
Session ID: db1a66b922ce4790d6ba0590f4d8f8b0
at org.openqa.selenium.remote.codec.w3c.W3CHttpResponseCodec.createException(W3CHttpResponseCodec.java:200)
at org.openqa.selenium.remote.codec.w3c.W3CHttpResponseCodec.decode(W3CHttpResponseCodec.java:133)
at org.openqa.selenium.remote.codec.w3c.W3CHttpResponseCodec.decode(W3CHttpResponseCodec.java:53)
at org.openqa.selenium.remote.HttpCommandExecutor.execute(HttpCommandExecutor.java:184)
at org.openqa.selenium.remote.service.DriverCommandExecutor.invokeExecute(DriverCommandExecutor.java:167)
at org.openqa.selenium.remote.service.DriverCommandExecutor.execute(DriverCommandExecutor.java:142)
at org.openqa.selenium.remote.RemoteWebDriver.execute(RemoteWebDriver.java:547)
at org.openqa.selenium.remote.ElementLocation$ElementFinder$2.findElement(ElementLocation.java:162)
at org.openqa.selenium.remote.ElementLocation.findElement(ElementLocation.java:60)
at org.openqa.selenium.remote.RemoteWebDriver.findElement(RemoteWebDriver.java:365)
at org.openqa.selenium.remote.RemoteWebDriver.findElement(RemoteWebDriver.java:357)
at org.openqa.selenium.support.pagefactory.DefaultElementLocator.findElement(DefaultElementLocator.java:70)
at org.openqa.selenium.support.pagefactory.internal.LocatingElementHandler.invoke(LocatingElementHandler.java:39)
at jdk.proxy2/jdk.proxy2.$Proxy16.clear(Unknown Source)
at com.Pages.LoginPage.Login(LoginPage.java:142)
at com.Test.LoginTest.Login(LoginTest.java:48)
at com.Test.AllClassCalling_Product_and_Items.Login(AllClassCalling_Product_and_Items.java:98)
... Removed 33 stack frames]]>
    </failure>
  </testcase> <!-- @BeforeTest Login -->
  <testcase classname="com.Test.AllClassCalling_Product_and_Items" name="@AfterMethod TestFail" time="-1.68898708218E9">
    <skipped/>
  </testcase> <!-- @AfterMethod TestFail -->
  <testcase classname="com.Test.AllClassCalling_Product_and_Items" name="@AfterMethod TestFail" time="-1.688987082187E9">
    <skipped/>
  </testcase> <!-- @AfterMethod TestFail -->
  <testcase classname="com.Test.AllClassCalling_Product_and_Items" name="@AfterMethod TestFail" time="-1.68898708219E9">
    <skipped/>
  </testcase> <!-- @AfterMethod TestFail -->
  <testcase classname="com.Test.AllClassCalling_Product_and_Items" name="@AfterMethod TestFail" time="-1.688987082191E9">
    <skipped/>
  </testcase> <!-- @AfterMethod TestFail -->
  <testcase classname="com.Test.AllClassCalling_Product_and_Items" name="@AfterMethod TestFail" time="-1.688987082193E9">
    <skipped/>
  </testcase> <!-- @AfterMethod TestFail -->
  <testcase classname="com.Test.AllClassCalling_Product_and_Items" name="@AfterMethod TestFail" time="-1.688987082194E9">
    <skipped/>
  </testcase> <!-- @AfterMethod TestFail -->
  <testcase classname="com.Test.AllClassCalling_Product_and_Items" name="@AfterMethod TestFail" time="-1.688987082196E9">
    <skipped/>
  </testcase> <!-- @AfterMethod TestFail -->
  <testcase classname="com.Test.AllClassCalling_Product_and_Items" name="@AfterMethod TestFail" time="-1.688987082197E9">
    <skipped/>
  </testcase> <!-- @AfterMethod TestFail -->
  <testcase classname="com.Test.AllClassCalling_Product_and_Items" name="@AfterMethod TestFail" time="-1.688987082199E9">
    <skipped/>
  </testcase> <!-- @AfterMethod TestFail -->
  <testcase classname="com.Test.AllClassCalling_Product_and_Items" name="@AfterMethod TestFail" time="-1.688987082201E9">
    <skipped/>
  </testcase> <!-- @AfterMethod TestFail -->
  <testcase classname="com.Test.AllClassCalling_Product_and_Items" name="@AfterMethod TestFail" time="-1.688987082202E9">
    <skipped/>
  </testcase> <!-- @AfterMethod TestFail -->
  <testcase classname="com.Test.AllClassCalling_Product_and_Items" name="@AfterMethod TestFail" time="-1.688987082204E9">
    <skipped/>
  </testcase> <!-- @AfterMethod TestFail -->
  <testcase classname="com.Test.AllClassCalling_Product_and_Items" name="@AfterMethod TestFail" time="-1.688987082206E9">
    <skipped/>
  </testcase> <!-- @AfterMethod TestFail -->
  <testcase classname="com.Test.AllClassCalling_Product_and_Items" name="@AfterMethod TestFail" time="-1.688987082207E9">
    <skipped/>
  </testcase> <!-- @AfterMethod TestFail -->
  <testcase classname="com.Test.AllClassCalling_Product_and_Items" name="@AfterMethod TestFail" time="-1.688987082209E9">
    <skipped/>
  </testcase> <!-- @AfterMethod TestFail -->
  <testcase classname="com.Test.AllClassCalling_Product_and_Items" name="@AfterMethod TestFail" time="-1.688987082211E9">
    <skipped/>
  </testcase> <!-- @AfterMethod TestFail -->
  <testcase classname="com.Test.AllClassCalling_Product_and_Items" name="@AfterMethod TestFail" time="-1.688987082212E9">
    <skipped/>
  </testcase> <!-- @AfterMethod TestFail -->
  <testcase classname="com.Test.AllClassCalling_Product_and_Items" name="@AfterMethod TestFail" time="-1.688987082214E9">
    <skipped/>
  </testcase> <!-- @AfterMethod TestFail -->
  <testcase classname="com.Test.AllClassCalling_Product_and_Items" name="@AfterMethod TestFail" time="-1.688987082217E9">
    <skipped/>
  </testcase> <!-- @AfterMethod TestFail -->
  <testcase classname="com.Test.AllClassCalling_Product_and_Items" name="@AfterMethod TestFail" time="-1.688987082219E9">
    <skipped/>
  </testcase> <!-- @AfterMethod TestFail -->
  <testcase classname="com.Test.AllClassCalling_Product_and_Items" name="@AfterMethod TestFail" time="-1.688987082221E9">
    <skipped/>
  </testcase> <!-- @AfterMethod TestFail -->
  <testcase classname="com.Test.AllClassCalling_Product_and_Items" name="@AfterMethod TestFail" time="-1.688987082222E9">
    <skipped/>
  </testcase> <!-- @AfterMethod TestFail -->
  <testcase classname="com.Test.AllClassCalling_Product_and_Items" name="@AfterMethod TestFail" time="-1.688987082224E9">
    <skipped/>
  </testcase> <!-- @AfterMethod TestFail -->
  <testcase classname="com.Test.AllClassCalling_Product_and_Items" name="@AfterMethod TestFail" time="-1.688987082226E9">
    <skipped/>
  </testcase> <!-- @AfterMethod TestFail -->
  <testcase classname="com.Test.AllClassCalling_Product_and_Items" name="@AfterMethod TestFail" time="-1.688987082229E9">
    <skipped/>
  </testcase> <!-- @AfterMethod TestFail -->
  <testcase classname="com.Test.AllClassCalling_Product_and_Items" name="@AfterMethod TestFail" time="-1.688987082233E9">
    <skipped/>
  </testcase> <!-- @AfterMethod TestFail -->
  <testcase classname="com.Test.AllClassCalling_Product_and_Items" name="@AfterClass flushTest" time="-1.688987082234E9">
    <skipped/>
  </testcase> <!-- @AfterClass flushTest -->
  <testcase classname="com.Test.AllClassCalling_Product_and_Items" name="@AfterTest LogOut" time="-1.688987082235E9">
    <skipped/>
  </testcase> <!-- @AfterTest LogOut -->
  <testcase classname="com.Test.AllClassCalling_Product_and_Items" name="Product_Items_AddEditDelete_Departments" time="0.0">
    <skipped/>
  </testcase> <!-- Product_Items_AddEditDelete_Departments -->
  <testcase classname="com.Test.AllClassCalling_Product_and_Items" name="Product_Items_AddEditDelete_Coursing" time="0.0">
    <skipped/>
  </testcase> <!-- Product_Items_AddEditDelete_Coursing -->
  <testcase classname="com.Test.AllClassCalling_Product_and_Items" name="Product_Items_AddEditDelete_Serving_Size_Levels" time="0.0">
    <skipped/>
  </testcase> <!-- Product_Items_AddEditDelete_Serving_Size_Levels -->
  <testcase classname="com.Test.AllClassCalling_Product_and_Items" name="Product_Items_AddEditDelete_Taxes" time="0.0">
    <skipped/>
  </testcase> <!-- Product_Items_AddEditDelete_Taxes -->
  <testcase classname="com.Test.AllClassCalling_Product_and_Items" name="Product_Items_AddEditDelete_Categories" time="0.0">
    <skipped/>
  </testcase> <!-- Product_Items_AddEditDelete_Categories -->
  <testcase classname="com.Test.AllClassCalling_Product_and_Items" name="Product_Items_AddEditDelete_SubCategories" time="0.0">
    <skipped/>
  </testcase> <!-- Product_Items_AddEditDelete_SubCategories -->
  <testcase classname="com.Test.AllClassCalling_Product_and_Items" name="Product_Items_AddEditDelete_Modifiers" time="0.0">
    <skipped/>
  </testcase> <!-- Product_Items_AddEditDelete_Modifiers -->
  <testcase classname="com.Test.AllClassCalling_Product_and_Items" name="Product_Items_AddEditDelete_ModifierGroups" time="0.0">
    <skipped/>
  </testcase> <!-- Product_Items_AddEditDelete_ModifierGroups -->
  <testcase classname="com.Test.AllClassCalling_Product_and_Items" name="Product_Items_Meito" time="0.0">
    <skipped/>
  </testcase> <!-- Product_Items_Meito -->
  <testcase classname="com.Test.AllClassCalling_Product_and_Items" name="Product_Items_AddEditDelete_MenuItem" time="0.0">
    <skipped/>
  </testcase> <!-- Product_Items_AddEditDelete_MenuItem -->
  <testcase classname="com.Test.AllClassCalling_Product_and_Items" name="Product_Items_AddEditDelete_RetailItem" time="0.0">
    <skipped/>
  </testcase> <!-- Product_Items_AddEditDelete_RetailItem -->
  <testcase classname="com.Test.AllClassCalling_Product_and_Items" name="Product_Items_Bulk_Update" time="0.0">
    <skipped/>
  </testcase> <!-- Product_Items_Bulk_Update -->
  <testcase classname="com.Test.AllClassCalling_Product_and_Items" name="Product_Items_AddEditDelete_DisplayGroups" time="0.0">
    <skipped/>
  </testcase> <!-- Product_Items_AddEditDelete_DisplayGroups -->
  <testcase classname="com.Test.AllClassCalling_Product_and_Items" name="Product_Items_AddEditDelete_Item_Based_Discount" time="0.0">
    <skipped/>
  </testcase> <!-- Product_Items_AddEditDelete_Item_Based_Discount -->
  <testcase classname="com.Test.AllClassCalling_Product_and_Items" name="Product_Items_AddEditDelete_Check_Based_Discount" time="0.0">
    <skipped/>
  </testcase> <!-- Product_Items_AddEditDelete_Check_Based_Discount -->
  <testcase classname="com.Test.AllClassCalling_Product_and_Items" name="Product_Items_AddEditDelete_Open_Item_Discount" time="0.0">
    <skipped/>
  </testcase> <!-- Product_Items_AddEditDelete_Open_Item_Discount -->
  <testcase classname="com.Test.AllClassCalling_Product_and_Items" name="Product_Items_AddEditDelete_Open_Check_Discount" time="0.0">
    <skipped/>
  </testcase> <!-- Product_Items_AddEditDelete_Open_Check_Discount -->
  <testcase classname="com.Test.AllClassCalling_Product_and_Items" name="Product_Items_AddEditDelete_MixAndMatch_Discount" time="0.0">
    <skipped/>
  </testcase> <!-- Product_Items_AddEditDelete_MixAndMatch_Discount -->
  <testcase classname="com.Test.AllClassCalling_Product_and_Items" name="Product_Items_AddEditDelete_Upcharges" time="0.0">
    <skipped/>
  </testcase> <!-- Product_Items_AddEditDelete_Upcharges -->
  <testcase classname="com.Test.AllClassCalling_Product_and_Items" name="Product_Items_Sort_Menu_Config" time="0.0">
    <skipped/>
  </testcase> <!-- Product_Items_Sort_Menu_Config -->
  <testcase classname="com.Test.AllClassCalling_Product_and_Items" name="Product_Items_AddEditDelete_Gratuities" time="0.0">
    <skipped/>
  </testcase> <!-- Product_Items_AddEditDelete_Gratuities -->
  <testcase classname="com.Test.AllClassCalling_Product_and_Items" name="Product_Items_AddEditDelete_GiftCards" time="0.0">
    <skipped/>
  </testcase> <!-- Product_Items_AddEditDelete_GiftCards -->
  <testcase classname="com.Test.AllClassCalling_Product_and_Items" name="Product_Items_Cut_And_Modify" time="0.0">
    <skipped/>
  </testcase> <!-- Product_Items_Cut_And_Modify -->
  <testcase classname="com.Test.AllClassCalling_Product_and_Items" name="Product_Items_AddEditDelete_TareGroup" time="0.0">
    <skipped/>
  </testcase> <!-- Product_Items_AddEditDelete_TareGroup -->
  <testcase classname="com.Test.AllClassCalling_Product_and_Items" name="Product_Items_AddEditDelete_Reasons" time="0.0">
    <skipped/>
  </testcase> <!-- Product_Items_AddEditDelete_Reasons -->
  <testcase classname="com.Test.AllClassCalling_Product_and_Items" name="Product_Items_AddEditDelete_Item_Service_Charge" time="0.0">
    <skipped/>
  </testcase> <!-- Product_Items_AddEditDelete_Item_Service_Charge -->
</testsuite> <!-- Test -->
