<?xml version="1.0" encoding="UTF-8"?>
<!-- Generated by org.testng.reporters.JUnitReportReporter -->
<testsuite hostname="INL-JVNGDL3" failures="0" tests="31" name="com.Test.Inventory_Reports_COGS_Report" time="213.895" errors="1" timestamp="2023-11-07T17:50:06 IST" skipped="28">
  <testcase classname="com.Test.Inventory_Reports_COGS_Report" name="Login" time="78.862"/>
  <testcase classname="com.Test.Inventory_Reports_COGS_Report" name="Calling" time="127.508">
    <error message="element click intercepted: Element &lt;button _ngcontent-acm-c423=&quot;&quot; color=&quot;secondary&quot; type=&quot;submit&quot; mat-stroked-button=&quot;&quot; class=&quot;mat-focus-indicator mat-stroked-button mat-button-base mat-secondary&quot; style=&quot;border: 3px solid red;&quot;&gt;...&lt;/button&gt; is not clickable at point (1081, 218). Other element would receive the click: &lt;div _ngcontent-acm-c423=&quot;&quot; class=&quot;header-sticky&quot;&gt;...&lt;/div&gt;
  (Session info: chrome=119.0.6045.106)
Build info: version: &#039;4.14.1&#039;, revision: &#039;03f8ede370&#039;
System info: os.name: &#039;Windows 10&#039;, os.arch: &#039;amd64&#039;, os.version: &#039;10.0&#039;, java.version: &#039;17.0.4.1&#039;
Driver info: org.openqa.selenium.chrome.ChromeDriver
Command: [c1b5e931f76e4898bfa488182bdb293c, clickElement {id=04A277AA114AC44973083BC12C04C5C8_element_287}]
Capabilities {acceptInsecureCerts: false, browserName: chrome, browserVersion: 119.0.6045.106, chrome: {chromedriverVersion: 119.0.6045.105 (38c72552c5e..., userDataDir: C:\Users\raja.s\AppData\Loc...}, fedcm:accounts: true, goog:chromeOptions: {debuggerAddress: localhost:64209}, networkConnectionEnabled: false, pageLoadStrategy: normal, platformName: windows, proxy: Proxy(), se:cdp: ws://localhost:64209/devtoo..., se:cdpVersion: 119.0.6045.106, setWindowRect: true, strictFileInteractability: false, timeouts: {implicit: 0, pageLoad: 300000, script: 30000}, unhandledPromptBehavior: dismiss and notify, webauthn:extension:credBlob: true, webauthn:extension:largeBlob: true, webauthn:extension:minPinLength: true, webauthn:extension:prf: true, webauthn:virtualAuthenticators: true}
Element: [[ChromeDriver: chrome on windows (c1b5e931f76e4898bfa488182bdb293c)] -&gt; css selector: button.mat-secondary.mat-button-base.mat-focus-indicator.mat-stroked-button]
Session ID: c1b5e931f76e4898bfa488182bdb293c" type="org.openqa.selenium.ElementClickInterceptedException">
      <![CDATA[org.openqa.selenium.ElementClickInterceptedException: element click intercepted: Element <button _ngcontent-acm-c423="" color="secondary" type="submit" mat-stroked-button="" class="mat-focus-indicator mat-stroked-button mat-button-base mat-secondary" style="border: 3px solid red;">...</button> is not clickable at point (1081, 218). Other element would receive the click: <div _ngcontent-acm-c423="" class="header-sticky">...</div>
  (Session info: chrome=119.0.6045.106)
Build info: version: '4.14.1', revision: '03f8ede370'
System info: os.name: 'Windows 10', os.arch: 'amd64', os.version: '10.0', java.version: '17.0.4.1'
Driver info: org.openqa.selenium.chrome.ChromeDriver
Command: [c1b5e931f76e4898bfa488182bdb293c, clickElement {id=04A277AA114AC44973083BC12C04C5C8_element_287}]
Capabilities {acceptInsecureCerts: false, browserName: chrome, browserVersion: 119.0.6045.106, chrome: {chromedriverVersion: 119.0.6045.105 (38c72552c5e..., userDataDir: C:\Users\raja.s\AppData\Loc...}, fedcm:accounts: true, goog:chromeOptions: {debuggerAddress: localhost:64209}, networkConnectionEnabled: false, pageLoadStrategy: normal, platformName: windows, proxy: Proxy(), se:cdp: ws://localhost:64209/devtoo..., se:cdpVersion: 119.0.6045.106, setWindowRect: true, strictFileInteractability: false, timeouts: {implicit: 0, pageLoad: 300000, script: 30000}, unhandledPromptBehavior: dismiss and notify, webauthn:extension:credBlob: true, webauthn:extension:largeBlob: true, webauthn:extension:minPinLength: true, webauthn:extension:prf: true, webauthn:virtualAuthenticators: true}
Element: [[ChromeDriver: chrome on windows (c1b5e931f76e4898bfa488182bdb293c)] -> css selector: button.mat-secondary.mat-button-base.mat-focus-indicator.mat-stroked-button]
Session ID: c1b5e931f76e4898bfa488182bdb293c
at java.base/jdk.internal.reflect.NativeConstructorAccessorImpl.newInstance0(Native Method)
at java.base/jdk.internal.reflect.NativeConstructorAccessorImpl.newInstance(NativeConstructorAccessorImpl.java:77)
at java.base/jdk.internal.reflect.DelegatingConstructorAccessorImpl.newInstance(DelegatingConstructorAccessorImpl.java:45)
at java.base/java.lang.reflect.Constructor.newInstanceWithCaller(Constructor.java:499)
at java.base/java.lang.reflect.Constructor.newInstance(Constructor.java:480)
at org.openqa.selenium.remote.codec.w3c.W3CHttpResponseCodec.createException(W3CHttpResponseCodec.java:199)
at org.openqa.selenium.remote.codec.w3c.W3CHttpResponseCodec.decode(W3CHttpResponseCodec.java:132)
at org.openqa.selenium.remote.codec.w3c.W3CHttpResponseCodec.decode(W3CHttpResponseCodec.java:51)
at org.openqa.selenium.remote.HttpCommandExecutor.execute(HttpCommandExecutor.java:191)
at org.openqa.selenium.remote.service.DriverCommandExecutor.invokeExecute(DriverCommandExecutor.java:196)
at org.openqa.selenium.remote.service.DriverCommandExecutor.execute(DriverCommandExecutor.java:171)
at org.openqa.selenium.remote.RemoteWebDriver.execute(RemoteWebDriver.java:531)
at org.openqa.selenium.remote.RemoteWebElement.execute(RemoteWebElement.java:242)
at org.openqa.selenium.remote.RemoteWebElement.click(RemoteWebElement.java:77)
at jdk.internal.reflect.GeneratedMethodAccessor2.invoke(Unknown Source)
at java.base/jdk.internal.reflect.DelegatingMethodAccessorImpl.invoke(DelegatingMethodAccessorImpl.java:43)
at java.base/java.lang.reflect.Method.invoke(Method.java:568)
at com.epam.healenium.handlers.proxy.WebElementProxyHandler.invoke(WebElementProxyHandler.java:68)
at jdk.proxy2/jdk.proxy2.$Proxy19.click(Unknown Source)
at jdk.internal.reflect.GeneratedMethodAccessor2.invoke(Unknown Source)
at java.base/jdk.internal.reflect.DelegatingMethodAccessorImpl.invoke(DelegatingMethodAccessorImpl.java:43)
at java.base/java.lang.reflect.Method.invoke(Method.java:568)
at org.openqa.selenium.support.pagefactory.internal.LocatingElementHandler.invoke(LocatingElementHandler.java:52)
at jdk.proxy2/jdk.proxy2.$Proxy19.click(Unknown Source)
at com.Pages.InventoryReport_COGS_Page.Select_Date_Range_TimePeriod(InventoryReport_COGS_Page.java:417)
at com.Test.Inventory_Reports_COGS_Report.Product_Item_MenuItem_Date_Range_TimePeriod_Apply(Inventory_Reports_COGS_Report.java:202)
at com.Test.Inventory_Reports_COGS_Report.Calling(Inventory_Reports_COGS_Report.java:126)
at java.base/jdk.internal.reflect.NativeMethodAccessorImpl.invoke0(Native Method)
at java.base/jdk.internal.reflect.NativeMethodAccessorImpl.invoke(NativeMethodAccessorImpl.java:77)
at java.base/jdk.internal.reflect.DelegatingMethodAccessorImpl.invoke(DelegatingMethodAccessorImpl.java:43)
at java.base/java.lang.reflect.Method.invoke(Method.java:568)
at org.testng.internal.invokers.MethodInvocationHelper.invokeMethod(MethodInvocationHelper.java:139)
at org.testng.internal.invokers.TestInvoker.invokeMethod(TestInvoker.java:664)
at org.testng.internal.invokers.TestInvoker.invokeTestMethod(TestInvoker.java:227)
at org.testng.internal.invokers.MethodRunner.runInSequence(MethodRunner.java:50)
at org.testng.internal.invokers.TestInvoker$MethodInvocationAgent.invoke(TestInvoker.java:957)
at org.testng.internal.invokers.TestInvoker.invokeTestMethods(TestInvoker.java:200)
at org.testng.internal.invokers.TestMethodWorker.invokeTestMethods(TestMethodWorker.java:148)
at org.testng.internal.invokers.TestMethodWorker.run(TestMethodWorker.java:128)
at java.base/java.util.ArrayList.forEach(ArrayList.java:1511)
at org.testng.TestRunner.privateRun(TestRunner.java:848)
at org.testng.TestRunner.run(TestRunner.java:621)
at org.testng.SuiteRunner.runTest(SuiteRunner.java:443)
at org.testng.SuiteRunner.runSequentially(SuiteRunner.java:437)
at org.testng.SuiteRunner.privateRun(SuiteRunner.java:397)
at org.testng.SuiteRunner.run(SuiteRunner.java:336)
at org.testng.SuiteRunnerWorker.runSuite(SuiteRunnerWorker.java:52)
at org.testng.SuiteRunnerWorker.run(SuiteRunnerWorker.java:95)
at org.testng.TestNG.runSuitesSequentially(TestNG.java:1280)
at org.testng.TestNG.runSuitesLocally(TestNG.java:1200)
at org.testng.TestNG.runSuites(TestNG.java:1114)
at org.testng.TestNG.run(TestNG.java:1082)
at org.testng.remote.AbstractRemoteTestNG.run(AbstractRemoteTestNG.java:115)
at org.testng.remote.RemoteTestNG.initAndRun(RemoteTestNG.java:251)
at org.testng.remote.RemoteTestNG.main(RemoteTestNG.java:77)
]]>
    </error>
  </testcase> <!-- Calling -->
  <testcase classname="com.Test.Inventory_Reports_COGS_Report" name="LogOut" time="7.525"/>
  <testcase classname="com.Test.Inventory_Reports_COGS_Report" name="Product_Item_MenuItem_Date_Range_TimePeriod_Apply">
    <skipped/>
  </testcase> <!-- Product_Item_MenuItem_Date_Range_TimePeriod_Apply -->
  <testcase classname="com.Test.Inventory_Reports_COGS_Report" name="Product_Item_All_Last_30_Days_TimePeriod_Apply">
    <skipped/>
  </testcase> <!-- Product_Item_All_Last_30_Days_TimePeriod_Apply -->
  <testcase classname="com.Test.Inventory_Reports_COGS_Report" name="Product_Item_RetailItem_Date_Range_TimePeriod_Apply">
    <skipped/>
  </testcase> <!-- Product_Item_RetailItem_Date_Range_TimePeriod_Apply -->
  <testcase classname="com.Test.Inventory_Reports_COGS_Report" name="Inventory_All_Last_Week_TimePeriod_Apply">
    <skipped/>
  </testcase> <!-- Inventory_All_Last_Week_TimePeriod_Apply -->
  <testcase classname="com.Test.Inventory_Reports_COGS_Report" name="Inventory_All_Specific_Date_TimePeriod_Apply">
    <skipped/>
  </testcase> <!-- Inventory_All_Specific_Date_TimePeriod_Apply -->
  <testcase classname="com.Test.Inventory_Reports_COGS_Report" name="Open_Inventory_Cogs_report_Page">
    <skipped/>
  </testcase> <!-- Open_Inventory_Cogs_report_Page -->
  <testcase classname="com.Test.Inventory_Reports_COGS_Report" name="Product_Item_All_This_Month_TimePeriod_Apply">
    <skipped/>
  </testcase> <!-- Product_Item_All_This_Month_TimePeriod_Apply -->
  <testcase classname="com.Test.Inventory_Reports_COGS_Report" name="Inventory_All_N_No_of_Days_Apply">
    <skipped/>
  </testcase> <!-- Inventory_All_N_No_of_Days_Apply -->
  <testcase classname="com.Test.Inventory_Reports_COGS_Report" name="Inventory_All_Yesterday_Apply">
    <skipped/>
  </testcase> <!-- Inventory_All_Yesterday_Apply -->
  <testcase classname="com.Test.Inventory_Reports_COGS_Report" name="Inventory_All_Last_Month_TimePeriod_Apply">
    <skipped/>
  </testcase> <!-- Inventory_All_Last_Month_TimePeriod_Apply -->
  <testcase classname="com.Test.Inventory_Reports_COGS_Report" name="Product_Item_All_Date_Range_TimePeriod_Apply">
    <skipped/>
  </testcase> <!-- Product_Item_All_Date_Range_TimePeriod_Apply -->
  <testcase classname="com.Test.Inventory_Reports_COGS_Report" name="Inventory_Category_Date_Range_TimePeriod_Apply">
    <skipped/>
  </testcase> <!-- Inventory_Category_Date_Range_TimePeriod_Apply -->
  <testcase classname="com.Test.Inventory_Reports_COGS_Report" name="Product_Item_All_Last_7_Days_TimePeriod_Apply">
    <skipped/>
  </testcase> <!-- Product_Item_All_Last_7_Days_TimePeriod_Apply -->
  <testcase classname="com.Test.Inventory_Reports_COGS_Report" name="Inventory_All_This_week_Apply">
    <skipped/>
  </testcase> <!-- Inventory_All_This_week_Apply -->
  <testcase classname="com.Test.Inventory_Reports_COGS_Report" name="Inventory_All_Apply">
    <skipped/>
  </testcase> <!-- Inventory_All_Apply -->
  <testcase classname="com.Test.Inventory_Reports_COGS_Report" name="Product_Item_All_Last_Week_TimePeriod_Apply">
    <skipped/>
  </testcase> <!-- Product_Item_All_Last_Week_TimePeriod_Apply -->
  <testcase classname="com.Test.Inventory_Reports_COGS_Report" name="Product_Item_All_Last_Month_TimePeriod_Apply">
    <skipped/>
  </testcase> <!-- Product_Item_All_Last_Month_TimePeriod_Apply -->
  <testcase classname="com.Test.Inventory_Reports_COGS_Report" name="Product_Item_All_This_week_Apply">
    <skipped/>
  </testcase> <!-- Product_Item_All_This_week_Apply -->
  <testcase classname="com.Test.Inventory_Reports_COGS_Report" name="Inventory_All_This_Month_TimePeriod_Apply">
    <skipped/>
  </testcase> <!-- Inventory_All_This_Month_TimePeriod_Apply -->
  <testcase classname="com.Test.Inventory_Reports_COGS_Report" name="Inventory_All_Last_7_Days_TimePeriod_Apply">
    <skipped/>
  </testcase> <!-- Inventory_All_Last_7_Days_TimePeriod_Apply -->
  <testcase classname="com.Test.Inventory_Reports_COGS_Report" name="Product_Item_All_N_No_of_Days_Apply">
    <skipped/>
  </testcase> <!-- Product_Item_All_N_No_of_Days_Apply -->
  <testcase classname="com.Test.Inventory_Reports_COGS_Report" name="Product_Item_All_Yesterday_Apply">
    <skipped/>
  </testcase> <!-- Product_Item_All_Yesterday_Apply -->
  <testcase classname="com.Test.Inventory_Reports_COGS_Report" name="Product_Item_All_Apply">
    <skipped/>
  </testcase> <!-- Product_Item_All_Apply -->
  <testcase classname="com.Test.Inventory_Reports_COGS_Report" name="Product_Item_All_Specific_Date_TimePeriod_Apply">
    <skipped/>
  </testcase> <!-- Product_Item_All_Specific_Date_TimePeriod_Apply -->
  <testcase classname="com.Test.Inventory_Reports_COGS_Report" name="Inventory_All_Date_Range_TimePeriod_Apply">
    <skipped/>
  </testcase> <!-- Inventory_All_Date_Range_TimePeriod_Apply -->
  <testcase classname="com.Test.Inventory_Reports_COGS_Report" name="Inventory_SubCategory_Date_Range_TimePeriod_Apply">
    <skipped/>
  </testcase> <!-- Inventory_SubCategory_Date_Range_TimePeriod_Apply -->
  <testcase classname="com.Test.Inventory_Reports_COGS_Report" name="RefreshAndPaginination_ColumnFilteration">
    <skipped/>
  </testcase> <!-- RefreshAndPaginination_ColumnFilteration -->
  <testcase classname="com.Test.Inventory_Reports_COGS_Report" name="Product_Item_Modifier_Date_Range_TimePeriod_Apply">
    <skipped/>
  </testcase> <!-- Product_Item_Modifier_Date_Range_TimePeriod_Apply -->
</testsuite> <!-- com.Test.Inventory_Reports_COGS_Report -->
