<?xml version="1.0" encoding="UTF-8"?>
<!-- Generated by org.testng.reporters.JUnitReportReporter -->
<testsuite hostname="INL-JVNGDL3" failures="0" tests="16" name="com.Test.Reports_Sale_Recap_Report" time="1570.387" errors="1" timestamp="2023-08-22T11:47:41 IST" skipped="13">
  <testcase classname="com.Test.Reports_Sale_Recap_Report" name="Login" time="61.035"/>
  <system-out/>
  <testcase classname="com.Test.Reports_Sale_Recap_Report" name="Calling" time="1501.717">
    <error message="no such element: Unable to locate element: {&quot;method&quot;:&quot;xpath&quot;,&quot;selector&quot;:&quot;//select-option[contains(.,&#039;Specific date&#039;)]&quot;}
  (Session info: chrome=116.0.5845.97)
For documentation on this error, please visit: https://www.selenium.dev/documentation/webdriver/troubleshooting/errors#no-such-element-exception
Build info: version: &#039;4.10.0&#039;, revision: &#039;c14d967899&#039;
System info: os.name: &#039;Windows 10&#039;, os.arch: &#039;amd64&#039;, os.version: &#039;10.0&#039;, java.version: &#039;17.0.8&#039;
Driver info: org.openqa.selenium.chrome.ChromeDriver
Command: [e46b29366b974ff09e34fb7a9cf719e9, findElement {using=xpath, value=//select-option[contains(.,&#039;Specific date&#039;)]}]
Capabilities {acceptInsecureCerts: false, browserName: chrome, browserVersion: 116.0.5845.97, chrome: {chromedriverVersion: 116.0.5845.96 (1a3918166880..., userDataDir: C:\Users\raja.s\AppData\Loc...}, fedcm:accounts: true, goog:chromeOptions: {debuggerAddress: localhost:51864}, networkConnectionEnabled: false, pageLoadStrategy: normal, platformName: windows, proxy: Proxy(), se:cdp: ws://localhost:51864/devtoo..., se:cdpVersion: 116.0.5845.97, setWindowRect: true, strictFileInteractability: false, timeouts: {implicit: 0, pageLoad: 300000, script: 30000}, unhandledPromptBehavior: dismiss and notify, webauthn:extension:credBlob: true, webauthn:extension:largeBlob: true, webauthn:extension:minPinLength: true, webauthn:extension:prf: true, webauthn:virtualAuthenticators: true}
Session ID: e46b29366b974ff09e34fb7a9cf719e9" type="org.openqa.selenium.NoSuchElementException">
      <![CDATA[org.openqa.selenium.NoSuchElementException: no such element: Unable to locate element: {"method":"xpath","selector":"//select-option[contains(.,'Specific date')]"}
  (Session info: chrome=116.0.5845.97)
For documentation on this error, please visit: https://www.selenium.dev/documentation/webdriver/troubleshooting/errors#no-such-element-exception
Build info: version: '4.10.0', revision: 'c14d967899'
System info: os.name: 'Windows 10', os.arch: 'amd64', os.version: '10.0', java.version: '17.0.8'
Driver info: org.openqa.selenium.chrome.ChromeDriver
Command: [e46b29366b974ff09e34fb7a9cf719e9, findElement {using=xpath, value=//select-option[contains(.,'Specific date')]}]
Capabilities {acceptInsecureCerts: false, browserName: chrome, browserVersion: 116.0.5845.97, chrome: {chromedriverVersion: 116.0.5845.96 (1a3918166880..., userDataDir: C:\Users\raja.s\AppData\Loc...}, fedcm:accounts: true, goog:chromeOptions: {debuggerAddress: localhost:51864}, networkConnectionEnabled: false, pageLoadStrategy: normal, platformName: windows, proxy: Proxy(), se:cdp: ws://localhost:51864/devtoo..., se:cdpVersion: 116.0.5845.97, setWindowRect: true, strictFileInteractability: false, timeouts: {implicit: 0, pageLoad: 300000, script: 30000}, unhandledPromptBehavior: dismiss and notify, webauthn:extension:credBlob: true, webauthn:extension:largeBlob: true, webauthn:extension:minPinLength: true, webauthn:extension:prf: true, webauthn:virtualAuthenticators: true}
Session ID: e46b29366b974ff09e34fb7a9cf719e9
at jdk.internal.reflect.GeneratedConstructorAccessor56.newInstance(Unknown Source)
at java.base/jdk.internal.reflect.DelegatingConstructorAccessorImpl.newInstance(DelegatingConstructorAccessorImpl.java:45)
at java.base/java.lang.reflect.Constructor.newInstanceWithCaller(Constructor.java:499)
at java.base/java.lang.reflect.Constructor.newInstance(Constructor.java:480)
at org.openqa.selenium.remote.codec.w3c.W3CHttpResponseCodec.createException(W3CHttpResponseCodec.java:199)
at org.openqa.selenium.remote.codec.w3c.W3CHttpResponseCodec.decode(W3CHttpResponseCodec.java:132)
at org.openqa.selenium.remote.codec.w3c.W3CHttpResponseCodec.decode(W3CHttpResponseCodec.java:51)
at org.openqa.selenium.remote.HttpCommandExecutor.execute(HttpCommandExecutor.java:191)
at org.openqa.selenium.remote.service.DriverCommandExecutor.invokeExecute(DriverCommandExecutor.java:196)
at org.openqa.selenium.remote.service.DriverCommandExecutor.execute(DriverCommandExecutor.java:171)
at org.openqa.selenium.remote.RemoteWebDriver.execute(RemoteWebDriver.java:531)
at org.openqa.selenium.remote.ElementLocation$ElementFinder$2.findElement(ElementLocation.java:165)
at org.openqa.selenium.remote.ElementLocation.findElement(ElementLocation.java:59)
at org.openqa.selenium.remote.RemoteWebDriver.findElement(RemoteWebDriver.java:350)
at org.openqa.selenium.remote.RemoteWebDriver.findElement(RemoteWebDriver.java:344)
at org.openqa.selenium.support.pagefactory.DefaultElementLocator.findElement(DefaultElementLocator.java:70)
at org.openqa.selenium.support.pagefactory.internal.LocatingElementHandler.invoke(LocatingElementHandler.java:39)
at jdk.proxy2/jdk.proxy2.$Proxy17.click(Unknown Source)
at com.Pages.ReportsPage.Select_Specific_Date_TimePeriod(ReportsPage.java:237)
at com.Test.Reports_Sale_Recap_Report.Sale_Recap_Report_Specific_Date(Reports_Sale_Recap_Report.java:2822)
at com.Test.Reports_Sale_Recap_Report.Calling(Reports_Sale_Recap_Report.java:128)
at java.base/jdk.internal.reflect.NativeMethodAccessorImpl.invoke0(Native Method)
at java.base/jdk.internal.reflect.NativeMethodAccessorImpl.invoke(NativeMethodAccessorImpl.java:77)
at java.base/jdk.internal.reflect.DelegatingMethodAccessorImpl.invoke(DelegatingMethodAccessorImpl.java:43)
at java.base/java.lang.reflect.Method.invoke(Method.java:568)
at org.testng.internal.MethodInvocationHelper.invokeMethod(MethodInvocationHelper.java:133)
at org.testng.internal.TestInvoker.invokeMethod(TestInvoker.java:598)
at org.testng.internal.TestInvoker.invokeTestMethod(TestInvoker.java:173)
at org.testng.internal.MethodRunner.runInSequence(MethodRunner.java:46)
at org.testng.internal.TestInvoker$MethodInvocationAgent.invoke(TestInvoker.java:824)
at org.testng.internal.TestInvoker.invokeTestMethods(TestInvoker.java:146)
at org.testng.internal.TestMethodWorker.invokeTestMethods(TestMethodWorker.java:146)
at org.testng.internal.TestMethodWorker.run(TestMethodWorker.java:128)
at java.base/java.util.ArrayList.forEach(ArrayList.java:1511)
at org.testng.TestRunner.privateRun(TestRunner.java:794)
at org.testng.TestRunner.run(TestRunner.java:596)
at org.testng.SuiteRunner.runTest(SuiteRunner.java:377)
at org.testng.SuiteRunner.runSequentially(SuiteRunner.java:371)
at org.testng.SuiteRunner.privateRun(SuiteRunner.java:332)
at org.testng.SuiteRunner.run(SuiteRunner.java:276)
at org.testng.SuiteRunnerWorker.runSuite(SuiteRunnerWorker.java:53)
at org.testng.SuiteRunnerWorker.run(SuiteRunnerWorker.java:96)
at org.testng.TestNG.runSuitesSequentially(TestNG.java:1212)
at org.testng.TestNG.runSuitesLocally(TestNG.java:1134)
at org.testng.TestNG.runSuites(TestNG.java:1063)
at org.testng.TestNG.run(TestNG.java:1031)
at org.testng.remote.AbstractRemoteTestNG.run(AbstractRemoteTestNG.java:115)
at org.testng.remote.RemoteTestNG.initAndRun(RemoteTestNG.java:251)
at org.testng.remote.RemoteTestNG.main(RemoteTestNG.java:77)
]]>
    </error>
  </testcase> <!-- Calling -->
  <system-out/>
  <testcase classname="com.Test.Reports_Sale_Recap_Report" name="LogOut" time="7.635"/>
  <system-out/>
  <testcase classname="com.Test.Reports_Sale_Recap_Report" name="Sale_Recap_Report_Today">
    <skipped/>
  </testcase> <!-- Sale_Recap_Report_Today -->
  <system-out/>
  <testcase classname="com.Test.Reports_Sale_Recap_Report" name="RefreshAndPaginination">
    <skipped/>
  </testcase> <!-- RefreshAndPaginination -->
  <system-out/>
  <testcase classname="com.Test.Reports_Sale_Recap_Report" name="Sale_Recap_Report_Specific_Date">
    <skipped/>
  </testcase> <!-- Sale_Recap_Report_Specific_Date -->
  <system-out/>
  <testcase classname="com.Test.Reports_Sale_Recap_Report" name="Sale_Recap_Report_Last_N_Days">
    <skipped/>
  </testcase> <!-- Sale_Recap_Report_Last_N_Days -->
  <system-out/>
  <testcase classname="com.Test.Reports_Sale_Recap_Report" name="Sale_Recap_Report_This_Month">
    <skipped/>
  </testcase> <!-- Sale_Recap_Report_This_Month -->
  <system-out/>
  <testcase classname="com.Test.Reports_Sale_Recap_Report" name="Sale_Recap_Report_Last_Month">
    <skipped/>
  </testcase> <!-- Sale_Recap_Report_Last_Month -->
  <system-out/>
  <testcase classname="com.Test.Reports_Sale_Recap_Report" name="Sale_Recap_Report_Last_7_Days">
    <skipped/>
  </testcase> <!-- Sale_Recap_Report_Last_7_Days -->
  <system-out/>
  <testcase classname="com.Test.Reports_Sale_Recap_Report" name="Open_Sale_Recap_Report_Page">
    <skipped/>
  </testcase> <!-- Open_Sale_Recap_Report_Page -->
  <system-out/>
  <testcase classname="com.Test.Reports_Sale_Recap_Report" name="Sale_Recap_Report_Last_Week">
    <skipped/>
  </testcase> <!-- Sale_Recap_Report_Last_Week -->
  <system-out/>
  <testcase classname="com.Test.Reports_Sale_Recap_Report" name="Sale_Recap_Report_Yesterday">
    <skipped/>
  </testcase> <!-- Sale_Recap_Report_Yesterday -->
  <system-out/>
  <testcase classname="com.Test.Reports_Sale_Recap_Report" name="Sale_Recap_Report_Date_Range">
    <skipped/>
  </testcase> <!-- Sale_Recap_Report_Date_Range -->
  <system-out/>
  <testcase classname="com.Test.Reports_Sale_Recap_Report" name="Sale_Recap_Report_This_Week">
    <skipped/>
  </testcase> <!-- Sale_Recap_Report_This_Week -->
  <system-out/>
  <testcase classname="com.Test.Reports_Sale_Recap_Report" name="Sale_Recap_Report_Last_30_Days">
    <skipped/>
  </testcase> <!-- Sale_Recap_Report_Last_30_Days -->
  <system-out/>
</testsuite> <!-- com.Test.Reports_Sale_Recap_Report -->
