<?xml version="1.0" encoding="UTF-8"?>
<!-- Generated by org.testng.reporters.JUnitReportReporter -->
<testsuite hostname="INL-JVNGDL3" failures="0" tests="12" name="com.Test.Customers_House_Accounts" time="146.068" errors="1" timestamp="2023-07-06T13:17:08 IST" skipped="9">
  <testcase classname="com.Test.Customers_House_Accounts" name="Login" time="48.498"/>
  <system-out/>
  <testcase classname="com.Test.Customers_House_Accounts" name="Calling" time="93.491">
    <error message="element click intercepted: Element &lt;input _ngcontent-mow-c279=&quot;&quot; readonly=&quot;true&quot; type=&quot;text&quot; matinput=&quot;&quot; class=&quot;mat-input-element mat-form-field-autofill-control ng-tns-c87-20 ng-untouched ng-pristine ng-invalid cdk-text-field-autofill-monitored&quot; required=&quot;&quot; id=&quot;mat-input-3&quot; data-placeholder=&quot;&quot; aria-required=&quot;true&quot;&gt; is not clickable at point (560, 83). Other element would receive the click: &lt;div _ngcontent-mow-c383=&quot;&quot; class=&quot;row header-row header-sticky&quot;&gt;...&lt;/div&gt;
  (Session info: chrome=114.0.5735.199)
Build info: version: &#039;4.4.0&#039;, revision: &#039;e5c75ed026a&#039;
System info: host: &#039;INL-JVNGDL3&#039;, ip: &#039;10.10.122.131&#039;, os.name: &#039;Windows 10&#039;, os.arch: &#039;amd64&#039;, os.version: &#039;10.0&#039;, java.version: &#039;17.0.6&#039;
Driver info: org.openqa.selenium.chrome.ChromeDriver
Command: [db564a6eb0acdefe479db20b4c2995e0, clickElement {id=E5777C07B7DF7FCBAC55C91722DD7A59_element_461}]
Capabilities {acceptInsecureCerts: false, browserName: chrome, browserVersion: 114.0.5735.199, chrome: {chromedriverVersion: 114.0.5735.90 (386bc09e8f4f..., userDataDir: C:\Users\raja.s\AppData\Loc...}, goog:chromeOptions: {debuggerAddress: localhost:58443}, networkConnectionEnabled: false, pageLoadStrategy: normal, platformName: WINDOWS, proxy: Proxy(), se:cdp: ws://localhost:58443/devtoo..., se:cdpVersion: 114.0.5735.199, setWindowRect: true, strictFileInteractability: false, timeouts: {implicit: 0, pageLoad: 300000, script: 30000}, unhandledPromptBehavior: dismiss and notify, webauthn:extension:credBlob: true, webauthn:extension:largeBlob: true, webauthn:extension:minPinLength: true, webauthn:extension:prf: true, webauthn:virtualAuthenticators: true}
Element: [[ChromeDriver: chrome on WINDOWS (db564a6eb0acdefe479db20b4c2995e0)] -&gt; xpath: //label[contains(.,&#039;Select Customer&#039;)]/../../input]
Session ID: db564a6eb0acdefe479db20b4c2995e0" type="org.openqa.selenium.ElementClickInterceptedException">
      <![CDATA[org.openqa.selenium.ElementClickInterceptedException: element click intercepted: Element <input _ngcontent-mow-c279="" readonly="true" type="text" matinput="" class="mat-input-element mat-form-field-autofill-control ng-tns-c87-20 ng-untouched ng-pristine ng-invalid cdk-text-field-autofill-monitored" required="" id="mat-input-3" data-placeholder="" aria-required="true"> is not clickable at point (560, 83). Other element would receive the click: <div _ngcontent-mow-c383="" class="row header-row header-sticky">...</div>
  (Session info: chrome=114.0.5735.199)
Build info: version: '4.4.0', revision: 'e5c75ed026a'
System info: host: 'INL-JVNGDL3', ip: '10.10.122.131', os.name: 'Windows 10', os.arch: 'amd64', os.version: '10.0', java.version: '17.0.6'
Driver info: org.openqa.selenium.chrome.ChromeDriver
Command: [db564a6eb0acdefe479db20b4c2995e0, clickElement {id=E5777C07B7DF7FCBAC55C91722DD7A59_element_461}]
Capabilities {acceptInsecureCerts: false, browserName: chrome, browserVersion: 114.0.5735.199, chrome: {chromedriverVersion: 114.0.5735.90 (386bc09e8f4f..., userDataDir: C:\Users\raja.s\AppData\Loc...}, goog:chromeOptions: {debuggerAddress: localhost:58443}, networkConnectionEnabled: false, pageLoadStrategy: normal, platformName: WINDOWS, proxy: Proxy(), se:cdp: ws://localhost:58443/devtoo..., se:cdpVersion: 114.0.5735.199, setWindowRect: true, strictFileInteractability: false, timeouts: {implicit: 0, pageLoad: 300000, script: 30000}, unhandledPromptBehavior: dismiss and notify, webauthn:extension:credBlob: true, webauthn:extension:largeBlob: true, webauthn:extension:minPinLength: true, webauthn:extension:prf: true, webauthn:virtualAuthenticators: true}
Element: [[ChromeDriver: chrome on WINDOWS (db564a6eb0acdefe479db20b4c2995e0)] -> xpath: //label[contains(.,'Select Customer')]/../../input]
Session ID: db564a6eb0acdefe479db20b4c2995e0
at java.base/jdk.internal.reflect.NativeConstructorAccessorImpl.newInstance0(Native Method)
at java.base/jdk.internal.reflect.NativeConstructorAccessorImpl.newInstance(NativeConstructorAccessorImpl.java:77)
at java.base/jdk.internal.reflect.DelegatingConstructorAccessorImpl.newInstance(DelegatingConstructorAccessorImpl.java:45)
at java.base/java.lang.reflect.Constructor.newInstanceWithCaller(Constructor.java:499)
at java.base/java.lang.reflect.Constructor.newInstance(Constructor.java:480)
at org.openqa.selenium.remote.codec.w3c.W3CHttpResponseCodec.createException(W3CHttpResponseCodec.java:200)
at org.openqa.selenium.remote.codec.w3c.W3CHttpResponseCodec.decode(W3CHttpResponseCodec.java:133)
at org.openqa.selenium.remote.codec.w3c.W3CHttpResponseCodec.decode(W3CHttpResponseCodec.java:53)
at org.openqa.selenium.remote.HttpCommandExecutor.execute(HttpCommandExecutor.java:184)
at org.openqa.selenium.remote.service.DriverCommandExecutor.invokeExecute(DriverCommandExecutor.java:167)
at org.openqa.selenium.remote.service.DriverCommandExecutor.execute(DriverCommandExecutor.java:142)
at org.openqa.selenium.remote.RemoteWebDriver.execute(RemoteWebDriver.java:547)
at org.openqa.selenium.remote.RemoteWebElement.execute(RemoteWebElement.java:257)
at org.openqa.selenium.remote.RemoteWebElement.click(RemoteWebElement.java:78)
at java.base/jdk.internal.reflect.NativeMethodAccessorImpl.invoke0(Native Method)
at java.base/jdk.internal.reflect.NativeMethodAccessorImpl.invoke(NativeMethodAccessorImpl.java:77)
at java.base/jdk.internal.reflect.DelegatingMethodAccessorImpl.invoke(DelegatingMethodAccessorImpl.java:43)
at java.base/java.lang.reflect.Method.invoke(Method.java:568)
at org.openqa.selenium.support.pagefactory.internal.LocatingElementHandler.invoke(LocatingElementHandler.java:52)
at jdk.proxy2/jdk.proxy2.$Proxy16.click(Unknown Source)
at com.Pages.Common_XPaths.Click_DropDown_withSearchText(Common_XPaths.java:1239)
at com.Pages.CustomersPage.Select_Customer_withName(CustomersPage.java:82)
at com.Test.Customers_House_Accounts.Add_New_House_Account(Customers_House_Accounts.java:293)
at com.Test.Customers_House_Accounts.Calling(Customers_House_Accounts.java:116)
at java.base/jdk.internal.reflect.NativeMethodAccessorImpl.invoke0(Native Method)
at java.base/jdk.internal.reflect.NativeMethodAccessorImpl.invoke(NativeMethodAccessorImpl.java:77)
at java.base/jdk.internal.reflect.DelegatingMethodAccessorImpl.invoke(DelegatingMethodAccessorImpl.java:43)
at java.base/java.lang.reflect.Method.invoke(Method.java:568)
at org.testng.internal.MethodInvocationHelper.invokeMethod(MethodInvocationHelper.java:133)
at org.testng.internal.TestInvoker.invokeMethod(TestInvoker.java:598)
at org.testng.internal.TestInvoker.invokeTestMethod(TestInvoker.java:173)
at org.testng.internal.MethodRunner.runInSequence(MethodRunner.java:46)
at org.testng.internal.TestInvoker$MethodInvocationAgent.invoke(TestInvoker.java:824)
at org.testng.internal.TestInvoker.invokeTestMethods(TestInvoker.java:146)
at org.testng.internal.TestMethodWorker.invokeTestMethods(TestMethodWorker.java:146)
at org.testng.internal.TestMethodWorker.run(TestMethodWorker.java:128)
at java.base/java.util.ArrayList.forEach(ArrayList.java:1511)
at org.testng.TestRunner.privateRun(TestRunner.java:794)
at org.testng.TestRunner.run(TestRunner.java:596)
at org.testng.SuiteRunner.runTest(SuiteRunner.java:377)
at org.testng.SuiteRunner.runSequentially(SuiteRunner.java:371)
at org.testng.SuiteRunner.privateRun(SuiteRunner.java:332)
at org.testng.SuiteRunner.run(SuiteRunner.java:276)
at org.testng.SuiteRunnerWorker.runSuite(SuiteRunnerWorker.java:53)
at org.testng.SuiteRunnerWorker.run(SuiteRunnerWorker.java:96)
at org.testng.TestNG.runSuitesSequentially(TestNG.java:1212)
at org.testng.TestNG.runSuitesLocally(TestNG.java:1134)
at org.testng.TestNG.runSuites(TestNG.java:1063)
at org.testng.TestNG.run(TestNG.java:1031)
at org.testng.remote.AbstractRemoteTestNG.run(AbstractRemoteTestNG.java:115)
at org.testng.remote.RemoteTestNG.initAndRun(RemoteTestNG.java:251)
at org.testng.remote.RemoteTestNG.main(RemoteTestNG.java:77)
]]>
    </error>
  </testcase> <!-- Calling -->
  <system-out/>
  <testcase classname="com.Test.Customers_House_Accounts" name="LogOut" time="4.079"/>
  <system-out/>
  <testcase classname="com.Test.Customers_House_Accounts" name="Add_New_House_Account">
    <skipped/>
  </testcase> <!-- Add_New_House_Account -->
  <system-out/>
  <testcase classname="com.Test.Customers_House_Accounts" name="Open_House_Account_Page">
    <skipped/>
  </testcase> <!-- Open_House_Account_Page -->
  <system-out/>
  <testcase classname="com.Test.Customers_House_Accounts" name="Create_Duplicate_House_Account">
    <skipped/>
  </testcase> <!-- Create_Duplicate_House_Account -->
  <system-out/>
  <testcase classname="com.Test.Customers_House_Accounts" name="Delete_and_Active_Inactive_House_Account">
    <skipped/>
  </testcase> <!-- Delete_and_Active_Inactive_House_Account -->
  <system-out/>
  <testcase classname="com.Test.Customers_House_Accounts" name="Edit_and_Update_House_Account_Weekly_Period">
    <skipped/>
  </testcase> <!-- Edit_and_Update_House_Account_Weekly_Period -->
  <system-out/>
  <testcase classname="com.Test.Customers_House_Accounts" name="RefreshAndPaginination_ColumnFilteration">
    <skipped/>
  </testcase> <!-- RefreshAndPaginination_ColumnFilteration -->
  <system-out/>
  <testcase classname="com.Test.Customers_House_Accounts" name="Edit_and_Close_Cancel_House_Account">
    <skipped/>
  </testcase> <!-- Edit_and_Close_Cancel_House_Account -->
  <system-out/>
  <testcase classname="com.Test.Customers_House_Accounts" name="Edit_and_Update_House_Account_Monthly_Period">
    <skipped/>
  </testcase> <!-- Edit_and_Update_House_Account_Monthly_Period -->
  <system-out/>
  <testcase classname="com.Test.Customers_House_Accounts" name="Edit_and_Update_House_Account_Daily_Period">
    <skipped/>
  </testcase> <!-- Edit_and_Update_House_Account_Daily_Period -->
  <system-out/>
</testsuite> <!-- com.Test.Customers_House_Accounts -->
