<?xml version="1.0" encoding="UTF-8"?>
<!-- Generated by org.testng.reporters.JUnitReportReporter -->
<testsuite skipped="5" hostname="INL-JVNGDL3" name="com.Test.Settings_Sale_Recap_Report" tests="8" failures="0" timestamp="2023-03-29T19:11:24 IST" time="241.585" errors="1">
  <testcase name="Login" time="46.592" classname="com.Test.Settings_Sale_Recap_Report"/>
  <system-out/>
  <testcase name="Calling" time="194.538" classname="com.Test.Settings_Sale_Recap_Report">
    <error type="org.openqa.selenium.ElementClickInterceptedException" message="element click intercepted: Element &lt;input _ngcontent-ksh-c246=&quot;&quot; type=&quot;text&quot; matinput=&quot;&quot; class=&quot;mat-input-element mat-form-field-autofill-control ng-pristine cdk-text-field-autofill-monitored ng-valid ng-touched&quot; id=&quot;mat-input-3&quot; aria-invalid=&quot;false&quot; aria-required=&quot;false&quot;&gt; is not clickable at point (890, 176). Other element would receive the click: &lt;h3 _ngcontent-ksh-c347=&quot;&quot;&gt;...&lt;/h3&gt;
  (Session info: chrome=111.0.5563.147)
Build info: version: &#039;4.4.0&#039;, revision: &#039;e5c75ed026a&#039;
System info: host: &#039;INL-JVNGDL3&#039;, ip: &#039;192.168.1.13&#039;, os.name: &#039;Windows 10&#039;, os.arch: &#039;amd64&#039;, os.version: &#039;10.0&#039;, java.version: &#039;1.8.0_351&#039;
Driver info: org.openqa.selenium.chrome.ChromeDriver
Command: [2d2de543da032fb8eadc2559782795d2, clickElement {id=4ec70e66-81b6-4410-ab34-3130308ccb8b}]
Capabilities {acceptInsecureCerts: false, browserName: chrome, browserVersion: 111.0.5563.147, chrome: {chromedriverVersion: 111.0.5563.64 (c710e93d5b63..., userDataDir: C:\Users\raja.s\AppData\Loc...}, goog:chromeOptions: {debuggerAddress: localhost:61793}, networkConnectionEnabled: false, pageLoadStrategy: normal, platformName: WINDOWS, proxy: Proxy(), se:cdp: ws://localhost:61793/devtoo..., se:cdpVersion: 111.0.5563.147, setWindowRect: true, strictFileInteractability: false, timeouts: {implicit: 0, pageLoad: 300000, script: 30000}, unhandledPromptBehavior: dismiss and notify, webauthn:extension:credBlob: true, webauthn:extension:largeBlob: true, webauthn:extension:minPinLength: true, webauthn:extension:prf: true, webauthn:virtualAuthenticators: true}
Element: [[ChromeDriver: chrome on WINDOWS (2d2de543da032fb8eadc2559782795d2)] -&gt; xpath: //label[.=&#039;Category *&#039;]/../../div/div/input]
Session ID: 2d2de543da032fb8eadc2559782795d2">
      <![CDATA[org.openqa.selenium.ElementClickInterceptedException: element click intercepted: Element <input _ngcontent-ksh-c246="" type="text" matinput="" class="mat-input-element mat-form-field-autofill-control ng-pristine cdk-text-field-autofill-monitored ng-valid ng-touched" id="mat-input-3" aria-invalid="false" aria-required="false"> is not clickable at point (890, 176). Other element would receive the click: <h3 _ngcontent-ksh-c347="">...</h3>
  (Session info: chrome=111.0.5563.147)
Build info: version: '4.4.0', revision: 'e5c75ed026a'
System info: host: 'INL-JVNGDL3', ip: '192.168.1.13', os.name: 'Windows 10', os.arch: 'amd64', os.version: '10.0', java.version: '1.8.0_351'
Driver info: org.openqa.selenium.chrome.ChromeDriver
Command: [2d2de543da032fb8eadc2559782795d2, clickElement {id=4ec70e66-81b6-4410-ab34-3130308ccb8b}]
Capabilities {acceptInsecureCerts: false, browserName: chrome, browserVersion: 111.0.5563.147, chrome: {chromedriverVersion: 111.0.5563.64 (c710e93d5b63..., userDataDir: C:\Users\raja.s\AppData\Loc...}, goog:chromeOptions: {debuggerAddress: localhost:61793}, networkConnectionEnabled: false, pageLoadStrategy: normal, platformName: WINDOWS, proxy: Proxy(), se:cdp: ws://localhost:61793/devtoo..., se:cdpVersion: 111.0.5563.147, setWindowRect: true, strictFileInteractability: false, timeouts: {implicit: 0, pageLoad: 300000, script: 30000}, unhandledPromptBehavior: dismiss and notify, webauthn:extension:credBlob: true, webauthn:extension:largeBlob: true, webauthn:extension:minPinLength: true, webauthn:extension:prf: true, webauthn:virtualAuthenticators: true}
Element: [[ChromeDriver: chrome on WINDOWS (2d2de543da032fb8eadc2559782795d2)] -> xpath: //label[.='Category *']/../../div/div/input]
Session ID: 2d2de543da032fb8eadc2559782795d2
at sun.reflect.NativeConstructorAccessorImpl.newInstance0(Native Method)
at sun.reflect.NativeConstructorAccessorImpl.newInstance(Unknown Source)
at sun.reflect.DelegatingConstructorAccessorImpl.newInstance(Unknown Source)
at java.lang.reflect.Constructor.newInstance(Unknown Source)
at org.openqa.selenium.remote.codec.w3c.W3CHttpResponseCodec.createException(W3CHttpResponseCodec.java:200)
at org.openqa.selenium.remote.codec.w3c.W3CHttpResponseCodec.decode(W3CHttpResponseCodec.java:133)
at org.openqa.selenium.remote.codec.w3c.W3CHttpResponseCodec.decode(W3CHttpResponseCodec.java:53)
at org.openqa.selenium.remote.HttpCommandExecutor.execute(HttpCommandExecutor.java:184)
at org.openqa.selenium.remote.service.DriverCommandExecutor.invokeExecute(DriverCommandExecutor.java:167)
at org.openqa.selenium.remote.service.DriverCommandExecutor.execute(DriverCommandExecutor.java:142)
at org.openqa.selenium.remote.RemoteWebDriver.execute(RemoteWebDriver.java:547)
at org.openqa.selenium.remote.RemoteWebElement.execute(RemoteWebElement.java:257)
at org.openqa.selenium.remote.RemoteWebElement.click(RemoteWebElement.java:78)
at sun.reflect.GeneratedMethodAccessor1.invoke(Unknown Source)
at sun.reflect.DelegatingMethodAccessorImpl.invoke(Unknown Source)
at java.lang.reflect.Method.invoke(Unknown Source)
at org.openqa.selenium.support.pagefactory.internal.LocatingElementHandler.invoke(LocatingElementHandler.java:52)
at com.sun.proxy.$Proxy14.click(Unknown Source)
at com.Pages.SaleRecapReport_SettingsPage.Select_Category_LevelTypeItems(SaleRecapReport_SettingsPage.java:382)
at com.Test.Settings_Sale_Recap_Report.Enable_And_Update_Category_LevelType_Sales_Recap_Report(Settings_Sale_Recap_Report.java:374)
at com.Test.Settings_Sale_Recap_Report.Calling(Settings_Sale_Recap_Report.java:117)
at sun.reflect.NativeMethodAccessorImpl.invoke0(Native Method)
at sun.reflect.NativeMethodAccessorImpl.invoke(Unknown Source)
at sun.reflect.DelegatingMethodAccessorImpl.invoke(Unknown Source)
at java.lang.reflect.Method.invoke(Unknown Source)
at org.testng.internal.MethodInvocationHelper.invokeMethod(MethodInvocationHelper.java:133)
at org.testng.internal.TestInvoker.invokeMethod(TestInvoker.java:598)
at org.testng.internal.TestInvoker.invokeTestMethod(TestInvoker.java:173)
at org.testng.internal.MethodRunner.runInSequence(MethodRunner.java:46)
at org.testng.internal.TestInvoker$MethodInvocationAgent.invoke(TestInvoker.java:824)
at org.testng.internal.TestInvoker.invokeTestMethods(TestInvoker.java:146)
at org.testng.internal.TestMethodWorker.invokeTestMethods(TestMethodWorker.java:146)
at org.testng.internal.TestMethodWorker.run(TestMethodWorker.java:128)
at java.util.ArrayList.forEach(Unknown Source)
at org.testng.TestRunner.privateRun(TestRunner.java:794)
at org.testng.TestRunner.run(TestRunner.java:596)
at org.testng.SuiteRunner.runTest(SuiteRunner.java:377)
at org.testng.SuiteRunner.runSequentially(SuiteRunner.java:371)
at org.testng.SuiteRunner.privateRun(SuiteRunner.java:332)
at org.testng.SuiteRunner.run(SuiteRunner.java:276)
at org.testng.SuiteRunnerWorker.runSuite(SuiteRunnerWorker.java:53)
at org.testng.SuiteRunnerWorker.run(SuiteRunnerWorker.java:96)
at org.testng.TestNG.runSuitesSequentially(TestNG.java:1212)
at org.testng.TestNG.runSuitesLocally(TestNG.java:1134)
at org.testng.TestNG.runSuites(TestNG.java:1063)
at org.testng.TestNG.run(TestNG.java:1031)
at org.testng.remote.AbstractRemoteTestNG.run(AbstractRemoteTestNG.java:115)
at org.testng.remote.RemoteTestNG.initAndRun(RemoteTestNG.java:251)
at org.testng.remote.RemoteTestNG.main(RemoteTestNG.java:77)
]]>
    </error>
  </testcase> <!-- Calling -->
  <system-out/>
  <testcase name="LogOut" time="0.455" classname="com.Test.Settings_Sale_Recap_Report"/>
  <system-out/>
  <testcase name="Enable_And_Update_Category_LevelType_Sales_Recap_Report" classname="com.Test.Settings_Sale_Recap_Report">
    <skipped/>
  </testcase> <!-- Enable_And_Update_Category_LevelType_Sales_Recap_Report -->
  <system-out/>
  <testcase name="Disable_And_Update_Sales_Recap_Report" classname="com.Test.Settings_Sale_Recap_Report">
    <skipped/>
  </testcase> <!-- Disable_And_Update_Sales_Recap_Report -->
  <system-out/>
  <testcase name="Open_Sales_Recap_Report_Page" classname="com.Test.Settings_Sale_Recap_Report">
    <skipped/>
  </testcase> <!-- Open_Sales_Recap_Report_Page -->
  <system-out/>
  <testcase name="Enable_And_Update_SubCategory_LevelType_Sales_Recap_Report" classname="com.Test.Settings_Sale_Recap_Report">
    <skipped/>
  </testcase> <!-- Enable_And_Update_SubCategory_LevelType_Sales_Recap_Report -->
  <system-out/>
  <testcase name="Enable_And_Update_MenuItems_LevelType_Sales_Recap_Report" classname="com.Test.Settings_Sale_Recap_Report">
    <skipped/>
  </testcase> <!-- Enable_And_Update_MenuItems_LevelType_Sales_Recap_Report -->
  <system-out/>
</testsuite> <!-- com.Test.Settings_Sale_Recap_Report -->
