<?xml version="1.0" encoding="UTF-8"?>
<!-- Generated by org.testng.reporters.JUnitReportReporter -->
<testsuite hostname="INL-JVNGDL3" failures="0" tests="17" name="com.Test.Reports_Void_Employee_Report" time="467.568" errors="1" timestamp="2023-04-27T17:37:34 IST" skipped="14">
  <testcase classname="com.Test.Reports_Void_Employee_Report" name="Login" time="51.346"/>
  <system-out/>
  <testcase classname="com.Test.Reports_Void_Employee_Report" name="Calling" time="409.962">
    <error message="Expected condition failed: waiting for element to be clickable: Proxy element for: DefaultElementLocator &#039;By.xpath: //div[contains(@class,&#039;message&#039;)]/span&#039; (tried for 30 second(s) with 500 milliseconds interval)" type="org.openqa.selenium.TimeoutException">
      <![CDATA[org.openqa.selenium.TimeoutException: Expected condition failed: waiting for element to be clickable: Proxy element for: DefaultElementLocator 'By.xpath: //div[contains(@class,'message')]/span' (tried for 30 second(s) with 500 milliseconds interval)
at org.openqa.selenium.support.ui.WebDriverWait.timeoutException(WebDriverWait.java:87)
at org.openqa.selenium.support.ui.FluentWait.until(FluentWait.java:231)
at com.Pages.Common_XPaths.Wait_ForElementVisibility(Common_XPaths.java:831)
at com.Test.Reports_Void_Employee_Report.Void_Employee_Report_Date_Range(Reports_Void_Employee_Report.java:1571)
at com.Test.Reports_Void_Employee_Report.Calling(Reports_Void_Employee_Report.java:125)
at java.base/jdk.internal.reflect.NativeMethodAccessorImpl.invoke0(Native Method)
at java.base/jdk.internal.reflect.NativeMethodAccessorImpl.invoke(NativeMethodAccessorImpl.java:77)
at java.base/jdk.internal.reflect.DelegatingMethodAccessorImpl.invoke(DelegatingMethodAccessorImpl.java:43)
at java.base/java.lang.reflect.Method.invoke(Method.java:568)
at org.testng.internal.MethodInvocationHelper.invokeMethod(MethodInvocationHelper.java:133)
at org.testng.internal.TestInvoker.invokeMethod(TestInvoker.java:598)
at org.testng.internal.TestInvoker.invokeTestMethod(TestInvoker.java:173)
at org.testng.internal.MethodRunner.runInSequence(MethodRunner.java:46)
at org.testng.internal.TestInvoker$MethodInvocationAgent.invoke(TestInvoker.java:824)
at org.testng.internal.TestInvoker.invokeTestMethods(TestInvoker.java:146)
at org.testng.internal.TestMethodWorker.invokeTestMethods(TestMethodWorker.java:146)
at org.testng.internal.TestMethodWorker.run(TestMethodWorker.java:128)
at java.base/java.util.ArrayList.forEach(ArrayList.java:1511)
at org.testng.TestRunner.privateRun(TestRunner.java:794)
at org.testng.TestRunner.run(TestRunner.java:596)
at org.testng.SuiteRunner.runTest(SuiteRunner.java:377)
at org.testng.SuiteRunner.runSequentially(SuiteRunner.java:371)
at org.testng.SuiteRunner.privateRun(SuiteRunner.java:332)
at org.testng.SuiteRunner.run(SuiteRunner.java:276)
at org.testng.SuiteRunnerWorker.runSuite(SuiteRunnerWorker.java:53)
at org.testng.SuiteRunnerWorker.run(SuiteRunnerWorker.java:96)
at org.testng.TestNG.runSuitesSequentially(TestNG.java:1212)
at org.testng.TestNG.runSuitesLocally(TestNG.java:1134)
at org.testng.TestNG.runSuites(TestNG.java:1063)
at org.testng.TestNG.run(TestNG.java:1031)
at org.testng.remote.AbstractRemoteTestNG.run(AbstractRemoteTestNG.java:115)
at org.testng.remote.RemoteTestNG.initAndRun(RemoteTestNG.java:251)
at org.testng.remote.RemoteTestNG.main(RemoteTestNG.java:77)
Caused by: org.openqa.selenium.NoSuchElementException: no such element: Unable to locate element: {"method":"xpath","selector":"//div[contains(@class,'message')]/span"}
  (Session info: chrome=112.0.5615.138)
For documentation on this error, please visit: https://selenium.dev/exceptions/#no_such_element
Build info: version: '4.4.0', revision: 'e5c75ed026a'
System info: host: 'INL-JVNGDL3', ip: '10.10.126.220', os.name: 'Windows 10', os.arch: 'amd64', os.version: '10.0', java.version: '17.0.6'
Driver info: org.openqa.selenium.chrome.ChromeDriver
Command: [cbb56949e96cd7bab2c2486ae0c577ef, findElement {using=xpath, value=//div[contains(@class,'message')]/span}]
Capabilities {acceptInsecureCerts: false, browserName: chrome, browserVersion: 112.0.5615.138, chrome: {chromedriverVersion: 112.0.5615.49 (bd2a7bcb881c..., userDataDir: C:\Users\raja.s\AppData\Loc...}, goog:chromeOptions: {debuggerAddress: localhost:51410}, networkConnectionEnabled: false, pageLoadStrategy: normal, platformName: WINDOWS, proxy: Proxy(), se:cdp: ws://localhost:51410/devtoo..., se:cdpVersion: 112.0.5615.138, setWindowRect: true, strictFileInteractability: false, timeouts: {implicit: 0, pageLoad: 300000, script: 30000}, unhandledPromptBehavior: dismiss and notify, webauthn:extension:credBlob: true, webauthn:extension:largeBlob: true, webauthn:extension:minPinLength: true, webauthn:extension:prf: true, webauthn:virtualAuthenticators: true}
Session ID: cbb56949e96cd7bab2c2486ae0c577ef
at java.base/jdk.internal.reflect.NativeConstructorAccessorImpl.newInstance0(Native Method)
at java.base/jdk.internal.reflect.NativeConstructorAccessorImpl.newInstance(NativeConstructorAccessorImpl.java:77)
at java.base/jdk.internal.reflect.DelegatingConstructorAccessorImpl.newInstance(DelegatingConstructorAccessorImpl.java:45)
at java.base/java.lang.reflect.Constructor.newInstanceWithCaller(Constructor.java:499)
at java.base/java.lang.reflect.Constructor.newInstance(Constructor.java:480)
at org.openqa.selenium.remote.codec.w3c.W3CHttpResponseCodec.createException(W3CHttpResponseCodec.java:200)
at org.openqa.selenium.remote.codec.w3c.W3CHttpResponseCodec.decode(W3CHttpResponseCodec.java:133)
at org.openqa.selenium.remote.codec.w3c.W3CHttpResponseCodec.decode(W3CHttpResponseCodec.java:53)
at org.openqa.selenium.remote.HttpCommandExecutor.execute(HttpCommandExecutor.java:184)
at org.openqa.selenium.remote.service.DriverCommandExecutor.invokeExecute(DriverCommandExecutor.java:167)
at org.openqa.selenium.remote.service.DriverCommandExecutor.execute(DriverCommandExecutor.java:142)
at org.openqa.selenium.remote.RemoteWebDriver.execute(RemoteWebDriver.java:547)
at org.openqa.selenium.remote.ElementLocation$ElementFinder$2.findElement(ElementLocation.java:162)
at org.openqa.selenium.remote.ElementLocation.findElement(ElementLocation.java:60)
at org.openqa.selenium.remote.RemoteWebDriver.findElement(RemoteWebDriver.java:365)
at org.openqa.selenium.remote.RemoteWebDriver.findElement(RemoteWebDriver.java:357)
at org.openqa.selenium.support.pagefactory.DefaultElementLocator.findElement(DefaultElementLocator.java:70)
at org.openqa.selenium.support.pagefactory.internal.LocatingElementHandler.invoke(LocatingElementHandler.java:39)
at jdk.proxy2/jdk.proxy2.$Proxy16.isDisplayed(Unknown Source)
at org.openqa.selenium.support.ui.ExpectedConditions.elementIfVisible(ExpectedConditions.java:307)
at org.openqa.selenium.support.ui.ExpectedConditions.access$000(ExpectedConditions.java:40)
at org.openqa.selenium.support.ui.ExpectedConditions$10.apply(ExpectedConditions.java:293)
at org.openqa.selenium.support.ui.ExpectedConditions$10.apply(ExpectedConditions.java:290)
at org.openqa.selenium.support.ui.ExpectedConditions$23.apply(ExpectedConditions.java:660)
at org.openqa.selenium.support.ui.ExpectedConditions$23.apply(ExpectedConditions.java:656)
at org.openqa.selenium.support.ui.FluentWait.until(FluentWait.java:208)
... 31 more
]]>
    </error>
  </testcase> <!-- Calling -->
  <system-out/>
  <testcase classname="com.Test.Reports_Void_Employee_Report" name="LogOut" time="6.260"/>
  <system-out/>
  <testcase classname="com.Test.Reports_Void_Employee_Report" name="RefreshAndPaginination">
    <skipped/>
  </testcase> <!-- RefreshAndPaginination -->
  <system-out/>
  <testcase classname="com.Test.Reports_Void_Employee_Report" name="Void_Employee_Report_This_Week">
    <skipped/>
  </testcase> <!-- Void_Employee_Report_This_Week -->
  <system-out/>
  <testcase classname="com.Test.Reports_Void_Employee_Report" name="Void_Employee_Report_Today">
    <skipped/>
  </testcase> <!-- Void_Employee_Report_Today -->
  <system-out/>
  <testcase classname="com.Test.Reports_Void_Employee_Report" name="Void_Employee_Report_Date_Range">
    <skipped/>
  </testcase> <!-- Void_Employee_Report_Date_Range -->
  <system-out/>
  <testcase classname="com.Test.Reports_Void_Employee_Report" name="Void_Employee_Report_Last_Month">
    <skipped/>
  </testcase> <!-- Void_Employee_Report_Last_Month -->
  <system-out/>
  <testcase classname="com.Test.Reports_Void_Employee_Report" name="Void_Employee_Report_This_Month">
    <skipped/>
  </testcase> <!-- Void_Employee_Report_This_Month -->
  <system-out/>
  <testcase classname="com.Test.Reports_Void_Employee_Report" name="Void_Employee_Report_Yesterday">
    <skipped/>
  </testcase> <!-- Void_Employee_Report_Yesterday -->
  <system-out/>
  <testcase classname="com.Test.Reports_Void_Employee_Report" name="Void_Employee_Report_Last_30_Days">
    <skipped/>
  </testcase> <!-- Void_Employee_Report_Last_30_Days -->
  <system-out/>
  <testcase classname="com.Test.Reports_Void_Employee_Report" name="Void_Employee_Report_Last_N_Days">
    <skipped/>
  </testcase> <!-- Void_Employee_Report_Last_N_Days -->
  <system-out/>
  <testcase classname="com.Test.Reports_Void_Employee_Report" name="Void_Employee_Report_Last_Week">
    <skipped/>
  </testcase> <!-- Void_Employee_Report_Last_Week -->
  <system-out/>
  <testcase classname="com.Test.Reports_Void_Employee_Report" name="Open_Void_Employee_Report_Page">
    <skipped/>
  </testcase> <!-- Open_Void_Employee_Report_Page -->
  <system-out/>
  <testcase classname="com.Test.Reports_Void_Employee_Report" name="Void_Employee_Report_Last_7_Days">
    <skipped/>
  </testcase> <!-- Void_Employee_Report_Last_7_Days -->
  <system-out/>
  <testcase classname="com.Test.Reports_Void_Employee_Report" name="Void_Employee_Report_Specific_Date">
    <skipped/>
  </testcase> <!-- Void_Employee_Report_Specific_Date -->
  <system-out/>
  <testcase classname="com.Test.Reports_Void_Employee_Report" name="Void_Employee_Report_Verify_Void_Employee_Search">
    <skipped/>
  </testcase> <!-- Void_Employee_Report_Verify_Void_Employee_Search -->
  <system-out/>
</testsuite> <!-- com.Test.Reports_Void_Employee_Report -->
