<?xml version="1.0" encoding="UTF-8"?>
<!-- Generated by org.testng.reporters.JUnitReportReporter -->
<testsuite skipped="11" hostname="INL-JVNGDL3" name="com.Test.Product_Items_AddEditDelete_SubCategories" tests="14" failures="0" timestamp="2023-03-21T13:07:25 IST" time="106.291" errors="1">
  <testcase name="Login" time="35.839" classname="com.Test.Product_Items_AddEditDelete_SubCategories"/>
  <system-out/>
  <testcase name="Calling" time="70.195" classname="com.Test.Product_Items_AddEditDelete_SubCategories">
    <error type="org.openqa.selenium.ElementClickInterceptedException" message="element click intercepted: Element &lt;input _ngcontent-cmi-c248=&quot;&quot; readonly=&quot;true&quot; type=&quot;text&quot; matinput=&quot;&quot; class=&quot;mat-input-element mat-form-field-autofill-control ng-tns-c81-15 cdk-text-field-autofill-monitored&quot; placeholder=&quot;Select Coursing&quot; required=&quot;&quot; id=&quot;mat-input-12&quot; data-placeholder=&quot;Select Coursing&quot; aria-required=&quot;true&quot;&gt; is not clickable at point (560, 9). Other element would receive the click: &lt;div _ngcontent-cmi-c235=&quot;&quot; class=&quot;col&quot;&gt;&lt;/div&gt;
  (Session info: chrome=111.0.5563.65)
Build info: version: &#039;4.4.0&#039;, revision: &#039;e5c75ed026a&#039;
System info: host: &#039;INL-JVNGDL3&#039;, ip: &#039;192.168.1.28&#039;, os.name: &#039;Windows 10&#039;, os.arch: &#039;amd64&#039;, os.version: &#039;10.0&#039;, java.version: &#039;1.8.0_351&#039;
Driver info: org.openqa.selenium.chrome.ChromeDriver
Command: [ce37d7613a73a04a1dbdc2e25c3fe3ff, clickElement {id=0fff2f5c-773b-49dc-87ac-afbd0a26d5ff}]
Capabilities {acceptInsecureCerts: false, browserName: chrome, browserVersion: 111.0.5563.65, chrome: {chromedriverVersion: 111.0.5563.64 (c710e93d5b63..., userDataDir: C:\Users\raja.s\AppData\Loc...}, goog:chromeOptions: {debuggerAddress: localhost:55417}, networkConnectionEnabled: false, pageLoadStrategy: normal, platformName: WINDOWS, proxy: Proxy(), se:cdp: ws://localhost:55417/devtoo..., se:cdpVersion: 111.0.5563.65, setWindowRect: true, strictFileInteractability: false, timeouts: {implicit: 0, pageLoad: 300000, script: 30000}, unhandledPromptBehavior: dismiss and notify, webauthn:extension:credBlob: true, webauthn:extension:largeBlob: true, webauthn:extension:minPinLength: true, webauthn:extension:prf: true, webauthn:virtualAuthenticators: true}
Element: [[ChromeDriver: chrome on WINDOWS (ce37d7613a73a04a1dbdc2e25c3fe3ff)] -&gt; xpath: //label[contains(.,&#039;Coursing&#039;)]/../../input]
Session ID: ce37d7613a73a04a1dbdc2e25c3fe3ff">
      <![CDATA[org.openqa.selenium.ElementClickInterceptedException: element click intercepted: Element <input _ngcontent-cmi-c248="" readonly="true" type="text" matinput="" class="mat-input-element mat-form-field-autofill-control ng-tns-c81-15 cdk-text-field-autofill-monitored" placeholder="Select Coursing" required="" id="mat-input-12" data-placeholder="Select Coursing" aria-required="true"> is not clickable at point (560, 9). Other element would receive the click: <div _ngcontent-cmi-c235="" class="col"></div>
  (Session info: chrome=111.0.5563.65)
Build info: version: '4.4.0', revision: 'e5c75ed026a'
System info: host: 'INL-JVNGDL3', ip: '192.168.1.28', os.name: 'Windows 10', os.arch: 'amd64', os.version: '10.0', java.version: '1.8.0_351'
Driver info: org.openqa.selenium.chrome.ChromeDriver
Command: [ce37d7613a73a04a1dbdc2e25c3fe3ff, clickElement {id=0fff2f5c-773b-49dc-87ac-afbd0a26d5ff}]
Capabilities {acceptInsecureCerts: false, browserName: chrome, browserVersion: 111.0.5563.65, chrome: {chromedriverVersion: 111.0.5563.64 (c710e93d5b63..., userDataDir: C:\Users\raja.s\AppData\Loc...}, goog:chromeOptions: {debuggerAddress: localhost:55417}, networkConnectionEnabled: false, pageLoadStrategy: normal, platformName: WINDOWS, proxy: Proxy(), se:cdp: ws://localhost:55417/devtoo..., se:cdpVersion: 111.0.5563.65, setWindowRect: true, strictFileInteractability: false, timeouts: {implicit: 0, pageLoad: 300000, script: 30000}, unhandledPromptBehavior: dismiss and notify, webauthn:extension:credBlob: true, webauthn:extension:largeBlob: true, webauthn:extension:minPinLength: true, webauthn:extension:prf: true, webauthn:virtualAuthenticators: true}
Element: [[ChromeDriver: chrome on WINDOWS (ce37d7613a73a04a1dbdc2e25c3fe3ff)] -> xpath: //label[contains(.,'Coursing')]/../../input]
Session ID: ce37d7613a73a04a1dbdc2e25c3fe3ff
at sun.reflect.NativeConstructorAccessorImpl.newInstance0(Native Method)
at sun.reflect.NativeConstructorAccessorImpl.newInstance(Unknown Source)
at sun.reflect.DelegatingConstructorAccessorImpl.newInstance(Unknown Source)
at java.lang.reflect.Constructor.newInstance(Unknown Source)
at org.openqa.selenium.remote.codec.w3c.W3CHttpResponseCodec.createException(W3CHttpResponseCodec.java:200)
at org.openqa.selenium.remote.codec.w3c.W3CHttpResponseCodec.decode(W3CHttpResponseCodec.java:133)
at org.openqa.selenium.remote.codec.w3c.W3CHttpResponseCodec.decode(W3CHttpResponseCodec.java:53)
at org.openqa.selenium.remote.HttpCommandExecutor.execute(HttpCommandExecutor.java:184)
at org.openqa.selenium.remote.service.DriverCommandExecutor.invokeExecute(DriverCommandExecutor.java:167)
at org.openqa.selenium.remote.service.DriverCommandExecutor.execute(DriverCommandExecutor.java:142)
at org.openqa.selenium.remote.RemoteWebDriver.execute(RemoteWebDriver.java:547)
at org.openqa.selenium.remote.RemoteWebElement.execute(RemoteWebElement.java:257)
at org.openqa.selenium.remote.RemoteWebElement.click(RemoteWebElement.java:78)
at sun.reflect.NativeMethodAccessorImpl.invoke0(Native Method)
at sun.reflect.NativeMethodAccessorImpl.invoke(Unknown Source)
at sun.reflect.DelegatingMethodAccessorImpl.invoke(Unknown Source)
at java.lang.reflect.Method.invoke(Unknown Source)
at org.openqa.selenium.support.pagefactory.internal.LocatingElementHandler.invoke(LocatingElementHandler.java:52)
at com.sun.proxy.$Proxy14.click(Unknown Source)
at com.Pages.CategoriesPage.Select_Coursing(CategoriesPage.java:391)
at com.Test.Product_Items_AddEditDelete_SubCategories.Add_SubCategories(Product_Items_AddEditDelete_SubCategories.java:232)
at com.Test.Product_Items_AddEditDelete_SubCategories.Calling(Product_Items_AddEditDelete_SubCategories.java:118)
at sun.reflect.NativeMethodAccessorImpl.invoke0(Native Method)
at sun.reflect.NativeMethodAccessorImpl.invoke(Unknown Source)
at sun.reflect.DelegatingMethodAccessorImpl.invoke(Unknown Source)
at java.lang.reflect.Method.invoke(Unknown Source)
at org.testng.internal.MethodInvocationHelper.invokeMethod(MethodInvocationHelper.java:133)
at org.testng.internal.TestInvoker.invokeMethod(TestInvoker.java:598)
at org.testng.internal.TestInvoker.invokeTestMethod(TestInvoker.java:173)
at org.testng.internal.MethodRunner.runInSequence(MethodRunner.java:46)
at org.testng.internal.TestInvoker$MethodInvocationAgent.invoke(TestInvoker.java:824)
at org.testng.internal.TestInvoker.invokeTestMethods(TestInvoker.java:146)
at org.testng.internal.TestMethodWorker.invokeTestMethods(TestMethodWorker.java:146)
at org.testng.internal.TestMethodWorker.run(TestMethodWorker.java:128)
at java.util.ArrayList.forEach(Unknown Source)
at org.testng.TestRunner.privateRun(TestRunner.java:794)
at org.testng.TestRunner.run(TestRunner.java:596)
at org.testng.SuiteRunner.runTest(SuiteRunner.java:377)
at org.testng.SuiteRunner.runSequentially(SuiteRunner.java:371)
at org.testng.SuiteRunner.privateRun(SuiteRunner.java:332)
at org.testng.SuiteRunner.run(SuiteRunner.java:276)
at org.testng.SuiteRunnerWorker.runSuite(SuiteRunnerWorker.java:53)
at org.testng.SuiteRunnerWorker.run(SuiteRunnerWorker.java:96)
at org.testng.TestNG.runSuitesSequentially(TestNG.java:1212)
at org.testng.TestNG.runSuitesLocally(TestNG.java:1134)
at org.testng.TestNG.runSuites(TestNG.java:1063)
at org.testng.TestNG.run(TestNG.java:1031)
at org.testng.remote.AbstractRemoteTestNG.run(AbstractRemoteTestNG.java:115)
at org.testng.remote.RemoteTestNG.initAndRun(RemoteTestNG.java:251)
at org.testng.remote.RemoteTestNG.main(RemoteTestNG.java:77)
]]>
    </error>
  </testcase> <!-- Calling -->
  <system-out/>
  <testcase name="LogOut" time="0.257" classname="com.Test.Product_Items_AddEditDelete_SubCategories"/>
  <system-out/>
  <testcase name="RefreshAndPaginination" classname="com.Test.Product_Items_AddEditDelete_SubCategories">
    <skipped/>
  </testcase> <!-- RefreshAndPaginination -->
  <system-out/>
  <testcase name="Edit_and_Close_Cancel_SubCategories" classname="com.Test.Product_Items_AddEditDelete_SubCategories">
    <skipped/>
  </testcase> <!-- Edit_and_Close_Cancel_SubCategories -->
  <system-out/>
  <testcase name="Open_SubCategories_Page" classname="com.Test.Product_Items_AddEditDelete_SubCategories">
    <skipped/>
  </testcase> <!-- Open_SubCategories_Page -->
  <system-out/>
  <testcase name="Delete_and_Active_Inactive_SubCategories" classname="com.Test.Product_Items_AddEditDelete_SubCategories">
    <skipped/>
  </testcase> <!-- Delete_and_Active_Inactive_SubCategories -->
  <system-out/>
  <testcase name="Edit_and_Update_SubCategories_DaysOfWeek" classname="com.Test.Product_Items_AddEditDelete_SubCategories">
    <skipped/>
  </testcase> <!-- Edit_and_Update_SubCategories_DaysOfWeek -->
  <system-out/>
  <testcase name="Edit_and_Update_SubCategories_Specific_Date" classname="com.Test.Product_Items_AddEditDelete_SubCategories">
    <skipped/>
  </testcase> <!-- Edit_and_Update_SubCategories_Specific_Date -->
  <system-out/>
  <testcase name="Create_DuplicateSubCategory" classname="com.Test.Product_Items_AddEditDelete_SubCategories">
    <skipped/>
  </testcase> <!-- Create_DuplicateSubCategory -->
  <system-out/>
  <testcase name="Add_SubCategories" classname="com.Test.Product_Items_AddEditDelete_SubCategories">
    <skipped/>
  </testcase> <!-- Add_SubCategories -->
  <system-out/>
  <testcase name="Edit_and_Update_SubCategories_DateRangeWithTime" classname="com.Test.Product_Items_AddEditDelete_SubCategories">
    <skipped/>
  </testcase> <!-- Edit_and_Update_SubCategories_DateRangeWithTime -->
  <system-out/>
  <testcase name="Edit_and_Update_SubCategories_DaysOfMonth" classname="com.Test.Product_Items_AddEditDelete_SubCategories">
    <skipped/>
  </testcase> <!-- Edit_and_Update_SubCategories_DaysOfMonth -->
  <system-out/>
  <testcase name="Edit_and_Update_SubCategories_DateRange" classname="com.Test.Product_Items_AddEditDelete_SubCategories">
    <skipped/>
  </testcase> <!-- Edit_and_Update_SubCategories_DateRange -->
  <system-out/>
</testsuite> <!-- com.Test.Product_Items_AddEditDelete_SubCategories -->
