<?xml version="1.0" encoding="UTF-8"?>
<!-- Generated by org.testng.reporters.JUnitReportReporter -->
<testsuite hostname="INL-JVNGDL3" failures="0" tests="15" name="com.Test.Dashboard_Online_Ordering" time="124.700" errors="1" timestamp="2023-05-23T15:00:51 IST" skipped="12">
  <testcase classname="com.Test.Dashboard_Online_Ordering" name="Login" time="57.853"/>
  <system-out/>
  <testcase classname="com.Test.Dashboard_Online_Ordering" name="Calling" time="62.974">
    <error message="element click intercepted: Element &lt;div _ngcontent-xvv-c282=&quot;&quot; class=&quot;col-auto d-flex justify-content-center align-items-center metric-icon-container&quot; style=&quot;background-color: rgb(255, 234, 234); border: 1px solid rgb(255, 97, 97);&quot;&gt;...&lt;/div&gt; is not clickable at point (456, 96). Other element would receive the click: &lt;div _ngcontent-xvv-c379=&quot;&quot; class=&quot;header-sticky&quot;&gt;...&lt;/div&gt;
  (Session info: chrome=113.0.5672.127)
Build info: version: &#039;4.4.0&#039;, revision: &#039;e5c75ed026a&#039;
System info: host: &#039;INL-JVNGDL3&#039;, ip: &#039;192.168.1.6&#039;, os.name: &#039;Windows 10&#039;, os.arch: &#039;amd64&#039;, os.version: &#039;10.0&#039;, java.version: &#039;17.0.6&#039;
Driver info: org.openqa.selenium.chrome.ChromeDriver
Command: [f5a97a83a4b975475e61fc7e37236dab, clickElement {id=AECFEEA5D4B30F8E8B4AA1A121A06501_element_210}]
Capabilities {acceptInsecureCerts: false, browserName: chrome, browserVersion: 113.0.5672.127, chrome: {chromedriverVersion: 113.0.5672.63 (0e1a4471d5ae..., userDataDir: C:\Users\raja.s\AppData\Loc...}, goog:chromeOptions: {debuggerAddress: localhost:57985}, networkConnectionEnabled: false, pageLoadStrategy: normal, platformName: WINDOWS, proxy: Proxy(), se:cdp: ws://localhost:57985/devtoo..., se:cdpVersion: 113.0.5672.127, setWindowRect: true, strictFileInteractability: false, timeouts: {implicit: 0, pageLoad: 300000, script: 30000}, unhandledPromptBehavior: dismiss and notify, webauthn:extension:credBlob: true, webauthn:extension:largeBlob: true, webauthn:extension:minPinLength: true, webauthn:extension:prf: true, webauthn:virtualAuthenticators: true}
Element: [[ChromeDriver: chrome on WINDOWS (f5a97a83a4b975475e61fc7e37236dab)] -&gt; xpath: //app-metric[contains(.,&#039;Gross Sales&#039;)]/div/div/div[1]]
Session ID: f5a97a83a4b975475e61fc7e37236dab" type="org.openqa.selenium.ElementClickInterceptedException">
      <![CDATA[org.openqa.selenium.ElementClickInterceptedException: element click intercepted: Element <div _ngcontent-xvv-c282="" class="col-auto d-flex justify-content-center align-items-center metric-icon-container" style="background-color: rgb(255, 234, 234); border: 1px solid rgb(255, 97, 97);">...</div> is not clickable at point (456, 96). Other element would receive the click: <div _ngcontent-xvv-c379="" class="header-sticky">...</div>
  (Session info: chrome=113.0.5672.127)
Build info: version: '4.4.0', revision: 'e5c75ed026a'
System info: host: 'INL-JVNGDL3', ip: '192.168.1.6', os.name: 'Windows 10', os.arch: 'amd64', os.version: '10.0', java.version: '17.0.6'
Driver info: org.openqa.selenium.chrome.ChromeDriver
Command: [f5a97a83a4b975475e61fc7e37236dab, clickElement {id=AECFEEA5D4B30F8E8B4AA1A121A06501_element_210}]
Capabilities {acceptInsecureCerts: false, browserName: chrome, browserVersion: 113.0.5672.127, chrome: {chromedriverVersion: 113.0.5672.63 (0e1a4471d5ae..., userDataDir: C:\Users\raja.s\AppData\Loc...}, goog:chromeOptions: {debuggerAddress: localhost:57985}, networkConnectionEnabled: false, pageLoadStrategy: normal, platformName: WINDOWS, proxy: Proxy(), se:cdp: ws://localhost:57985/devtoo..., se:cdpVersion: 113.0.5672.127, setWindowRect: true, strictFileInteractability: false, timeouts: {implicit: 0, pageLoad: 300000, script: 30000}, unhandledPromptBehavior: dismiss and notify, webauthn:extension:credBlob: true, webauthn:extension:largeBlob: true, webauthn:extension:minPinLength: true, webauthn:extension:prf: true, webauthn:virtualAuthenticators: true}
Element: [[ChromeDriver: chrome on WINDOWS (f5a97a83a4b975475e61fc7e37236dab)] -> xpath: //app-metric[contains(.,'Gross Sales')]/div/div/div[1]]
Session ID: f5a97a83a4b975475e61fc7e37236dab
at java.base/jdk.internal.reflect.NativeConstructorAccessorImpl.newInstance0(Native Method)
at java.base/jdk.internal.reflect.NativeConstructorAccessorImpl.newInstance(NativeConstructorAccessorImpl.java:77)
at java.base/jdk.internal.reflect.DelegatingConstructorAccessorImpl.newInstance(DelegatingConstructorAccessorImpl.java:45)
at java.base/java.lang.reflect.Constructor.newInstanceWithCaller(Constructor.java:499)
at java.base/java.lang.reflect.Constructor.newInstance(Constructor.java:480)
at org.openqa.selenium.remote.codec.w3c.W3CHttpResponseCodec.createException(W3CHttpResponseCodec.java:200)
at org.openqa.selenium.remote.codec.w3c.W3CHttpResponseCodec.decode(W3CHttpResponseCodec.java:133)
at org.openqa.selenium.remote.codec.w3c.W3CHttpResponseCodec.decode(W3CHttpResponseCodec.java:53)
at org.openqa.selenium.remote.HttpCommandExecutor.execute(HttpCommandExecutor.java:184)
at org.openqa.selenium.remote.service.DriverCommandExecutor.invokeExecute(DriverCommandExecutor.java:167)
at org.openqa.selenium.remote.service.DriverCommandExecutor.execute(DriverCommandExecutor.java:142)
at org.openqa.selenium.remote.RemoteWebDriver.execute(RemoteWebDriver.java:547)
at org.openqa.selenium.remote.RemoteWebElement.execute(RemoteWebElement.java:257)
at org.openqa.selenium.remote.RemoteWebElement.click(RemoteWebElement.java:78)
at java.base/jdk.internal.reflect.NativeMethodAccessorImpl.invoke0(Native Method)
at java.base/jdk.internal.reflect.NativeMethodAccessorImpl.invoke(NativeMethodAccessorImpl.java:77)
at java.base/jdk.internal.reflect.DelegatingMethodAccessorImpl.invoke(DelegatingMethodAccessorImpl.java:43)
at java.base/java.lang.reflect.Method.invoke(Method.java:568)
at org.openqa.selenium.support.pagefactory.internal.LocatingElementHandler.invoke(LocatingElementHandler.java:52)
at jdk.proxy2/jdk.proxy2.$Proxy16.click(Unknown Source)
at com.Pages.DashBoardPage.Verify_Gross_Sales_InDashboard(DashBoardPage.java:570)
at com.Test.Dashboard_Online_Ordering.Dashboard_Online_Ordering_Yesterday(Dashboard_Online_Ordering.java:378)
at com.Test.Dashboard_Online_Ordering.Calling(Dashboard_Online_Ordering.java:117)
at java.base/jdk.internal.reflect.NativeMethodAccessorImpl.invoke0(Native Method)
at java.base/jdk.internal.reflect.NativeMethodAccessorImpl.invoke(NativeMethodAccessorImpl.java:77)
at java.base/jdk.internal.reflect.DelegatingMethodAccessorImpl.invoke(DelegatingMethodAccessorImpl.java:43)
at java.base/java.lang.reflect.Method.invoke(Method.java:568)
at org.testng.internal.MethodInvocationHelper.invokeMethod(MethodInvocationHelper.java:133)
at org.testng.internal.TestInvoker.invokeMethod(TestInvoker.java:598)
at org.testng.internal.TestInvoker.invokeTestMethod(TestInvoker.java:173)
at org.testng.internal.MethodRunner.runInSequence(MethodRunner.java:46)
at org.testng.internal.TestInvoker$MethodInvocationAgent.invoke(TestInvoker.java:824)
at org.testng.internal.TestInvoker.invokeTestMethods(TestInvoker.java:146)
at org.testng.internal.TestMethodWorker.invokeTestMethods(TestMethodWorker.java:146)
at org.testng.internal.TestMethodWorker.run(TestMethodWorker.java:128)
at java.base/java.util.ArrayList.forEach(ArrayList.java:1511)
at org.testng.TestRunner.privateRun(TestRunner.java:794)
at org.testng.TestRunner.run(TestRunner.java:596)
at org.testng.SuiteRunner.runTest(SuiteRunner.java:377)
at org.testng.SuiteRunner.runSequentially(SuiteRunner.java:371)
at org.testng.SuiteRunner.privateRun(SuiteRunner.java:332)
at org.testng.SuiteRunner.run(SuiteRunner.java:276)
at org.testng.SuiteRunnerWorker.runSuite(SuiteRunnerWorker.java:53)
at org.testng.SuiteRunnerWorker.run(SuiteRunnerWorker.java:96)
at org.testng.TestNG.runSuitesSequentially(TestNG.java:1212)
at org.testng.TestNG.runSuitesLocally(TestNG.java:1134)
at org.testng.TestNG.runSuites(TestNG.java:1063)
at org.testng.TestNG.run(TestNG.java:1031)
at org.testng.remote.AbstractRemoteTestNG.run(AbstractRemoteTestNG.java:115)
at org.testng.remote.RemoteTestNG.initAndRun(RemoteTestNG.java:251)
at org.testng.remote.RemoteTestNG.main(RemoteTestNG.java:77)
]]>
    </error>
  </testcase> <!-- Calling -->
  <system-out/>
  <testcase classname="com.Test.Dashboard_Online_Ordering" name="LogOut" time="3.873"/>
  <system-out/>
  <testcase classname="com.Test.Dashboard_Online_Ordering" name="Dashboard_Online_Ordering_Date_Range">
    <skipped/>
  </testcase> <!-- Dashboard_Online_Ordering_Date_Range -->
  <system-out/>
  <testcase classname="com.Test.Dashboard_Online_Ordering" name="Dashboard_Online_Ordering_This_Week">
    <skipped/>
  </testcase> <!-- Dashboard_Online_Ordering_This_Week -->
  <system-out/>
  <testcase classname="com.Test.Dashboard_Online_Ordering" name="Dashboard_Online_Ordering_Last_Week">
    <skipped/>
  </testcase> <!-- Dashboard_Online_Ordering_Last_Week -->
  <system-out/>
  <testcase classname="com.Test.Dashboard_Online_Ordering" name="Dashboard_Online_Ordering_This_Month">
    <skipped/>
  </testcase> <!-- Dashboard_Online_Ordering_This_Month -->
  <system-out/>
  <testcase classname="com.Test.Dashboard_Online_Ordering" name="Dashboard_Online_Ordering_Specific_Date">
    <skipped/>
  </testcase> <!-- Dashboard_Online_Ordering_Specific_Date -->
  <system-out/>
  <testcase classname="com.Test.Dashboard_Online_Ordering" name="Open_Dashboard_Online_Ordering_Page">
    <skipped/>
  </testcase> <!-- Open_Dashboard_Online_Ordering_Page -->
  <system-out/>
  <testcase classname="com.Test.Dashboard_Online_Ordering" name="Dashboard_Online_Ordering_Today">
    <skipped/>
  </testcase> <!-- Dashboard_Online_Ordering_Today -->
  <system-out/>
  <testcase classname="com.Test.Dashboard_Online_Ordering" name="Dashboard_Online_Ordering_Last_7_Days">
    <skipped/>
  </testcase> <!-- Dashboard_Online_Ordering_Last_7_Days -->
  <system-out/>
  <testcase classname="com.Test.Dashboard_Online_Ordering" name="Dashboard_Online_Ordering_Yesterday">
    <skipped/>
  </testcase> <!-- Dashboard_Online_Ordering_Yesterday -->
  <system-out/>
  <testcase classname="com.Test.Dashboard_Online_Ordering" name="Dashboard_Online_Ordering_Last_30_Days">
    <skipped/>
  </testcase> <!-- Dashboard_Online_Ordering_Last_30_Days -->
  <system-out/>
  <testcase classname="com.Test.Dashboard_Online_Ordering" name="Dashboard_Online_Ordering_Last_Month">
    <skipped/>
  </testcase> <!-- Dashboard_Online_Ordering_Last_Month -->
  <system-out/>
  <testcase classname="com.Test.Dashboard_Online_Ordering" name="Dashboard_Online_Ordering_Last_N_Days">
    <skipped/>
  </testcase> <!-- Dashboard_Online_Ordering_Last_N_Days -->
  <system-out/>
</testsuite> <!-- com.Test.Dashboard_Online_Ordering -->
