<?xml version="1.0" encoding="UTF-8"?>
<!-- Generated by org.testng.reporters.JUnitReportReporter -->
<testsuite hostname="INL-JVNGDL3" failures="0" tests="17" name="com.Test.Reports_Driver_Report" time="460.012" errors="1" timestamp="2023-04-18T18:58:59 IST" skipped="14">
  <testcase classname="com.Test.Reports_Driver_Report" name="Login" time="50.272"/>
  <system-out/>
  <testcase classname="com.Test.Reports_Driver_Report" name="Calling" time="407.601"/>
  <system-out/>
  <testcase classname="com.Test.Reports_Driver_Report" name="LogOut" time="2.139">
    <error message="element click intercepted: Element &lt;div _ngcontent-awp-c245=&quot;&quot; class=&quot;rounded-circle empty-name ng-star-inserted&quot;&gt;...&lt;/div&gt; is not clickable at point (1195, 36). Other element would receive the click: &lt;div id=&quot;cdk-overlay-6&quot; class=&quot;cdk-overlay-pane&quot; style=&quot;position: static; margin-top: 0px; margin-right: 0px;&quot;&gt;...&lt;/div&gt;
  (Session info: chrome=112.0.5615.121)
Build info: version: &#039;4.4.0&#039;, revision: &#039;e5c75ed026a&#039;
System info: host: &#039;INL-JVNGDL3&#039;, ip: &#039;192.168.1.199&#039;, os.name: &#039;Windows 10&#039;, os.arch: &#039;amd64&#039;, os.version: &#039;10.0&#039;, java.version: &#039;17.0.6&#039;
Driver info: org.openqa.selenium.chrome.ChromeDriver
Command: [b6cb03468e8a036db437f8022187bb21, clickElement {id=9a170d28-6b58-456e-8375-1e2500740b72}]
Capabilities {acceptInsecureCerts: false, browserName: chrome, browserVersion: 112.0.5615.121, chrome: {chromedriverVersion: 112.0.5615.49 (bd2a7bcb881c..., userDataDir: C:\Users\raja.s\AppData\Loc...}, goog:chromeOptions: {debuggerAddress: localhost:49807}, networkConnectionEnabled: false, pageLoadStrategy: normal, platformName: WINDOWS, proxy: Proxy(), se:cdp: ws://localhost:49807/devtoo..., se:cdpVersion: 112.0.5615.121, setWindowRect: true, strictFileInteractability: false, timeouts: {implicit: 0, pageLoad: 300000, script: 30000}, unhandledPromptBehavior: dismiss and notify, webauthn:extension:credBlob: true, webauthn:extension:largeBlob: true, webauthn:extension:minPinLength: true, webauthn:extension:prf: true, webauthn:virtualAuthenticators: true}
Element: [[ChromeDriver: chrome on WINDOWS (b6cb03468e8a036db437f8022187bb21)] -&gt; xpath: //div[@class=&#039;profile&#039;]/div[1]]
Session ID: b6cb03468e8a036db437f8022187bb21" type="org.openqa.selenium.ElementClickInterceptedException">
      <![CDATA[org.openqa.selenium.ElementClickInterceptedException: element click intercepted: Element <div _ngcontent-awp-c245="" class="rounded-circle empty-name ng-star-inserted">...</div> is not clickable at point (1195, 36). Other element would receive the click: <div id="cdk-overlay-6" class="cdk-overlay-pane" style="position: static; margin-top: 0px; margin-right: 0px;">...</div>
  (Session info: chrome=112.0.5615.121)
Build info: version: '4.4.0', revision: 'e5c75ed026a'
System info: host: 'INL-JVNGDL3', ip: '192.168.1.199', os.name: 'Windows 10', os.arch: 'amd64', os.version: '10.0', java.version: '17.0.6'
Driver info: org.openqa.selenium.chrome.ChromeDriver
Command: [b6cb03468e8a036db437f8022187bb21, clickElement {id=9a170d28-6b58-456e-8375-1e2500740b72}]
Capabilities {acceptInsecureCerts: false, browserName: chrome, browserVersion: 112.0.5615.121, chrome: {chromedriverVersion: 112.0.5615.49 (bd2a7bcb881c..., userDataDir: C:\Users\raja.s\AppData\Loc...}, goog:chromeOptions: {debuggerAddress: localhost:49807}, networkConnectionEnabled: false, pageLoadStrategy: normal, platformName: WINDOWS, proxy: Proxy(), se:cdp: ws://localhost:49807/devtoo..., se:cdpVersion: 112.0.5615.121, setWindowRect: true, strictFileInteractability: false, timeouts: {implicit: 0, pageLoad: 300000, script: 30000}, unhandledPromptBehavior: dismiss and notify, webauthn:extension:credBlob: true, webauthn:extension:largeBlob: true, webauthn:extension:minPinLength: true, webauthn:extension:prf: true, webauthn:virtualAuthenticators: true}
Element: [[ChromeDriver: chrome on WINDOWS (b6cb03468e8a036db437f8022187bb21)] -> xpath: //div[@class='profile']/div[1]]
Session ID: b6cb03468e8a036db437f8022187bb21
at java.base/jdk.internal.reflect.NativeConstructorAccessorImpl.newInstance0(Native Method)
at java.base/jdk.internal.reflect.NativeConstructorAccessorImpl.newInstance(NativeConstructorAccessorImpl.java:77)
at java.base/jdk.internal.reflect.DelegatingConstructorAccessorImpl.newInstance(DelegatingConstructorAccessorImpl.java:45)
at java.base/java.lang.reflect.Constructor.newInstanceWithCaller(Constructor.java:499)
at java.base/java.lang.reflect.Constructor.newInstance(Constructor.java:480)
at org.openqa.selenium.remote.codec.w3c.W3CHttpResponseCodec.createException(W3CHttpResponseCodec.java:200)
at org.openqa.selenium.remote.codec.w3c.W3CHttpResponseCodec.decode(W3CHttpResponseCodec.java:133)
at org.openqa.selenium.remote.codec.w3c.W3CHttpResponseCodec.decode(W3CHttpResponseCodec.java:53)
at org.openqa.selenium.remote.HttpCommandExecutor.execute(HttpCommandExecutor.java:184)
at org.openqa.selenium.remote.service.DriverCommandExecutor.invokeExecute(DriverCommandExecutor.java:167)
at org.openqa.selenium.remote.service.DriverCommandExecutor.execute(DriverCommandExecutor.java:142)
at org.openqa.selenium.remote.RemoteWebDriver.execute(RemoteWebDriver.java:547)
at org.openqa.selenium.remote.RemoteWebElement.execute(RemoteWebElement.java:257)
at org.openqa.selenium.remote.RemoteWebElement.click(RemoteWebElement.java:78)
at jdk.internal.reflect.GeneratedMethodAccessor1.invoke(Unknown Source)
at java.base/jdk.internal.reflect.DelegatingMethodAccessorImpl.invoke(DelegatingMethodAccessorImpl.java:43)
at java.base/java.lang.reflect.Method.invoke(Method.java:568)
at org.openqa.selenium.support.pagefactory.internal.LocatingElementHandler.invoke(LocatingElementHandler.java:52)
at jdk.proxy2/jdk.proxy2.$Proxy16.click(Unknown Source)
at com.Pages.LoginPage.Log_Out(LoginPage.java:156)
at com.Test.LoginTest.LogOut(LoginTest.java:56)
at com.Test.Reports_Driver_Report.LogOut(Reports_Driver_Report.java:103)
at java.base/jdk.internal.reflect.NativeMethodAccessorImpl.invoke0(Native Method)
at java.base/jdk.internal.reflect.NativeMethodAccessorImpl.invoke(NativeMethodAccessorImpl.java:77)
at java.base/jdk.internal.reflect.DelegatingMethodAccessorImpl.invoke(DelegatingMethodAccessorImpl.java:43)
at java.base/java.lang.reflect.Method.invoke(Method.java:568)
at org.testng.internal.MethodInvocationHelper.invokeMethod(MethodInvocationHelper.java:133)
at org.testng.internal.TestInvoker.invokeMethod(TestInvoker.java:598)
at org.testng.internal.TestInvoker.invokeTestMethod(TestInvoker.java:173)
at org.testng.internal.MethodRunner.runInSequence(MethodRunner.java:46)
at org.testng.internal.TestInvoker$MethodInvocationAgent.invoke(TestInvoker.java:824)
at org.testng.internal.TestInvoker.invokeTestMethods(TestInvoker.java:146)
at org.testng.internal.TestMethodWorker.invokeTestMethods(TestMethodWorker.java:146)
at org.testng.internal.TestMethodWorker.run(TestMethodWorker.java:128)
at java.base/java.util.ArrayList.forEach(ArrayList.java:1511)
at org.testng.TestRunner.privateRun(TestRunner.java:794)
at org.testng.TestRunner.run(TestRunner.java:596)
at org.testng.SuiteRunner.runTest(SuiteRunner.java:377)
at org.testng.SuiteRunner.runSequentially(SuiteRunner.java:371)
at org.testng.SuiteRunner.privateRun(SuiteRunner.java:332)
at org.testng.SuiteRunner.run(SuiteRunner.java:276)
at org.testng.SuiteRunnerWorker.runSuite(SuiteRunnerWorker.java:53)
at org.testng.SuiteRunnerWorker.run(SuiteRunnerWorker.java:96)
at org.testng.TestNG.runSuitesSequentially(TestNG.java:1212)
at org.testng.TestNG.runSuitesLocally(TestNG.java:1134)
at org.testng.TestNG.runSuites(TestNG.java:1063)
at org.testng.TestNG.run(TestNG.java:1031)
at org.testng.remote.AbstractRemoteTestNG.run(AbstractRemoteTestNG.java:115)
at org.testng.remote.RemoteTestNG.initAndRun(RemoteTestNG.java:251)
at org.testng.remote.RemoteTestNG.main(RemoteTestNG.java:77)
]]>
    </error>
  </testcase> <!-- LogOut -->
  <system-out/>
  <testcase classname="com.Test.Reports_Driver_Report" name="Driver_Report_Verify_Driver_Search">
    <skipped/>
  </testcase> <!-- Driver_Report_Verify_Driver_Search -->
  <system-out/>
  <testcase classname="com.Test.Reports_Driver_Report" name="Driver_Report_Last_N_Days">
    <skipped/>
  </testcase> <!-- Driver_Report_Last_N_Days -->
  <system-out/>
  <testcase classname="com.Test.Reports_Driver_Report" name="Driver_Report_This_Month">
    <skipped/>
  </testcase> <!-- Driver_Report_This_Month -->
  <system-out/>
  <testcase classname="com.Test.Reports_Driver_Report" name="Driver_Report_Last_7_Days">
    <skipped/>
  </testcase> <!-- Driver_Report_Last_7_Days -->
  <system-out/>
  <testcase classname="com.Test.Reports_Driver_Report" name="Open_Driver_Report_Page">
    <skipped/>
  </testcase> <!-- Open_Driver_Report_Page -->
  <system-out/>
  <testcase classname="com.Test.Reports_Driver_Report" name="Driver_Report_Last_30_Days">
    <skipped/>
  </testcase> <!-- Driver_Report_Last_30_Days -->
  <system-out/>
  <testcase classname="com.Test.Reports_Driver_Report" name="Driver_Report_Specific_Date">
    <skipped/>
  </testcase> <!-- Driver_Report_Specific_Date -->
  <system-out/>
  <testcase classname="com.Test.Reports_Driver_Report" name="Driver_Report_Yesterday">
    <skipped/>
  </testcase> <!-- Driver_Report_Yesterday -->
  <system-out/>
  <testcase classname="com.Test.Reports_Driver_Report" name="Driver_Report_Today">
    <skipped/>
  </testcase> <!-- Driver_Report_Today -->
  <system-out/>
  <testcase classname="com.Test.Reports_Driver_Report" name="Driver_Report_Date_Range">
    <skipped/>
  </testcase> <!-- Driver_Report_Date_Range -->
  <system-out/>
  <testcase classname="com.Test.Reports_Driver_Report" name="Driver_Report_Last_Week">
    <skipped/>
  </testcase> <!-- Driver_Report_Last_Week -->
  <system-out/>
  <testcase classname="com.Test.Reports_Driver_Report" name="RefreshAndPaginination">
    <skipped/>
  </testcase> <!-- RefreshAndPaginination -->
  <system-out/>
  <testcase classname="com.Test.Reports_Driver_Report" name="Driver_Report_This_Week">
    <skipped/>
  </testcase> <!-- Driver_Report_This_Week -->
  <system-out/>
  <testcase classname="com.Test.Reports_Driver_Report" name="Driver_Report_Last_Month">
    <skipped/>
  </testcase> <!-- Driver_Report_Last_Month -->
  <system-out/>
</testsuite> <!-- com.Test.Reports_Driver_Report -->
