<?xml version="1.0" encoding="UTF-8"?>
<!-- Generated by org.testng.reporters.JUnitReportReporter -->
<testsuite hostname="INL-JVNGDL3" failures="0" tests="8" name="com.Test.Inventory_Transfer" time="173.738" errors="1" timestamp="2023-06-06T13:26:46 IST" skipped="5">
  <testcase classname="com.Test.Inventory_Transfer" name="Login" time="56.552"/>
  <system-out/>
  <testcase classname="com.Test.Inventory_Transfer" name="Calling" time="113.684">
    <error message="element click intercepted: Element &lt;input _ngcontent-lxf-c292=&quot;&quot; readonly=&quot;true&quot; type=&quot;text&quot; matinput=&quot;&quot; class=&quot;mat-input-element mat-form-field-autofill-control ng-tns-c85-6 ng-untouched ng-pristine ng-valid cdk-text-field-autofill-monitored&quot; placeholder=&quot;Select Type&quot; id=&quot;mat-input-1&quot; data-placeholder=&quot;Select Type&quot; aria-invalid=&quot;false&quot; aria-required=&quot;false&quot;&gt; is not clickable at point (325, 304). Other element would receive the click: &lt;div _ngcontent-lxf-c273=&quot;&quot; class=&quot;fixed-loading background&quot;&gt;...&lt;/div&gt;
  (Session info: chrome=114.0.5735.110)
Build info: version: &#039;4.4.0&#039;, revision: &#039;e5c75ed026a&#039;
System info: host: &#039;INL-JVNGDL3&#039;, ip: &#039;10.10.121.129&#039;, os.name: &#039;Windows 10&#039;, os.arch: &#039;amd64&#039;, os.version: &#039;10.0&#039;, java.version: &#039;17.0.6&#039;
Driver info: org.openqa.selenium.chrome.ChromeDriver
Command: [61ef169cc14e8bd0fa226ea19f387b49, clickElement {id=C023FBEF8D74FCA64748CA9E1727E2BA_element_815}]
Capabilities {acceptInsecureCerts: false, browserName: chrome, browserVersion: 114.0.5735.110, chrome: {chromedriverVersion: 114.0.5735.90 (386bc09e8f4f..., userDataDir: C:\Users\raja.s\AppData\Loc...}, goog:chromeOptions: {debuggerAddress: localhost:51336}, networkConnectionEnabled: false, pageLoadStrategy: normal, platformName: WINDOWS, proxy: Proxy(), se:cdp: ws://localhost:51336/devtoo..., se:cdpVersion: 114.0.5735.110, setWindowRect: true, strictFileInteractability: false, timeouts: {implicit: 0, pageLoad: 300000, script: 30000}, unhandledPromptBehavior: dismiss and notify, webauthn:extension:credBlob: true, webauthn:extension:largeBlob: true, webauthn:extension:minPinLength: true, webauthn:extension:prf: true, webauthn:virtualAuthenticators: true}
Element: [[ChromeDriver: chrome on WINDOWS (61ef169cc14e8bd0fa226ea19f387b49)] -&gt; xpath: //label[contains(.,&#039;Type&#039;)]/../../input]
Session ID: 61ef169cc14e8bd0fa226ea19f387b49" type="org.openqa.selenium.ElementClickInterceptedException">
      <![CDATA[org.openqa.selenium.ElementClickInterceptedException: element click intercepted: Element <input _ngcontent-lxf-c292="" readonly="true" type="text" matinput="" class="mat-input-element mat-form-field-autofill-control ng-tns-c85-6 ng-untouched ng-pristine ng-valid cdk-text-field-autofill-monitored" placeholder="Select Type" id="mat-input-1" data-placeholder="Select Type" aria-invalid="false" aria-required="false"> is not clickable at point (325, 304). Other element would receive the click: <div _ngcontent-lxf-c273="" class="fixed-loading background">...</div>
  (Session info: chrome=114.0.5735.110)
Build info: version: '4.4.0', revision: 'e5c75ed026a'
System info: host: 'INL-JVNGDL3', ip: '10.10.121.129', os.name: 'Windows 10', os.arch: 'amd64', os.version: '10.0', java.version: '17.0.6'
Driver info: org.openqa.selenium.chrome.ChromeDriver
Command: [61ef169cc14e8bd0fa226ea19f387b49, clickElement {id=C023FBEF8D74FCA64748CA9E1727E2BA_element_815}]
Capabilities {acceptInsecureCerts: false, browserName: chrome, browserVersion: 114.0.5735.110, chrome: {chromedriverVersion: 114.0.5735.90 (386bc09e8f4f..., userDataDir: C:\Users\raja.s\AppData\Loc...}, goog:chromeOptions: {debuggerAddress: localhost:51336}, networkConnectionEnabled: false, pageLoadStrategy: normal, platformName: WINDOWS, proxy: Proxy(), se:cdp: ws://localhost:51336/devtoo..., se:cdpVersion: 114.0.5735.110, setWindowRect: true, strictFileInteractability: false, timeouts: {implicit: 0, pageLoad: 300000, script: 30000}, unhandledPromptBehavior: dismiss and notify, webauthn:extension:credBlob: true, webauthn:extension:largeBlob: true, webauthn:extension:minPinLength: true, webauthn:extension:prf: true, webauthn:virtualAuthenticators: true}
Element: [[ChromeDriver: chrome on WINDOWS (61ef169cc14e8bd0fa226ea19f387b49)] -> xpath: //label[contains(.,'Type')]/../../input]
Session ID: 61ef169cc14e8bd0fa226ea19f387b49
at java.base/jdk.internal.reflect.NativeConstructorAccessorImpl.newInstance0(Native Method)
at java.base/jdk.internal.reflect.NativeConstructorAccessorImpl.newInstance(NativeConstructorAccessorImpl.java:77)
at java.base/jdk.internal.reflect.DelegatingConstructorAccessorImpl.newInstance(DelegatingConstructorAccessorImpl.java:45)
at java.base/java.lang.reflect.Constructor.newInstanceWithCaller(Constructor.java:499)
at java.base/java.lang.reflect.Constructor.newInstance(Constructor.java:480)
at org.openqa.selenium.remote.codec.w3c.W3CHttpResponseCodec.createException(W3CHttpResponseCodec.java:200)
at org.openqa.selenium.remote.codec.w3c.W3CHttpResponseCodec.decode(W3CHttpResponseCodec.java:133)
at org.openqa.selenium.remote.codec.w3c.W3CHttpResponseCodec.decode(W3CHttpResponseCodec.java:53)
at org.openqa.selenium.remote.HttpCommandExecutor.execute(HttpCommandExecutor.java:184)
at org.openqa.selenium.remote.service.DriverCommandExecutor.invokeExecute(DriverCommandExecutor.java:167)
at org.openqa.selenium.remote.service.DriverCommandExecutor.execute(DriverCommandExecutor.java:142)
at org.openqa.selenium.remote.RemoteWebDriver.execute(RemoteWebDriver.java:547)
at org.openqa.selenium.remote.RemoteWebElement.execute(RemoteWebElement.java:257)
at org.openqa.selenium.remote.RemoteWebElement.click(RemoteWebElement.java:78)
at jdk.internal.reflect.GeneratedMethodAccessor1.invoke(Unknown Source)
at java.base/jdk.internal.reflect.DelegatingMethodAccessorImpl.invoke(DelegatingMethodAccessorImpl.java:43)
at java.base/java.lang.reflect.Method.invoke(Method.java:568)
at org.openqa.selenium.support.pagefactory.internal.LocatingElementHandler.invoke(LocatingElementHandler.java:52)
at jdk.proxy2/jdk.proxy2.$Proxy11.click(Unknown Source)
at com.Pages.InventoryPage.Select_Type(InventoryPage.java:1171)
at com.Test.Inventory_Transfer.Verify_Transferred_Items_in_Ttansfer_Logs_Received_Today(Inventory_Transfer.java:433)
at com.Test.Inventory_Transfer.Calling(Inventory_Transfer.java:110)
at java.base/jdk.internal.reflect.NativeMethodAccessorImpl.invoke0(Native Method)
at java.base/jdk.internal.reflect.NativeMethodAccessorImpl.invoke(NativeMethodAccessorImpl.java:77)
at java.base/jdk.internal.reflect.DelegatingMethodAccessorImpl.invoke(DelegatingMethodAccessorImpl.java:43)
at java.base/java.lang.reflect.Method.invoke(Method.java:568)
at org.testng.internal.MethodInvocationHelper.invokeMethod(MethodInvocationHelper.java:133)
at org.testng.internal.TestInvoker.invokeMethod(TestInvoker.java:598)
at org.testng.internal.TestInvoker.invokeTestMethod(TestInvoker.java:173)
at org.testng.internal.MethodRunner.runInSequence(MethodRunner.java:46)
at org.testng.internal.TestInvoker$MethodInvocationAgent.invoke(TestInvoker.java:824)
at org.testng.internal.TestInvoker.invokeTestMethods(TestInvoker.java:146)
at org.testng.internal.TestMethodWorker.invokeTestMethods(TestMethodWorker.java:146)
at org.testng.internal.TestMethodWorker.run(TestMethodWorker.java:128)
at java.base/java.util.ArrayList.forEach(ArrayList.java:1511)
at org.testng.TestRunner.privateRun(TestRunner.java:794)
at org.testng.TestRunner.run(TestRunner.java:596)
at org.testng.SuiteRunner.runTest(SuiteRunner.java:377)
at org.testng.SuiteRunner.runSequentially(SuiteRunner.java:371)
at org.testng.SuiteRunner.privateRun(SuiteRunner.java:332)
at org.testng.SuiteRunner.run(SuiteRunner.java:276)
at org.testng.SuiteRunnerWorker.runSuite(SuiteRunnerWorker.java:53)
at org.testng.SuiteRunnerWorker.run(SuiteRunnerWorker.java:96)
at org.testng.TestNG.runSuitesSequentially(TestNG.java:1212)
at org.testng.TestNG.runSuitesLocally(TestNG.java:1134)
at org.testng.TestNG.runSuites(TestNG.java:1063)
at org.testng.TestNG.run(TestNG.java:1031)
at org.testng.remote.AbstractRemoteTestNG.run(AbstractRemoteTestNG.java:115)
at org.testng.remote.RemoteTestNG.initAndRun(RemoteTestNG.java:251)
at org.testng.remote.RemoteTestNG.main(RemoteTestNG.java:77)
]]>
    </error>
  </testcase> <!-- Calling -->
  <system-out/>
  <testcase classname="com.Test.Inventory_Transfer" name="LogOut" time="3.502"/>
  <system-out/>
  <testcase classname="com.Test.Inventory_Transfer" name="RefreshAndPaginination_ColumnFilteration">
    <skipped/>
  </testcase> <!-- RefreshAndPaginination_ColumnFilteration -->
  <system-out/>
  <testcase classname="com.Test.Inventory_Transfer" name="Open_Transfer_Request_Page">
    <skipped/>
  </testcase> <!-- Open_Transfer_Request_Page -->
  <system-out/>
  <testcase classname="com.Test.Inventory_Transfer" name="Cancel_Transfer_Request">
    <skipped/>
  </testcase> <!-- Cancel_Transfer_Request -->
  <system-out/>
  <testcase classname="com.Test.Inventory_Transfer" name="Create_Transfer_Request">
    <skipped/>
  </testcase> <!-- Create_Transfer_Request -->
  <system-out/>
  <testcase classname="com.Test.Inventory_Transfer" name="Verify_Transfer_Request_Requested_Store">
    <skipped/>
  </testcase> <!-- Verify_Transfer_Request_Requested_Store -->
  <system-out/>
</testsuite> <!-- com.Test.Inventory_Transfer -->
