<?xml version="1.0" encoding="UTF-8"?>
<!-- Generated by org.testng.reporters.JUnitReportReporter -->
<testsuite hostname="INL-JVNGDL3" failures="0" tests="17" name="com.Test.Enterprise_Reports_Gift_Card_Redemption" time="191.073" errors="1" timestamp="2023-09-07T18:33:01 IST" skipped="14">
  <testcase classname="com.Test.Enterprise_Reports_Gift_Card_Redemption" name="Login" time="50.303"/>
  <system-out/>
  <testcase classname="com.Test.Enterprise_Reports_Gift_Card_Redemption" name="Calling" time="133.227">
    <error message="element click intercepted: Element &lt;select-option _ngcontent-ock-c289=&quot;&quot; _nghost-ock-c288=&quot;&quot;&gt;...&lt;/select-option&gt; is not clickable at point (855, 133). Other element would receive the click: &lt;div _ngcontent-ock-c402=&quot;&quot; class=&quot;col-12&quot;&gt;...&lt;/div&gt;
  (Session info: chrome=116.0.5845.142)
Build info: version: &#039;4.10.0&#039;, revision: &#039;c14d967899&#039;
System info: os.name: &#039;Windows 10&#039;, os.arch: &#039;amd64&#039;, os.version: &#039;10.0&#039;, java.version: &#039;17.0.8&#039;
Driver info: org.openqa.selenium.chrome.ChromeDriver
Command: [77147a358a378faebd7a9ba6a3c4394b, clickElement {id=92E5EB173D01F9720DAAA95481424F02_element_314}]
Capabilities {acceptInsecureCerts: false, browserName: chrome, browserVersion: 116.0.5845.142, chrome: {chromedriverVersion: 116.0.5845.96 (1a3918166880..., userDataDir: C:\Users\raja.s\AppData\Loc...}, fedcm:accounts: true, goog:chromeOptions: {debuggerAddress: localhost:63658}, networkConnectionEnabled: false, pageLoadStrategy: normal, platformName: windows, proxy: Proxy(), se:cdp: ws://localhost:63658/devtoo..., se:cdpVersion: 116.0.5845.142, setWindowRect: true, strictFileInteractability: false, timeouts: {implicit: 0, pageLoad: 300000, script: 30000}, unhandledPromptBehavior: dismiss and notify, webauthn:extension:credBlob: true, webauthn:extension:largeBlob: true, webauthn:extension:minPinLength: true, webauthn:extension:prf: true, webauthn:virtualAuthenticators: true}
Element: [[ChromeDriver: chrome on windows (77147a358a378faebd7a9ba6a3c4394b)] -&gt; xpath: //select-option[contains(.,&#039;Specific date&#039;)]]
Session ID: 77147a358a378faebd7a9ba6a3c4394b" type="org.openqa.selenium.ElementClickInterceptedException">
      <![CDATA[org.openqa.selenium.ElementClickInterceptedException: element click intercepted: Element <select-option _ngcontent-ock-c289="" _nghost-ock-c288="">...</select-option> is not clickable at point (855, 133). Other element would receive the click: <div _ngcontent-ock-c402="" class="col-12">...</div>
  (Session info: chrome=116.0.5845.142)
Build info: version: '4.10.0', revision: 'c14d967899'
System info: os.name: 'Windows 10', os.arch: 'amd64', os.version: '10.0', java.version: '17.0.8'
Driver info: org.openqa.selenium.chrome.ChromeDriver
Command: [77147a358a378faebd7a9ba6a3c4394b, clickElement {id=92E5EB173D01F9720DAAA95481424F02_element_314}]
Capabilities {acceptInsecureCerts: false, browserName: chrome, browserVersion: 116.0.5845.142, chrome: {chromedriverVersion: 116.0.5845.96 (1a3918166880..., userDataDir: C:\Users\raja.s\AppData\Loc...}, fedcm:accounts: true, goog:chromeOptions: {debuggerAddress: localhost:63658}, networkConnectionEnabled: false, pageLoadStrategy: normal, platformName: windows, proxy: Proxy(), se:cdp: ws://localhost:63658/devtoo..., se:cdpVersion: 116.0.5845.142, setWindowRect: true, strictFileInteractability: false, timeouts: {implicit: 0, pageLoad: 300000, script: 30000}, unhandledPromptBehavior: dismiss and notify, webauthn:extension:credBlob: true, webauthn:extension:largeBlob: true, webauthn:extension:minPinLength: true, webauthn:extension:prf: true, webauthn:virtualAuthenticators: true}
Element: [[ChromeDriver: chrome on windows (77147a358a378faebd7a9ba6a3c4394b)] -> xpath: //select-option[contains(.,'Specific date')]]
Session ID: 77147a358a378faebd7a9ba6a3c4394b
at java.base/jdk.internal.reflect.NativeConstructorAccessorImpl.newInstance0(Native Method)
at java.base/jdk.internal.reflect.NativeConstructorAccessorImpl.newInstance(NativeConstructorAccessorImpl.java:77)
at java.base/jdk.internal.reflect.DelegatingConstructorAccessorImpl.newInstance(DelegatingConstructorAccessorImpl.java:45)
at java.base/java.lang.reflect.Constructor.newInstanceWithCaller(Constructor.java:499)
at java.base/java.lang.reflect.Constructor.newInstance(Constructor.java:480)
at org.openqa.selenium.remote.codec.w3c.W3CHttpResponseCodec.createException(W3CHttpResponseCodec.java:199)
at org.openqa.selenium.remote.codec.w3c.W3CHttpResponseCodec.decode(W3CHttpResponseCodec.java:132)
at org.openqa.selenium.remote.codec.w3c.W3CHttpResponseCodec.decode(W3CHttpResponseCodec.java:51)
at org.openqa.selenium.remote.HttpCommandExecutor.execute(HttpCommandExecutor.java:191)
at org.openqa.selenium.remote.service.DriverCommandExecutor.invokeExecute(DriverCommandExecutor.java:196)
at org.openqa.selenium.remote.service.DriverCommandExecutor.execute(DriverCommandExecutor.java:171)
at org.openqa.selenium.remote.RemoteWebDriver.execute(RemoteWebDriver.java:531)
at org.openqa.selenium.remote.RemoteWebElement.execute(RemoteWebElement.java:242)
at org.openqa.selenium.remote.RemoteWebElement.click(RemoteWebElement.java:77)
at java.base/jdk.internal.reflect.NativeMethodAccessorImpl.invoke0(Native Method)
at java.base/jdk.internal.reflect.NativeMethodAccessorImpl.invoke(NativeMethodAccessorImpl.java:77)
at java.base/jdk.internal.reflect.DelegatingMethodAccessorImpl.invoke(DelegatingMethodAccessorImpl.java:43)
at java.base/java.lang.reflect.Method.invoke(Method.java:568)
at org.openqa.selenium.support.pagefactory.internal.LocatingElementHandler.invoke(LocatingElementHandler.java:52)
at jdk.proxy2/jdk.proxy2.$Proxy17.click(Unknown Source)
at com.Pages.ReportsPage.Select_Specific_Date_TimePeriod(ReportsPage.java:245)
at com.Test.Enterprise_Reports_Gift_Card_Redemption.Enterprise_Gift_Card_Redemption_Report_Specific_Date(Enterprise_Reports_Gift_Card_Redemption.java:1229)
at com.Test.Enterprise_Reports_Gift_Card_Redemption.Calling(Enterprise_Reports_Gift_Card_Redemption.java:125)
at java.base/jdk.internal.reflect.NativeMethodAccessorImpl.invoke0(Native Method)
at java.base/jdk.internal.reflect.NativeMethodAccessorImpl.invoke(NativeMethodAccessorImpl.java:77)
at java.base/jdk.internal.reflect.DelegatingMethodAccessorImpl.invoke(DelegatingMethodAccessorImpl.java:43)
at java.base/java.lang.reflect.Method.invoke(Method.java:568)
at org.testng.internal.MethodInvocationHelper.invokeMethod(MethodInvocationHelper.java:133)
at org.testng.internal.TestInvoker.invokeMethod(TestInvoker.java:598)
at org.testng.internal.TestInvoker.invokeTestMethod(TestInvoker.java:173)
at org.testng.internal.MethodRunner.runInSequence(MethodRunner.java:46)
at org.testng.internal.TestInvoker$MethodInvocationAgent.invoke(TestInvoker.java:824)
at org.testng.internal.TestInvoker.invokeTestMethods(TestInvoker.java:146)
at org.testng.internal.TestMethodWorker.invokeTestMethods(TestMethodWorker.java:146)
at org.testng.internal.TestMethodWorker.run(TestMethodWorker.java:128)
at java.base/java.util.ArrayList.forEach(ArrayList.java:1511)
at org.testng.TestRunner.privateRun(TestRunner.java:794)
at org.testng.TestRunner.run(TestRunner.java:596)
at org.testng.SuiteRunner.runTest(SuiteRunner.java:377)
at org.testng.SuiteRunner.runSequentially(SuiteRunner.java:371)
at org.testng.SuiteRunner.privateRun(SuiteRunner.java:332)
at org.testng.SuiteRunner.run(SuiteRunner.java:276)
at org.testng.SuiteRunnerWorker.runSuite(SuiteRunnerWorker.java:53)
at org.testng.SuiteRunnerWorker.run(SuiteRunnerWorker.java:96)
at org.testng.TestNG.runSuitesSequentially(TestNG.java:1212)
at org.testng.TestNG.runSuitesLocally(TestNG.java:1134)
at org.testng.TestNG.runSuites(TestNG.java:1063)
at org.testng.TestNG.run(TestNG.java:1031)
at org.testng.remote.AbstractRemoteTestNG.run(AbstractRemoteTestNG.java:115)
at org.testng.remote.RemoteTestNG.initAndRun(RemoteTestNG.java:251)
at org.testng.remote.RemoteTestNG.main(RemoteTestNG.java:77)
]]>
    </error>
  </testcase> <!-- Calling -->
  <system-out/>
  <testcase classname="com.Test.Enterprise_Reports_Gift_Card_Redemption" name="LogOut" time="7.543"/>
  <system-out/>
  <testcase classname="com.Test.Enterprise_Reports_Gift_Card_Redemption" name="Enterprise_Gift_Card_Redemption_Report_This_Week">
    <skipped/>
  </testcase> <!-- Enterprise_Gift_Card_Redemption_Report_This_Week -->
  <system-out/>
  <testcase classname="com.Test.Enterprise_Reports_Gift_Card_Redemption" name="Enterprise_Gift_Card_Redemption_Report_Today">
    <skipped/>
  </testcase> <!-- Enterprise_Gift_Card_Redemption_Report_Today -->
  <system-out/>
  <testcase classname="com.Test.Enterprise_Reports_Gift_Card_Redemption" name="Enterprise_Gift_Card_Redemption_Report_Date_Range">
    <skipped/>
  </testcase> <!-- Enterprise_Gift_Card_Redemption_Report_Date_Range -->
  <system-out/>
  <testcase classname="com.Test.Enterprise_Reports_Gift_Card_Redemption" name="Enterprise_Gift_Card_Redemption_Report_Last_30_Days">
    <skipped/>
  </testcase> <!-- Enterprise_Gift_Card_Redemption_Report_Last_30_Days -->
  <system-out/>
  <testcase classname="com.Test.Enterprise_Reports_Gift_Card_Redemption" name="Verify_Enterprise_Gift_Card_Redemption_Report_Search_by_GiftCardNumber">
    <skipped/>
  </testcase> <!-- Verify_Enterprise_Gift_Card_Redemption_Report_Search_by_GiftCardNumber -->
  <system-out/>
  <testcase classname="com.Test.Enterprise_Reports_Gift_Card_Redemption" name="Open_Enterprise_Gift_Card_Redemption_Report_Page">
    <skipped/>
  </testcase> <!-- Open_Enterprise_Gift_Card_Redemption_Report_Page -->
  <system-out/>
  <testcase classname="com.Test.Enterprise_Reports_Gift_Card_Redemption" name="Enterprise_Gift_Card_Redemption_Report_Last_Month">
    <skipped/>
  </testcase> <!-- Enterprise_Gift_Card_Redemption_Report_Last_Month -->
  <system-out/>
  <testcase classname="com.Test.Enterprise_Reports_Gift_Card_Redemption" name="Enterprise_Gift_Card_Redemption_Report_Last_Week">
    <skipped/>
  </testcase> <!-- Enterprise_Gift_Card_Redemption_Report_Last_Week -->
  <system-out/>
  <testcase classname="com.Test.Enterprise_Reports_Gift_Card_Redemption" name="Enterprise_Gift_Card_Redemption_Report_Last_7_Days">
    <skipped/>
  </testcase> <!-- Enterprise_Gift_Card_Redemption_Report_Last_7_Days -->
  <system-out/>
  <testcase classname="com.Test.Enterprise_Reports_Gift_Card_Redemption" name="Enterprise_Gift_Card_Redemption_Report_Yesterday">
    <skipped/>
  </testcase> <!-- Enterprise_Gift_Card_Redemption_Report_Yesterday -->
  <system-out/>
  <testcase classname="com.Test.Enterprise_Reports_Gift_Card_Redemption" name="Enterprise_Gift_Card_Redemption_Report_Specific_Date">
    <skipped/>
  </testcase> <!-- Enterprise_Gift_Card_Redemption_Report_Specific_Date -->
  <system-out/>
  <testcase classname="com.Test.Enterprise_Reports_Gift_Card_Redemption" name="Enterprise_Gift_Card_Redemption_Report_Last_N_Days">
    <skipped/>
  </testcase> <!-- Enterprise_Gift_Card_Redemption_Report_Last_N_Days -->
  <system-out/>
  <testcase classname="com.Test.Enterprise_Reports_Gift_Card_Redemption" name="RefreshAndPaginination">
    <skipped/>
  </testcase> <!-- RefreshAndPaginination -->
  <system-out/>
  <testcase classname="com.Test.Enterprise_Reports_Gift_Card_Redemption" name="Enterprise_Gift_Card_Redemption_Report_This_Month">
    <skipped/>
  </testcase> <!-- Enterprise_Gift_Card_Redemption_Report_This_Month -->
  <system-out/>
</testsuite> <!-- com.Test.Enterprise_Reports_Gift_Card_Redemption -->
