<?xml version="1.0" encoding="UTF-8"?>
<!-- Generated by org.testng.reporters.JUnitReportReporter -->
<testsuite hostname="INL-JVNGDL3" failures="0" tests="14" name="com.Test.User_Management_Users" time="148.721" errors="1" timestamp="2023-07-04T20:34:32 IST" skipped="11">
  <testcase classname="com.Test.User_Management_Users" name="Login" time="49.004"/>
  <system-out/>
  <testcase classname="com.Test.User_Management_Users" name="Calling" time="95.026">
    <error message="no such element: Unable to locate element: {&quot;method&quot;:&quot;xpath&quot;,&quot;selector&quot;:&quot;//mat-hint&quot;}
  (Session info: chrome=114.0.5735.199)
For documentation on this error, please visit: https://selenium.dev/exceptions/#no_such_element
Build info: version: &#039;4.4.0&#039;, revision: &#039;e5c75ed026a&#039;
System info: host: &#039;INL-JVNGDL3&#039;, ip: &#039;192.168.1.5&#039;, os.name: &#039;Windows 10&#039;, os.arch: &#039;amd64&#039;, os.version: &#039;10.0&#039;, java.version: &#039;17.0.6&#039;
Driver info: org.openqa.selenium.chrome.ChromeDriver
Command: [7281db574f8fc9800b5cd0b1ade4ae5c, findElement {using=xpath, value=//mat-hint}]
Capabilities {acceptInsecureCerts: false, browserName: chrome, browserVersion: 114.0.5735.199, chrome: {chromedriverVersion: 114.0.5735.90 (386bc09e8f4f..., userDataDir: C:\Users\raja.s\AppData\Loc...}, goog:chromeOptions: {debuggerAddress: localhost:62360}, networkConnectionEnabled: false, pageLoadStrategy: normal, platformName: WINDOWS, proxy: Proxy(), se:cdp: ws://localhost:62360/devtoo..., se:cdpVersion: 114.0.5735.199, setWindowRect: true, strictFileInteractability: false, timeouts: {implicit: 0, pageLoad: 300000, script: 30000}, unhandledPromptBehavior: dismiss and notify, webauthn:extension:credBlob: true, webauthn:extension:largeBlob: true, webauthn:extension:minPinLength: true, webauthn:extension:prf: true, webauthn:virtualAuthenticators: true}
Session ID: 7281db574f8fc9800b5cd0b1ade4ae5c" type="org.openqa.selenium.NoSuchElementException">
      <![CDATA[org.openqa.selenium.NoSuchElementException: no such element: Unable to locate element: {"method":"xpath","selector":"//mat-hint"}
  (Session info: chrome=114.0.5735.199)
For documentation on this error, please visit: https://selenium.dev/exceptions/#no_such_element
Build info: version: '4.4.0', revision: 'e5c75ed026a'
System info: host: 'INL-JVNGDL3', ip: '192.168.1.5', os.name: 'Windows 10', os.arch: 'amd64', os.version: '10.0', java.version: '17.0.6'
Driver info: org.openqa.selenium.chrome.ChromeDriver
Command: [7281db574f8fc9800b5cd0b1ade4ae5c, findElement {using=xpath, value=//mat-hint}]
Capabilities {acceptInsecureCerts: false, browserName: chrome, browserVersion: 114.0.5735.199, chrome: {chromedriverVersion: 114.0.5735.90 (386bc09e8f4f..., userDataDir: C:\Users\raja.s\AppData\Loc...}, goog:chromeOptions: {debuggerAddress: localhost:62360}, networkConnectionEnabled: false, pageLoadStrategy: normal, platformName: WINDOWS, proxy: Proxy(), se:cdp: ws://localhost:62360/devtoo..., se:cdpVersion: 114.0.5735.199, setWindowRect: true, strictFileInteractability: false, timeouts: {implicit: 0, pageLoad: 300000, script: 30000}, unhandledPromptBehavior: dismiss and notify, webauthn:extension:credBlob: true, webauthn:extension:largeBlob: true, webauthn:extension:minPinLength: true, webauthn:extension:prf: true, webauthn:virtualAuthenticators: true}
Session ID: 7281db574f8fc9800b5cd0b1ade4ae5c
at java.base/jdk.internal.reflect.NativeConstructorAccessorImpl.newInstance0(Native Method)
at java.base/jdk.internal.reflect.NativeConstructorAccessorImpl.newInstance(NativeConstructorAccessorImpl.java:77)
at java.base/jdk.internal.reflect.DelegatingConstructorAccessorImpl.newInstance(DelegatingConstructorAccessorImpl.java:45)
at java.base/java.lang.reflect.Constructor.newInstanceWithCaller(Constructor.java:499)
at java.base/java.lang.reflect.Constructor.newInstance(Constructor.java:480)
at org.openqa.selenium.remote.codec.w3c.W3CHttpResponseCodec.createException(W3CHttpResponseCodec.java:200)
at org.openqa.selenium.remote.codec.w3c.W3CHttpResponseCodec.decode(W3CHttpResponseCodec.java:133)
at org.openqa.selenium.remote.codec.w3c.W3CHttpResponseCodec.decode(W3CHttpResponseCodec.java:53)
at org.openqa.selenium.remote.HttpCommandExecutor.execute(HttpCommandExecutor.java:184)
at org.openqa.selenium.remote.service.DriverCommandExecutor.invokeExecute(DriverCommandExecutor.java:167)
at org.openqa.selenium.remote.service.DriverCommandExecutor.execute(DriverCommandExecutor.java:142)
at org.openqa.selenium.remote.RemoteWebDriver.execute(RemoteWebDriver.java:547)
at org.openqa.selenium.remote.ElementLocation$ElementFinder$2.findElement(ElementLocation.java:162)
at org.openqa.selenium.remote.ElementLocation.findElement(ElementLocation.java:60)
at org.openqa.selenium.remote.RemoteWebDriver.findElement(RemoteWebDriver.java:365)
at org.openqa.selenium.remote.RemoteWebDriver.findElement(RemoteWebDriver.java:357)
at org.openqa.selenium.support.pagefactory.DefaultElementLocator.findElement(DefaultElementLocator.java:70)
at org.openqa.selenium.support.pagefactory.internal.LocatingElementHandler.invoke(LocatingElementHandler.java:39)
at jdk.proxy2/jdk.proxy2.$Proxy16.getText(Unknown Source)
at com.Test.User_Management_Users.Add_User_Management_Users(User_Management_Users.java:364)
at com.Test.User_Management_Users.Calling(User_Management_Users.java:121)
at java.base/jdk.internal.reflect.NativeMethodAccessorImpl.invoke0(Native Method)
at java.base/jdk.internal.reflect.NativeMethodAccessorImpl.invoke(NativeMethodAccessorImpl.java:77)
at java.base/jdk.internal.reflect.DelegatingMethodAccessorImpl.invoke(DelegatingMethodAccessorImpl.java:43)
at java.base/java.lang.reflect.Method.invoke(Method.java:568)
at org.testng.internal.MethodInvocationHelper.invokeMethod(MethodInvocationHelper.java:133)
at org.testng.internal.TestInvoker.invokeMethod(TestInvoker.java:598)
at org.testng.internal.TestInvoker.invokeTestMethod(TestInvoker.java:173)
at org.testng.internal.MethodRunner.runInSequence(MethodRunner.java:46)
at org.testng.internal.TestInvoker$MethodInvocationAgent.invoke(TestInvoker.java:824)
at org.testng.internal.TestInvoker.invokeTestMethods(TestInvoker.java:146)
at org.testng.internal.TestMethodWorker.invokeTestMethods(TestMethodWorker.java:146)
at org.testng.internal.TestMethodWorker.run(TestMethodWorker.java:128)
at java.base/java.util.ArrayList.forEach(ArrayList.java:1511)
at org.testng.TestRunner.privateRun(TestRunner.java:794)
at org.testng.TestRunner.run(TestRunner.java:596)
at org.testng.SuiteRunner.runTest(SuiteRunner.java:377)
at org.testng.SuiteRunner.runSequentially(SuiteRunner.java:371)
at org.testng.SuiteRunner.privateRun(SuiteRunner.java:332)
at org.testng.SuiteRunner.run(SuiteRunner.java:276)
at org.testng.SuiteRunnerWorker.runSuite(SuiteRunnerWorker.java:53)
at org.testng.SuiteRunnerWorker.run(SuiteRunnerWorker.java:96)
at org.testng.TestNG.runSuitesSequentially(TestNG.java:1212)
at org.testng.TestNG.runSuitesLocally(TestNG.java:1134)
at org.testng.TestNG.runSuites(TestNG.java:1063)
at org.testng.TestNG.run(TestNG.java:1031)
at org.testng.remote.AbstractRemoteTestNG.run(AbstractRemoteTestNG.java:115)
at org.testng.remote.RemoteTestNG.initAndRun(RemoteTestNG.java:251)
at org.testng.remote.RemoteTestNG.main(RemoteTestNG.java:77)
]]>
    </error>
  </testcase> <!-- Calling -->
  <system-out/>
  <testcase classname="com.Test.User_Management_Users" name="LogOut" time="4.691"/>
  <system-out/>
  <testcase classname="com.Test.User_Management_Users" name="Add_User_Management_Users">
    <skipped/>
  </testcase> <!-- Add_User_Management_Users -->
  <system-out/>
  <testcase classname="com.Test.User_Management_Users" name="Edit_and_Close_Cancel_User_Management_Users">
    <skipped/>
  </testcase> <!-- Edit_and_Close_Cancel_User_Management_Users -->
  <system-out/>
  <testcase classname="com.Test.User_Management_Users" name="Create_DuplicateCourse">
    <skipped/>
  </testcase> <!-- Create_DuplicateCourse -->
  <system-out/>
  <testcase classname="com.Test.User_Management_Users" name="Open_User_Management_Users_Page">
    <skipped/>
  </testcase> <!-- Open_User_Management_Users_Page -->
  <system-out/>
  <testcase classname="com.Test.User_Management_Users" name="Edit_and_Add_Payroll_Monthly_User_Management_Users">
    <skipped/>
  </testcase> <!-- Edit_and_Add_Payroll_Monthly_User_Management_Users -->
  <system-out/>
  <testcase classname="com.Test.User_Management_Users" name="Edit_and_Enable_SignIn_User_Management_Users">
    <skipped/>
  </testcase> <!-- Edit_and_Enable_SignIn_User_Management_Users -->
  <system-out/>
  <testcase classname="com.Test.User_Management_Users" name="Verify_User_Login_and_User_Role_Integration">
    <skipped/>
  </testcase> <!-- Verify_User_Login_and_User_Role_Integration -->
  <system-out/>
  <testcase classname="com.Test.User_Management_Users" name="Edit_and_Add_Payroll_Hourly_User_Management_Users">
    <skipped/>
  </testcase> <!-- Edit_and_Add_Payroll_Hourly_User_Management_Users -->
  <system-out/>
  <testcase classname="com.Test.User_Management_Users" name="RefreshAndPaginination_ColumnFilteration">
    <skipped/>
  </testcase> <!-- RefreshAndPaginination_ColumnFilteration -->
  <system-out/>
  <testcase classname="com.Test.User_Management_Users" name="Delete_and_Active_Inactive_User_Management_Users">
    <skipped/>
  </testcase> <!-- Delete_and_Active_Inactive_User_Management_Users -->
  <system-out/>
  <testcase classname="com.Test.User_Management_Users" name="Edit_and_Update_User_Management_Users">
    <skipped/>
  </testcase> <!-- Edit_and_Update_User_Management_Users -->
  <system-out/>
</testsuite> <!-- com.Test.User_Management_Users -->
