<?xml version="1.0" encoding="UTF-8"?>
<!-- Generated by org.testng.reporters.JUnitReportReporter -->
<testsuite hostname="INL-JVNGDL3" failures="0" tests="15" name="com.Test.Dashboard_Sales" time="964.028" errors="1" timestamp="2023-05-23T13:21:24 IST" skipped="12">
  <testcase classname="com.Test.Dashboard_Sales" name="Login" time="62.772"/>
  <system-out/>
  <testcase classname="com.Test.Dashboard_Sales" name="Calling" time="897.152">
    <error message="no such element: Unable to locate element: {&quot;method&quot;:&quot;xpath&quot;,&quot;selector&quot;:&quot;//app-metric[contains(.,&#039;Net Sales&#039;)]//div[1]/span&quot;}
  (Session info: chrome=113.0.5672.127)
For documentation on this error, please visit: https://selenium.dev/exceptions/#no_such_element
Build info: version: &#039;4.4.0&#039;, revision: &#039;e5c75ed026a&#039;
System info: host: &#039;INL-JVNGDL3&#039;, ip: &#039;192.168.1.6&#039;, os.name: &#039;Windows 10&#039;, os.arch: &#039;amd64&#039;, os.version: &#039;10.0&#039;, java.version: &#039;17.0.6&#039;
Driver info: org.openqa.selenium.chrome.ChromeDriver
Command: [74d4d0558fdc0dc3f8925349c9a5605e, findElement {using=xpath, value=//app-metric[contains(.,&#039;Net Sales&#039;)]//div[1]/span}]
Capabilities {acceptInsecureCerts: false, browserName: chrome, browserVersion: 113.0.5672.127, chrome: {chromedriverVersion: 113.0.5672.63 (0e1a4471d5ae..., userDataDir: C:\Users\raja.s\AppData\Loc...}, goog:chromeOptions: {debuggerAddress: localhost:51701}, networkConnectionEnabled: false, pageLoadStrategy: normal, platformName: WINDOWS, proxy: Proxy(), se:cdp: ws://localhost:51701/devtoo..., se:cdpVersion: 113.0.5672.127, setWindowRect: true, strictFileInteractability: false, timeouts: {implicit: 0, pageLoad: 300000, script: 30000}, unhandledPromptBehavior: dismiss and notify, webauthn:extension:credBlob: true, webauthn:extension:largeBlob: true, webauthn:extension:minPinLength: true, webauthn:extension:prf: true, webauthn:virtualAuthenticators: true}
Session ID: 74d4d0558fdc0dc3f8925349c9a5605e" type="org.openqa.selenium.NoSuchElementException">
      <![CDATA[org.openqa.selenium.NoSuchElementException: no such element: Unable to locate element: {"method":"xpath","selector":"//app-metric[contains(.,'Net Sales')]//div[1]/span"}
  (Session info: chrome=113.0.5672.127)
For documentation on this error, please visit: https://selenium.dev/exceptions/#no_such_element
Build info: version: '4.4.0', revision: 'e5c75ed026a'
System info: host: 'INL-JVNGDL3', ip: '192.168.1.6', os.name: 'Windows 10', os.arch: 'amd64', os.version: '10.0', java.version: '17.0.6'
Driver info: org.openqa.selenium.chrome.ChromeDriver
Command: [74d4d0558fdc0dc3f8925349c9a5605e, findElement {using=xpath, value=//app-metric[contains(.,'Net Sales')]//div[1]/span}]
Capabilities {acceptInsecureCerts: false, browserName: chrome, browserVersion: 113.0.5672.127, chrome: {chromedriverVersion: 113.0.5672.63 (0e1a4471d5ae..., userDataDir: C:\Users\raja.s\AppData\Loc...}, goog:chromeOptions: {debuggerAddress: localhost:51701}, networkConnectionEnabled: false, pageLoadStrategy: normal, platformName: WINDOWS, proxy: Proxy(), se:cdp: ws://localhost:51701/devtoo..., se:cdpVersion: 113.0.5672.127, setWindowRect: true, strictFileInteractability: false, timeouts: {implicit: 0, pageLoad: 300000, script: 30000}, unhandledPromptBehavior: dismiss and notify, webauthn:extension:credBlob: true, webauthn:extension:largeBlob: true, webauthn:extension:minPinLength: true, webauthn:extension:prf: true, webauthn:virtualAuthenticators: true}
Session ID: 74d4d0558fdc0dc3f8925349c9a5605e
at jdk.internal.reflect.GeneratedConstructorAccessor39.newInstance(Unknown Source)
at java.base/jdk.internal.reflect.DelegatingConstructorAccessorImpl.newInstance(DelegatingConstructorAccessorImpl.java:45)
at java.base/java.lang.reflect.Constructor.newInstanceWithCaller(Constructor.java:499)
at java.base/java.lang.reflect.Constructor.newInstance(Constructor.java:480)
at org.openqa.selenium.remote.codec.w3c.W3CHttpResponseCodec.createException(W3CHttpResponseCodec.java:200)
at org.openqa.selenium.remote.codec.w3c.W3CHttpResponseCodec.decode(W3CHttpResponseCodec.java:133)
at org.openqa.selenium.remote.codec.w3c.W3CHttpResponseCodec.decode(W3CHttpResponseCodec.java:53)
at org.openqa.selenium.remote.HttpCommandExecutor.execute(HttpCommandExecutor.java:184)
at org.openqa.selenium.remote.service.DriverCommandExecutor.invokeExecute(DriverCommandExecutor.java:167)
at org.openqa.selenium.remote.service.DriverCommandExecutor.execute(DriverCommandExecutor.java:142)
at org.openqa.selenium.remote.RemoteWebDriver.execute(RemoteWebDriver.java:547)
at org.openqa.selenium.remote.ElementLocation$ElementFinder$2.findElement(ElementLocation.java:162)
at org.openqa.selenium.remote.ElementLocation.findElement(ElementLocation.java:60)
at org.openqa.selenium.remote.RemoteWebDriver.findElement(RemoteWebDriver.java:365)
at org.openqa.selenium.remote.RemoteWebDriver.findElement(RemoteWebDriver.java:357)
at com.Pages.DashBoardPage.Net_Sales_TileValue(DashBoardPage.java:93)
at com.Test.Dashboard_Sales.Dashboard_Sales_This_Month(Dashboard_Sales.java:712)
at com.Test.Dashboard_Sales.Calling(Dashboard_Sales.java:122)
at java.base/jdk.internal.reflect.NativeMethodAccessorImpl.invoke0(Native Method)
at java.base/jdk.internal.reflect.NativeMethodAccessorImpl.invoke(NativeMethodAccessorImpl.java:77)
at java.base/jdk.internal.reflect.DelegatingMethodAccessorImpl.invoke(DelegatingMethodAccessorImpl.java:43)
at java.base/java.lang.reflect.Method.invoke(Method.java:568)
at org.testng.internal.MethodInvocationHelper.invokeMethod(MethodInvocationHelper.java:133)
at org.testng.internal.TestInvoker.invokeMethod(TestInvoker.java:598)
at org.testng.internal.TestInvoker.invokeTestMethod(TestInvoker.java:173)
at org.testng.internal.MethodRunner.runInSequence(MethodRunner.java:46)
at org.testng.internal.TestInvoker$MethodInvocationAgent.invoke(TestInvoker.java:824)
at org.testng.internal.TestInvoker.invokeTestMethods(TestInvoker.java:146)
at org.testng.internal.TestMethodWorker.invokeTestMethods(TestMethodWorker.java:146)
at org.testng.internal.TestMethodWorker.run(TestMethodWorker.java:128)
at java.base/java.util.ArrayList.forEach(ArrayList.java:1511)
at org.testng.TestRunner.privateRun(TestRunner.java:794)
at org.testng.TestRunner.run(TestRunner.java:596)
at org.testng.SuiteRunner.runTest(SuiteRunner.java:377)
at org.testng.SuiteRunner.runSequentially(SuiteRunner.java:371)
at org.testng.SuiteRunner.privateRun(SuiteRunner.java:332)
at org.testng.SuiteRunner.run(SuiteRunner.java:276)
at org.testng.SuiteRunnerWorker.runSuite(SuiteRunnerWorker.java:53)
at org.testng.SuiteRunnerWorker.run(SuiteRunnerWorker.java:96)
at org.testng.TestNG.runSuitesSequentially(TestNG.java:1212)
at org.testng.TestNG.runSuitesLocally(TestNG.java:1134)
at org.testng.TestNG.runSuites(TestNG.java:1063)
at org.testng.TestNG.run(TestNG.java:1031)
at org.testng.remote.AbstractRemoteTestNG.run(AbstractRemoteTestNG.java:115)
at org.testng.remote.RemoteTestNG.initAndRun(RemoteTestNG.java:251)
at org.testng.remote.RemoteTestNG.main(RemoteTestNG.java:77)
]]>
    </error>
  </testcase> <!-- Calling -->
  <system-out/>
  <testcase classname="com.Test.Dashboard_Sales" name="LogOut" time="4.104"/>
  <system-out/>
  <testcase classname="com.Test.Dashboard_Sales" name="Dashboard_Sales_Specific_Date">
    <skipped/>
  </testcase> <!-- Dashboard_Sales_Specific_Date -->
  <system-out/>
  <testcase classname="com.Test.Dashboard_Sales" name="Dashboard_Sales_This_Week">
    <skipped/>
  </testcase> <!-- Dashboard_Sales_This_Week -->
  <system-out/>
  <testcase classname="com.Test.Dashboard_Sales" name="Dashboard_Sales_Last_Month">
    <skipped/>
  </testcase> <!-- Dashboard_Sales_Last_Month -->
  <system-out/>
  <testcase classname="com.Test.Dashboard_Sales" name="Dashboard_Sales_This_Month">
    <skipped/>
  </testcase> <!-- Dashboard_Sales_This_Month -->
  <system-out/>
  <testcase classname="com.Test.Dashboard_Sales" name="Dashboard_Sales_Yesterday">
    <skipped/>
  </testcase> <!-- Dashboard_Sales_Yesterday -->
  <system-out/>
  <testcase classname="com.Test.Dashboard_Sales" name="Dashboard_Sales_Last_N_Days">
    <skipped/>
  </testcase> <!-- Dashboard_Sales_Last_N_Days -->
  <system-out/>
  <testcase classname="com.Test.Dashboard_Sales" name="Dashboard_Sales_Last_7_Days">
    <skipped/>
  </testcase> <!-- Dashboard_Sales_Last_7_Days -->
  <system-out/>
  <testcase classname="com.Test.Dashboard_Sales" name="Open_Dashboard_Sales_Page">
    <skipped/>
  </testcase> <!-- Open_Dashboard_Sales_Page -->
  <system-out/>
  <testcase classname="com.Test.Dashboard_Sales" name="Dashboard_Sales_Last_30_Days">
    <skipped/>
  </testcase> <!-- Dashboard_Sales_Last_30_Days -->
  <system-out/>
  <testcase classname="com.Test.Dashboard_Sales" name="Dashboard_Sales_Date_Range">
    <skipped/>
  </testcase> <!-- Dashboard_Sales_Date_Range -->
  <system-out/>
  <testcase classname="com.Test.Dashboard_Sales" name="Dashboard_Sales_Today">
    <skipped/>
  </testcase> <!-- Dashboard_Sales_Today -->
  <system-out/>
  <testcase classname="com.Test.Dashboard_Sales" name="Dashboard_Sales_Last_Week">
    <skipped/>
  </testcase> <!-- Dashboard_Sales_Last_Week -->
  <system-out/>
</testsuite> <!-- com.Test.Dashboard_Sales -->
