<?xml version="1.0" encoding="UTF-8"?>
<!-- Generated by org.testng.reporters.JUnitReportReporter -->
<testsuite skipped="25" hostname="INL-JVNGDL3" name="com.Test.Settings_Payment_Methods" tests="28" failures="0" timestamp="2023-03-30T18:26:23 IST" time="475.128" errors="1">
  <testcase name="Login" time="46.793" classname="com.Test.Settings_Payment_Methods"/>
  <system-out/>
  <testcase name="Calling" time="427.676" classname="com.Test.Settings_Payment_Methods">
    <error type="org.openqa.selenium.NoSuchElementException" message="no such element: Unable to locate element: {&quot;method&quot;:&quot;xpath&quot;,&quot;selector&quot;:&quot;//select-option[contains(.,&#039;Venmo&#039;)]&quot;}
  (Session info: chrome=111.0.5563.147)
For documentation on this error, please visit: https://selenium.dev/exceptions/#no_such_element
Build info: version: &#039;4.4.0&#039;, revision: &#039;e5c75ed026a&#039;
System info: host: &#039;INL-JVNGDL3&#039;, ip: &#039;192.168.1.13&#039;, os.name: &#039;Windows 10&#039;, os.arch: &#039;amd64&#039;, os.version: &#039;10.0&#039;, java.version: &#039;1.8.0_351&#039;
Driver info: org.openqa.selenium.chrome.ChromeDriver
Command: [ff37e00704f4be6a3f38dfc3fdd7f072, findElement {using=xpath, value=//select-option[contains(.,&#039;Venmo&#039;)]}]
Capabilities {acceptInsecureCerts: false, browserName: chrome, browserVersion: 111.0.5563.147, chrome: {chromedriverVersion: 111.0.5563.64 (c710e93d5b63..., userDataDir: C:\Users\raja.s\AppData\Loc...}, goog:chromeOptions: {debuggerAddress: localhost:55597}, networkConnectionEnabled: false, pageLoadStrategy: normal, platformName: WINDOWS, proxy: Proxy(), se:cdp: ws://localhost:55597/devtoo..., se:cdpVersion: 111.0.5563.147, setWindowRect: true, strictFileInteractability: false, timeouts: {implicit: 0, pageLoad: 300000, script: 30000}, unhandledPromptBehavior: dismiss and notify, webauthn:extension:credBlob: true, webauthn:extension:largeBlob: true, webauthn:extension:minPinLength: true, webauthn:extension:prf: true, webauthn:virtualAuthenticators: true}
Session ID: ff37e00704f4be6a3f38dfc3fdd7f072">
      <![CDATA[org.openqa.selenium.NoSuchElementException: no such element: Unable to locate element: {"method":"xpath","selector":"//select-option[contains(.,'Venmo')]"}
  (Session info: chrome=111.0.5563.147)
For documentation on this error, please visit: https://selenium.dev/exceptions/#no_such_element
Build info: version: '4.4.0', revision: 'e5c75ed026a'
System info: host: 'INL-JVNGDL3', ip: '192.168.1.13', os.name: 'Windows 10', os.arch: 'amd64', os.version: '10.0', java.version: '1.8.0_351'
Driver info: org.openqa.selenium.chrome.ChromeDriver
Command: [ff37e00704f4be6a3f38dfc3fdd7f072, findElement {using=xpath, value=//select-option[contains(.,'Venmo')]}]
Capabilities {acceptInsecureCerts: false, browserName: chrome, browserVersion: 111.0.5563.147, chrome: {chromedriverVersion: 111.0.5563.64 (c710e93d5b63..., userDataDir: C:\Users\raja.s\AppData\Loc...}, goog:chromeOptions: {debuggerAddress: localhost:55597}, networkConnectionEnabled: false, pageLoadStrategy: normal, platformName: WINDOWS, proxy: Proxy(), se:cdp: ws://localhost:55597/devtoo..., se:cdpVersion: 111.0.5563.147, setWindowRect: true, strictFileInteractability: false, timeouts: {implicit: 0, pageLoad: 300000, script: 30000}, unhandledPromptBehavior: dismiss and notify, webauthn:extension:credBlob: true, webauthn:extension:largeBlob: true, webauthn:extension:minPinLength: true, webauthn:extension:prf: true, webauthn:virtualAuthenticators: true}
Session ID: ff37e00704f4be6a3f38dfc3fdd7f072
at sun.reflect.NativeConstructorAccessorImpl.newInstance0(Native Method)
at sun.reflect.NativeConstructorAccessorImpl.newInstance(Unknown Source)
at sun.reflect.DelegatingConstructorAccessorImpl.newInstance(Unknown Source)
at java.lang.reflect.Constructor.newInstance(Unknown Source)
at org.openqa.selenium.remote.codec.w3c.W3CHttpResponseCodec.createException(W3CHttpResponseCodec.java:200)
at org.openqa.selenium.remote.codec.w3c.W3CHttpResponseCodec.decode(W3CHttpResponseCodec.java:133)
at org.openqa.selenium.remote.codec.w3c.W3CHttpResponseCodec.decode(W3CHttpResponseCodec.java:53)
at org.openqa.selenium.remote.HttpCommandExecutor.execute(HttpCommandExecutor.java:184)
at org.openqa.selenium.remote.service.DriverCommandExecutor.invokeExecute(DriverCommandExecutor.java:167)
at org.openqa.selenium.remote.service.DriverCommandExecutor.execute(DriverCommandExecutor.java:142)
at org.openqa.selenium.remote.RemoteWebDriver.execute(RemoteWebDriver.java:547)
at org.openqa.selenium.remote.ElementLocation$ElementFinder$2.findElement(ElementLocation.java:162)
at org.openqa.selenium.remote.ElementLocation.findElement(ElementLocation.java:60)
at org.openqa.selenium.remote.RemoteWebDriver.findElement(RemoteWebDriver.java:365)
at org.openqa.selenium.remote.RemoteWebDriver.findElement(RemoteWebDriver.java:357)
at org.openqa.selenium.support.pagefactory.DefaultElementLocator.findElement(DefaultElementLocator.java:70)
at org.openqa.selenium.support.pagefactory.internal.LocatingElementHandler.invoke(LocatingElementHandler.java:39)
at com.sun.proxy.$Proxy14.click(Unknown Source)
at com.Pages.PaymentMethodsPage.Select_Venmo_Payment(PaymentMethodsPage.java:683)
at com.Test.Settings_Payment_Methods.Edit_and_Update_Changing_Payment_Types(Settings_Payment_Methods.java:1070)
at com.Test.Settings_Payment_Methods.Calling(Settings_Payment_Methods.java:118)
at sun.reflect.NativeMethodAccessorImpl.invoke0(Native Method)
at sun.reflect.NativeMethodAccessorImpl.invoke(Unknown Source)
at sun.reflect.DelegatingMethodAccessorImpl.invoke(Unknown Source)
at java.lang.reflect.Method.invoke(Unknown Source)
at org.testng.internal.MethodInvocationHelper.invokeMethod(MethodInvocationHelper.java:133)
at org.testng.internal.TestInvoker.invokeMethod(TestInvoker.java:598)
at org.testng.internal.TestInvoker.invokeTestMethod(TestInvoker.java:173)
at org.testng.internal.MethodRunner.runInSequence(MethodRunner.java:46)
at org.testng.internal.TestInvoker$MethodInvocationAgent.invoke(TestInvoker.java:824)
at org.testng.internal.TestInvoker.invokeTestMethods(TestInvoker.java:146)
at org.testng.internal.TestMethodWorker.invokeTestMethods(TestMethodWorker.java:146)
at org.testng.internal.TestMethodWorker.run(TestMethodWorker.java:128)
at java.util.ArrayList.forEach(Unknown Source)
at org.testng.TestRunner.privateRun(TestRunner.java:794)
at org.testng.TestRunner.run(TestRunner.java:596)
at org.testng.SuiteRunner.runTest(SuiteRunner.java:377)
at org.testng.SuiteRunner.runSequentially(SuiteRunner.java:371)
at org.testng.SuiteRunner.privateRun(SuiteRunner.java:332)
at org.testng.SuiteRunner.run(SuiteRunner.java:276)
at org.testng.SuiteRunnerWorker.runSuite(SuiteRunnerWorker.java:53)
at org.testng.SuiteRunnerWorker.run(SuiteRunnerWorker.java:96)
at org.testng.TestNG.runSuitesSequentially(TestNG.java:1212)
at org.testng.TestNG.runSuitesLocally(TestNG.java:1134)
at org.testng.TestNG.runSuites(TestNG.java:1063)
at org.testng.TestNG.run(TestNG.java:1031)
at org.testng.remote.AbstractRemoteTestNG.run(AbstractRemoteTestNG.java:115)
at org.testng.remote.RemoteTestNG.initAndRun(RemoteTestNG.java:251)
at org.testng.remote.RemoteTestNG.main(RemoteTestNG.java:77)
]]>
    </error>
  </testcase> <!-- Calling -->
  <system-out/>
  <testcase name="LogOut" time="0.659" classname="com.Test.Settings_Payment_Methods"/>
  <system-out/>
  <testcase name="Add_and_SPPax_Payment_Method" classname="com.Test.Settings_Payment_Methods">
    <skipped/>
  </testcase> <!-- Add_and_SPPax_Payment_Method -->
  <system-out/>
  <testcase name="Edit_and_Update_CashWithMultiCurrency" classname="com.Test.Settings_Payment_Methods">
    <skipped/>
  </testcase> <!-- Edit_and_Update_CashWithMultiCurrency -->
  <system-out/>
  <testcase name="Edit_and_Close_Cancel_Payment_Method" classname="com.Test.Settings_Payment_Methods">
    <skipped/>
  </testcase> <!-- Edit_and_Close_Cancel_Payment_Method -->
  <system-out/>
  <testcase name="Add_and_GiftCard_Payment_Method" classname="com.Test.Settings_Payment_Methods">
    <skipped/>
  </testcase> <!-- Add_and_GiftCard_Payment_Method -->
  <system-out/>
  <testcase name="Add_and_SideCC_Payment_Method" classname="com.Test.Settings_Payment_Methods">
    <skipped/>
  </testcase> <!-- Add_and_SideCC_Payment_Method -->
  <system-out/>
  <testcase name="Add_and_GiveX_Payment_Method" classname="com.Test.Settings_Payment_Methods">
    <skipped/>
  </testcase> <!-- Add_and_GiveX_Payment_Method -->
  <system-out/>
  <testcase name="Add_and_NMI_Tokenization_Payment_Method" classname="com.Test.Settings_Payment_Methods">
    <skipped/>
  </testcase> <!-- Add_and_NMI_Tokenization_Payment_Method -->
  <system-out/>
  <testcase name="Create_DuplicatePayment_MethodGroup" classname="com.Test.Settings_Payment_Methods">
    <skipped/>
  </testcase> <!-- Create_DuplicatePayment_MethodGroup -->
  <system-out/>
  <testcase name="Delete_Payment_Method" classname="com.Test.Settings_Payment_Methods">
    <skipped/>
  </testcase> <!-- Delete_Payment_Method -->
  <system-out/>
  <testcase name="RefreshAndPaginination" classname="com.Test.Settings_Payment_Methods">
    <skipped/>
  </testcase> <!-- RefreshAndPaginination -->
  <system-out/>
  <testcase name="Add_and_Evertec_Payment_Method" classname="com.Test.Settings_Payment_Methods">
    <skipped/>
  </testcase> <!-- Add_and_Evertec_Payment_Method -->
  <system-out/>
  <testcase name="Open_Payment_Method_Page" classname="com.Test.Settings_Payment_Methods">
    <skipped/>
  </testcase> <!-- Open_Payment_Method_Page -->
  <system-out/>
  <testcase name="Add_and_MPPG_CreditCard_Payment_Method" classname="com.Test.Settings_Payment_Methods">
    <skipped/>
  </testcase> <!-- Add_and_MPPG_CreditCard_Payment_Method -->
  <system-out/>
  <testcase name="Add_and_Optomany_Payment_Method" classname="com.Test.Settings_Payment_Methods">
    <skipped/>
  </testcase> <!-- Add_and_Optomany_Payment_Method -->
  <system-out/>
  <testcase name="Add_and_BionetMealCard_Payment_Method" classname="com.Test.Settings_Payment_Methods">
    <skipped/>
  </testcase> <!-- Add_and_BionetMealCard_Payment_Method -->
  <system-out/>
  <testcase name="Add_Payment_Method" classname="com.Test.Settings_Payment_Methods">
    <skipped/>
  </testcase> <!-- Add_Payment_Method -->
  <system-out/>
  <testcase name="Add_and_Others_Payment_Method" classname="com.Test.Settings_Payment_Methods">
    <skipped/>
  </testcase> <!-- Add_and_Others_Payment_Method -->
  <system-out/>
  <testcase name="Add_and_MemberShip_Payment_Method" classname="com.Test.Settings_Payment_Methods">
    <skipped/>
  </testcase> <!-- Add_and_MemberShip_Payment_Method -->
  <system-out/>
  <testcase name="Add_and_Ingenico_Payment_Method" classname="com.Test.Settings_Payment_Methods">
    <skipped/>
  </testcase> <!-- Add_and_Ingenico_Payment_Method -->
  <system-out/>
  <testcase name="Add_and_PayPal_Payment_Method" classname="com.Test.Settings_Payment_Methods">
    <skipped/>
  </testcase> <!-- Add_and_PayPal_Payment_Method -->
  <system-out/>
  <testcase name="Add_and_CastleAndGo_Payment_Method" classname="com.Test.Settings_Payment_Methods">
    <skipped/>
  </testcase> <!-- Add_and_CastleAndGo_Payment_Method -->
  <system-out/>
  <testcase name="Add_and_CreditCard_Payment_Method" classname="com.Test.Settings_Payment_Methods">
    <skipped/>
  </testcase> <!-- Add_and_CreditCard_Payment_Method -->
  <system-out/>
  <testcase name="Edit_and_Update_Changing_Payment_Types" classname="com.Test.Settings_Payment_Methods">
    <skipped/>
  </testcase> <!-- Edit_and_Update_Changing_Payment_Types -->
  <system-out/>
  <testcase name="Add_and_Venmo_Payment_Method" classname="com.Test.Settings_Payment_Methods">
    <skipped/>
  </testcase> <!-- Add_and_Venmo_Payment_Method -->
  <system-out/>
  <testcase name="Add_and_Dejavoo_Payment_Method" classname="com.Test.Settings_Payment_Methods">
    <skipped/>
  </testcase> <!-- Add_and_Dejavoo_Payment_Method -->
  <system-out/>
</testsuite> <!-- com.Test.Settings_Payment_Methods -->
