<?xml version="1.0" encoding="UTF-8"?>
<!-- Generated by org.testng.reporters.JUnitReportReporter -->
<testsuite hostname="INL-JVNGDL3" failures="0" tests="38" name="com.Test.AllClassCalling_Settings" time="4.995" errors="2" timestamp="2023-07-13T19:36:53 IST" skipped="36">
  <testcase classname="com.Test.AllClassCalling_Settings" name="TestFail" time="0.001">
    <error message="Cannot invoke &quot;org.openqa.selenium.TakesScreenshot.getScreenshotAs(org.openqa.selenium.OutputType)&quot; because &quot;this.driver&quot; is null" type="java.lang.NullPointerException">
      <![CDATA[java.lang.NullPointerException: Cannot invoke "org.openqa.selenium.TakesScreenshot.getScreenshotAs(org.openqa.selenium.OutputType)" because "this.driver" is null
at com.Test.AllClassCalling_Settings.TestFail(AllClassCalling_Settings.java:42)
at java.base/jdk.internal.reflect.NativeMethodAccessorImpl.invoke0(Native Method)
at java.base/jdk.internal.reflect.NativeMethodAccessorImpl.invoke(NativeMethodAccessorImpl.java:77)
at java.base/jdk.internal.reflect.DelegatingMethodAccessorImpl.invoke(DelegatingMethodAccessorImpl.java:43)
at java.base/java.lang.reflect.Method.invoke(Method.java:568)
at org.testng.internal.MethodInvocationHelper.invokeMethod(MethodInvocationHelper.java:133)
at org.testng.internal.MethodInvocationHelper.invokeMethodConsideringTimeout(MethodInvocationHelper.java:62)
at org.testng.internal.ConfigInvoker.invokeConfigurationMethod(ConfigInvoker.java:385)
at org.testng.internal.ConfigInvoker.invokeConfigurations(ConfigInvoker.java:321)
at org.testng.internal.TestInvoker.runConfigMethods(TestInvoker.java:700)
at org.testng.internal.TestInvoker.runAfterGroupsConfigurations(TestInvoker.java:676)
at org.testng.internal.TestInvoker.invokeMethod(TestInvoker.java:660)
at org.testng.internal.TestInvoker.invokeTestMethod(TestInvoker.java:173)
at org.testng.internal.MethodRunner.runInSequence(MethodRunner.java:46)
at org.testng.internal.TestInvoker$MethodInvocationAgent.invoke(TestInvoker.java:824)
at org.testng.internal.TestInvoker.invokeTestMethods(TestInvoker.java:146)
at org.testng.internal.TestMethodWorker.invokeTestMethods(TestMethodWorker.java:146)
at org.testng.internal.TestMethodWorker.run(TestMethodWorker.java:128)
at java.base/java.util.ArrayList.forEach(ArrayList.java:1511)
at org.testng.TestRunner.privateRun(TestRunner.java:794)
at org.testng.TestRunner.run(TestRunner.java:596)
at org.testng.SuiteRunner.runTest(SuiteRunner.java:377)
at org.testng.SuiteRunner.runSequentially(SuiteRunner.java:371)
at org.testng.SuiteRunner.privateRun(SuiteRunner.java:332)
at org.testng.SuiteRunner.run(SuiteRunner.java:276)
at org.testng.SuiteRunnerWorker.runSuite(SuiteRunnerWorker.java:53)
at org.testng.SuiteRunnerWorker.run(SuiteRunnerWorker.java:96)
at org.testng.TestNG.runSuitesSequentially(TestNG.java:1212)
at org.testng.TestNG.runSuitesLocally(TestNG.java:1134)
at org.testng.TestNG.runSuites(TestNG.java:1063)
at org.testng.TestNG.run(TestNG.java:1031)
at org.testng.remote.AbstractRemoteTestNG.run(AbstractRemoteTestNG.java:115)
at org.testng.remote.RemoteTestNG.initAndRun(RemoteTestNG.java:251)
at org.testng.remote.RemoteTestNG.main(RemoteTestNG.java:77)
]]>
    </error>
  </testcase> <!-- TestFail -->
  <system-out/>
  <testcase classname="com.Test.AllClassCalling_Settings" name="login" time="4.994">
    <error message="Could not start a new session. Response code 500. Message: session not created: This version of ChromeDriver only supports Chrome version 110
Current browser version is 114.0.5735.199 with binary path C:\Program Files\Google\Chrome\Application\chrome.exe
Build info: version: &#039;4.4.0&#039;, revision: &#039;e5c75ed026a&#039;
System info: host: &#039;INL-JVNGDL3&#039;, ip: &#039;10.10.122.131&#039;, os.name: &#039;Windows 10&#039;, os.arch: &#039;amd64&#039;, os.version: &#039;10.0&#039;, java.version: &#039;17.0.6&#039;
Driver info: org.openqa.selenium.chrome.ChromeDriver
Command: [null, newSession {capabilities=[Capabilities {browserName: chrome, goog:chromeOptions: {args: [], extensions: []}}], desiredCapabilities=Capabilities {browserName: chrome, goog:chromeOptions: {args: [], extensions: []}}}]" type="org.openqa.selenium.SessionNotCreatedException">
      <![CDATA[org.openqa.selenium.SessionNotCreatedException: Could not start a new session. Response code 500. Message: session not created: This version of ChromeDriver only supports Chrome version 110
Current browser version is 114.0.5735.199 with binary path C:\Program Files\Google\Chrome\Application\chrome.exe
Build info: version: '4.4.0', revision: 'e5c75ed026a'
System info: host: 'INL-JVNGDL3', ip: '10.10.122.131', os.name: 'Windows 10', os.arch: 'amd64', os.version: '10.0', java.version: '17.0.6'
Driver info: org.openqa.selenium.chrome.ChromeDriver
Command: [null, newSession {capabilities=[Capabilities {browserName: chrome, goog:chromeOptions: {args: [], extensions: []}}], desiredCapabilities=Capabilities {browserName: chrome, goog:chromeOptions: {args: [], extensions: []}}}]
at org.openqa.selenium.remote.ProtocolHandshake.createSession(ProtocolHandshake.java:144)
at org.openqa.selenium.remote.ProtocolHandshake.createSession(ProtocolHandshake.java:102)
at org.openqa.selenium.remote.ProtocolHandshake.createSession(ProtocolHandshake.java:67)
at org.openqa.selenium.remote.HttpCommandExecutor.execute(HttpCommandExecutor.java:156)
at org.openqa.selenium.remote.service.DriverCommandExecutor.invokeExecute(DriverCommandExecutor.java:167)
at org.openqa.selenium.remote.service.DriverCommandExecutor.execute(DriverCommandExecutor.java:142)
at org.openqa.selenium.remote.RemoteWebDriver.execute(RemoteWebDriver.java:547)
at org.openqa.selenium.remote.RemoteWebDriver.startSession(RemoteWebDriver.java:242)
at org.openqa.selenium.remote.RemoteWebDriver.<init>(RemoteWebDriver.java:157)
at org.openqa.selenium.chromium.ChromiumDriver.<init>(ChromiumDriver.java:101)
at org.openqa.selenium.chrome.ChromeDriver.<init>(ChromeDriver.java:81)
at org.openqa.selenium.chrome.ChromeDriver.<init>(ChromeDriver.java:49)
at com.Test.AllClassCalling_Settings.login(AllClassCalling_Settings.java:61)
at java.base/jdk.internal.reflect.NativeMethodAccessorImpl.invoke0(Native Method)
at java.base/jdk.internal.reflect.NativeMethodAccessorImpl.invoke(NativeMethodAccessorImpl.java:77)
at java.base/jdk.internal.reflect.DelegatingMethodAccessorImpl.invoke(DelegatingMethodAccessorImpl.java:43)
at java.base/java.lang.reflect.Method.invoke(Method.java:568)
at org.testng.internal.MethodInvocationHelper.invokeMethod(MethodInvocationHelper.java:133)
at org.testng.internal.TestInvoker.invokeMethod(TestInvoker.java:598)
at org.testng.internal.TestInvoker.invokeTestMethod(TestInvoker.java:173)
at org.testng.internal.MethodRunner.runInSequence(MethodRunner.java:46)
at org.testng.internal.TestInvoker$MethodInvocationAgent.invoke(TestInvoker.java:824)
at org.testng.internal.TestInvoker.invokeTestMethods(TestInvoker.java:146)
at org.testng.internal.TestMethodWorker.invokeTestMethods(TestMethodWorker.java:146)
at org.testng.internal.TestMethodWorker.run(TestMethodWorker.java:128)
at java.base/java.util.ArrayList.forEach(ArrayList.java:1511)
at org.testng.TestRunner.privateRun(TestRunner.java:794)
at org.testng.TestRunner.run(TestRunner.java:596)
at org.testng.SuiteRunner.runTest(SuiteRunner.java:377)
at org.testng.SuiteRunner.runSequentially(SuiteRunner.java:371)
at org.testng.SuiteRunner.privateRun(SuiteRunner.java:332)
at org.testng.SuiteRunner.run(SuiteRunner.java:276)
at org.testng.SuiteRunnerWorker.runSuite(SuiteRunnerWorker.java:53)
at org.testng.SuiteRunnerWorker.run(SuiteRunnerWorker.java:96)
at org.testng.TestNG.runSuitesSequentially(TestNG.java:1212)
at org.testng.TestNG.runSuitesLocally(TestNG.java:1134)
at org.testng.TestNG.runSuites(TestNG.java:1063)
at org.testng.TestNG.run(TestNG.java:1031)
at org.testng.remote.AbstractRemoteTestNG.run(AbstractRemoteTestNG.java:115)
at org.testng.remote.RemoteTestNG.initAndRun(RemoteTestNG.java:251)
at org.testng.remote.RemoteTestNG.main(RemoteTestNG.java:77)
]]>
    </error>
  </testcase> <!-- login -->
  <system-out/>
  <testcase classname="com.Test.AllClassCalling_Settings" name="Start_Settings" time="0.000">
    <skipped/>
  </testcase> <!-- Start_Settings -->
  <system-out/>
  <testcase classname="com.Test.AllClassCalling_Settings" name="Settings_Till_Setting" time="0.000">
    <skipped/>
  </testcase> <!-- Settings_Till_Setting -->
  <system-out/>
  <testcase classname="com.Test.AllClassCalling_Settings" name="Settings_Scales" time="0.000">
    <skipped/>
  </testcase> <!-- Settings_Scales -->
  <system-out/>
  <testcase classname="com.Test.AllClassCalling_Settings" name="Settings_CDS_Configuration" time="0.000">
    <skipped/>
  </testcase> <!-- Settings_CDS_Configuration -->
  <system-out/>
  <testcase classname="com.Test.AllClassCalling_Settings" name="Settings_Store_Information" time="0.000">
    <skipped/>
  </testcase> <!-- Settings_Store_Information -->
  <system-out/>
  <testcase classname="com.Test.AllClassCalling_Settings" name="Settings_Notifications" time="0.000">
    <skipped/>
  </testcase> <!-- Settings_Notifications -->
  <system-out/>
  <testcase classname="com.Test.AllClassCalling_Settings" name="Settings_Additional_Settings" time="0.000">
    <skipped/>
  </testcase> <!-- Settings_Additional_Settings -->
  <system-out/>
  <testcase classname="com.Test.AllClassCalling_Settings" name="Settings_Batch_Settings" time="0.000">
    <skipped/>
  </testcase> <!-- Settings_Batch_Settings -->
  <system-out/>
  <testcase classname="com.Test.AllClassCalling_Settings" name="Settings_Email_Receipt_Template" time="0.000">
    <skipped/>
  </testcase> <!-- Settings_Email_Receipt_Template -->
  <system-out/>
  <testcase classname="com.Test.AllClassCalling_Settings" name="Settings_Integrations_WebHook" time="0.000">
    <skipped/>
  </testcase> <!-- Settings_Integrations_WebHook -->
  <system-out/>
  <testcase classname="com.Test.AllClassCalling_Settings" name="Settings_Report_MatrixReport" time="0.000">
    <skipped/>
  </testcase> <!-- Settings_Report_MatrixReport -->
  <system-out/>
  <testcase classname="com.Test.AllClassCalling_Settings" name="Settings_Revenue_Center" time="0.000">
    <skipped/>
  </testcase> <!-- Settings_Revenue_Center -->
  <system-out/>
  <testcase classname="com.Test.AllClassCalling_Settings" name="Settings_WaitList" time="0.000">
    <skipped/>
  </testcase> <!-- Settings_WaitList -->
  <system-out/>
  <testcase classname="com.Test.AllClassCalling_Settings" name="Settings_General_Settings" time="0.000">
    <skipped/>
  </testcase> <!-- Settings_General_Settings -->
  <system-out/>
  <testcase classname="com.Test.AllClassCalling_Settings" name="Settings_Store_Licenses" time="0.000">
    <skipped/>
  </testcase> <!-- Settings_Store_Licenses -->
  <system-out/>
  <testcase classname="com.Test.AllClassCalling_Settings" name="Settings_Kitchen_Printers" time="0.000">
    <skipped/>
  </testcase> <!-- Settings_Kitchen_Printers -->
  <system-out/>
  <testcase classname="com.Test.AllClassCalling_Settings" name="Settings_Receipt_Printers" time="0.000">
    <skipped/>
  </testcase> <!-- Settings_Receipt_Printers -->
  <system-out/>
  <testcase classname="com.Test.AllClassCalling_Settings" name="Settings_Label_Printers" time="0.000">
    <skipped/>
  </testcase> <!-- Settings_Label_Printers -->
  <system-out/>
  <testcase classname="com.Test.AllClassCalling_Settings" name="Settings_AccountBalance" time="0.000">
    <skipped/>
  </testcase> <!-- Settings_AccountBalance -->
  <system-out/>
  <testcase classname="com.Test.AllClassCalling_Settings" name="Settings_POS_Custom_URL" time="0.000">
    <skipped/>
  </testcase> <!-- Settings_POS_Custom_URL -->
  <system-out/>
  <testcase classname="com.Test.AllClassCalling_Settings" name="Settings_StoreInventory" time="0.000">
    <skipped/>
  </testcase> <!-- Settings_StoreInventory -->
  <system-out/>
  <testcase classname="com.Test.AllClassCalling_Settings" name="Settings_EMV_Settings" time="0.000">
    <skipped/>
  </testcase> <!-- Settings_EMV_Settings -->
  <system-out/>
  <testcase classname="com.Test.AllClassCalling_Settings" name="Settings_Sale_Recap_Report" time="0.000">
    <skipped/>
  </testcase> <!-- Settings_Sale_Recap_Report -->
  <system-out/>
  <testcase classname="com.Test.AllClassCalling_Settings" name="Settings_Payment_Settings_and_Service_Charge" time="0.000">
    <skipped/>
  </testcase> <!-- Settings_Payment_Settings_and_Service_Charge -->
  <system-out/>
  <testcase classname="com.Test.AllClassCalling_Settings" name="Settings_Payment_Methods" time="0.000">
    <skipped/>
  </testcase> <!-- Settings_Payment_Methods -->
  <system-out/>
  <testcase classname="com.Test.AllClassCalling_Settings" name="Settings_Label_Template" time="0.000">
    <skipped/>
  </testcase> <!-- Settings_Label_Template -->
  <system-out/>
  <testcase classname="com.Test.AllClassCalling_Settings" name="Settings_KDS_Configuration" time="0.000">
    <skipped/>
  </testcase> <!-- Settings_KDS_Configuration -->
  <system-out/>
  <testcase classname="com.Test.AllClassCalling_Settings" name="Settings_Front_End_Receipt_Template" time="0.000">
    <skipped/>
  </testcase> <!-- Settings_Front_End_Receipt_Template -->
  <system-out/>
  <testcase classname="com.Test.AllClassCalling_Settings" name="Settings_Kitchen_Printer_Template" time="0.000">
    <skipped/>
  </testcase> <!-- Settings_Kitchen_Printer_Template -->
  <system-out/>
  <testcase classname="com.Test.AllClassCalling_Settings" name="Settings_Table_Layout" time="0.000">
    <skipped/>
  </testcase> <!-- Settings_Table_Layout -->
  <system-out/>
  <testcase classname="com.Test.AllClassCalling_Settings" name="Settings_ThirdPartyIntegrations" time="0.000">
    <skipped/>
  </testcase> <!-- Settings_ThirdPartyIntegrations -->
  <system-out/>
  <testcase classname="com.Test.AllClassCalling_Settings" name="Settings_Printer_Rerouting" time="0.000">
    <skipped/>
  </testcase> <!-- Settings_Printer_Rerouting -->
  <system-out/>
  <testcase classname="com.Test.AllClassCalling_Settings" name="Settings_TipOut_TipSharing" time="0.000">
    <skipped/>
  </testcase> <!-- Settings_TipOut_TipSharing -->
  <system-out/>
  <testcase classname="com.Test.AllClassCalling_Settings" name="End_Settings" time="0.000">
    <skipped/>
  </testcase> <!-- End_Settings -->
  <system-out/>
  <testcase classname="com.Test.AllClassCalling_Settings" name="logout" time="0.000">
    <skipped/>
  </testcase> <!-- logout -->
  <system-out/>
  <testcase classname="com.Test.AllClassCalling_Settings" name="Settings_Business_Hours">
    <skipped/>
  </testcase> <!-- Settings_Business_Hours -->
  <system-out/>
</testsuite> <!-- com.Test.AllClassCalling_Settings -->
