<?xml version="1.0" encoding="UTF-8"?>
<!-- Generated by org.testng.reporters.JUnitReportReporter -->
<testsuite skipped="14" hostname="INL-JVNGDL3" name="com.Test.Product_Items_AddEditDelete_MixAndMatch_Discount" tests="17" failures="0" timestamp="2023-02-20T14:21:17 IST" time="340.323" errors="1">
  <testcase name="Login" time="66.027" classname="com.Test.Product_Items_AddEditDelete_MixAndMatch_Discount"/>
  <system-out/>
  <testcase name="Calling" time="274.058" classname="com.Test.Product_Items_AddEditDelete_MixAndMatch_Discount">
    <error type="org.openqa.selenium.NoSuchElementException" message="no such element: Unable to locate element: {&quot;method&quot;:&quot;xpath&quot;,&quot;selector&quot;:&quot;//input[@data-placeholder=&#039;Search&#039;]&quot;}
  (Session info: chrome=110.0.5481.104)
For documentation on this error, please visit: https://selenium.dev/exceptions/#no_such_element
Build info: version: &#039;4.4.0&#039;, revision: &#039;e5c75ed026a&#039;
System info: host: &#039;INL-JVNGDL3&#039;, ip: &#039;10.10.123.216&#039;, os.name: &#039;Windows 10&#039;, os.arch: &#039;amd64&#039;, os.version: &#039;10.0&#039;, java.version: &#039;1.8.0_351&#039;
Driver info: org.openqa.selenium.chrome.ChromeDriver
Command: [29b16e0a0170b58c493912f5cac4a296, findElement {using=xpath, value=//input[@data-placeholder=&#039;Search&#039;]}]
Capabilities {acceptInsecureCerts: false, browserName: chrome, browserVersion: 110.0.5481.104, chrome: {chromedriverVersion: 110.0.5481.77 (65ed616c6e8e..., userDataDir: C:\Users\raja.s\AppData\Loc...}, goog:chromeOptions: {debuggerAddress: localhost:52875}, networkConnectionEnabled: false, pageLoadStrategy: normal, platformName: WINDOWS, proxy: Proxy(), se:cdp: ws://localhost:52875/devtoo..., se:cdpVersion: 110.0.5481.104, setWindowRect: true, strictFileInteractability: false, timeouts: {implicit: 0, pageLoad: 300000, script: 30000}, unhandledPromptBehavior: dismiss and notify, webauthn:extension:credBlob: true, webauthn:extension:largeBlob: true, webauthn:virtualAuthenticators: true}
Session ID: 29b16e0a0170b58c493912f5cac4a296">
      <![CDATA[org.openqa.selenium.NoSuchElementException: no such element: Unable to locate element: {"method":"xpath","selector":"//input[@data-placeholder='Search']"}
  (Session info: chrome=110.0.5481.104)
For documentation on this error, please visit: https://selenium.dev/exceptions/#no_such_element
Build info: version: '4.4.0', revision: 'e5c75ed026a'
System info: host: 'INL-JVNGDL3', ip: '10.10.123.216', os.name: 'Windows 10', os.arch: 'amd64', os.version: '10.0', java.version: '1.8.0_351'
Driver info: org.openqa.selenium.chrome.ChromeDriver
Command: [29b16e0a0170b58c493912f5cac4a296, findElement {using=xpath, value=//input[@data-placeholder='Search']}]
Capabilities {acceptInsecureCerts: false, browserName: chrome, browserVersion: 110.0.5481.104, chrome: {chromedriverVersion: 110.0.5481.77 (65ed616c6e8e..., userDataDir: C:\Users\raja.s\AppData\Loc...}, goog:chromeOptions: {debuggerAddress: localhost:52875}, networkConnectionEnabled: false, pageLoadStrategy: normal, platformName: WINDOWS, proxy: Proxy(), se:cdp: ws://localhost:52875/devtoo..., se:cdpVersion: 110.0.5481.104, setWindowRect: true, strictFileInteractability: false, timeouts: {implicit: 0, pageLoad: 300000, script: 30000}, unhandledPromptBehavior: dismiss and notify, webauthn:extension:credBlob: true, webauthn:extension:largeBlob: true, webauthn:virtualAuthenticators: true}
Session ID: 29b16e0a0170b58c493912f5cac4a296
at sun.reflect.NativeConstructorAccessorImpl.newInstance0(Native Method)
at sun.reflect.NativeConstructorAccessorImpl.newInstance(Unknown Source)
at sun.reflect.DelegatingConstructorAccessorImpl.newInstance(Unknown Source)
at java.lang.reflect.Constructor.newInstance(Unknown Source)
at org.openqa.selenium.remote.codec.w3c.W3CHttpResponseCodec.createException(W3CHttpResponseCodec.java:200)
at org.openqa.selenium.remote.codec.w3c.W3CHttpResponseCodec.decode(W3CHttpResponseCodec.java:133)
at org.openqa.selenium.remote.codec.w3c.W3CHttpResponseCodec.decode(W3CHttpResponseCodec.java:53)
at org.openqa.selenium.remote.HttpCommandExecutor.execute(HttpCommandExecutor.java:184)
at org.openqa.selenium.remote.service.DriverCommandExecutor.invokeExecute(DriverCommandExecutor.java:167)
at org.openqa.selenium.remote.service.DriverCommandExecutor.execute(DriverCommandExecutor.java:142)
at org.openqa.selenium.remote.RemoteWebDriver.execute(RemoteWebDriver.java:547)
at org.openqa.selenium.remote.ElementLocation$ElementFinder$2.findElement(ElementLocation.java:162)
at org.openqa.selenium.remote.ElementLocation.findElement(ElementLocation.java:60)
at org.openqa.selenium.remote.RemoteWebDriver.findElement(RemoteWebDriver.java:365)
at org.openqa.selenium.remote.RemoteWebDriver.findElement(RemoteWebDriver.java:357)
at org.openqa.selenium.support.pagefactory.DefaultElementLocator.findElement(DefaultElementLocator.java:70)
at org.openqa.selenium.support.pagefactory.internal.LocatingElementHandler.invoke(LocatingElementHandler.java:39)
at com.sun.proxy.$Proxy14.clear(Unknown Source)
at com.Pages.Common_XPaths.SearchAndClickEdit(Common_XPaths.java:536)
at com.Test.Product_Items_AddEditDelete_MixAndMatch_Discount.Edit_and_Close_Cancel_Mix_and_Match_Discount(Product_Items_AddEditDelete_MixAndMatch_Discount.java:407)
at com.Test.Product_Items_AddEditDelete_MixAndMatch_Discount.Calling(Product_Items_AddEditDelete_MixAndMatch_Discount.java:113)
at sun.reflect.NativeMethodAccessorImpl.invoke0(Native Method)
at sun.reflect.NativeMethodAccessorImpl.invoke(Unknown Source)
at sun.reflect.DelegatingMethodAccessorImpl.invoke(Unknown Source)
at java.lang.reflect.Method.invoke(Unknown Source)
at org.testng.internal.MethodInvocationHelper.invokeMethod(MethodInvocationHelper.java:133)
at org.testng.internal.TestInvoker.invokeMethod(TestInvoker.java:598)
at org.testng.internal.TestInvoker.invokeTestMethod(TestInvoker.java:173)
at org.testng.internal.MethodRunner.runInSequence(MethodRunner.java:46)
at org.testng.internal.TestInvoker$MethodInvocationAgent.invoke(TestInvoker.java:824)
at org.testng.internal.TestInvoker.invokeTestMethods(TestInvoker.java:146)
at org.testng.internal.TestMethodWorker.invokeTestMethods(TestMethodWorker.java:146)
at org.testng.internal.TestMethodWorker.run(TestMethodWorker.java:128)
at java.util.ArrayList.forEach(Unknown Source)
at org.testng.TestRunner.privateRun(TestRunner.java:794)
at org.testng.TestRunner.run(TestRunner.java:596)
at org.testng.SuiteRunner.runTest(SuiteRunner.java:377)
at org.testng.SuiteRunner.runSequentially(SuiteRunner.java:371)
at org.testng.SuiteRunner.privateRun(SuiteRunner.java:332)
at org.testng.SuiteRunner.run(SuiteRunner.java:276)
at org.testng.SuiteRunnerWorker.runSuite(SuiteRunnerWorker.java:53)
at org.testng.SuiteRunnerWorker.run(SuiteRunnerWorker.java:96)
at org.testng.TestNG.runSuitesSequentially(TestNG.java:1212)
at org.testng.TestNG.runSuitesLocally(TestNG.java:1134)
at org.testng.TestNG.runSuites(TestNG.java:1063)
at org.testng.TestNG.run(TestNG.java:1031)
at org.testng.remote.AbstractRemoteTestNG.run(AbstractRemoteTestNG.java:115)
at org.testng.remote.RemoteTestNG.initAndRun(RemoteTestNG.java:251)
at org.testng.remote.RemoteTestNG.main(RemoteTestNG.java:77)
]]>
    </error>
  </testcase> <!-- Calling -->
  <system-out/>
  <testcase name="LogOut" time="0.238" classname="com.Test.Product_Items_AddEditDelete_MixAndMatch_Discount"/>
  <system-out/>
  <testcase name="Edit_and_Update_Mix_and_Match_DiscountType_Comp" classname="com.Test.Product_Items_AddEditDelete_MixAndMatch_Discount">
    <skipped/>
  </testcase> <!-- Edit_and_Update_Mix_and_Match_DiscountType_Comp -->
  <system-out/>
  <testcase name="Edit_and_Update_Mix_and_Match_Discount_Specific_Date" classname="com.Test.Product_Items_AddEditDelete_MixAndMatch_Discount">
    <skipped/>
  </testcase> <!-- Edit_and_Update_Mix_and_Match_Discount_Specific_Date -->
  <system-out/>
  <testcase name="Edit_and_Update_Mix_and_Match_Discount_DateRangeWithTime" classname="com.Test.Product_Items_AddEditDelete_MixAndMatch_Discount">
    <skipped/>
  </testcase> <!-- Edit_and_Update_Mix_and_Match_Discount_DateRangeWithTime -->
  <system-out/>
  <testcase name="Add_Mix_and_Match_Discount" classname="com.Test.Product_Items_AddEditDelete_MixAndMatch_Discount">
    <skipped/>
  </testcase> <!-- Add_Mix_and_Match_Discount -->
  <system-out/>
  <testcase name="Open_Mix_and_Match_Discount_Page" classname="com.Test.Product_Items_AddEditDelete_MixAndMatch_Discount">
    <skipped/>
  </testcase> <!-- Open_Mix_and_Match_Discount_Page -->
  <system-out/>
  <testcase name="Edit_and_Close_Cancel_Mix_and_Match_Discount" classname="com.Test.Product_Items_AddEditDelete_MixAndMatch_Discount">
    <skipped/>
  </testcase> <!-- Edit_and_Close_Cancel_Mix_and_Match_Discount -->
  <system-out/>
  <testcase name="Delete_and_Active_Inactive_Mix_and_Match_Discount" classname="com.Test.Product_Items_AddEditDelete_MixAndMatch_Discount">
    <skipped/>
  </testcase> <!-- Delete_and_Active_Inactive_Mix_and_Match_Discount -->
  <system-out/>
  <testcase name="Edit_and_Update_Mix_and_Match_Discount_DaysOfMonth" classname="com.Test.Product_Items_AddEditDelete_MixAndMatch_Discount">
    <skipped/>
  </testcase> <!-- Edit_and_Update_Mix_and_Match_Discount_DaysOfMonth -->
  <system-out/>
  <testcase name="RefreshAndPaginination" classname="com.Test.Product_Items_AddEditDelete_MixAndMatch_Discount">
    <skipped/>
  </testcase> <!-- RefreshAndPaginination -->
  <system-out/>
  <testcase name="Edit_and_Update_Mix_and_Match_Discount_DaysOfWeek" classname="com.Test.Product_Items_AddEditDelete_MixAndMatch_Discount">
    <skipped/>
  </testcase> <!-- Edit_and_Update_Mix_and_Match_Discount_DaysOfWeek -->
  <system-out/>
  <testcase name="Edit_and_Update_Mix_and_Match_Discount_DateRange" classname="com.Test.Product_Items_AddEditDelete_MixAndMatch_Discount">
    <skipped/>
  </testcase> <!-- Edit_and_Update_Mix_and_Match_Discount_DateRange -->
  <system-out/>
  <testcase name="Edit_and_Update_Mix_and_Match_Discount_DiscountType_Loyalty" classname="com.Test.Product_Items_AddEditDelete_MixAndMatch_Discount">
    <skipped/>
  </testcase> <!-- Edit_and_Update_Mix_and_Match_Discount_DiscountType_Loyalty -->
  <system-out/>
  <testcase name="Edit_and_Update_Mix_and_Match_Discount_DiscountType_Donation" classname="com.Test.Product_Items_AddEditDelete_MixAndMatch_Discount">
    <skipped/>
  </testcase> <!-- Edit_and_Update_Mix_and_Match_Discount_DiscountType_Donation -->
  <system-out/>
  <testcase name="Create_Duplicate_Mix_and_Match_Discount" classname="com.Test.Product_Items_AddEditDelete_MixAndMatch_Discount">
    <skipped/>
  </testcase> <!-- Create_Duplicate_Mix_and_Match_Discount -->
  <system-out/>
</testsuite> <!-- com.Test.Product_Items_AddEditDelete_MixAndMatch_Discount -->
