<?xml version="1.0" encoding="UTF-8"?>
<!-- Generated by org.testng.reporters.JUnitReportReporter -->
<testsuite hostname="INL-JVNGDL3" failures="0" tests="17" name="com.Test.Reports_Tax_Report" time="241.303" errors="1" timestamp="2023-05-03T19:22:14 IST" skipped="14">
  <testcase classname="com.Test.Reports_Tax_Report" name="Login" time="78.098"/>
  <system-out/>
  <testcase classname="com.Test.Reports_Tax_Report" name="Calling" time="158.812">
    <error message="no such element: Unable to locate element: {&quot;method&quot;:&quot;xpath&quot;,&quot;selector&quot;:&quot;//div[contains(.,&#039;Total&#039;)]/../div[2]/span&quot;}
  (Session info: chrome=112.0.5615.138)
For documentation on this error, please visit: https://selenium.dev/exceptions/#no_such_element
Build info: version: &#039;4.4.0&#039;, revision: &#039;e5c75ed026a&#039;
System info: host: &#039;INL-JVNGDL3&#039;, ip: &#039;10.10.126.220&#039;, os.name: &#039;Windows 10&#039;, os.arch: &#039;amd64&#039;, os.version: &#039;10.0&#039;, java.version: &#039;17.0.6&#039;
Driver info: org.openqa.selenium.chrome.ChromeDriver
Command: [aacfbd26ce3112f175ef1db88bae1789, findElement {using=xpath, value=//div[contains(.,&#039;Total&#039;)]/../div[2]/span}]
Capabilities {acceptInsecureCerts: false, browserName: chrome, browserVersion: 112.0.5615.138, chrome: {chromedriverVersion: 112.0.5615.49 (bd2a7bcb881c..., userDataDir: C:\Users\raja.s\AppData\Loc...}, goog:chromeOptions: {debuggerAddress: localhost:63493}, networkConnectionEnabled: false, pageLoadStrategy: normal, platformName: WINDOWS, proxy: Proxy(), se:cdp: ws://localhost:63493/devtoo..., se:cdpVersion: 112.0.5615.138, setWindowRect: true, strictFileInteractability: false, timeouts: {implicit: 0, pageLoad: 300000, script: 30000}, unhandledPromptBehavior: dismiss and notify, webauthn:extension:credBlob: true, webauthn:extension:largeBlob: true, webauthn:extension:minPinLength: true, webauthn:extension:prf: true, webauthn:virtualAuthenticators: true}
Session ID: aacfbd26ce3112f175ef1db88bae1789" type="org.openqa.selenium.NoSuchElementException">
      <![CDATA[org.openqa.selenium.NoSuchElementException: no such element: Unable to locate element: {"method":"xpath","selector":"//div[contains(.,'Total')]/../div[2]/span"}
  (Session info: chrome=112.0.5615.138)
For documentation on this error, please visit: https://selenium.dev/exceptions/#no_such_element
Build info: version: '4.4.0', revision: 'e5c75ed026a'
System info: host: 'INL-JVNGDL3', ip: '10.10.126.220', os.name: 'Windows 10', os.arch: 'amd64', os.version: '10.0', java.version: '17.0.6'
Driver info: org.openqa.selenium.chrome.ChromeDriver
Command: [aacfbd26ce3112f175ef1db88bae1789, findElement {using=xpath, value=//div[contains(.,'Total')]/../div[2]/span}]
Capabilities {acceptInsecureCerts: false, browserName: chrome, browserVersion: 112.0.5615.138, chrome: {chromedriverVersion: 112.0.5615.49 (bd2a7bcb881c..., userDataDir: C:\Users\raja.s\AppData\Loc...}, goog:chromeOptions: {debuggerAddress: localhost:63493}, networkConnectionEnabled: false, pageLoadStrategy: normal, platformName: WINDOWS, proxy: Proxy(), se:cdp: ws://localhost:63493/devtoo..., se:cdpVersion: 112.0.5615.138, setWindowRect: true, strictFileInteractability: false, timeouts: {implicit: 0, pageLoad: 300000, script: 30000}, unhandledPromptBehavior: dismiss and notify, webauthn:extension:credBlob: true, webauthn:extension:largeBlob: true, webauthn:extension:minPinLength: true, webauthn:extension:prf: true, webauthn:virtualAuthenticators: true}
Session ID: aacfbd26ce3112f175ef1db88bae1789
at java.base/jdk.internal.reflect.NativeConstructorAccessorImpl.newInstance0(Native Method)
at java.base/jdk.internal.reflect.NativeConstructorAccessorImpl.newInstance(NativeConstructorAccessorImpl.java:77)
at java.base/jdk.internal.reflect.DelegatingConstructorAccessorImpl.newInstance(DelegatingConstructorAccessorImpl.java:45)
at java.base/java.lang.reflect.Constructor.newInstanceWithCaller(Constructor.java:499)
at java.base/java.lang.reflect.Constructor.newInstance(Constructor.java:480)
at org.openqa.selenium.remote.codec.w3c.W3CHttpResponseCodec.createException(W3CHttpResponseCodec.java:200)
at org.openqa.selenium.remote.codec.w3c.W3CHttpResponseCodec.decode(W3CHttpResponseCodec.java:133)
at org.openqa.selenium.remote.codec.w3c.W3CHttpResponseCodec.decode(W3CHttpResponseCodec.java:53)
at org.openqa.selenium.remote.HttpCommandExecutor.execute(HttpCommandExecutor.java:184)
at org.openqa.selenium.remote.service.DriverCommandExecutor.invokeExecute(DriverCommandExecutor.java:167)
at org.openqa.selenium.remote.service.DriverCommandExecutor.execute(DriverCommandExecutor.java:142)
at org.openqa.selenium.remote.RemoteWebDriver.execute(RemoteWebDriver.java:547)
at org.openqa.selenium.remote.ElementLocation$ElementFinder$2.findElement(ElementLocation.java:162)
at org.openqa.selenium.remote.ElementLocation.findElement(ElementLocation.java:60)
at org.openqa.selenium.remote.RemoteWebDriver.findElement(RemoteWebDriver.java:365)
at org.openqa.selenium.remote.RemoteWebDriver.findElement(RemoteWebDriver.java:357)
at com.Test.Reports_Tax_Report.Tax_Report_Verify_Tax_Search(Reports_Tax_Report.java:243)
at com.Test.Reports_Tax_Report.Calling(Reports_Tax_Report.java:118)
at java.base/jdk.internal.reflect.NativeMethodAccessorImpl.invoke0(Native Method)
at java.base/jdk.internal.reflect.NativeMethodAccessorImpl.invoke(NativeMethodAccessorImpl.java:77)
at java.base/jdk.internal.reflect.DelegatingMethodAccessorImpl.invoke(DelegatingMethodAccessorImpl.java:43)
at java.base/java.lang.reflect.Method.invoke(Method.java:568)
at org.testng.internal.MethodInvocationHelper.invokeMethod(MethodInvocationHelper.java:133)
at org.testng.internal.TestInvoker.invokeMethod(TestInvoker.java:598)
at org.testng.internal.TestInvoker.invokeTestMethod(TestInvoker.java:173)
at org.testng.internal.MethodRunner.runInSequence(MethodRunner.java:46)
at org.testng.internal.TestInvoker$MethodInvocationAgent.invoke(TestInvoker.java:824)
at org.testng.internal.TestInvoker.invokeTestMethods(TestInvoker.java:146)
at org.testng.internal.TestMethodWorker.invokeTestMethods(TestMethodWorker.java:146)
at org.testng.internal.TestMethodWorker.run(TestMethodWorker.java:128)
at java.base/java.util.ArrayList.forEach(ArrayList.java:1511)
at org.testng.TestRunner.privateRun(TestRunner.java:794)
at org.testng.TestRunner.run(TestRunner.java:596)
at org.testng.SuiteRunner.runTest(SuiteRunner.java:377)
at org.testng.SuiteRunner.runSequentially(SuiteRunner.java:371)
at org.testng.SuiteRunner.privateRun(SuiteRunner.java:332)
at org.testng.SuiteRunner.run(SuiteRunner.java:276)
at org.testng.SuiteRunnerWorker.runSuite(SuiteRunnerWorker.java:53)
at org.testng.SuiteRunnerWorker.run(SuiteRunnerWorker.java:96)
at org.testng.TestNG.runSuitesSequentially(TestNG.java:1212)
at org.testng.TestNG.runSuitesLocally(TestNG.java:1134)
at org.testng.TestNG.runSuites(TestNG.java:1063)
at org.testng.TestNG.run(TestNG.java:1031)
at org.testng.remote.AbstractRemoteTestNG.run(AbstractRemoteTestNG.java:115)
at org.testng.remote.RemoteTestNG.initAndRun(RemoteTestNG.java:251)
at org.testng.remote.RemoteTestNG.main(RemoteTestNG.java:77)
]]>
    </error>
  </testcase> <!-- Calling -->
  <system-out/>
  <testcase classname="com.Test.Reports_Tax_Report" name="LogOut" time="4.393"/>
  <system-out/>
  <testcase classname="com.Test.Reports_Tax_Report" name="Tax_Report_This_Month">
    <skipped/>
  </testcase> <!-- Tax_Report_This_Month -->
  <system-out/>
  <testcase classname="com.Test.Reports_Tax_Report" name="Tax_Report_Last_7_Days">
    <skipped/>
  </testcase> <!-- Tax_Report_Last_7_Days -->
  <system-out/>
  <testcase classname="com.Test.Reports_Tax_Report" name="RefreshAndPaginination">
    <skipped/>
  </testcase> <!-- RefreshAndPaginination -->
  <system-out/>
  <testcase classname="com.Test.Reports_Tax_Report" name="Tax_Report_Today">
    <skipped/>
  </testcase> <!-- Tax_Report_Today -->
  <system-out/>
  <testcase classname="com.Test.Reports_Tax_Report" name="Tax_Report_Last_N_Days">
    <skipped/>
  </testcase> <!-- Tax_Report_Last_N_Days -->
  <system-out/>
  <testcase classname="com.Test.Reports_Tax_Report" name="Tax_Report_This_Week">
    <skipped/>
  </testcase> <!-- Tax_Report_This_Week -->
  <system-out/>
  <testcase classname="com.Test.Reports_Tax_Report" name="Tax_Report_Verify_Tax_Search">
    <skipped/>
  </testcase> <!-- Tax_Report_Verify_Tax_Search -->
  <system-out/>
  <testcase classname="com.Test.Reports_Tax_Report" name="Tax_Report_Last_30_Days">
    <skipped/>
  </testcase> <!-- Tax_Report_Last_30_Days -->
  <system-out/>
  <testcase classname="com.Test.Reports_Tax_Report" name="Tax_Report_Date_Range">
    <skipped/>
  </testcase> <!-- Tax_Report_Date_Range -->
  <system-out/>
  <testcase classname="com.Test.Reports_Tax_Report" name="Tax_Report_Last_Month">
    <skipped/>
  </testcase> <!-- Tax_Report_Last_Month -->
  <system-out/>
  <testcase classname="com.Test.Reports_Tax_Report" name="Tax_Report_Specific_Date">
    <skipped/>
  </testcase> <!-- Tax_Report_Specific_Date -->
  <system-out/>
  <testcase classname="com.Test.Reports_Tax_Report" name="Tax_Report_Yesterday">
    <skipped/>
  </testcase> <!-- Tax_Report_Yesterday -->
  <system-out/>
  <testcase classname="com.Test.Reports_Tax_Report" name="Tax_Report_Last_Week">
    <skipped/>
  </testcase> <!-- Tax_Report_Last_Week -->
  <system-out/>
  <testcase classname="com.Test.Reports_Tax_Report" name="Open_Tax_Report_Page">
    <skipped/>
  </testcase> <!-- Open_Tax_Report_Page -->
  <system-out/>
</testsuite> <!-- com.Test.Reports_Tax_Report -->
