<?xml version="1.0" encoding="UTF-8"?>
<!-- Generated by org.testng.reporters.JUnitReportReporter -->
<testsuite hostname="INL-JVNGDL3" failures="0" tests="21" name="com.Test.All_Dashboard_Old_BO" time="41.551" errors="2" timestamp="2023-11-06T16:06:08 IST" skipped="19">
  <testcase classname="com.Test.All_Dashboard_Old_BO" name="TestFail" time="0.005">
    <error message="Cannot invoke &quot;com.epam.healenium.SelfHealingDriver.getDelegate()&quot; because &quot;this.driver&quot; is null" type="java.lang.NullPointerException">
      <![CDATA[java.lang.NullPointerException: Cannot invoke "com.epam.healenium.SelfHealingDriver.getDelegate()" because "this.driver" is null
at com.Test.All_Dashboard_Old_BO.TestFail(All_Dashboard_Old_BO.java:60)
at java.base/jdk.internal.reflect.NativeMethodAccessorImpl.invoke0(Native Method)
at java.base/jdk.internal.reflect.NativeMethodAccessorImpl.invoke(NativeMethodAccessorImpl.java:77)
at java.base/jdk.internal.reflect.DelegatingMethodAccessorImpl.invoke(DelegatingMethodAccessorImpl.java:43)
at java.base/java.lang.reflect.Method.invoke(Method.java:568)
at org.testng.internal.invokers.MethodInvocationHelper.invokeMethod(MethodInvocationHelper.java:139)
at org.testng.internal.invokers.MethodInvocationHelper.invokeMethodConsideringTimeout(MethodInvocationHelper.java:69)
at org.testng.internal.invokers.ConfigInvoker.invokeConfigurationMethod(ConfigInvoker.java:390)
at org.testng.internal.invokers.ConfigInvoker.invokeConfigurations(ConfigInvoker.java:325)
at org.testng.internal.invokers.TestInvoker.runConfigMethods(TestInvoker.java:810)
at org.testng.internal.invokers.TestInvoker.runAfterConfigurations(TestInvoker.java:779)
at org.testng.internal.invokers.TestInvoker.invokeMethod(TestInvoker.java:755)
at org.testng.internal.invokers.TestInvoker.invokeTestMethod(TestInvoker.java:227)
at org.testng.internal.invokers.MethodRunner.runInSequence(MethodRunner.java:50)
at org.testng.internal.invokers.TestInvoker$MethodInvocationAgent.invoke(TestInvoker.java:957)
at org.testng.internal.invokers.TestInvoker.invokeTestMethods(TestInvoker.java:200)
at org.testng.internal.invokers.TestMethodWorker.invokeTestMethods(TestMethodWorker.java:148)
at org.testng.internal.invokers.TestMethodWorker.run(TestMethodWorker.java:128)
at java.base/java.util.ArrayList.forEach(ArrayList.java:1511)
at org.testng.TestRunner.privateRun(TestRunner.java:848)
at org.testng.TestRunner.run(TestRunner.java:621)
at org.testng.SuiteRunner.runTest(SuiteRunner.java:443)
at org.testng.SuiteRunner.runSequentially(SuiteRunner.java:437)
at org.testng.SuiteRunner.privateRun(SuiteRunner.java:397)
at org.testng.SuiteRunner.run(SuiteRunner.java:336)
at org.testng.SuiteRunnerWorker.runSuite(SuiteRunnerWorker.java:52)
at org.testng.SuiteRunnerWorker.run(SuiteRunnerWorker.java:95)
at org.testng.TestNG.runSuitesSequentially(TestNG.java:1280)
at org.testng.TestNG.runSuitesLocally(TestNG.java:1200)
at org.testng.TestNG.runSuites(TestNG.java:1114)
at org.testng.TestNG.run(TestNG.java:1082)
at org.testng.remote.AbstractRemoteTestNG.run(AbstractRemoteTestNG.java:115)
at org.testng.remote.RemoteTestNG.initAndRun(RemoteTestNG.java:251)
at org.testng.remote.RemoteTestNG.main(RemoteTestNG.java:77)
]]>
    </error>
  </testcase> <!-- TestFail -->
  <testcase classname="com.Test.All_Dashboard_Old_BO" name="Login" time="41.546">
    <error message="java.net.ConnectException: Connection refused: no further information: localhost/[0:0:0:0:0:0:0:1]:7878" type="java.io.UncheckedIOException">
      <![CDATA[java.io.UncheckedIOException: java.net.ConnectException: Connection refused: no further information: localhost/[0:0:0:0:0:0:0:1]:7878
at org.openqa.selenium.remote.http.netty.NettyHttpHandler.makeCall(NettyHttpHandler.java:73)
at org.openqa.selenium.remote.http.AddSeleniumUserAgent.lambda$apply$0(AddSeleniumUserAgent.java:42)
at org.openqa.selenium.remote.http.Filter.lambda$andFinally$1(Filter.java:55)
at org.openqa.selenium.remote.http.netty.NettyHttpHandler.execute(NettyHttpHandler.java:48)
at org.openqa.selenium.remote.http.AddSeleniumUserAgent.lambda$apply$0(AddSeleniumUserAgent.java:42)
at org.openqa.selenium.remote.http.Filter.lambda$andFinally$1(Filter.java:55)
at org.openqa.selenium.remote.http.netty.NettyClient.execute(NettyClient.java:97)
at com.epam.healenium.client.RestClient.getElements(RestClient.java:134)
at com.epam.healenium.SelfHealingEngine.loadStoredSelectors(SelfHealingEngine.java:173)
at com.epam.healenium.SelfHealingDriver.callInitActions(SelfHealingDriver.java:65)
at com.epam.healenium.SelfHealingDriver.create(SelfHealingDriver.java:42)
at com.Test.All_Dashboard_Old_BO.Login(All_Dashboard_Old_BO.java:89)
at java.base/jdk.internal.reflect.NativeMethodAccessorImpl.invoke0(Native Method)
at java.base/jdk.internal.reflect.NativeMethodAccessorImpl.invoke(NativeMethodAccessorImpl.java:77)
at java.base/jdk.internal.reflect.DelegatingMethodAccessorImpl.invoke(DelegatingMethodAccessorImpl.java:43)
at java.base/java.lang.reflect.Method.invoke(Method.java:568)
at org.testng.internal.invokers.MethodInvocationHelper.invokeMethod(MethodInvocationHelper.java:139)
at org.testng.internal.invokers.TestInvoker.invokeMethod(TestInvoker.java:664)
at org.testng.internal.invokers.TestInvoker.invokeTestMethod(TestInvoker.java:227)
at org.testng.internal.invokers.MethodRunner.runInSequence(MethodRunner.java:50)
at org.testng.internal.invokers.TestInvoker$MethodInvocationAgent.invoke(TestInvoker.java:957)
at org.testng.internal.invokers.TestInvoker.invokeTestMethods(TestInvoker.java:200)
at org.testng.internal.invokers.TestMethodWorker.invokeTestMethods(TestMethodWorker.java:148)
at org.testng.internal.invokers.TestMethodWorker.run(TestMethodWorker.java:128)
at java.base/java.util.ArrayList.forEach(ArrayList.java:1511)
at org.testng.TestRunner.privateRun(TestRunner.java:848)
at org.testng.TestRunner.run(TestRunner.java:621)
at org.testng.SuiteRunner.runTest(SuiteRunner.java:443)
at org.testng.SuiteRunner.runSequentially(SuiteRunner.java:437)
at org.testng.SuiteRunner.privateRun(SuiteRunner.java:397)
at org.testng.SuiteRunner.run(SuiteRunner.java:336)
at org.testng.SuiteRunnerWorker.runSuite(SuiteRunnerWorker.java:52)
at org.testng.SuiteRunnerWorker.run(SuiteRunnerWorker.java:95)
at org.testng.TestNG.runSuitesSequentially(TestNG.java:1280)
at org.testng.TestNG.runSuitesLocally(TestNG.java:1200)
at org.testng.TestNG.runSuites(TestNG.java:1114)
at org.testng.TestNG.run(TestNG.java:1082)
at org.testng.remote.AbstractRemoteTestNG.run(AbstractRemoteTestNG.java:115)
at org.testng.remote.RemoteTestNG.initAndRun(RemoteTestNG.java:251)
at org.testng.remote.RemoteTestNG.main(RemoteTestNG.java:77)
Caused by: java.net.ConnectException: Connection refused: no further information: localhost/[0:0:0:0:0:0:0:1]:7878
at org.asynchttpclient.netty.channel.NettyConnectListener.onFailure(NettyConnectListener.java:179)
at org.asynchttpclient.netty.channel.NettyChannelConnector$1.onFailure(NettyChannelConnector.java:108)
at org.asynchttpclient.netty.SimpleChannelFutureListener.operationComplete(SimpleChannelFutureListener.java:28)
at org.asynchttpclient.netty.SimpleChannelFutureListener.operationComplete(SimpleChannelFutureListener.java:20)
at io.netty.util.concurrent.DefaultPromise.notifyListener0(DefaultPromise.java:590)
at io.netty.util.concurrent.DefaultPromise.notifyListeners0(DefaultPromise.java:583)
at io.netty.util.concurrent.DefaultPromise.notifyListenersNow(DefaultPromise.java:559)
at io.netty.util.concurrent.DefaultPromise.notifyListeners(DefaultPromise.java:492)
at io.netty.util.concurrent.DefaultPromise.setValue0(DefaultPromise.java:636)
at io.netty.util.concurrent.DefaultPromise.setFailure0(DefaultPromise.java:629)
at io.netty.util.concurrent.DefaultPromise.tryFailure(DefaultPromise.java:118)
at io.netty.channel.nio.AbstractNioChannel$AbstractNioUnsafe.fulfillConnectPromise(AbstractNioChannel.java:321)
at io.netty.channel.nio.AbstractNioChannel$AbstractNioUnsafe.finishConnect(AbstractNioChannel.java:337)
at io.netty.channel.nio.NioEventLoop.processSelectedKey(NioEventLoop.java:776)
at io.netty.channel.nio.NioEventLoop.processSelectedKeysOptimized(NioEventLoop.java:724)
at io.netty.channel.nio.NioEventLoop.processSelectedKeys(NioEventLoop.java:650)
at io.netty.channel.nio.NioEventLoop.run(NioEventLoop.java:562)
at io.netty.util.concurrent.SingleThreadEventExecutor$4.run(SingleThreadEventExecutor.java:997)
at io.netty.util.internal.ThreadExecutorMap$2.run(ThreadExecutorMap.java:74)
at io.netty.util.concurrent.FastThreadLocalRunnable.run(FastThreadLocalRunnable.java:30)
at java.base/java.lang.Thread.run(Thread.java:833)
Caused by: io.netty.channel.AbstractChannel$AnnotatedConnectException: Connection refused: no further information: localhost/[0:0:0:0:0:0:0:1]:7878
Caused by: java.net.ConnectException: Connection refused: no further information
at java.base/sun.nio.ch.Net.pollConnect(Native Method)
at java.base/sun.nio.ch.Net.pollConnectNow(Net.java:672)
at java.base/sun.nio.ch.SocketChannelImpl.finishConnect(SocketChannelImpl.java:946)
at io.netty.channel.socket.nio.NioSocketChannel.doFinishConnect(NioSocketChannel.java:337)
at io.netty.channel.nio.AbstractNioChannel$AbstractNioUnsafe.finishConnect(AbstractNioChannel.java:334)
at io.netty.channel.nio.NioEventLoop.processSelectedKey(NioEventLoop.java:776)
at io.netty.channel.nio.NioEventLoop.processSelectedKeysOptimized(NioEventLoop.java:724)
at io.netty.channel.nio.NioEventLoop.processSelectedKeys(NioEventLoop.java:650)
at io.netty.channel.nio.NioEventLoop.run(NioEventLoop.java:562)
at io.netty.util.concurrent.SingleThreadEventExecutor$4.run(SingleThreadEventExecutor.java:997)
at io.netty.util.internal.ThreadExecutorMap$2.run(ThreadExecutorMap.java:74)
at io.netty.util.concurrent.FastThreadLocalRunnable.run(FastThreadLocalRunnable.java:30)
at java.base/java.lang.Thread.run(Thread.java:833)
]]>
    </error>
  </testcase> <!-- Login -->
  <testcase classname="com.Test.All_Dashboard_Old_BO" name="Dashboard_Customers_Old_BO" time="0.000">
    <skipped/>
  </testcase> <!-- Dashboard_Customers_Old_BO -->
  <testcase classname="com.Test.All_Dashboard_Old_BO" name="Dashboard_Employees_Old_BO" time="0.000">
    <skipped/>
  </testcase> <!-- Dashboard_Employees_Old_BO -->
  <testcase classname="com.Test.All_Dashboard_Old_BO" name="Dashboard_Inventory_Old_BO" time="0.000">
    <skipped/>
  </testcase> <!-- Dashboard_Inventory_Old_BO -->
  <testcase classname="com.Test.All_Dashboard_Old_BO" name="Dashboard_KDS_Old_BO" time="0.000">
    <skipped/>
  </testcase> <!-- Dashboard_KDS_Old_BO -->
  <testcase classname="com.Test.All_Dashboard_Old_BO" name="Dashboard_Online_Ordering_Old_BO" time="0.000">
    <skipped/>
  </testcase> <!-- Dashboard_Online_Ordering_Old_BO -->
  <testcase classname="com.Test.All_Dashboard_Old_BO" name="Dashboard_Sales_Old_BO3" time="0.000">
    <skipped/>
  </testcase> <!-- Dashboard_Sales_Old_BO3 -->
  <testcase classname="com.Test.All_Dashboard_Old_BO" name="Old_BO_Category_Report_Date_Range1" time="0.000">
    <skipped/>
  </testcase> <!-- Old_BO_Category_Report_Date_Range1 -->
  <testcase classname="com.Test.All_Dashboard_Old_BO" name="Old_BO_Reports_Sale_Summary_Report" time="0.000">
    <skipped/>
  </testcase> <!-- Old_BO_Reports_Sale_Summary_Report -->
  <testcase classname="com.Test.All_Dashboard_Old_BO" name="Old_BO_Reports_Online_Sales_Report" time="0.000">
    <skipped/>
  </testcase> <!-- Old_BO_Reports_Online_Sales_Report -->
  <testcase classname="com.Test.All_Dashboard_Old_BO" name="Old_BO_Reports_Modifier_Sale_Report" time="0.000">
    <skipped/>
  </testcase> <!-- Old_BO_Reports_Modifier_Sale_Report -->
  <testcase classname="com.Test.All_Dashboard_Old_BO" name="Old_BO_Reports_MenuItem_Sale_Report" time="0.000">
    <skipped/>
  </testcase> <!-- Old_BO_Reports_MenuItem_Sale_Report -->
  <testcase classname="com.Test.All_Dashboard_Old_BO" name="Old_BO_Reports_Hourly_Sale_Report" time="0.000">
    <skipped/>
  </testcase> <!-- Old_BO_Reports_Hourly_Sale_Report -->
  <testcase classname="com.Test.All_Dashboard_Old_BO" name="Old_BO_Reports_Department_Sale_Report" time="0.000">
    <skipped/>
  </testcase> <!-- Old_BO_Reports_Department_Sale_Report -->
  <testcase classname="com.Test.All_Dashboard_Old_BO" name="Old_BO_Reports_Daily_Sale_Report" time="0.000">
    <skipped/>
  </testcase> <!-- Old_BO_Reports_Daily_Sale_Report -->
  <testcase classname="com.Test.All_Dashboard_Old_BO" name="Old_BO_Reports_Sales_CashierOut_Report" time="0.000">
    <skipped/>
  </testcase> <!-- Old_BO_Reports_Sales_CashierOut_Report -->
  <testcase classname="com.Test.All_Dashboard_Old_BO" name="Old_BO_Reports_Sales_SaleRecap_Report" time="0.000">
    <skipped/>
  </testcase> <!-- Old_BO_Reports_Sales_SaleRecap_Report -->
  <testcase classname="com.Test.All_Dashboard_Old_BO" name="Old_BO_Reports_Sales_Weekly_Summary_Report" time="0.000">
    <skipped/>
  </testcase> <!-- Old_BO_Reports_Sales_Weekly_Summary_Report -->
  <testcase classname="com.Test.All_Dashboard_Old_BO" name="Old_BO_Reports_SubCategory_Sale_Report" time="0.000">
    <skipped/>
  </testcase> <!-- Old_BO_Reports_SubCategory_Sale_Report -->
  <testcase classname="com.Test.All_Dashboard_Old_BO" name="LogOut" time="0.000">
    <skipped/>
  </testcase> <!-- LogOut -->
</testsuite> <!-- com.Test.All_Dashboard_Old_BO -->
