<?xml version="1.0" encoding="UTF-8"?>
<!-- Generated by org.testng.reporters.JUnitReportReporter -->
<testsuite skipped="10" hostname="INL-JVNGDL3" name="com.Test.Product_Items_AddEditDelete_Modifiers" tests="13" failures="0" timestamp="2023-03-23T19:09:29 IST" time="136.342" errors="1">
  <testcase name="Login" time="44.415" classname="com.Test.Product_Items_AddEditDelete_Modifiers"/>
  <system-out/>
  <testcase name="Calling" time="91.675" classname="com.Test.Product_Items_AddEditDelete_Modifiers">
    <error type="org.openqa.selenium.ElementClickInterceptedException" message="element click intercepted: Element &lt;button _ngcontent-xon-c342=&quot;&quot; color=&quot;primary&quot; mat-raised-button=&quot;&quot; class=&quot;mat-focus-indicator mat-raised-button mat-button-base mat-primary ng-star-inserted&quot;&gt;...&lt;/button&gt; is not clickable at point (1145, 18). Other element would receive the click: &lt;div _ngcontent-xon-c235=&quot;&quot; class=&quot;publish ng-star-inserted&quot;&gt;...&lt;/div&gt;
  (Session info: chrome=111.0.5563.66)
Build info: version: &#039;4.4.0&#039;, revision: &#039;e5c75ed026a&#039;
System info: host: &#039;INL-JVNGDL3&#039;, ip: &#039;192.168.1.28&#039;, os.name: &#039;Windows 10&#039;, os.arch: &#039;amd64&#039;, os.version: &#039;10.0&#039;, java.version: &#039;1.8.0_351&#039;
Driver info: org.openqa.selenium.chrome.ChromeDriver
Command: [d1dce3d0492582101a2f9716262ddbc9, clickElement {id=97fcb977-796e-46e1-b2c2-99bdded62cbd}]
Capabilities {acceptInsecureCerts: false, browserName: chrome, browserVersion: 111.0.5563.66, chrome: {chromedriverVersion: 111.0.5563.64 (c710e93d5b63..., userDataDir: C:\Users\raja.s\AppData\Loc...}, goog:chromeOptions: {debuggerAddress: localhost:61290}, networkConnectionEnabled: false, pageLoadStrategy: normal, platformName: WINDOWS, proxy: Proxy(), se:cdp: ws://localhost:61290/devtoo..., se:cdpVersion: 111.0.5563.66, setWindowRect: true, strictFileInteractability: false, timeouts: {implicit: 0, pageLoad: 300000, script: 30000}, unhandledPromptBehavior: dismiss and notify, webauthn:extension:credBlob: true, webauthn:extension:largeBlob: true, webauthn:extension:minPinLength: true, webauthn:extension:prf: true, webauthn:virtualAuthenticators: true}
Element: [[ChromeDriver: chrome on WINDOWS (d1dce3d0492582101a2f9716262ddbc9)] -&gt; xpath: //button[contains(.,&#039;UPDATE AND PUBLISH&#039;)]]
Session ID: d1dce3d0492582101a2f9716262ddbc9">
      <![CDATA[org.openqa.selenium.ElementClickInterceptedException: element click intercepted: Element <button _ngcontent-xon-c342="" color="primary" mat-raised-button="" class="mat-focus-indicator mat-raised-button mat-button-base mat-primary ng-star-inserted">...</button> is not clickable at point (1145, 18). Other element would receive the click: <div _ngcontent-xon-c235="" class="publish ng-star-inserted">...</div>
  (Session info: chrome=111.0.5563.66)
Build info: version: '4.4.0', revision: 'e5c75ed026a'
System info: host: 'INL-JVNGDL3', ip: '192.168.1.28', os.name: 'Windows 10', os.arch: 'amd64', os.version: '10.0', java.version: '1.8.0_351'
Driver info: org.openqa.selenium.chrome.ChromeDriver
Command: [d1dce3d0492582101a2f9716262ddbc9, clickElement {id=97fcb977-796e-46e1-b2c2-99bdded62cbd}]
Capabilities {acceptInsecureCerts: false, browserName: chrome, browserVersion: 111.0.5563.66, chrome: {chromedriverVersion: 111.0.5563.64 (c710e93d5b63..., userDataDir: C:\Users\raja.s\AppData\Loc...}, goog:chromeOptions: {debuggerAddress: localhost:61290}, networkConnectionEnabled: false, pageLoadStrategy: normal, platformName: WINDOWS, proxy: Proxy(), se:cdp: ws://localhost:61290/devtoo..., se:cdpVersion: 111.0.5563.66, setWindowRect: true, strictFileInteractability: false, timeouts: {implicit: 0, pageLoad: 300000, script: 30000}, unhandledPromptBehavior: dismiss and notify, webauthn:extension:credBlob: true, webauthn:extension:largeBlob: true, webauthn:extension:minPinLength: true, webauthn:extension:prf: true, webauthn:virtualAuthenticators: true}
Element: [[ChromeDriver: chrome on WINDOWS (d1dce3d0492582101a2f9716262ddbc9)] -> xpath: //button[contains(.,'UPDATE AND PUBLISH')]]
Session ID: d1dce3d0492582101a2f9716262ddbc9
at sun.reflect.NativeConstructorAccessorImpl.newInstance0(Native Method)
at sun.reflect.NativeConstructorAccessorImpl.newInstance(Unknown Source)
at sun.reflect.DelegatingConstructorAccessorImpl.newInstance(Unknown Source)
at java.lang.reflect.Constructor.newInstance(Unknown Source)
at org.openqa.selenium.remote.codec.w3c.W3CHttpResponseCodec.createException(W3CHttpResponseCodec.java:200)
at org.openqa.selenium.remote.codec.w3c.W3CHttpResponseCodec.decode(W3CHttpResponseCodec.java:133)
at org.openqa.selenium.remote.codec.w3c.W3CHttpResponseCodec.decode(W3CHttpResponseCodec.java:53)
at org.openqa.selenium.remote.HttpCommandExecutor.execute(HttpCommandExecutor.java:184)
at org.openqa.selenium.remote.service.DriverCommandExecutor.invokeExecute(DriverCommandExecutor.java:167)
at org.openqa.selenium.remote.service.DriverCommandExecutor.execute(DriverCommandExecutor.java:142)
at org.openqa.selenium.remote.RemoteWebDriver.execute(RemoteWebDriver.java:547)
at org.openqa.selenium.remote.RemoteWebElement.execute(RemoteWebElement.java:257)
at org.openqa.selenium.remote.RemoteWebElement.click(RemoteWebElement.java:78)
at sun.reflect.NativeMethodAccessorImpl.invoke0(Native Method)
at sun.reflect.NativeMethodAccessorImpl.invoke(Unknown Source)
at sun.reflect.DelegatingMethodAccessorImpl.invoke(Unknown Source)
at java.lang.reflect.Method.invoke(Unknown Source)
at org.openqa.selenium.support.pagefactory.internal.LocatingElementHandler.invoke(LocatingElementHandler.java:52)
at com.sun.proxy.$Proxy14.click(Unknown Source)
at com.Pages.Common_XPaths.Click_Update_and_PublishButton(Common_XPaths.java:270)
at com.Test.Product_Items_AddEditDelete_Modifiers.Edit_and_Remove_Prefix_Update_Modifiers(Product_Items_AddEditDelete_Modifiers.java:525)
at com.Test.Product_Items_AddEditDelete_Modifiers.Calling(Product_Items_AddEditDelete_Modifiers.java:128)
at sun.reflect.NativeMethodAccessorImpl.invoke0(Native Method)
at sun.reflect.NativeMethodAccessorImpl.invoke(Unknown Source)
at sun.reflect.DelegatingMethodAccessorImpl.invoke(Unknown Source)
at java.lang.reflect.Method.invoke(Unknown Source)
at org.testng.internal.MethodInvocationHelper.invokeMethod(MethodInvocationHelper.java:133)
at org.testng.internal.TestInvoker.invokeMethod(TestInvoker.java:598)
at org.testng.internal.TestInvoker.invokeTestMethod(TestInvoker.java:173)
at org.testng.internal.MethodRunner.runInSequence(MethodRunner.java:46)
at org.testng.internal.TestInvoker$MethodInvocationAgent.invoke(TestInvoker.java:824)
at org.testng.internal.TestInvoker.invokeTestMethods(TestInvoker.java:146)
at org.testng.internal.TestMethodWorker.invokeTestMethods(TestMethodWorker.java:146)
at org.testng.internal.TestMethodWorker.run(TestMethodWorker.java:128)
at java.util.ArrayList.forEach(Unknown Source)
at org.testng.TestRunner.privateRun(TestRunner.java:794)
at org.testng.TestRunner.run(TestRunner.java:596)
at org.testng.SuiteRunner.runTest(SuiteRunner.java:377)
at org.testng.SuiteRunner.runSequentially(SuiteRunner.java:371)
at org.testng.SuiteRunner.privateRun(SuiteRunner.java:332)
at org.testng.SuiteRunner.run(SuiteRunner.java:276)
at org.testng.SuiteRunnerWorker.runSuite(SuiteRunnerWorker.java:53)
at org.testng.SuiteRunnerWorker.run(SuiteRunnerWorker.java:96)
at org.testng.TestNG.runSuitesSequentially(TestNG.java:1212)
at org.testng.TestNG.runSuitesLocally(TestNG.java:1134)
at org.testng.TestNG.runSuites(TestNG.java:1063)
at org.testng.TestNG.run(TestNG.java:1031)
at org.testng.remote.AbstractRemoteTestNG.run(AbstractRemoteTestNG.java:115)
at org.testng.remote.RemoteTestNG.initAndRun(RemoteTestNG.java:251)
at org.testng.remote.RemoteTestNG.main(RemoteTestNG.java:77)
]]>
    </error>
  </testcase> <!-- Calling -->
  <system-out/>
  <testcase name="LogOut" time="0.252" classname="com.Test.Product_Items_AddEditDelete_Modifiers"/>
  <system-out/>
  <testcase name="Add_Modifiers_BasicDetails" classname="com.Test.Product_Items_AddEditDelete_Modifiers">
    <skipped/>
  </testcase> <!-- Add_Modifiers_BasicDetails -->
  <system-out/>
  <testcase name="Edit_and_Update_Modifiers" classname="com.Test.Product_Items_AddEditDelete_Modifiers">
    <skipped/>
  </testcase> <!-- Edit_and_Update_Modifiers -->
  <system-out/>
  <testcase name="Create_DuplicateModifier" classname="com.Test.Product_Items_AddEditDelete_Modifiers">
    <skipped/>
  </testcase> <!-- Create_DuplicateModifier -->
  <system-out/>
  <testcase name="RefreshAndPaginination" classname="com.Test.Product_Items_AddEditDelete_Modifiers">
    <skipped/>
  </testcase> <!-- RefreshAndPaginination -->
  <system-out/>
  <testcase name="Delete_and_Active_Inactive_Modifiers" classname="com.Test.Product_Items_AddEditDelete_Modifiers">
    <skipped/>
  </testcase> <!-- Delete_and_Active_Inactive_Modifiers -->
  <system-out/>
  <testcase name="Add_Modifiers" classname="com.Test.Product_Items_AddEditDelete_Modifiers">
    <skipped/>
  </testcase> <!-- Add_Modifiers -->
  <system-out/>
  <testcase name="Edit_and_Close_Cancel_Modifiers" classname="com.Test.Product_Items_AddEditDelete_Modifiers">
    <skipped/>
  </testcase> <!-- Edit_and_Close_Cancel_Modifiers -->
  <system-out/>
  <testcase name="Edit_and_Remove_ServingSizeLevels_Update_Modifiers" classname="com.Test.Product_Items_AddEditDelete_Modifiers">
    <skipped/>
  </testcase> <!-- Edit_and_Remove_ServingSizeLevels_Update_Modifiers -->
  <system-out/>
  <testcase name="Open_Modifiers_Page" classname="com.Test.Product_Items_AddEditDelete_Modifiers">
    <skipped/>
  </testcase> <!-- Open_Modifiers_Page -->
  <system-out/>
  <testcase name="Edit_and_Remove_Prefix_Update_Modifiers" classname="com.Test.Product_Items_AddEditDelete_Modifiers">
    <skipped/>
  </testcase> <!-- Edit_and_Remove_Prefix_Update_Modifiers -->
  <system-out/>
</testsuite> <!-- com.Test.Product_Items_AddEditDelete_Modifiers -->
