<?xml version="1.0" encoding="UTF-8"?>
<!-- Generated by org.testng.reporters.JUnitReportReporter -->
<testsuite skipped="14" hostname="INL-JVNGDL3" name="com.Test.Product_Items_AddEditDelete_Upcharges" tests="17" failures="0" timestamp="2023-03-22T11:38:23 IST" time="1234.730" errors="1">
  <testcase name="Login" time="101.822" classname="com.Test.Product_Items_AddEditDelete_Upcharges"/>
  <system-out/>
  <testcase name="Calling" time="1132.651" classname="com.Test.Product_Items_AddEditDelete_Upcharges">
    <error type="org.openqa.selenium.TimeoutException" message="Expected condition failed: waiting for element to be clickable: Proxy element for: DefaultElementLocator &#039;By.xpath: //input[@data-placeholder=&#039;Search&#039;]&#039; (tried for 60 second(s) with 500 milliseconds interval)">
      <![CDATA[org.openqa.selenium.TimeoutException: Expected condition failed: waiting for element to be clickable: Proxy element for: DefaultElementLocator 'By.xpath: //input[@data-placeholder='Search']' (tried for 60 second(s) with 500 milliseconds interval)
at org.openqa.selenium.support.ui.WebDriverWait.timeoutException(WebDriverWait.java:87)
at org.openqa.selenium.support.ui.FluentWait.until(FluentWait.java:231)
at com.Pages.Common_XPaths.Wait_ForElementVisibility(Common_XPaths.java:812)
at com.Pages.Common_XPaths.SearchAndClickDelete(Common_XPaths.java:626)
at com.Test.Product_Items_AddEditDelete_Upcharges.Delete_and_Active_Inactive_Upcharges(Product_Items_AddEditDelete_Upcharges.java:781)
at com.Test.Product_Items_AddEditDelete_Upcharges.Calling(Product_Items_AddEditDelete_Upcharges.java:125)
at sun.reflect.NativeMethodAccessorImpl.invoke0(Native Method)
at sun.reflect.NativeMethodAccessorImpl.invoke(Unknown Source)
at sun.reflect.DelegatingMethodAccessorImpl.invoke(Unknown Source)
at java.lang.reflect.Method.invoke(Unknown Source)
at org.testng.internal.MethodInvocationHelper.invokeMethod(MethodInvocationHelper.java:133)
at org.testng.internal.TestInvoker.invokeMethod(TestInvoker.java:598)
at org.testng.internal.TestInvoker.invokeTestMethod(TestInvoker.java:173)
at org.testng.internal.MethodRunner.runInSequence(MethodRunner.java:46)
at org.testng.internal.TestInvoker$MethodInvocationAgent.invoke(TestInvoker.java:824)
at org.testng.internal.TestInvoker.invokeTestMethods(TestInvoker.java:146)
at org.testng.internal.TestMethodWorker.invokeTestMethods(TestMethodWorker.java:146)
at org.testng.internal.TestMethodWorker.run(TestMethodWorker.java:128)
at java.util.ArrayList.forEach(Unknown Source)
at org.testng.TestRunner.privateRun(TestRunner.java:794)
at org.testng.TestRunner.run(TestRunner.java:596)
at org.testng.SuiteRunner.runTest(SuiteRunner.java:377)
at org.testng.SuiteRunner.runSequentially(SuiteRunner.java:371)
at org.testng.SuiteRunner.privateRun(SuiteRunner.java:332)
at org.testng.SuiteRunner.run(SuiteRunner.java:276)
at org.testng.SuiteRunnerWorker.runSuite(SuiteRunnerWorker.java:53)
at org.testng.SuiteRunnerWorker.run(SuiteRunnerWorker.java:96)
at org.testng.TestNG.runSuitesSequentially(TestNG.java:1212)
at org.testng.TestNG.runSuitesLocally(TestNG.java:1134)
at org.testng.TestNG.runSuites(TestNG.java:1063)
at org.testng.TestNG.run(TestNG.java:1031)
at org.testng.remote.AbstractRemoteTestNG.run(AbstractRemoteTestNG.java:115)
at org.testng.remote.RemoteTestNG.initAndRun(RemoteTestNG.java:251)
at org.testng.remote.RemoteTestNG.main(RemoteTestNG.java:77)
Caused by: org.openqa.selenium.NoSuchElementException: no such element: Unable to locate element: {"method":"xpath","selector":"//input[@data-placeholder='Search']"}
  (Session info: chrome=111.0.5563.65)
For documentation on this error, please visit: https://selenium.dev/exceptions/#no_such_element
Build info: version: '4.4.0', revision: 'e5c75ed026a'
System info: host: 'INL-JVNGDL3', ip: '192.168.1.28', os.name: 'Windows 10', os.arch: 'amd64', os.version: '10.0', java.version: '1.8.0_351'
Driver info: org.openqa.selenium.chrome.ChromeDriver
Command: [888b77fd87a78012f3c38feee9af7021, findElement {using=xpath, value=//input[@data-placeholder='Search']}]
Capabilities {acceptInsecureCerts: false, browserName: chrome, browserVersion: 111.0.5563.65, chrome: {chromedriverVersion: 111.0.5563.64 (c710e93d5b63..., userDataDir: C:\Users\raja.s\AppData\Loc...}, goog:chromeOptions: {debuggerAddress: localhost:55767}, networkConnectionEnabled: false, pageLoadStrategy: normal, platformName: WINDOWS, proxy: Proxy(), se:cdp: ws://localhost:55767/devtoo..., se:cdpVersion: 111.0.5563.65, setWindowRect: true, strictFileInteractability: false, timeouts: {implicit: 0, pageLoad: 300000, script: 30000}, unhandledPromptBehavior: dismiss and notify, webauthn:extension:credBlob: true, webauthn:extension:largeBlob: true, webauthn:extension:minPinLength: true, webauthn:extension:prf: true, webauthn:virtualAuthenticators: true}
Session ID: 888b77fd87a78012f3c38feee9af7021
at sun.reflect.NativeConstructorAccessorImpl.newInstance0(Native Method)
at sun.reflect.NativeConstructorAccessorImpl.newInstance(Unknown Source)
at sun.reflect.DelegatingConstructorAccessorImpl.newInstance(Unknown Source)
at java.lang.reflect.Constructor.newInstance(Unknown Source)
at org.openqa.selenium.remote.codec.w3c.W3CHttpResponseCodec.createException(W3CHttpResponseCodec.java:200)
at org.openqa.selenium.remote.codec.w3c.W3CHttpResponseCodec.decode(W3CHttpResponseCodec.java:133)
at org.openqa.selenium.remote.codec.w3c.W3CHttpResponseCodec.decode(W3CHttpResponseCodec.java:53)
at org.openqa.selenium.remote.HttpCommandExecutor.execute(HttpCommandExecutor.java:184)
at org.openqa.selenium.remote.service.DriverCommandExecutor.invokeExecute(DriverCommandExecutor.java:167)
at org.openqa.selenium.remote.service.DriverCommandExecutor.execute(DriverCommandExecutor.java:142)
at org.openqa.selenium.remote.RemoteWebDriver.execute(RemoteWebDriver.java:547)
at org.openqa.selenium.remote.ElementLocation$ElementFinder$2.findElement(ElementLocation.java:162)
at org.openqa.selenium.remote.ElementLocation.findElement(ElementLocation.java:60)
at org.openqa.selenium.remote.RemoteWebDriver.findElement(RemoteWebDriver.java:365)
at org.openqa.selenium.remote.RemoteWebDriver.findElement(RemoteWebDriver.java:357)
at org.openqa.selenium.support.pagefactory.DefaultElementLocator.findElement(DefaultElementLocator.java:70)
at org.openqa.selenium.support.pagefactory.internal.LocatingElementHandler.invoke(LocatingElementHandler.java:39)
at com.sun.proxy.$Proxy14.isDisplayed(Unknown Source)
at org.openqa.selenium.support.ui.ExpectedConditions.elementIfVisible(ExpectedConditions.java:307)
at org.openqa.selenium.support.ui.ExpectedConditions.access$000(ExpectedConditions.java:40)
at org.openqa.selenium.support.ui.ExpectedConditions$10.apply(ExpectedConditions.java:293)
at org.openqa.selenium.support.ui.ExpectedConditions$10.apply(ExpectedConditions.java:290)
at org.openqa.selenium.support.ui.ExpectedConditions$23.apply(ExpectedConditions.java:660)
at org.openqa.selenium.support.ui.ExpectedConditions$23.apply(ExpectedConditions.java:656)
at org.openqa.selenium.support.ui.FluentWait.until(FluentWait.java:208)
... 32 more
]]>
    </error>
  </testcase> <!-- Calling -->
  <system-out/>
  <testcase name="LogOut" time="0.257" classname="com.Test.Product_Items_AddEditDelete_Upcharges"/>
  <system-out/>
  <testcase name="Edit_and_Update_SubCategory_Upcharges" classname="com.Test.Product_Items_AddEditDelete_Upcharges">
    <skipped/>
  </testcase> <!-- Edit_and_Update_SubCategory_Upcharges -->
  <system-out/>
  <testcase name="Edit_and_Update_MenuItem_Upcharges" classname="com.Test.Product_Items_AddEditDelete_Upcharges">
    <skipped/>
  </testcase> <!-- Edit_and_Update_MenuItem_Upcharges -->
  <system-out/>
  <testcase name="Edit_and_Update_Upcharges_Percentage" classname="com.Test.Product_Items_AddEditDelete_Upcharges">
    <skipped/>
  </testcase> <!-- Edit_and_Update_Upcharges_Percentage -->
  <system-out/>
  <testcase name="RefreshAndPaginination" classname="com.Test.Product_Items_AddEditDelete_Upcharges">
    <skipped/>
  </testcase> <!-- RefreshAndPaginination -->
  <system-out/>
  <testcase name="Edit_and_Update_Upcharges_DateRangeWithTime" classname="com.Test.Product_Items_AddEditDelete_Upcharges">
    <skipped/>
  </testcase> <!-- Edit_and_Update_Upcharges_DateRangeWithTime -->
  <system-out/>
  <testcase name="Create_DuplicateUpcharge" classname="com.Test.Product_Items_AddEditDelete_Upcharges">
    <skipped/>
  </testcase> <!-- Create_DuplicateUpcharge -->
  <system-out/>
  <testcase name="Add_Upcharges" classname="com.Test.Product_Items_AddEditDelete_Upcharges">
    <skipped/>
  </testcase> <!-- Add_Upcharges -->
  <system-out/>
  <testcase name="Open_Upcharges_Page" classname="com.Test.Product_Items_AddEditDelete_Upcharges">
    <skipped/>
  </testcase> <!-- Open_Upcharges_Page -->
  <system-out/>
  <testcase name="Edit_and_Update_Upcharges_Specific_Date" classname="com.Test.Product_Items_AddEditDelete_Upcharges">
    <skipped/>
  </testcase> <!-- Edit_and_Update_Upcharges_Specific_Date -->
  <system-out/>
  <testcase name="Delete_and_Active_Inactive_Upcharges" classname="com.Test.Product_Items_AddEditDelete_Upcharges">
    <skipped/>
  </testcase> <!-- Delete_and_Active_Inactive_Upcharges -->
  <system-out/>
  <testcase name="Edit_and_Update_Upcharges_DateRange" classname="com.Test.Product_Items_AddEditDelete_Upcharges">
    <skipped/>
  </testcase> <!-- Edit_and_Update_Upcharges_DateRange -->
  <system-out/>
  <testcase name="Edit_and_Update_Upcharges_DaysOfWeek" classname="com.Test.Product_Items_AddEditDelete_Upcharges">
    <skipped/>
  </testcase> <!-- Edit_and_Update_Upcharges_DaysOfWeek -->
  <system-out/>
  <testcase name="Edit_and_Update_Upcharges_DaysOfMonth" classname="com.Test.Product_Items_AddEditDelete_Upcharges">
    <skipped/>
  </testcase> <!-- Edit_and_Update_Upcharges_DaysOfMonth -->
  <system-out/>
  <testcase name="Edit_and_Close_Cancel_Upcharges" classname="com.Test.Product_Items_AddEditDelete_Upcharges">
    <skipped/>
  </testcase> <!-- Edit_and_Close_Cancel_Upcharges -->
  <system-out/>
</testsuite> <!-- com.Test.Product_Items_AddEditDelete_Upcharges -->
