<?xml version="1.0" encoding="UTF-8"?>
<!-- Generated by org.testng.reporters.JUnitReportReporter -->
<testsuite hostname="INL-JVNGDL3" failures="0" tests="30" name="com.Test.Reports_Employee_Role_Based_Payroll_Report" time="138.976" errors="1" timestamp="2023-05-11T17:09:45 IST" skipped="27">
  <testcase classname="com.Test.Reports_Employee_Role_Based_Payroll_Report" name="login" time="54.454"/>
  <system-out/>
  <testcase classname="com.Test.Reports_Employee_Role_Based_Payroll_Report" name="calling" time="80.309">
    <error message="element click intercepted: Element &lt;input _ngcontent-aqj-c282=&quot;&quot; readonly=&quot;true&quot; type=&quot;text&quot; matinput=&quot;&quot; class=&quot;mat-input-element mat-form-field-autofill-control ng-tns-c85-5 cdk-text-field-autofill-monitored&quot; id=&quot;mat-input-0&quot; data-placeholder=&quot;&quot; aria-invalid=&quot;false&quot; aria-required=&quot;false&quot;&gt; is not clickable at point (346, 312). Other element would receive the click: &lt;div _ngcontent-aqj-c266=&quot;&quot; class=&quot;fixed-loading background&quot;&gt;...&lt;/div&gt;
  (Session info: chrome=113.0.5672.93)
Build info: version: &#039;4.4.0&#039;, revision: &#039;e5c75ed026a&#039;
System info: host: &#039;INL-JVNGDL3&#039;, ip: &#039;192.168.1.61&#039;, os.name: &#039;Windows 10&#039;, os.arch: &#039;amd64&#039;, os.version: &#039;10.0&#039;, java.version: &#039;17.0.6&#039;
Driver info: org.openqa.selenium.chrome.ChromeDriver
Command: [12ff35663486184f52bc3af62d83b55b, clickElement {id=7C902EF6DA791CA034A5717E9AE692F5_element_237}]
Capabilities {acceptInsecureCerts: false, browserName: chrome, browserVersion: 113.0.5672.93, chrome: {chromedriverVersion: 113.0.5672.63 (0e1a4471d5ae..., userDataDir: C:\Users\raja.s\AppData\Loc...}, goog:chromeOptions: {debuggerAddress: localhost:58168}, networkConnectionEnabled: false, pageLoadStrategy: normal, platformName: WINDOWS, proxy: Proxy(), se:cdp: ws://localhost:58168/devtoo..., se:cdpVersion: 113.0.5672.93, setWindowRect: true, strictFileInteractability: false, timeouts: {implicit: 0, pageLoad: 300000, script: 30000}, unhandledPromptBehavior: dismiss and notify, webauthn:extension:credBlob: true, webauthn:extension:largeBlob: true, webauthn:extension:minPinLength: true, webauthn:extension:prf: true, webauthn:virtualAuthenticators: true}
Element: [[ChromeDriver: chrome on WINDOWS (12ff35663486184f52bc3af62d83b55b)] -&gt; xpath: //label[contains(.,&#039;Employee&#039;)]/../../input]
Session ID: 12ff35663486184f52bc3af62d83b55b" type="org.openqa.selenium.ElementClickInterceptedException">
      <![CDATA[org.openqa.selenium.ElementClickInterceptedException: element click intercepted: Element <input _ngcontent-aqj-c282="" readonly="true" type="text" matinput="" class="mat-input-element mat-form-field-autofill-control ng-tns-c85-5 cdk-text-field-autofill-monitored" id="mat-input-0" data-placeholder="" aria-invalid="false" aria-required="false"> is not clickable at point (346, 312). Other element would receive the click: <div _ngcontent-aqj-c266="" class="fixed-loading background">...</div>
  (Session info: chrome=113.0.5672.93)
Build info: version: '4.4.0', revision: 'e5c75ed026a'
System info: host: 'INL-JVNGDL3', ip: '192.168.1.61', os.name: 'Windows 10', os.arch: 'amd64', os.version: '10.0', java.version: '17.0.6'
Driver info: org.openqa.selenium.chrome.ChromeDriver
Command: [12ff35663486184f52bc3af62d83b55b, clickElement {id=7C902EF6DA791CA034A5717E9AE692F5_element_237}]
Capabilities {acceptInsecureCerts: false, browserName: chrome, browserVersion: 113.0.5672.93, chrome: {chromedriverVersion: 113.0.5672.63 (0e1a4471d5ae..., userDataDir: C:\Users\raja.s\AppData\Loc...}, goog:chromeOptions: {debuggerAddress: localhost:58168}, networkConnectionEnabled: false, pageLoadStrategy: normal, platformName: WINDOWS, proxy: Proxy(), se:cdp: ws://localhost:58168/devtoo..., se:cdpVersion: 113.0.5672.93, setWindowRect: true, strictFileInteractability: false, timeouts: {implicit: 0, pageLoad: 300000, script: 30000}, unhandledPromptBehavior: dismiss and notify, webauthn:extension:credBlob: true, webauthn:extension:largeBlob: true, webauthn:extension:minPinLength: true, webauthn:extension:prf: true, webauthn:virtualAuthenticators: true}
Element: [[ChromeDriver: chrome on WINDOWS (12ff35663486184f52bc3af62d83b55b)] -> xpath: //label[contains(.,'Employee')]/../../input]
Session ID: 12ff35663486184f52bc3af62d83b55b
at java.base/jdk.internal.reflect.NativeConstructorAccessorImpl.newInstance0(Native Method)
at java.base/jdk.internal.reflect.NativeConstructorAccessorImpl.newInstance(NativeConstructorAccessorImpl.java:77)
at java.base/jdk.internal.reflect.DelegatingConstructorAccessorImpl.newInstance(DelegatingConstructorAccessorImpl.java:45)
at java.base/java.lang.reflect.Constructor.newInstanceWithCaller(Constructor.java:499)
at java.base/java.lang.reflect.Constructor.newInstance(Constructor.java:480)
at org.openqa.selenium.remote.codec.w3c.W3CHttpResponseCodec.createException(W3CHttpResponseCodec.java:200)
at org.openqa.selenium.remote.codec.w3c.W3CHttpResponseCodec.decode(W3CHttpResponseCodec.java:133)
at org.openqa.selenium.remote.codec.w3c.W3CHttpResponseCodec.decode(W3CHttpResponseCodec.java:53)
at org.openqa.selenium.remote.HttpCommandExecutor.execute(HttpCommandExecutor.java:184)
at org.openqa.selenium.remote.service.DriverCommandExecutor.invokeExecute(DriverCommandExecutor.java:167)
at org.openqa.selenium.remote.service.DriverCommandExecutor.execute(DriverCommandExecutor.java:142)
at org.openqa.selenium.remote.RemoteWebDriver.execute(RemoteWebDriver.java:547)
at org.openqa.selenium.remote.RemoteWebElement.execute(RemoteWebElement.java:257)
at org.openqa.selenium.remote.RemoteWebElement.click(RemoteWebElement.java:78)
at java.base/jdk.internal.reflect.NativeMethodAccessorImpl.invoke0(Native Method)
at java.base/jdk.internal.reflect.NativeMethodAccessorImpl.invoke(NativeMethodAccessorImpl.java:77)
at java.base/jdk.internal.reflect.DelegatingMethodAccessorImpl.invoke(DelegatingMethodAccessorImpl.java:43)
at java.base/java.lang.reflect.Method.invoke(Method.java:568)
at org.openqa.selenium.support.pagefactory.internal.LocatingElementHandler.invoke(LocatingElementHandler.java:52)
at jdk.proxy2/jdk.proxy2.$Proxy16.click(Unknown Source)
at com.Pages.ReportsPage.Select_Employee(ReportsPage.java:820)
at com.Test.Reports_Employee_Role_Based_Payroll_Report.Employee_Role_Based_Payroll_Report_Verify_Role_Based_Payroll_Search(Reports_Employee_Role_Based_Payroll_Report.java:197)
at com.Test.Reports_Employee_Role_Based_Payroll_Report.calling(Reports_Employee_Role_Based_Payroll_Report.java:125)
at java.base/jdk.internal.reflect.NativeMethodAccessorImpl.invoke0(Native Method)
at java.base/jdk.internal.reflect.NativeMethodAccessorImpl.invoke(NativeMethodAccessorImpl.java:77)
at java.base/jdk.internal.reflect.DelegatingMethodAccessorImpl.invoke(DelegatingMethodAccessorImpl.java:43)
at java.base/java.lang.reflect.Method.invoke(Method.java:568)
at org.testng.internal.MethodInvocationHelper.invokeMethod(MethodInvocationHelper.java:133)
at org.testng.internal.TestInvoker.invokeMethod(TestInvoker.java:598)
at org.testng.internal.TestInvoker.invokeTestMethod(TestInvoker.java:173)
at org.testng.internal.MethodRunner.runInSequence(MethodRunner.java:46)
at org.testng.internal.TestInvoker$MethodInvocationAgent.invoke(TestInvoker.java:824)
at org.testng.internal.TestInvoker.invokeTestMethods(TestInvoker.java:146)
at org.testng.internal.TestMethodWorker.invokeTestMethods(TestMethodWorker.java:146)
at org.testng.internal.TestMethodWorker.run(TestMethodWorker.java:128)
at java.base/java.util.ArrayList.forEach(ArrayList.java:1511)
at org.testng.TestRunner.privateRun(TestRunner.java:794)
at org.testng.TestRunner.run(TestRunner.java:596)
at org.testng.SuiteRunner.runTest(SuiteRunner.java:377)
at org.testng.SuiteRunner.runSequentially(SuiteRunner.java:371)
at org.testng.SuiteRunner.privateRun(SuiteRunner.java:332)
at org.testng.SuiteRunner.run(SuiteRunner.java:276)
at org.testng.SuiteRunnerWorker.runSuite(SuiteRunnerWorker.java:53)
at org.testng.SuiteRunnerWorker.run(SuiteRunnerWorker.java:96)
at org.testng.TestNG.runSuitesSequentially(TestNG.java:1212)
at org.testng.TestNG.runSuitesLocally(TestNG.java:1134)
at org.testng.TestNG.runSuites(TestNG.java:1063)
at org.testng.TestNG.run(TestNG.java:1031)
at org.testng.remote.AbstractRemoteTestNG.run(AbstractRemoteTestNG.java:115)
at org.testng.remote.RemoteTestNG.initAndRun(RemoteTestNG.java:251)
at org.testng.remote.RemoteTestNG.main(RemoteTestNG.java:77)
]]>
    </error>
  </testcase> <!-- calling -->
  <system-out/>
  <testcase classname="com.Test.Reports_Employee_Role_Based_Payroll_Report" name="logout" time="4.213"/>
  <system-out/>
  <testcase classname="com.Test.Reports_Employee_Role_Based_Payroll_Report" name="Employee_Role_Based_Payroll_Report_Method_verifyWeeklyReport_Last_30_days">
    <skipped/>
  </testcase> <!-- Employee_Role_Based_Payroll_Report_Method_verifyWeeklyReport_Last_30_days -->
  <system-out/>
  <testcase classname="com.Test.Reports_Employee_Role_Based_Payroll_Report" name="Employee_Role_Based_Payroll_Report_Method_verifyDailyReport_In_Time_Date_Range">
    <skipped/>
  </testcase> <!-- Employee_Role_Based_Payroll_Report_Method_verifyDailyReport_In_Time_Date_Range -->
  <system-out/>
  <testcase classname="com.Test.Reports_Employee_Role_Based_Payroll_Report" name="Employee_Role_Based_Payroll_Report_Method_verifyDailyReport_Specific_Date">
    <skipped/>
  </testcase> <!-- Employee_Role_Based_Payroll_Report_Method_verifyDailyReport_Specific_Date -->
  <system-out/>
  <testcase classname="com.Test.Reports_Employee_Role_Based_Payroll_Report" name="Employee_Role_Based_Payroll_Report_Method_verifyWeeklyReport_Yesterday">
    <skipped/>
  </testcase> <!-- Employee_Role_Based_Payroll_Report_Method_verifyWeeklyReport_Yesterday -->
  <system-out/>
  <testcase classname="com.Test.Reports_Employee_Role_Based_Payroll_Report" name="Employee_Role_Based_Payroll_Report_Method_verifyDailyReport_This_Month">
    <skipped/>
  </testcase> <!-- Employee_Role_Based_Payroll_Report_Method_verifyDailyReport_This_Month -->
  <system-out/>
  <testcase classname="com.Test.Reports_Employee_Role_Based_Payroll_Report" name="Employee_Role_Based_Payroll_Report_Method_verifyDailyReport_Last_Month">
    <skipped/>
  </testcase> <!-- Employee_Role_Based_Payroll_Report_Method_verifyDailyReport_Last_Month -->
  <system-out/>
  <testcase classname="com.Test.Reports_Employee_Role_Based_Payroll_Report" name="Employee_Role_Based_Payroll_Report_Method_verifyDailyReport_This_Week">
    <skipped/>
  </testcase> <!-- Employee_Role_Based_Payroll_Report_Method_verifyDailyReport_This_Week -->
  <system-out/>
  <testcase classname="com.Test.Reports_Employee_Role_Based_Payroll_Report" name="Employee_Role_Based_Payroll_Report_Method_verifyDailyReport_Last_7_days">
    <skipped/>
  </testcase> <!-- Employee_Role_Based_Payroll_Report_Method_verifyDailyReport_Last_7_days -->
  <system-out/>
  <testcase classname="com.Test.Reports_Employee_Role_Based_Payroll_Report" name="Employee_Role_Based_Payroll_Report_Method_verifyWeeklyReport_This_Week">
    <skipped/>
  </testcase> <!-- Employee_Role_Based_Payroll_Report_Method_verifyWeeklyReport_This_Week -->
  <system-out/>
  <testcase classname="com.Test.Reports_Employee_Role_Based_Payroll_Report" name="Employee_Role_Based_Payroll_Report_Verify_Role_Based_Payroll_Search">
    <skipped/>
  </testcase> <!-- Employee_Role_Based_Payroll_Report_Verify_Role_Based_Payroll_Search -->
  <system-out/>
  <testcase classname="com.Test.Reports_Employee_Role_Based_Payroll_Report" name="Employee_Role_Based_Payroll_Report_Method_verifyWeeklyReport_In_Time_Date_Range">
    <skipped/>
  </testcase> <!-- Employee_Role_Based_Payroll_Report_Method_verifyWeeklyReport_In_Time_Date_Range -->
  <system-out/>
  <testcase classname="com.Test.Reports_Employee_Role_Based_Payroll_Report" name="Employee_Role_Based_Payroll_Report_Method_verifyWeeklyReport_This_Month">
    <skipped/>
  </testcase> <!-- Employee_Role_Based_Payroll_Report_Method_verifyWeeklyReport_This_Month -->
  <system-out/>
  <testcase classname="com.Test.Reports_Employee_Role_Based_Payroll_Report" name="Employee_Role_Based_Payroll_Report_Method_verifyWeeklyReport_Today">
    <skipped/>
  </testcase> <!-- Employee_Role_Based_Payroll_Report_Method_verifyWeeklyReport_Today -->
  <system-out/>
  <testcase classname="com.Test.Reports_Employee_Role_Based_Payroll_Report" name="Employee_Role_Based_Payroll_Report_Method_verifyWeeklyReport_Last_Month">
    <skipped/>
  </testcase> <!-- Employee_Role_Based_Payroll_Report_Method_verifyWeeklyReport_Last_Month -->
  <system-out/>
  <testcase classname="com.Test.Reports_Employee_Role_Based_Payroll_Report" name="Employee_Role_Based_Payroll_Report_Method_Page_Open">
    <skipped/>
  </testcase> <!-- Employee_Role_Based_Payroll_Report_Method_Page_Open -->
  <system-out/>
  <testcase classname="com.Test.Reports_Employee_Role_Based_Payroll_Report" name="Employee_Role_Based_Payroll_Report_Method_verifyWeeklyReport_Last_7_days">
    <skipped/>
  </testcase> <!-- Employee_Role_Based_Payroll_Report_Method_verifyWeeklyReport_Last_7_days -->
  <system-out/>
  <testcase classname="com.Test.Reports_Employee_Role_Based_Payroll_Report" name="RefreshAndPaginination">
    <skipped/>
  </testcase> <!-- RefreshAndPaginination -->
  <system-out/>
  <testcase classname="com.Test.Reports_Employee_Role_Based_Payroll_Report" name="Employee_Role_Based_Payroll_Report_Method_verifyDailyReport_Last_Week">
    <skipped/>
  </testcase> <!-- Employee_Role_Based_Payroll_Report_Method_verifyDailyReport_Last_Week -->
  <system-out/>
  <testcase classname="com.Test.Reports_Employee_Role_Based_Payroll_Report" name="Employee_Role_Based_Payroll_Report_Method_verifyDailyReport_Yesterday">
    <skipped/>
  </testcase> <!-- Employee_Role_Based_Payroll_Report_Method_verifyDailyReport_Yesterday -->
  <system-out/>
  <testcase classname="com.Test.Reports_Employee_Role_Based_Payroll_Report" name="Employee_Role_Based_Payroll_Report_Method_verifyDailyReport_Last_30_days">
    <skipped/>
  </testcase> <!-- Employee_Role_Based_Payroll_Report_Method_verifyDailyReport_Last_30_days -->
  <system-out/>
  <testcase classname="com.Test.Reports_Employee_Role_Based_Payroll_Report" name="Employee_Role_Based_Payroll_Report_Method_verifyWeeklyReport_Last_N_Days">
    <skipped/>
  </testcase> <!-- Employee_Role_Based_Payroll_Report_Method_verifyWeeklyReport_Last_N_Days -->
  <system-out/>
  <testcase classname="com.Test.Reports_Employee_Role_Based_Payroll_Report" name="Employee_Role_Based_Payroll_Report_Method_verifyDailyReport_In_Hours_Date_Range">
    <skipped/>
  </testcase> <!-- Employee_Role_Based_Payroll_Report_Method_verifyDailyReport_In_Hours_Date_Range -->
  <system-out/>
  <testcase classname="com.Test.Reports_Employee_Role_Based_Payroll_Report" name="Employee_Role_Based_Payroll_Report_Method_verifyDailyReport_Today">
    <skipped/>
  </testcase> <!-- Employee_Role_Based_Payroll_Report_Method_verifyDailyReport_Today -->
  <system-out/>
  <testcase classname="com.Test.Reports_Employee_Role_Based_Payroll_Report" name="Employee_Role_Based_Payroll_Report_Method_verifyWeeklyReport_In_Hours_Date_Range">
    <skipped/>
  </testcase> <!-- Employee_Role_Based_Payroll_Report_Method_verifyWeeklyReport_In_Hours_Date_Range -->
  <system-out/>
  <testcase classname="com.Test.Reports_Employee_Role_Based_Payroll_Report" name="Employee_Role_Based_Payroll_Report_Method_verifyWeeklyReport_Last_Week">
    <skipped/>
  </testcase> <!-- Employee_Role_Based_Payroll_Report_Method_verifyWeeklyReport_Last_Week -->
  <system-out/>
  <testcase classname="com.Test.Reports_Employee_Role_Based_Payroll_Report" name="Employee_Role_Based_Payroll_Report_Method_verifyWeeklyReport_Specific_Date">
    <skipped/>
  </testcase> <!-- Employee_Role_Based_Payroll_Report_Method_verifyWeeklyReport_Specific_Date -->
  <system-out/>
  <testcase classname="com.Test.Reports_Employee_Role_Based_Payroll_Report" name="Employee_Role_Based_Payroll_Report_Method_verifyDailyReport_Last_N_Days">
    <skipped/>
  </testcase> <!-- Employee_Role_Based_Payroll_Report_Method_verifyDailyReport_Last_N_Days -->
  <system-out/>
</testsuite> <!-- com.Test.Reports_Employee_Role_Based_Payroll_Report -->
