<?xml version="1.0" encoding="UTF-8"?>
<!-- Generated by org.testng.reporters.JUnitReportReporter -->
<testsuite hostname="INL-JVNGDL3" failures="0" tests="17" name="com.Test.Product_Items_AddEditDelete_Item_Based_Discount" time="465.684" errors="1" timestamp="2023-07-28T19:42:42 IST" skipped="14">
  <testcase classname="com.Test.Product_Items_AddEditDelete_Item_Based_Discount" name="Login" time="94.639"/>
  <system-out/>
  <testcase classname="com.Test.Product_Items_AddEditDelete_Item_Based_Discount" name="Calling" time="362.577">
    <error message="Expected condition failed: waiting for element to be clickable: Proxy element for: DefaultElementLocator &#039;By.xpath: //div[contains(@class,&#039;message&#039;)]/span&#039; (tried for 40 second(s) with 500 milliseconds interval)" type="org.openqa.selenium.TimeoutException">
      <![CDATA[org.openqa.selenium.TimeoutException: Expected condition failed: waiting for element to be clickable: Proxy element for: DefaultElementLocator 'By.xpath: //div[contains(@class,'message')]/span' (tried for 40 second(s) with 500 milliseconds interval)
at org.openqa.selenium.support.ui.WebDriverWait.timeoutException(WebDriverWait.java:87)
at org.openqa.selenium.support.ui.FluentWait.until(FluentWait.java:231)
at com.Pages.Common_XPaths.Wait_ForElementVisibility(Common_XPaths.java:946)
at com.Test.Product_Items_AddEditDelete_Item_Based_Discount.Edit_and_Update_Item_Based_Discount_DateRange(Product_Items_AddEditDelete_Item_Based_Discount.java:1202)
at com.Test.Product_Items_AddEditDelete_Item_Based_Discount.Calling(Product_Items_AddEditDelete_Item_Based_Discount.java:117)
at java.base/jdk.internal.reflect.NativeMethodAccessorImpl.invoke0(Native Method)
at java.base/jdk.internal.reflect.NativeMethodAccessorImpl.invoke(NativeMethodAccessorImpl.java:77)
at java.base/jdk.internal.reflect.DelegatingMethodAccessorImpl.invoke(DelegatingMethodAccessorImpl.java:43)
at java.base/java.lang.reflect.Method.invoke(Method.java:568)
at org.testng.internal.MethodInvocationHelper.invokeMethod(MethodInvocationHelper.java:133)
at org.testng.internal.TestInvoker.invokeMethod(TestInvoker.java:598)
at org.testng.internal.TestInvoker.invokeTestMethod(TestInvoker.java:173)
at org.testng.internal.MethodRunner.runInSequence(MethodRunner.java:46)
at org.testng.internal.TestInvoker$MethodInvocationAgent.invoke(TestInvoker.java:824)
at org.testng.internal.TestInvoker.invokeTestMethods(TestInvoker.java:146)
at org.testng.internal.TestMethodWorker.invokeTestMethods(TestMethodWorker.java:146)
at org.testng.internal.TestMethodWorker.run(TestMethodWorker.java:128)
at java.base/java.util.ArrayList.forEach(ArrayList.java:1511)
at org.testng.TestRunner.privateRun(TestRunner.java:794)
at org.testng.TestRunner.run(TestRunner.java:596)
at org.testng.SuiteRunner.runTest(SuiteRunner.java:377)
at org.testng.SuiteRunner.runSequentially(SuiteRunner.java:371)
at org.testng.SuiteRunner.privateRun(SuiteRunner.java:332)
at org.testng.SuiteRunner.run(SuiteRunner.java:276)
at org.testng.SuiteRunnerWorker.runSuite(SuiteRunnerWorker.java:53)
at org.testng.SuiteRunnerWorker.run(SuiteRunnerWorker.java:96)
at org.testng.TestNG.runSuitesSequentially(TestNG.java:1212)
at org.testng.TestNG.runSuitesLocally(TestNG.java:1134)
at org.testng.TestNG.runSuites(TestNG.java:1063)
at org.testng.TestNG.run(TestNG.java:1031)
at org.testng.remote.AbstractRemoteTestNG.run(AbstractRemoteTestNG.java:115)
at org.testng.remote.RemoteTestNG.initAndRun(RemoteTestNG.java:251)
at org.testng.remote.RemoteTestNG.main(RemoteTestNG.java:77)
Caused by: org.openqa.selenium.NoSuchElementException: no such element: Unable to locate element: {"method":"xpath","selector":"//div[contains(@class,'message')]/span"}
  (Session info: chrome=115.0.5790.110)
For documentation on this error, please visit: https://www.selenium.dev/documentation/webdriver/troubleshooting/errors#no-such-element-exception
Build info: version: '4.10.0', revision: 'c14d967899'
System info: os.name: 'Windows 10', os.arch: 'amd64', os.version: '10.0', java.version: '17.0.6'
Driver info: org.openqa.selenium.chrome.ChromeDriver
Command: [c1c1d9a3c5ec3c994222ae4846581e56, findElement {using=xpath, value=//div[contains(@class,'message')]/span}]
Capabilities {acceptInsecureCerts: false, browserName: chrome, browserVersion: 115.0.5790.110, chrome: {chromedriverVersion: 114.0.5735.90 (386bc09e8f4f..., userDataDir: C:\Users\raja.s\AppData\Loc...}, goog:chromeOptions: {debuggerAddress: localhost:65226}, networkConnectionEnabled: false, pageLoadStrategy: normal, platformName: windows, proxy: Proxy(), se:cdp: ws://localhost:65226/devtoo..., se:cdpVersion: 115.0.5790.110, setWindowRect: true, strictFileInteractability: false, timeouts: {implicit: 0, pageLoad: 300000, script: 30000}, unhandledPromptBehavior: dismiss and notify, webauthn:extension:credBlob: true, webauthn:extension:largeBlob: true, webauthn:extension:minPinLength: true, webauthn:extension:prf: true, webauthn:virtualAuthenticators: true}
Session ID: c1c1d9a3c5ec3c994222ae4846581e56
at java.base/jdk.internal.reflect.NativeConstructorAccessorImpl.newInstance0(Native Method)
at java.base/jdk.internal.reflect.NativeConstructorAccessorImpl.newInstance(NativeConstructorAccessorImpl.java:77)
at java.base/jdk.internal.reflect.DelegatingConstructorAccessorImpl.newInstance(DelegatingConstructorAccessorImpl.java:45)
at java.base/java.lang.reflect.Constructor.newInstanceWithCaller(Constructor.java:499)
at java.base/java.lang.reflect.Constructor.newInstance(Constructor.java:480)
at org.openqa.selenium.remote.codec.w3c.W3CHttpResponseCodec.createException(W3CHttpResponseCodec.java:199)
at org.openqa.selenium.remote.codec.w3c.W3CHttpResponseCodec.decode(W3CHttpResponseCodec.java:132)
at org.openqa.selenium.remote.codec.w3c.W3CHttpResponseCodec.decode(W3CHttpResponseCodec.java:51)
at org.openqa.selenium.remote.HttpCommandExecutor.execute(HttpCommandExecutor.java:191)
at org.openqa.selenium.remote.service.DriverCommandExecutor.invokeExecute(DriverCommandExecutor.java:196)
at org.openqa.selenium.remote.service.DriverCommandExecutor.execute(DriverCommandExecutor.java:171)
at org.openqa.selenium.remote.RemoteWebDriver.execute(RemoteWebDriver.java:531)
at org.openqa.selenium.remote.ElementLocation$ElementFinder$2.findElement(ElementLocation.java:165)
at org.openqa.selenium.remote.ElementLocation.findElement(ElementLocation.java:59)
at org.openqa.selenium.remote.RemoteWebDriver.findElement(RemoteWebDriver.java:350)
at org.openqa.selenium.remote.RemoteWebDriver.findElement(RemoteWebDriver.java:344)
at org.openqa.selenium.support.pagefactory.DefaultElementLocator.findElement(DefaultElementLocator.java:70)
at org.openqa.selenium.support.pagefactory.internal.LocatingElementHandler.invoke(LocatingElementHandler.java:39)
at jdk.proxy2/jdk.proxy2.$Proxy17.isDisplayed(Unknown Source)
at org.openqa.selenium.support.ui.ExpectedConditions.elementIfVisible(ExpectedConditions.java:307)
at org.openqa.selenium.support.ui.ExpectedConditions.access$000(ExpectedConditions.java:40)
at org.openqa.selenium.support.ui.ExpectedConditions$10.apply(ExpectedConditions.java:293)
at org.openqa.selenium.support.ui.ExpectedConditions$10.apply(ExpectedConditions.java:290)
at org.openqa.selenium.support.ui.ExpectedConditions$23.apply(ExpectedConditions.java:660)
at org.openqa.selenium.support.ui.ExpectedConditions$23.apply(ExpectedConditions.java:656)
at org.openqa.selenium.support.ui.FluentWait.until(FluentWait.java:208)
... 31 more
]]>
    </error>
  </testcase> <!-- Calling -->
  <system-out/>
  <testcase classname="com.Test.Product_Items_AddEditDelete_Item_Based_Discount" name="LogOut" time="8.468"/>
  <system-out/>
  <testcase classname="com.Test.Product_Items_AddEditDelete_Item_Based_Discount" name="Edit_and_Update_Item_Based_Discount_DaysOfWeek">
    <skipped/>
  </testcase> <!-- Edit_and_Update_Item_Based_Discount_DaysOfWeek -->
  <system-out/>
  <testcase classname="com.Test.Product_Items_AddEditDelete_Item_Based_Discount" name="Edit_and_Update_Item_Based_Discount_DateRange">
    <skipped/>
  </testcase> <!-- Edit_and_Update_Item_Based_Discount_DateRange -->
  <system-out/>
  <testcase classname="com.Test.Product_Items_AddEditDelete_Item_Based_Discount" name="Edit_and_Update_Item_Based_Discount_DateRangeWithTime">
    <skipped/>
  </testcase> <!-- Edit_and_Update_Item_Based_Discount_DateRangeWithTime -->
  <system-out/>
  <testcase classname="com.Test.Product_Items_AddEditDelete_Item_Based_Discount" name="Open_Item_Based_Discount_Page">
    <skipped/>
  </testcase> <!-- Open_Item_Based_Discount_Page -->
  <system-out/>
  <testcase classname="com.Test.Product_Items_AddEditDelete_Item_Based_Discount" name="Create_Duplicate_Item_Based_Discount">
    <skipped/>
  </testcase> <!-- Create_Duplicate_Item_Based_Discount -->
  <system-out/>
  <testcase classname="com.Test.Product_Items_AddEditDelete_Item_Based_Discount" name="Edit_and_Update_Item_Based_Discount_Specific_Date">
    <skipped/>
  </testcase> <!-- Edit_and_Update_Item_Based_Discount_Specific_Date -->
  <system-out/>
  <testcase classname="com.Test.Product_Items_AddEditDelete_Item_Based_Discount" name="Edit_and_Update_SubCategory_Item_Based_Discount">
    <skipped/>
  </testcase> <!-- Edit_and_Update_SubCategory_Item_Based_Discount -->
  <system-out/>
  <testcase classname="com.Test.Product_Items_AddEditDelete_Item_Based_Discount" name="Add_Item_Based_Discount">
    <skipped/>
  </testcase> <!-- Add_Item_Based_Discount -->
  <system-out/>
  <testcase classname="com.Test.Product_Items_AddEditDelete_Item_Based_Discount" name="Delete_and_Active_Inactive_Item_Based_Discount">
    <skipped/>
  </testcase> <!-- Delete_and_Active_Inactive_Item_Based_Discount -->
  <system-out/>
  <testcase classname="com.Test.Product_Items_AddEditDelete_Item_Based_Discount" name="Edit_and_Update_Item_Based_Discount_DaysOfMonth">
    <skipped/>
  </testcase> <!-- Edit_and_Update_Item_Based_Discount_DaysOfMonth -->
  <system-out/>
  <testcase classname="com.Test.Product_Items_AddEditDelete_Item_Based_Discount" name="Edit_and_Update_Item_Based_Discount_Percentage">
    <skipped/>
  </testcase> <!-- Edit_and_Update_Item_Based_Discount_Percentage -->
  <system-out/>
  <testcase classname="com.Test.Product_Items_AddEditDelete_Item_Based_Discount" name="Edit_and_Update_MenuItem_Item_Based_Discount">
    <skipped/>
  </testcase> <!-- Edit_and_Update_MenuItem_Item_Based_Discount -->
  <system-out/>
  <testcase classname="com.Test.Product_Items_AddEditDelete_Item_Based_Discount" name="Edit_and_Close_Cancel_Item_Based_Discount">
    <skipped/>
  </testcase> <!-- Edit_and_Close_Cancel_Item_Based_Discount -->
  <system-out/>
  <testcase classname="com.Test.Product_Items_AddEditDelete_Item_Based_Discount" name="RefreshAndPaginination">
    <skipped/>
  </testcase> <!-- RefreshAndPaginination -->
  <system-out/>
</testsuite> <!-- com.Test.Product_Items_AddEditDelete_Item_Based_Discount -->
