<?xml version="1.0" encoding="UTF-8"?>
<!-- Generated by org.testng.reporters.JUnitReportReporter -->
<testsuite skipped="11" hostname="INL-JVNGDL3" name="com.Test.Product_Items_AddEditDelete_RetailItem" tests="14" failures="0" timestamp="2023-03-23T16:10:28 IST" time="309.276" errors="1">
  <testcase name="Login" time="86.592" classname="com.Test.Product_Items_AddEditDelete_RetailItem"/>
  <system-out/>
  <testcase name="Calling" time="222.467" classname="com.Test.Product_Items_AddEditDelete_RetailItem">
    <error type="org.openqa.selenium.ElementClickInterceptedException" message="element click intercepted: Element &lt;mat-button-toggle _ngcontent-pxj-c251=&quot;&quot; role=&quot;presentation&quot; class=&quot;mat-button-toggle&quot; id=&quot;mat-button-toggle-17&quot;&gt;...&lt;/mat-button-toggle&gt; is not clickable at point (1047, 239). Other element would receive the click: &lt;div class=&quot;mat-horizontal-stepper-header-container ng-tns-c154-18&quot;&gt;...&lt;/div&gt;
  (Session info: chrome=111.0.5563.66)
Build info: version: &#039;4.4.0&#039;, revision: &#039;e5c75ed026a&#039;
System info: host: &#039;INL-JVNGDL3&#039;, ip: &#039;192.168.1.28&#039;, os.name: &#039;Windows 10&#039;, os.arch: &#039;amd64&#039;, os.version: &#039;10.0&#039;, java.version: &#039;1.8.0_351&#039;
Driver info: org.openqa.selenium.chrome.ChromeDriver
Command: [da717b2954d4d8c2e50c4204553bf1b6, clickElement {id=a3410eaa-2c61-4b1c-a7bb-6840b1380b0d}]
Capabilities {acceptInsecureCerts: false, browserName: chrome, browserVersion: 111.0.5563.66, chrome: {chromedriverVersion: 111.0.5563.64 (c710e93d5b63..., userDataDir: C:\Users\raja.s\AppData\Loc...}, goog:chromeOptions: {debuggerAddress: localhost:59843}, networkConnectionEnabled: false, pageLoadStrategy: normal, platformName: WINDOWS, proxy: Proxy(), se:cdp: ws://localhost:59843/devtoo..., se:cdpVersion: 111.0.5563.66, setWindowRect: true, strictFileInteractability: false, timeouts: {implicit: 0, pageLoad: 300000, script: 30000}, unhandledPromptBehavior: dismiss and notify, webauthn:extension:credBlob: true, webauthn:extension:largeBlob: true, webauthn:extension:minPinLength: true, webauthn:extension:prf: true, webauthn:virtualAuthenticators: true}
Element: [[ChromeDriver: chrome on WINDOWS (da717b2954d4d8c2e50c4204553bf1b6)] -&gt; xpath: //span[contains(.,&#039;Calculate COGS On Cost Price&#039;)]/../../div[2]/app-toggle/div/mat-button-toggle-group/mat-button-toggle[contains(.,&#039;Yes&#039;)]]
Session ID: da717b2954d4d8c2e50c4204553bf1b6">
      <![CDATA[org.openqa.selenium.ElementClickInterceptedException: element click intercepted: Element <mat-button-toggle _ngcontent-pxj-c251="" role="presentation" class="mat-button-toggle" id="mat-button-toggle-17">...</mat-button-toggle> is not clickable at point (1047, 239). Other element would receive the click: <div class="mat-horizontal-stepper-header-container ng-tns-c154-18">...</div>
  (Session info: chrome=111.0.5563.66)
Build info: version: '4.4.0', revision: 'e5c75ed026a'
System info: host: 'INL-JVNGDL3', ip: '192.168.1.28', os.name: 'Windows 10', os.arch: 'amd64', os.version: '10.0', java.version: '1.8.0_351'
Driver info: org.openqa.selenium.chrome.ChromeDriver
Command: [da717b2954d4d8c2e50c4204553bf1b6, clickElement {id=a3410eaa-2c61-4b1c-a7bb-6840b1380b0d}]
Capabilities {acceptInsecureCerts: false, browserName: chrome, browserVersion: 111.0.5563.66, chrome: {chromedriverVersion: 111.0.5563.64 (c710e93d5b63..., userDataDir: C:\Users\raja.s\AppData\Loc...}, goog:chromeOptions: {debuggerAddress: localhost:59843}, networkConnectionEnabled: false, pageLoadStrategy: normal, platformName: WINDOWS, proxy: Proxy(), se:cdp: ws://localhost:59843/devtoo..., se:cdpVersion: 111.0.5563.66, setWindowRect: true, strictFileInteractability: false, timeouts: {implicit: 0, pageLoad: 300000, script: 30000}, unhandledPromptBehavior: dismiss and notify, webauthn:extension:credBlob: true, webauthn:extension:largeBlob: true, webauthn:extension:minPinLength: true, webauthn:extension:prf: true, webauthn:virtualAuthenticators: true}
Element: [[ChromeDriver: chrome on WINDOWS (da717b2954d4d8c2e50c4204553bf1b6)] -> xpath: //span[contains(.,'Calculate COGS On Cost Price')]/../../div[2]/app-toggle/div/mat-button-toggle-group/mat-button-toggle[contains(.,'Yes')]]
Session ID: da717b2954d4d8c2e50c4204553bf1b6
at sun.reflect.NativeConstructorAccessorImpl.newInstance0(Native Method)
at sun.reflect.NativeConstructorAccessorImpl.newInstance(Unknown Source)
at sun.reflect.DelegatingConstructorAccessorImpl.newInstance(Unknown Source)
at java.lang.reflect.Constructor.newInstance(Unknown Source)
at org.openqa.selenium.remote.codec.w3c.W3CHttpResponseCodec.createException(W3CHttpResponseCodec.java:200)
at org.openqa.selenium.remote.codec.w3c.W3CHttpResponseCodec.decode(W3CHttpResponseCodec.java:133)
at org.openqa.selenium.remote.codec.w3c.W3CHttpResponseCodec.decode(W3CHttpResponseCodec.java:53)
at org.openqa.selenium.remote.HttpCommandExecutor.execute(HttpCommandExecutor.java:184)
at org.openqa.selenium.remote.service.DriverCommandExecutor.invokeExecute(DriverCommandExecutor.java:167)
at org.openqa.selenium.remote.service.DriverCommandExecutor.execute(DriverCommandExecutor.java:142)
at org.openqa.selenium.remote.RemoteWebDriver.execute(RemoteWebDriver.java:547)
at org.openqa.selenium.remote.RemoteWebElement.execute(RemoteWebElement.java:257)
at org.openqa.selenium.remote.RemoteWebElement.click(RemoteWebElement.java:78)
at sun.reflect.GeneratedMethodAccessor1.invoke(Unknown Source)
at sun.reflect.DelegatingMethodAccessorImpl.invoke(Unknown Source)
at java.lang.reflect.Method.invoke(Unknown Source)
at org.openqa.selenium.support.pagefactory.internal.LocatingElementHandler.invoke(LocatingElementHandler.java:52)
at com.sun.proxy.$Proxy14.click(Unknown Source)
at com.Pages.ProductItems_Menu_RetailPage.Enable_Calculate_COGS_onCostPrice(ProductItems_Menu_RetailPage.java:2311)
at com.Test.Product_Items_AddEditDelete_RetailItem.Add_ProductItem_RetailItem_Always_ProductType_StandardItem(Product_Items_AddEditDelete_RetailItem.java:316)
at com.Test.Product_Items_AddEditDelete_RetailItem.Calling(Product_Items_AddEditDelete_RetailItem.java:117)
at sun.reflect.NativeMethodAccessorImpl.invoke0(Native Method)
at sun.reflect.NativeMethodAccessorImpl.invoke(Unknown Source)
at sun.reflect.DelegatingMethodAccessorImpl.invoke(Unknown Source)
at java.lang.reflect.Method.invoke(Unknown Source)
at org.testng.internal.MethodInvocationHelper.invokeMethod(MethodInvocationHelper.java:133)
at org.testng.internal.TestInvoker.invokeMethod(TestInvoker.java:598)
at org.testng.internal.TestInvoker.invokeTestMethod(TestInvoker.java:173)
at org.testng.internal.MethodRunner.runInSequence(MethodRunner.java:46)
at org.testng.internal.TestInvoker$MethodInvocationAgent.invoke(TestInvoker.java:824)
at org.testng.internal.TestInvoker.invokeTestMethods(TestInvoker.java:146)
at org.testng.internal.TestMethodWorker.invokeTestMethods(TestMethodWorker.java:146)
at org.testng.internal.TestMethodWorker.run(TestMethodWorker.java:128)
at java.util.ArrayList.forEach(Unknown Source)
at org.testng.TestRunner.privateRun(TestRunner.java:794)
at org.testng.TestRunner.run(TestRunner.java:596)
at org.testng.SuiteRunner.runTest(SuiteRunner.java:377)
at org.testng.SuiteRunner.runSequentially(SuiteRunner.java:371)
at org.testng.SuiteRunner.privateRun(SuiteRunner.java:332)
at org.testng.SuiteRunner.run(SuiteRunner.java:276)
at org.testng.SuiteRunnerWorker.runSuite(SuiteRunnerWorker.java:53)
at org.testng.SuiteRunnerWorker.run(SuiteRunnerWorker.java:96)
at org.testng.TestNG.runSuitesSequentially(TestNG.java:1212)
at org.testng.TestNG.runSuitesLocally(TestNG.java:1134)
at org.testng.TestNG.runSuites(TestNG.java:1063)
at org.testng.TestNG.run(TestNG.java:1031)
at org.testng.remote.AbstractRemoteTestNG.run(AbstractRemoteTestNG.java:115)
at org.testng.remote.RemoteTestNG.initAndRun(RemoteTestNG.java:251)
at org.testng.remote.RemoteTestNG.main(RemoteTestNG.java:77)
]]>
    </error>
  </testcase> <!-- Calling -->
  <system-out/>
  <testcase name="LogOut" time="0.217" classname="com.Test.Product_Items_AddEditDelete_RetailItem"/>
  <system-out/>
  <testcase name="Delete_and_Active_Inactive_ProductItem_RetailItem" classname="com.Test.Product_Items_AddEditDelete_RetailItem">
    <skipped/>
  </testcase> <!-- Delete_and_Active_Inactive_ProductItem_RetailItem -->
  <system-out/>
  <testcase name="Add_ProductItem_RetailItem_Always_ProductType_StandardItem" classname="com.Test.Product_Items_AddEditDelete_RetailItem">
    <skipped/>
  </testcase> <!-- Add_ProductItem_RetailItem_Always_ProductType_StandardItem -->
  <system-out/>
  <testcase name="Edit_and_Update_ProductItem_RetailItem_Specific_Date" classname="com.Test.Product_Items_AddEditDelete_RetailItem">
    <skipped/>
  </testcase> <!-- Edit_and_Update_ProductItem_RetailItem_Specific_Date -->
  <system-out/>
  <testcase name="Open_ProductItem_RetailItem_Page" classname="com.Test.Product_Items_AddEditDelete_RetailItem">
    <skipped/>
  </testcase> <!-- Open_ProductItem_RetailItem_Page -->
  <system-out/>
  <testcase name="Edit_and_Update_ProductItem_RetailItem_DateRangeWithTime" classname="com.Test.Product_Items_AddEditDelete_RetailItem">
    <skipped/>
  </testcase> <!-- Edit_and_Update_ProductItem_RetailItem_DateRangeWithTime -->
  <system-out/>
  <testcase name="Edit_and_Update_ProductItem_RetailItem_DateRange_ProductType_CompositeItem" classname="com.Test.Product_Items_AddEditDelete_RetailItem">
    <skipped/>
  </testcase> <!-- Edit_and_Update_ProductItem_RetailItem_DateRange_ProductType_CompositeItem -->
  <system-out/>
  <testcase name="Edit_and_Close_Cancel_ProductItem_RetailItem" classname="com.Test.Product_Items_AddEditDelete_RetailItem">
    <skipped/>
  </testcase> <!-- Edit_and_Close_Cancel_ProductItem_RetailItem -->
  <system-out/>
  <testcase name="Edit_and_Update_ProductItem_RetailItem_DaysOfWeek_SubCategory_LevelType" classname="com.Test.Product_Items_AddEditDelete_RetailItem">
    <skipped/>
  </testcase> <!-- Edit_and_Update_ProductItem_RetailItem_DaysOfWeek_SubCategory_LevelType -->
  <system-out/>
  <testcase name="Edit_and_Update_ProductItem_RetailItem_DaysOfMonth_ProductType_Item_withVariants" classname="com.Test.Product_Items_AddEditDelete_RetailItem">
    <skipped/>
  </testcase> <!-- Edit_and_Update_ProductItem_RetailItem_DaysOfMonth_ProductType_Item_withVariants -->
  <system-out/>
  <testcase name="RefreshAndPaginination" classname="com.Test.Product_Items_AddEditDelete_RetailItem">
    <skipped/>
  </testcase> <!-- RefreshAndPaginination -->
  <system-out/>
  <testcase name="Create_Duplicate_RetailItem" classname="com.Test.Product_Items_AddEditDelete_RetailItem">
    <skipped/>
  </testcase> <!-- Create_Duplicate_RetailItem -->
  <system-out/>
</testsuite> <!-- com.Test.Product_Items_AddEditDelete_RetailItem -->
