<?xml version="1.0" encoding="UTF-8"?>
<!-- Generated by org.testng.reporters.JUnitReportReporter -->
<testsuite hostname="INL-JVNGDL3" failures="0" tests="15" name="com.Test.Inventory_Sub_Recipe" time="430.976" errors="1" timestamp="2023-06-02T19:15:40 IST" skipped="12">
  <testcase classname="com.Test.Inventory_Sub_Recipe" name="Login" time="50.941"/>
  <system-out/>
  <testcase classname="com.Test.Inventory_Sub_Recipe" name="Calling" time="375.645">
    <error message="Expected condition failed: waiting for element to be clickable: Proxy element for: DefaultElementLocator &#039;By.xpath: //input[@data-placeholder=&#039;Search&#039;]&#039; (tried for 180 second(s) with 500 milliseconds interval)" type="org.openqa.selenium.TimeoutException">
      <![CDATA[org.openqa.selenium.TimeoutException: Expected condition failed: waiting for element to be clickable: Proxy element for: DefaultElementLocator 'By.xpath: //input[@data-placeholder='Search']' (tried for 180 second(s) with 500 milliseconds interval)
at org.openqa.selenium.support.ui.WebDriverWait.timeoutException(WebDriverWait.java:87)
at org.openqa.selenium.support.ui.FluentWait.until(FluentWait.java:231)
at com.Pages.Common_XPaths.Wait_ForElementVisibility(Common_XPaths.java:904)
at com.Pages.Common_XPaths.SearchAndClickEdit(Common_XPaths.java:683)
at com.Test.Inventory_Sub_Recipe.Edit_and_Close_Cancel_Sub_Recipe(Inventory_Sub_Recipe.java:315)
at com.Test.Inventory_Sub_Recipe.Calling(Inventory_Sub_Recipe.java:113)
at java.base/jdk.internal.reflect.NativeMethodAccessorImpl.invoke0(Native Method)
at java.base/jdk.internal.reflect.NativeMethodAccessorImpl.invoke(NativeMethodAccessorImpl.java:77)
at java.base/jdk.internal.reflect.DelegatingMethodAccessorImpl.invoke(DelegatingMethodAccessorImpl.java:43)
at java.base/java.lang.reflect.Method.invoke(Method.java:568)
at org.testng.internal.MethodInvocationHelper.invokeMethod(MethodInvocationHelper.java:133)
at org.testng.internal.TestInvoker.invokeMethod(TestInvoker.java:598)
at org.testng.internal.TestInvoker.invokeTestMethod(TestInvoker.java:173)
at org.testng.internal.MethodRunner.runInSequence(MethodRunner.java:46)
at org.testng.internal.TestInvoker$MethodInvocationAgent.invoke(TestInvoker.java:824)
at org.testng.internal.TestInvoker.invokeTestMethods(TestInvoker.java:146)
at org.testng.internal.TestMethodWorker.invokeTestMethods(TestMethodWorker.java:146)
at org.testng.internal.TestMethodWorker.run(TestMethodWorker.java:128)
at java.base/java.util.ArrayList.forEach(ArrayList.java:1511)
at org.testng.TestRunner.privateRun(TestRunner.java:794)
at org.testng.TestRunner.run(TestRunner.java:596)
at org.testng.SuiteRunner.runTest(SuiteRunner.java:377)
at org.testng.SuiteRunner.runSequentially(SuiteRunner.java:371)
at org.testng.SuiteRunner.privateRun(SuiteRunner.java:332)
at org.testng.SuiteRunner.run(SuiteRunner.java:276)
at org.testng.SuiteRunnerWorker.runSuite(SuiteRunnerWorker.java:53)
at org.testng.SuiteRunnerWorker.run(SuiteRunnerWorker.java:96)
at org.testng.TestNG.runSuitesSequentially(TestNG.java:1212)
at org.testng.TestNG.runSuitesLocally(TestNG.java:1134)
at org.testng.TestNG.runSuites(TestNG.java:1063)
at org.testng.TestNG.run(TestNG.java:1031)
at org.testng.remote.AbstractRemoteTestNG.run(AbstractRemoteTestNG.java:115)
at org.testng.remote.RemoteTestNG.initAndRun(RemoteTestNG.java:251)
at org.testng.remote.RemoteTestNG.main(RemoteTestNG.java:77)
Caused by: org.openqa.selenium.NoSuchElementException: no such element: Unable to locate element: {"method":"xpath","selector":"//input[@data-placeholder='Search']"}
  (Session info: chrome=114.0.5735.90)
For documentation on this error, please visit: https://selenium.dev/exceptions/#no_such_element
Build info: version: '4.4.0', revision: 'e5c75ed026a'
System info: host: 'INL-JVNGDL3', ip: '10.10.121.129', os.name: 'Windows 10', os.arch: 'amd64', os.version: '10.0', java.version: '17.0.6'
Driver info: org.openqa.selenium.chrome.ChromeDriver
Command: [ecadc2cf2548e4d4b254d21ce721050a, findElement {using=xpath, value=//input[@data-placeholder='Search']}]
Capabilities {acceptInsecureCerts: false, browserName: chrome, browserVersion: 114.0.5735.90, chrome: {chromedriverVersion: 114.0.5735.90 (386bc09e8f4f..., userDataDir: C:\Users\raja.s\AppData\Loc...}, goog:chromeOptions: {debuggerAddress: localhost:54743}, networkConnectionEnabled: false, pageLoadStrategy: normal, platformName: WINDOWS, proxy: Proxy(), se:cdp: ws://localhost:54743/devtoo..., se:cdpVersion: 114.0.5735.90, setWindowRect: true, strictFileInteractability: false, timeouts: {implicit: 0, pageLoad: 300000, script: 30000}, unhandledPromptBehavior: dismiss and notify, webauthn:extension:credBlob: true, webauthn:extension:largeBlob: true, webauthn:extension:minPinLength: true, webauthn:extension:prf: true, webauthn:virtualAuthenticators: true}
Session ID: ecadc2cf2548e4d4b254d21ce721050a
at java.base/jdk.internal.reflect.NativeConstructorAccessorImpl.newInstance0(Native Method)
at java.base/jdk.internal.reflect.NativeConstructorAccessorImpl.newInstance(NativeConstructorAccessorImpl.java:77)
at java.base/jdk.internal.reflect.DelegatingConstructorAccessorImpl.newInstance(DelegatingConstructorAccessorImpl.java:45)
at java.base/java.lang.reflect.Constructor.newInstanceWithCaller(Constructor.java:499)
at java.base/java.lang.reflect.Constructor.newInstance(Constructor.java:480)
at org.openqa.selenium.remote.codec.w3c.W3CHttpResponseCodec.createException(W3CHttpResponseCodec.java:200)
at org.openqa.selenium.remote.codec.w3c.W3CHttpResponseCodec.decode(W3CHttpResponseCodec.java:133)
at org.openqa.selenium.remote.codec.w3c.W3CHttpResponseCodec.decode(W3CHttpResponseCodec.java:53)
at org.openqa.selenium.remote.HttpCommandExecutor.execute(HttpCommandExecutor.java:184)
at org.openqa.selenium.remote.service.DriverCommandExecutor.invokeExecute(DriverCommandExecutor.java:167)
at org.openqa.selenium.remote.service.DriverCommandExecutor.execute(DriverCommandExecutor.java:142)
at org.openqa.selenium.remote.RemoteWebDriver.execute(RemoteWebDriver.java:547)
at org.openqa.selenium.remote.ElementLocation$ElementFinder$2.findElement(ElementLocation.java:162)
at org.openqa.selenium.remote.ElementLocation.findElement(ElementLocation.java:60)
at org.openqa.selenium.remote.RemoteWebDriver.findElement(RemoteWebDriver.java:365)
at org.openqa.selenium.remote.RemoteWebDriver.findElement(RemoteWebDriver.java:357)
at org.openqa.selenium.support.pagefactory.DefaultElementLocator.findElement(DefaultElementLocator.java:70)
at org.openqa.selenium.support.pagefactory.internal.LocatingElementHandler.invoke(LocatingElementHandler.java:39)
at jdk.proxy2/jdk.proxy2.$Proxy11.isDisplayed(Unknown Source)
at org.openqa.selenium.support.ui.ExpectedConditions.elementIfVisible(ExpectedConditions.java:307)
at org.openqa.selenium.support.ui.ExpectedConditions.access$000(ExpectedConditions.java:40)
at org.openqa.selenium.support.ui.ExpectedConditions$10.apply(ExpectedConditions.java:293)
at org.openqa.selenium.support.ui.ExpectedConditions$10.apply(ExpectedConditions.java:290)
at org.openqa.selenium.support.ui.ExpectedConditions$23.apply(ExpectedConditions.java:660)
at org.openqa.selenium.support.ui.ExpectedConditions$23.apply(ExpectedConditions.java:656)
at org.openqa.selenium.support.ui.FluentWait.until(FluentWait.java:208)
... 32 more
]]>
    </error>
  </testcase> <!-- Calling -->
  <system-out/>
  <testcase classname="com.Test.Inventory_Sub_Recipe" name="LogOut" time="4.390"/>
  <system-out/>
  <testcase classname="com.Test.Inventory_Sub_Recipe" name="Create_Duplicate_Sub_Recipe">
    <skipped/>
  </testcase> <!-- Create_Duplicate_Sub_Recipe -->
  <system-out/>
  <testcase classname="com.Test.Inventory_Sub_Recipe" name="Edit_and_Update_Sub_Recipe_by_Adding_SubRecipe_and_Manual_Entry">
    <skipped/>
  </testcase> <!-- Edit_and_Update_Sub_Recipe_by_Adding_SubRecipe_and_Manual_Entry -->
  <system-out/>
  <testcase classname="com.Test.Inventory_Sub_Recipe" name="Delete_and_Active_Inactive_Sub_Recipe">
    <skipped/>
  </testcase> <!-- Delete_and_Active_Inactive_Sub_Recipe -->
  <system-out/>
  <testcase classname="com.Test.Inventory_Sub_Recipe" name="Edit_and_Update_Sub_Recipe_by_Adding_Inventory_and_Manual_Entry">
    <skipped/>
  </testcase> <!-- Edit_and_Update_Sub_Recipe_by_Adding_Inventory_and_Manual_Entry -->
  <system-out/>
  <testcase classname="com.Test.Inventory_Sub_Recipe" name="Edit_and_Close_Cancel_Sub_Recipe">
    <skipped/>
  </testcase> <!-- Edit_and_Close_Cancel_Sub_Recipe -->
  <system-out/>
  <testcase classname="com.Test.Inventory_Sub_Recipe" name="Edit_and_Update_Sub_Recipe_by_Adding_InventoryItem_SubRecipe_and_Manual_Entry">
    <skipped/>
  </testcase> <!-- Edit_and_Update_Sub_Recipe_by_Adding_InventoryItem_SubRecipe_and_Manual_Entry -->
  <system-out/>
  <testcase classname="com.Test.Inventory_Sub_Recipe" name="Edit_and_Update_Sub_Recipe_by_Adding_Manual_Entry">
    <skipped/>
  </testcase> <!-- Edit_and_Update_Sub_Recipe_by_Adding_Manual_Entry -->
  <system-out/>
  <testcase classname="com.Test.Inventory_Sub_Recipe" name="Add_Sub_Recipe_By_Inventory_Item">
    <skipped/>
  </testcase> <!-- Add_Sub_Recipe_By_Inventory_Item -->
  <system-out/>
  <testcase classname="com.Test.Inventory_Sub_Recipe" name="Open_Sub_Recipe_Page">
    <skipped/>
  </testcase> <!-- Open_Sub_Recipe_Page -->
  <system-out/>
  <testcase classname="com.Test.Inventory_Sub_Recipe" name="RefreshAndPaginination_ColumnFilteration">
    <skipped/>
  </testcase> <!-- RefreshAndPaginination_ColumnFilteration -->
  <system-out/>
  <testcase classname="com.Test.Inventory_Sub_Recipe" name="Edit_and_Update_Sub_Recipe_by_Adding_Inventory_and_SubRecipe">
    <skipped/>
  </testcase> <!-- Edit_and_Update_Sub_Recipe_by_Adding_Inventory_and_SubRecipe -->
  <system-out/>
  <testcase classname="com.Test.Inventory_Sub_Recipe" name="Edit_and_Update_Sub_Recipe_by_Adding_SubRecipe">
    <skipped/>
  </testcase> <!-- Edit_and_Update_Sub_Recipe_by_Adding_SubRecipe -->
  <system-out/>
</testsuite> <!-- com.Test.Inventory_Sub_Recipe -->
