<?xml version="1.0" encoding="UTF-8"?>
<!-- Generated by org.testng.reporters.JUnitReportReporter -->
<testsuite hostname="INL-JVNGDL3" failures="0" tests="29" name="com.Test.Inventory_Purchases_Received_Items_Received_Logs" time="984.048" errors="1" timestamp="2023-06-13T19:20:20 IST" skipped="26">
  <testcase classname="com.Test.Inventory_Purchases_Received_Items_Received_Logs" name="Login" time="51.625"/>
  <system-out/>
  <testcase classname="com.Test.Inventory_Purchases_Received_Items_Received_Logs" name="Calling" time="927.373">
    <error message="no such element: Unable to locate element: {&quot;method&quot;:&quot;xpath&quot;,&quot;selector&quot;:&quot;//select-option[contains(.,&#039;Sub Recipe&#039;)]&quot;}
  (Session info: chrome=114.0.5735.110)
For documentation on this error, please visit: https://selenium.dev/exceptions/#no_such_element
Build info: version: &#039;4.4.0&#039;, revision: &#039;e5c75ed026a&#039;
System info: host: &#039;INL-JVNGDL3&#039;, ip: &#039;192.168.1.60&#039;, os.name: &#039;Windows 10&#039;, os.arch: &#039;amd64&#039;, os.version: &#039;10.0&#039;, java.version: &#039;17.0.6&#039;
Driver info: org.openqa.selenium.chrome.ChromeDriver
Command: [7aea58c5dd9d8fc5bc97aa6d7793d248, findElement {using=xpath, value=//select-option[contains(.,&#039;Sub Recipe&#039;)]}]
Capabilities {acceptInsecureCerts: false, browserName: chrome, browserVersion: 114.0.5735.110, chrome: {chromedriverVersion: 114.0.5735.90 (386bc09e8f4f..., userDataDir: C:\Users\raja.s\AppData\Loc...}, goog:chromeOptions: {debuggerAddress: localhost:57020}, networkConnectionEnabled: false, pageLoadStrategy: normal, platformName: WINDOWS, proxy: Proxy(), se:cdp: ws://localhost:57020/devtoo..., se:cdpVersion: 114.0.5735.110, setWindowRect: true, strictFileInteractability: false, timeouts: {implicit: 0, pageLoad: 300000, script: 30000}, unhandledPromptBehavior: dismiss and notify, webauthn:extension:credBlob: true, webauthn:extension:largeBlob: true, webauthn:extension:minPinLength: true, webauthn:extension:prf: true, webauthn:virtualAuthenticators: true}
Session ID: 7aea58c5dd9d8fc5bc97aa6d7793d248" type="org.openqa.selenium.NoSuchElementException">
      <![CDATA[org.openqa.selenium.NoSuchElementException: no such element: Unable to locate element: {"method":"xpath","selector":"//select-option[contains(.,'Sub Recipe')]"}
  (Session info: chrome=114.0.5735.110)
For documentation on this error, please visit: https://selenium.dev/exceptions/#no_such_element
Build info: version: '4.4.0', revision: 'e5c75ed026a'
System info: host: 'INL-JVNGDL3', ip: '192.168.1.60', os.name: 'Windows 10', os.arch: 'amd64', os.version: '10.0', java.version: '17.0.6'
Driver info: org.openqa.selenium.chrome.ChromeDriver
Command: [7aea58c5dd9d8fc5bc97aa6d7793d248, findElement {using=xpath, value=//select-option[contains(.,'Sub Recipe')]}]
Capabilities {acceptInsecureCerts: false, browserName: chrome, browserVersion: 114.0.5735.110, chrome: {chromedriverVersion: 114.0.5735.90 (386bc09e8f4f..., userDataDir: C:\Users\raja.s\AppData\Loc...}, goog:chromeOptions: {debuggerAddress: localhost:57020}, networkConnectionEnabled: false, pageLoadStrategy: normal, platformName: WINDOWS, proxy: Proxy(), se:cdp: ws://localhost:57020/devtoo..., se:cdpVersion: 114.0.5735.110, setWindowRect: true, strictFileInteractability: false, timeouts: {implicit: 0, pageLoad: 300000, script: 30000}, unhandledPromptBehavior: dismiss and notify, webauthn:extension:credBlob: true, webauthn:extension:largeBlob: true, webauthn:extension:minPinLength: true, webauthn:extension:prf: true, webauthn:virtualAuthenticators: true}
Session ID: 7aea58c5dd9d8fc5bc97aa6d7793d248
at java.base/jdk.internal.reflect.NativeConstructorAccessorImpl.newInstance0(Native Method)
at java.base/jdk.internal.reflect.NativeConstructorAccessorImpl.newInstance(NativeConstructorAccessorImpl.java:77)
at java.base/jdk.internal.reflect.DelegatingConstructorAccessorImpl.newInstance(DelegatingConstructorAccessorImpl.java:45)
at java.base/java.lang.reflect.Constructor.newInstanceWithCaller(Constructor.java:499)
at java.base/java.lang.reflect.Constructor.newInstance(Constructor.java:480)
at org.openqa.selenium.remote.codec.w3c.W3CHttpResponseCodec.createException(W3CHttpResponseCodec.java:200)
at org.openqa.selenium.remote.codec.w3c.W3CHttpResponseCodec.decode(W3CHttpResponseCodec.java:133)
at org.openqa.selenium.remote.codec.w3c.W3CHttpResponseCodec.decode(W3CHttpResponseCodec.java:53)
at org.openqa.selenium.remote.HttpCommandExecutor.execute(HttpCommandExecutor.java:184)
at org.openqa.selenium.remote.service.DriverCommandExecutor.invokeExecute(DriverCommandExecutor.java:167)
at org.openqa.selenium.remote.service.DriverCommandExecutor.execute(DriverCommandExecutor.java:142)
at org.openqa.selenium.remote.RemoteWebDriver.execute(RemoteWebDriver.java:547)
at org.openqa.selenium.remote.ElementLocation$ElementFinder$2.findElement(ElementLocation.java:162)
at org.openqa.selenium.remote.ElementLocation.findElement(ElementLocation.java:60)
at org.openqa.selenium.remote.RemoteWebDriver.findElement(RemoteWebDriver.java:365)
at org.openqa.selenium.remote.RemoteWebDriver.findElement(RemoteWebDriver.java:357)
at com.Pages.InventoryPage.Select_Type(InventoryPage.java:1187)
at com.Test.Inventory_Purchases_Received_Items_Received_Logs.Inventory_Purchase_Received_Logs_verify_SubRecipe_All(Inventory_Purchases_Received_Items_Received_Logs.java:1279)
at com.Test.Inventory_Purchases_Received_Items_Received_Logs.Calling(Inventory_Purchases_Received_Items_Received_Logs.java:133)
at java.base/jdk.internal.reflect.NativeMethodAccessorImpl.invoke0(Native Method)
at java.base/jdk.internal.reflect.NativeMethodAccessorImpl.invoke(NativeMethodAccessorImpl.java:77)
at java.base/jdk.internal.reflect.DelegatingMethodAccessorImpl.invoke(DelegatingMethodAccessorImpl.java:43)
at java.base/java.lang.reflect.Method.invoke(Method.java:568)
at org.testng.internal.MethodInvocationHelper.invokeMethod(MethodInvocationHelper.java:133)
at org.testng.internal.TestInvoker.invokeMethod(TestInvoker.java:598)
at org.testng.internal.TestInvoker.invokeTestMethod(TestInvoker.java:173)
at org.testng.internal.MethodRunner.runInSequence(MethodRunner.java:46)
at org.testng.internal.TestInvoker$MethodInvocationAgent.invoke(TestInvoker.java:824)
at org.testng.internal.TestInvoker.invokeTestMethods(TestInvoker.java:146)
at org.testng.internal.TestMethodWorker.invokeTestMethods(TestMethodWorker.java:146)
at org.testng.internal.TestMethodWorker.run(TestMethodWorker.java:128)
at java.base/java.util.ArrayList.forEach(ArrayList.java:1511)
at org.testng.TestRunner.privateRun(TestRunner.java:794)
at org.testng.TestRunner.run(TestRunner.java:596)
at org.testng.SuiteRunner.runTest(SuiteRunner.java:377)
at org.testng.SuiteRunner.runSequentially(SuiteRunner.java:371)
at org.testng.SuiteRunner.privateRun(SuiteRunner.java:332)
at org.testng.SuiteRunner.run(SuiteRunner.java:276)
at org.testng.SuiteRunnerWorker.runSuite(SuiteRunnerWorker.java:53)
at org.testng.SuiteRunnerWorker.run(SuiteRunnerWorker.java:96)
at org.testng.TestNG.runSuitesSequentially(TestNG.java:1212)
at org.testng.TestNG.runSuitesLocally(TestNG.java:1134)
at org.testng.TestNG.runSuites(TestNG.java:1063)
at org.testng.TestNG.run(TestNG.java:1031)
at org.testng.remote.AbstractRemoteTestNG.run(AbstractRemoteTestNG.java:115)
at org.testng.remote.RemoteTestNG.initAndRun(RemoteTestNG.java:251)
at org.testng.remote.RemoteTestNG.main(RemoteTestNG.java:77)
]]>
    </error>
  </testcase> <!-- Calling -->
  <system-out/>
  <testcase classname="com.Test.Inventory_Purchases_Received_Items_Received_Logs" name="LogOut" time="5.050"/>
  <system-out/>
  <testcase classname="com.Test.Inventory_Purchases_Received_Items_Received_Logs" name="Inventory_Purchase_Received_Logs_verify_SubRecipe_Progress">
    <skipped/>
  </testcase> <!-- Inventory_Purchase_Received_Logs_verify_SubRecipe_Progress -->
  <system-out/>
  <testcase classname="com.Test.Inventory_Purchases_Received_Items_Received_Logs" name="Inventory_Purchase_Received_Logs_verify_SubRecipe_Finished">
    <skipped/>
  </testcase> <!-- Inventory_Purchase_Received_Logs_verify_SubRecipe_Finished -->
  <system-out/>
  <testcase classname="com.Test.Inventory_Purchases_Received_Items_Received_Logs" name="RefreshAndPaginination_ColumnFilteration">
    <skipped/>
  </testcase> <!-- RefreshAndPaginination_ColumnFilteration -->
  <system-out/>
  <testcase classname="com.Test.Inventory_Purchases_Received_Items_Received_Logs" name="Open_Received_Items_Page">
    <skipped/>
  </testcase> <!-- Open_Received_Items_Page -->
  <system-out/>
  <testcase classname="com.Test.Inventory_Purchases_Received_Items_Received_Logs" name="Inventory_Purchase_Received_Logs_verify_InventoryItem_All">
    <skipped/>
  </testcase> <!-- Inventory_Purchase_Received_Logs_verify_InventoryItem_All -->
  <system-out/>
  <testcase classname="com.Test.Inventory_Purchases_Received_Items_Received_Logs" name="Inventory_Purchase_Received_Logs_verify_All_NotStarted">
    <skipped/>
  </testcase> <!-- Inventory_Purchase_Received_Logs_verify_All_NotStarted -->
  <system-out/>
  <testcase classname="com.Test.Inventory_Purchases_Received_Items_Received_Logs" name="Inventory_Purchase_Received_Logs_verify_InventoryItem_Not_Finished">
    <skipped/>
  </testcase> <!-- Inventory_Purchase_Received_Logs_verify_InventoryItem_Not_Finished -->
  <system-out/>
  <testcase classname="com.Test.Inventory_Purchases_Received_Items_Received_Logs" name="Inventory_Purchase_Received_Logs_verify_RetailItem_All">
    <skipped/>
  </testcase> <!-- Inventory_Purchase_Received_Logs_verify_RetailItem_All -->
  <system-out/>
  <testcase classname="com.Test.Inventory_Purchases_Received_Items_Received_Logs" name="Inventory_Purchase_Received_Logs_verify_InventoryItem_Progress">
    <skipped/>
  </testcase> <!-- Inventory_Purchase_Received_Logs_verify_InventoryItem_Progress -->
  <system-out/>
  <testcase classname="com.Test.Inventory_Purchases_Received_Items_Received_Logs" name="Inventory_Purchase_Receive_New_Item">
    <skipped/>
  </testcase> <!-- Inventory_Purchase_Receive_New_Item -->
  <system-out/>
  <testcase classname="com.Test.Inventory_Purchases_Received_Items_Received_Logs" name="Inventory_Purchase_Verify_Receive_Inventory_Item_in_Received_Logs">
    <skipped/>
  </testcase> <!-- Inventory_Purchase_Verify_Receive_Inventory_Item_in_Received_Logs -->
  <system-out/>
  <testcase classname="com.Test.Inventory_Purchases_Received_Items_Received_Logs" name="Inventory_Purchase_Received_Logs_verify_InventoryItem_Not_Started">
    <skipped/>
  </testcase> <!-- Inventory_Purchase_Received_Logs_verify_InventoryItem_Not_Started -->
  <system-out/>
  <testcase classname="com.Test.Inventory_Purchases_Received_Items_Received_Logs" name="Inventory_Purchase_Received_Logs_verify_SubRecipe_Not_Finished">
    <skipped/>
  </testcase> <!-- Inventory_Purchase_Received_Logs_verify_SubRecipe_Not_Finished -->
  <system-out/>
  <testcase classname="com.Test.Inventory_Purchases_Received_Items_Received_Logs" name="Inventory_Purchase_Received_Logs_verify_All_All">
    <skipped/>
  </testcase> <!-- Inventory_Purchase_Received_Logs_verify_All_All -->
  <system-out/>
  <testcase classname="com.Test.Inventory_Purchases_Received_Items_Received_Logs" name="Inventory_Purchase_Received_Logs_verify_RetailItem_Progress">
    <skipped/>
  </testcase> <!-- Inventory_Purchase_Received_Logs_verify_RetailItem_Progress -->
  <system-out/>
  <testcase classname="com.Test.Inventory_Purchases_Received_Items_Received_Logs" name="Inventory_Purchase_Received_Logs_verify_All_Progress">
    <skipped/>
  </testcase> <!-- Inventory_Purchase_Received_Logs_verify_All_Progress -->
  <system-out/>
  <testcase classname="com.Test.Inventory_Purchases_Received_Items_Received_Logs" name="Inventory_Purchase_Received_Logs_verify_RetailItem_Finished">
    <skipped/>
  </testcase> <!-- Inventory_Purchase_Received_Logs_verify_RetailItem_Finished -->
  <system-out/>
  <testcase classname="com.Test.Inventory_Purchases_Received_Items_Received_Logs" name="Inventory_Purchase_Receive_SubRecipe_By_Prepare_SubRecipe">
    <skipped/>
  </testcase> <!-- Inventory_Purchase_Receive_SubRecipe_By_Prepare_SubRecipe -->
  <system-out/>
  <testcase classname="com.Test.Inventory_Purchases_Received_Items_Received_Logs" name="Inventory_Purchase_Received_Logs_verify_RetailItem_Not_Finished">
    <skipped/>
  </testcase> <!-- Inventory_Purchase_Received_Logs_verify_RetailItem_Not_Finished -->
  <system-out/>
  <testcase classname="com.Test.Inventory_Purchases_Received_Items_Received_Logs" name="Inventory_Purchase_Received_Logs_verify_All_Finished">
    <skipped/>
  </testcase> <!-- Inventory_Purchase_Received_Logs_verify_All_Finished -->
  <system-out/>
  <testcase classname="com.Test.Inventory_Purchases_Received_Items_Received_Logs" name="Inventory_Purchase_Received_Logs_verify_All_Not_Finished">
    <skipped/>
  </testcase> <!-- Inventory_Purchase_Received_Logs_verify_All_Not_Finished -->
  <system-out/>
  <testcase classname="com.Test.Inventory_Purchases_Received_Items_Received_Logs" name="Inventory_Purchase_Received_Logs_verify_SubRecipe_Not_Started">
    <skipped/>
  </testcase> <!-- Inventory_Purchase_Received_Logs_verify_SubRecipe_Not_Started -->
  <system-out/>
  <testcase classname="com.Test.Inventory_Purchases_Received_Items_Received_Logs" name="Inventory_Purchase_Receive_Inventory_Item_in_PurchaseOrder">
    <skipped/>
  </testcase> <!-- Inventory_Purchase_Receive_Inventory_Item_in_PurchaseOrder -->
  <system-out/>
  <testcase classname="com.Test.Inventory_Purchases_Received_Items_Received_Logs" name="Inventory_Purchase_Received_Logs_verify_InventoryItem_Finished">
    <skipped/>
  </testcase> <!-- Inventory_Purchase_Received_Logs_verify_InventoryItem_Finished -->
  <system-out/>
  <testcase classname="com.Test.Inventory_Purchases_Received_Items_Received_Logs" name="Inventory_Purchase_Received_Logs_verify_RetailItem_Not_Started">
    <skipped/>
  </testcase> <!-- Inventory_Purchase_Received_Logs_verify_RetailItem_Not_Started -->
  <system-out/>
  <testcase classname="com.Test.Inventory_Purchases_Received_Items_Received_Logs" name="Inventory_Purchase_Received_Logs_verify_SubRecipe_All">
    <skipped/>
  </testcase> <!-- Inventory_Purchase_Received_Logs_verify_SubRecipe_All -->
  <system-out/>
</testsuite> <!-- com.Test.Inventory_Purchases_Received_Items_Received_Logs -->
