<?xml version="1.0" encoding="UTF-8"?>
<!-- Generated by org.testng.reporters.JUnitReportReporter -->
<testsuite skipped="12" hostname="INL-JVNGDL3" name="com.Test.Settings_RevenueCenter" tests="15" failures="0" timestamp="2023-03-31T19:10:23 IST" time="187.893" errors="1">
  <testcase name="Login" time="46.220" classname="com.Test.Settings_RevenueCenter"/>
  <system-out/>
  <testcase name="Calling" time="141.426" classname="com.Test.Settings_RevenueCenter">
    <error type="org.openqa.selenium.NoSuchElementException" message="no such element: Unable to locate element: {&quot;method&quot;:&quot;xpath&quot;,&quot;selector&quot;:&quot;//span[.=&#039;hat34 &#039;]/../../div[3]/div[2]/button&quot;}
  (Session info: chrome=111.0.5563.147)
For documentation on this error, please visit: https://selenium.dev/exceptions/#no_such_element
Build info: version: &#039;4.4.0&#039;, revision: &#039;e5c75ed026a&#039;
System info: host: &#039;INL-JVNGDL3&#039;, ip: &#039;192.168.1.13&#039;, os.name: &#039;Windows 10&#039;, os.arch: &#039;amd64&#039;, os.version: &#039;10.0&#039;, java.version: &#039;1.8.0_351&#039;
Driver info: org.openqa.selenium.chrome.ChromeDriver
Command: [6de5318cf532cbe470ffc6a422c0be2f, findElement {using=xpath, value=//span[.=&#039;hat34 &#039;]/../../div[3]/div[2]/button}]
Capabilities {acceptInsecureCerts: false, browserName: chrome, browserVersion: 111.0.5563.147, chrome: {chromedriverVersion: 111.0.5563.64 (c710e93d5b63..., userDataDir: C:\Users\raja.s\AppData\Loc...}, goog:chromeOptions: {debuggerAddress: localhost:59809}, networkConnectionEnabled: false, pageLoadStrategy: normal, platformName: WINDOWS, proxy: Proxy(), se:cdp: ws://localhost:59809/devtoo..., se:cdpVersion: 111.0.5563.147, setWindowRect: true, strictFileInteractability: false, timeouts: {implicit: 0, pageLoad: 300000, script: 30000}, unhandledPromptBehavior: dismiss and notify, webauthn:extension:credBlob: true, webauthn:extension:largeBlob: true, webauthn:extension:minPinLength: true, webauthn:extension:prf: true, webauthn:virtualAuthenticators: true}
Session ID: 6de5318cf532cbe470ffc6a422c0be2f">
      <![CDATA[org.openqa.selenium.NoSuchElementException: no such element: Unable to locate element: {"method":"xpath","selector":"//span[.='hat34 ']/../../div[3]/div[2]/button"}
  (Session info: chrome=111.0.5563.147)
For documentation on this error, please visit: https://selenium.dev/exceptions/#no_such_element
Build info: version: '4.4.0', revision: 'e5c75ed026a'
System info: host: 'INL-JVNGDL3', ip: '192.168.1.13', os.name: 'Windows 10', os.arch: 'amd64', os.version: '10.0', java.version: '1.8.0_351'
Driver info: org.openqa.selenium.chrome.ChromeDriver
Command: [6de5318cf532cbe470ffc6a422c0be2f, findElement {using=xpath, value=//span[.='hat34 ']/../../div[3]/div[2]/button}]
Capabilities {acceptInsecureCerts: false, browserName: chrome, browserVersion: 111.0.5563.147, chrome: {chromedriverVersion: 111.0.5563.64 (c710e93d5b63..., userDataDir: C:\Users\raja.s\AppData\Loc...}, goog:chromeOptions: {debuggerAddress: localhost:59809}, networkConnectionEnabled: false, pageLoadStrategy: normal, platformName: WINDOWS, proxy: Proxy(), se:cdp: ws://localhost:59809/devtoo..., se:cdpVersion: 111.0.5563.147, setWindowRect: true, strictFileInteractability: false, timeouts: {implicit: 0, pageLoad: 300000, script: 30000}, unhandledPromptBehavior: dismiss and notify, webauthn:extension:credBlob: true, webauthn:extension:largeBlob: true, webauthn:extension:minPinLength: true, webauthn:extension:prf: true, webauthn:virtualAuthenticators: true}
Session ID: 6de5318cf532cbe470ffc6a422c0be2f
at sun.reflect.NativeConstructorAccessorImpl.newInstance0(Native Method)
at sun.reflect.NativeConstructorAccessorImpl.newInstance(Unknown Source)
at sun.reflect.DelegatingConstructorAccessorImpl.newInstance(Unknown Source)
at java.lang.reflect.Constructor.newInstance(Unknown Source)
at org.openqa.selenium.remote.codec.w3c.W3CHttpResponseCodec.createException(W3CHttpResponseCodec.java:200)
at org.openqa.selenium.remote.codec.w3c.W3CHttpResponseCodec.decode(W3CHttpResponseCodec.java:133)
at org.openqa.selenium.remote.codec.w3c.W3CHttpResponseCodec.decode(W3CHttpResponseCodec.java:53)
at org.openqa.selenium.remote.HttpCommandExecutor.execute(HttpCommandExecutor.java:184)
at org.openqa.selenium.remote.service.DriverCommandExecutor.invokeExecute(DriverCommandExecutor.java:167)
at org.openqa.selenium.remote.service.DriverCommandExecutor.execute(DriverCommandExecutor.java:142)
at org.openqa.selenium.remote.RemoteWebDriver.execute(RemoteWebDriver.java:547)
at org.openqa.selenium.remote.ElementLocation$ElementFinder$2.findElement(ElementLocation.java:162)
at org.openqa.selenium.remote.ElementLocation.findElement(ElementLocation.java:60)
at org.openqa.selenium.remote.RemoteWebDriver.findElement(RemoteWebDriver.java:365)
at org.openqa.selenium.remote.RemoteWebDriver.findElement(RemoteWebDriver.java:357)
at com.Pages.Settings_RevenueCenter_Page.Search_Delete(Settings_RevenueCenter_Page.java:191)
at com.Test.Settings_RevenueCenter.Search_And_Delete(Settings_RevenueCenter.java:315)
at com.Test.Settings_RevenueCenter.Calling(Settings_RevenueCenter.java:110)
at sun.reflect.NativeMethodAccessorImpl.invoke0(Native Method)
at sun.reflect.NativeMethodAccessorImpl.invoke(Unknown Source)
at sun.reflect.DelegatingMethodAccessorImpl.invoke(Unknown Source)
at java.lang.reflect.Method.invoke(Unknown Source)
at org.testng.internal.MethodInvocationHelper.invokeMethod(MethodInvocationHelper.java:133)
at org.testng.internal.TestInvoker.invokeMethod(TestInvoker.java:598)
at org.testng.internal.TestInvoker.invokeTestMethod(TestInvoker.java:173)
at org.testng.internal.MethodRunner.runInSequence(MethodRunner.java:46)
at org.testng.internal.TestInvoker$MethodInvocationAgent.invoke(TestInvoker.java:824)
at org.testng.internal.TestInvoker.invokeTestMethods(TestInvoker.java:146)
at org.testng.internal.TestMethodWorker.invokeTestMethods(TestMethodWorker.java:146)
at org.testng.internal.TestMethodWorker.run(TestMethodWorker.java:128)
at java.util.ArrayList.forEach(Unknown Source)
at org.testng.TestRunner.privateRun(TestRunner.java:794)
at org.testng.TestRunner.run(TestRunner.java:596)
at org.testng.SuiteRunner.runTest(SuiteRunner.java:377)
at org.testng.SuiteRunner.runSequentially(SuiteRunner.java:371)
at org.testng.SuiteRunner.privateRun(SuiteRunner.java:332)
at org.testng.SuiteRunner.run(SuiteRunner.java:276)
at org.testng.SuiteRunnerWorker.runSuite(SuiteRunnerWorker.java:53)
at org.testng.SuiteRunnerWorker.run(SuiteRunnerWorker.java:96)
at org.testng.TestNG.runSuitesSequentially(TestNG.java:1212)
at org.testng.TestNG.runSuitesLocally(TestNG.java:1134)
at org.testng.TestNG.runSuites(TestNG.java:1063)
at org.testng.TestNG.run(TestNG.java:1031)
at org.testng.remote.AbstractRemoteTestNG.run(AbstractRemoteTestNG.java:115)
at org.testng.remote.RemoteTestNG.initAndRun(RemoteTestNG.java:251)
at org.testng.remote.RemoteTestNG.main(RemoteTestNG.java:77)
]]>
    </error>
  </testcase> <!-- Calling -->
  <system-out/>
  <testcase name="LogOut" time="0.247" classname="com.Test.Settings_RevenueCenter"/>
  <system-out/>
  <testcase name="Cancling_New_Revenue" classname="com.Test.Settings_RevenueCenter">
    <skipped/>
  </testcase> <!-- Cancling_New_Revenue -->
  <system-out/>
  <testcase name="Search_And_Delete" classname="com.Test.Settings_RevenueCenter">
    <skipped/>
  </testcase> <!-- Search_And_Delete -->
  <system-out/>
  <testcase name="Entering_Specialchar_Name" classname="com.Test.Settings_RevenueCenter">
    <skipped/>
  </testcase> <!-- Entering_Specialchar_Name -->
  <system-out/>
  <testcase name="Creating_NewRevenue" classname="com.Test.Settings_RevenueCenter">
    <skipped/>
  </testcase> <!-- Creating_NewRevenue -->
  <system-out/>
  <testcase name="New_Revenue_WithoutNode" classname="com.Test.Settings_RevenueCenter">
    <skipped/>
  </testcase> <!-- New_Revenue_WithoutNode -->
  <system-out/>
  <testcase name="Search_And_Edit" classname="com.Test.Settings_RevenueCenter">
    <skipped/>
  </testcase> <!-- Search_And_Edit -->
  <system-out/>
  <testcase name="Entering_Name25" classname="com.Test.Settings_RevenueCenter">
    <skipped/>
  </testcase> <!-- Entering_Name25 -->
  <system-out/>
  <testcase name="New_Revenue_WithoutName" classname="com.Test.Settings_RevenueCenter">
    <skipped/>
  </testcase> <!-- New_Revenue_WithoutName -->
  <system-out/>
  <testcase name="Navigating_RevenueCenter" classname="com.Test.Settings_RevenueCenter">
    <skipped/>
  </testcase> <!-- Navigating_RevenueCenter -->
  <system-out/>
  <testcase name="Sorting_Column" classname="com.Test.Settings_RevenueCenter">
    <skipped/>
  </testcase> <!-- Sorting_Column -->
  <system-out/>
  <testcase name="Entering_Duplicate_Name" classname="com.Test.Settings_RevenueCenter">
    <skipped/>
  </testcase> <!-- Entering_Duplicate_Name -->
  <system-out/>
  <testcase name="Handling_pagination" classname="com.Test.Settings_RevenueCenter">
    <skipped/>
  </testcase> <!-- Handling_pagination -->
  <system-out/>
</testsuite> <!-- com.Test.Settings_RevenueCenter -->
