<?xml version="1.0" encoding="UTF-8"?>
<!-- Generated by org.testng.reporters.JUnitReportReporter -->
<testsuite hostname="INL-JVNGDL3" failures="0" tests="17" name="com.Test.Reports_Gift_Card" time="310.447" errors="1" timestamp="2023-04-17T18:35:58 IST" skipped="14">
  <testcase classname="com.Test.Reports_Gift_Card" name="Login" time="48.826"/>
  <system-out/>
  <testcase classname="com.Test.Reports_Gift_Card" name="Calling" time="256.671">
    <error message="no such element: Unable to locate element: {&quot;method&quot;:&quot;xpath&quot;,&quot;selector&quot;:&quot;//button[@aria-label=&#039;Choose month and year&#039;]&quot;}
  (Session info: chrome=112.0.5615.121)
For documentation on this error, please visit: https://selenium.dev/exceptions/#no_such_element
Build info: version: &#039;4.4.0&#039;, revision: &#039;e5c75ed026a&#039;
System info: host: &#039;INL-JVNGDL3&#039;, ip: &#039;192.168.1.199&#039;, os.name: &#039;Windows 10&#039;, os.arch: &#039;amd64&#039;, os.version: &#039;10.0&#039;, java.version: &#039;17.0.6&#039;
Driver info: org.openqa.selenium.chrome.ChromeDriver
Command: [27bc8cca9ca49678df1c83c4073610b1, findElement {using=xpath, value=//button[@aria-label=&#039;Choose month and year&#039;]}]
Capabilities {acceptInsecureCerts: false, browserName: chrome, browserVersion: 112.0.5615.121, chrome: {chromedriverVersion: 112.0.5615.49 (bd2a7bcb881c..., userDataDir: C:\Users\raja.s\AppData\Loc...}, goog:chromeOptions: {debuggerAddress: localhost:54606}, networkConnectionEnabled: false, pageLoadStrategy: normal, platformName: WINDOWS, proxy: Proxy(), se:cdp: ws://localhost:54606/devtoo..., se:cdpVersion: 112.0.5615.121, setWindowRect: true, strictFileInteractability: false, timeouts: {implicit: 0, pageLoad: 300000, script: 30000}, unhandledPromptBehavior: dismiss and notify, webauthn:extension:credBlob: true, webauthn:extension:largeBlob: true, webauthn:extension:minPinLength: true, webauthn:extension:prf: true, webauthn:virtualAuthenticators: true}
Session ID: 27bc8cca9ca49678df1c83c4073610b1" type="org.openqa.selenium.NoSuchElementException">
      <![CDATA[org.openqa.selenium.NoSuchElementException: no such element: Unable to locate element: {"method":"xpath","selector":"//button[@aria-label='Choose month and year']"}
  (Session info: chrome=112.0.5615.121)
For documentation on this error, please visit: https://selenium.dev/exceptions/#no_such_element
Build info: version: '4.4.0', revision: 'e5c75ed026a'
System info: host: 'INL-JVNGDL3', ip: '192.168.1.199', os.name: 'Windows 10', os.arch: 'amd64', os.version: '10.0', java.version: '17.0.6'
Driver info: org.openqa.selenium.chrome.ChromeDriver
Command: [27bc8cca9ca49678df1c83c4073610b1, findElement {using=xpath, value=//button[@aria-label='Choose month and year']}]
Capabilities {acceptInsecureCerts: false, browserName: chrome, browserVersion: 112.0.5615.121, chrome: {chromedriverVersion: 112.0.5615.49 (bd2a7bcb881c..., userDataDir: C:\Users\raja.s\AppData\Loc...}, goog:chromeOptions: {debuggerAddress: localhost:54606}, networkConnectionEnabled: false, pageLoadStrategy: normal, platformName: WINDOWS, proxy: Proxy(), se:cdp: ws://localhost:54606/devtoo..., se:cdpVersion: 112.0.5615.121, setWindowRect: true, strictFileInteractability: false, timeouts: {implicit: 0, pageLoad: 300000, script: 30000}, unhandledPromptBehavior: dismiss and notify, webauthn:extension:credBlob: true, webauthn:extension:largeBlob: true, webauthn:extension:minPinLength: true, webauthn:extension:prf: true, webauthn:virtualAuthenticators: true}
Session ID: 27bc8cca9ca49678df1c83c4073610b1
at java.base/jdk.internal.reflect.NativeConstructorAccessorImpl.newInstance0(Native Method)
at java.base/jdk.internal.reflect.NativeConstructorAccessorImpl.newInstance(NativeConstructorAccessorImpl.java:77)
at java.base/jdk.internal.reflect.DelegatingConstructorAccessorImpl.newInstance(DelegatingConstructorAccessorImpl.java:45)
at java.base/java.lang.reflect.Constructor.newInstanceWithCaller(Constructor.java:499)
at java.base/java.lang.reflect.Constructor.newInstance(Constructor.java:480)
at org.openqa.selenium.remote.codec.w3c.W3CHttpResponseCodec.createException(W3CHttpResponseCodec.java:200)
at org.openqa.selenium.remote.codec.w3c.W3CHttpResponseCodec.decode(W3CHttpResponseCodec.java:133)
at org.openqa.selenium.remote.codec.w3c.W3CHttpResponseCodec.decode(W3CHttpResponseCodec.java:53)
at org.openqa.selenium.remote.HttpCommandExecutor.execute(HttpCommandExecutor.java:184)
at org.openqa.selenium.remote.service.DriverCommandExecutor.invokeExecute(DriverCommandExecutor.java:167)
at org.openqa.selenium.remote.service.DriverCommandExecutor.execute(DriverCommandExecutor.java:142)
at org.openqa.selenium.remote.RemoteWebDriver.execute(RemoteWebDriver.java:547)
at org.openqa.selenium.remote.ElementLocation$ElementFinder$2.findElement(ElementLocation.java:162)
at org.openqa.selenium.remote.ElementLocation.findElement(ElementLocation.java:60)
at org.openqa.selenium.remote.RemoteWebDriver.findElement(RemoteWebDriver.java:365)
at org.openqa.selenium.remote.RemoteWebDriver.findElement(RemoteWebDriver.java:357)
at org.openqa.selenium.support.pagefactory.DefaultElementLocator.findElement(DefaultElementLocator.java:70)
at org.openqa.selenium.support.pagefactory.internal.LocatingElementHandler.invoke(LocatingElementHandler.java:39)
at jdk.proxy2/jdk.proxy2.$Proxy16.click(Unknown Source)
at com.Pages.ReportsPage.Select_Specific_Date_TimePeriod(ReportsPage.java:237)
at com.Test.Reports_Gift_Card.Gift_Card_Report_Specific_Date(Reports_Gift_Card.java:1288)
at com.Test.Reports_Gift_Card.Calling(Reports_Gift_Card.java:122)
at java.base/jdk.internal.reflect.NativeMethodAccessorImpl.invoke0(Native Method)
at java.base/jdk.internal.reflect.NativeMethodAccessorImpl.invoke(NativeMethodAccessorImpl.java:77)
at java.base/jdk.internal.reflect.DelegatingMethodAccessorImpl.invoke(DelegatingMethodAccessorImpl.java:43)
at java.base/java.lang.reflect.Method.invoke(Method.java:568)
at org.testng.internal.MethodInvocationHelper.invokeMethod(MethodInvocationHelper.java:133)
at org.testng.internal.TestInvoker.invokeMethod(TestInvoker.java:598)
at org.testng.internal.TestInvoker.invokeTestMethod(TestInvoker.java:173)
at org.testng.internal.MethodRunner.runInSequence(MethodRunner.java:46)
at org.testng.internal.TestInvoker$MethodInvocationAgent.invoke(TestInvoker.java:824)
at org.testng.internal.TestInvoker.invokeTestMethods(TestInvoker.java:146)
at org.testng.internal.TestMethodWorker.invokeTestMethods(TestMethodWorker.java:146)
at org.testng.internal.TestMethodWorker.run(TestMethodWorker.java:128)
at java.base/java.util.ArrayList.forEach(ArrayList.java:1511)
at org.testng.TestRunner.privateRun(TestRunner.java:794)
at org.testng.TestRunner.run(TestRunner.java:596)
at org.testng.SuiteRunner.runTest(SuiteRunner.java:377)
at org.testng.SuiteRunner.runSequentially(SuiteRunner.java:371)
at org.testng.SuiteRunner.privateRun(SuiteRunner.java:332)
at org.testng.SuiteRunner.run(SuiteRunner.java:276)
at org.testng.SuiteRunnerWorker.runSuite(SuiteRunnerWorker.java:53)
at org.testng.SuiteRunnerWorker.run(SuiteRunnerWorker.java:96)
at org.testng.TestNG.runSuitesSequentially(TestNG.java:1212)
at org.testng.TestNG.runSuitesLocally(TestNG.java:1134)
at org.testng.TestNG.runSuites(TestNG.java:1063)
at org.testng.TestNG.run(TestNG.java:1031)
at org.testng.remote.AbstractRemoteTestNG.run(AbstractRemoteTestNG.java:115)
at org.testng.remote.RemoteTestNG.initAndRun(RemoteTestNG.java:251)
at org.testng.remote.RemoteTestNG.main(RemoteTestNG.java:77)
]]>
    </error>
  </testcase> <!-- Calling -->
  <system-out/>
  <testcase classname="com.Test.Reports_Gift_Card" name="LogOut" time="4.950"/>
  <system-out/>
  <testcase classname="com.Test.Reports_Gift_Card" name="Gift_Card_Report_This_Month">
    <skipped/>
  </testcase> <!-- Gift_Card_Report_This_Month -->
  <system-out/>
  <testcase classname="com.Test.Reports_Gift_Card" name="Gift_Card_Report_Last_Month">
    <skipped/>
  </testcase> <!-- Gift_Card_Report_Last_Month -->
  <system-out/>
  <testcase classname="com.Test.Reports_Gift_Card" name="Open_Gift_Card_Report_Page">
    <skipped/>
  </testcase> <!-- Open_Gift_Card_Report_Page -->
  <system-out/>
  <testcase classname="com.Test.Reports_Gift_Card" name="Gift_Card_Report_Last_Week">
    <skipped/>
  </testcase> <!-- Gift_Card_Report_Last_Week -->
  <system-out/>
  <testcase classname="com.Test.Reports_Gift_Card" name="Gift_Card_Report_This_Week">
    <skipped/>
  </testcase> <!-- Gift_Card_Report_This_Week -->
  <system-out/>
  <testcase classname="com.Test.Reports_Gift_Card" name="Gift_Card_Report_Last_N_Days">
    <skipped/>
  </testcase> <!-- Gift_Card_Report_Last_N_Days -->
  <system-out/>
  <testcase classname="com.Test.Reports_Gift_Card" name="Gift_Card_Report_Yesterday">
    <skipped/>
  </testcase> <!-- Gift_Card_Report_Yesterday -->
  <system-out/>
  <testcase classname="com.Test.Reports_Gift_Card" name="RefreshAndPaginination">
    <skipped/>
  </testcase> <!-- RefreshAndPaginination -->
  <system-out/>
  <testcase classname="com.Test.Reports_Gift_Card" name="Gift_Card_Report_Today">
    <skipped/>
  </testcase> <!-- Gift_Card_Report_Today -->
  <system-out/>
  <testcase classname="com.Test.Reports_Gift_Card" name="Gift_Card_Report_Last_30_Days">
    <skipped/>
  </testcase> <!-- Gift_Card_Report_Last_30_Days -->
  <system-out/>
  <testcase classname="com.Test.Reports_Gift_Card" name="Gift_Card_Report_Last_7_Days">
    <skipped/>
  </testcase> <!-- Gift_Card_Report_Last_7_Days -->
  <system-out/>
  <testcase classname="com.Test.Reports_Gift_Card" name="Gift_Card_Report_Specific_Date">
    <skipped/>
  </testcase> <!-- Gift_Card_Report_Specific_Date -->
  <system-out/>
  <testcase classname="com.Test.Reports_Gift_Card" name="Gift_Card_Report_Verify_Card_Search">
    <skipped/>
  </testcase> <!-- Gift_Card_Report_Verify_Card_Search -->
  <system-out/>
  <testcase classname="com.Test.Reports_Gift_Card" name="Gift_Card_Report_Date_Range">
    <skipped/>
  </testcase> <!-- Gift_Card_Report_Date_Range -->
  <system-out/>
</testsuite> <!-- com.Test.Reports_Gift_Card -->
