<?xml version="1.0" encoding="UTF-8"?>
<!-- Generated by org.testng.reporters.JUnitReportReporter -->
<testsuite hostname="INL-JVNGDL3" failures="0" tests="21" name="com.Test.Reports_Comparison_Report" time="413.858" errors="1" timestamp="2023-09-26T15:58:39 IST" skipped="18">
  <testcase classname="com.Test.Reports_Comparison_Report" name="Login" time="53.638"/>
  <testcase classname="com.Test.Reports_Comparison_Report" name="Calling" time="353.136">
    <error message="element click intercepted: Element &lt;button _ngcontent-pfk-c407=&quot;&quot; color=&quot;primary&quot; type=&quot;submit&quot; mat-raised-button=&quot;&quot; class=&quot;mat-focus-indicator mat-raised-button mat-button-base mat-primary&quot;&gt;...&lt;/button&gt; is not clickable at point (1171, 130). Other element would receive the click: &lt;div _ngcontent-pfk-c407=&quot;&quot; class=&quot;col-12&quot;&gt;...&lt;/div&gt;
  (Session info: chrome=116.0.5845.188)
Build info: version: &#039;4.10.0&#039;, revision: &#039;c14d967899&#039;
System info: os.name: &#039;Windows 10&#039;, os.arch: &#039;amd64&#039;, os.version: &#039;10.0&#039;, java.version: &#039;17.0.8&#039;
Driver info: org.openqa.selenium.chrome.ChromeDriver
Command: [30a58f1a7f408bce33a9c8a118ba9687, clickElement {id=14399D2689B133E4F5D91C153E695858_element_301}]
Capabilities {acceptInsecureCerts: false, browserName: chrome, browserVersion: 116.0.5845.188, chrome: {chromedriverVersion: 116.0.5845.96 (1a3918166880..., userDataDir: C:\Users\raja.s\AppData\Loc...}, fedcm:accounts: true, goog:chromeOptions: {debuggerAddress: localhost:50386}, networkConnectionEnabled: false, pageLoadStrategy: normal, platformName: windows, proxy: Proxy(), se:cdp: ws://localhost:50386/devtoo..., se:cdpVersion: 116.0.5845.188, setWindowRect: true, strictFileInteractability: false, timeouts: {implicit: 0, pageLoad: 300000, script: 30000}, unhandledPromptBehavior: dismiss and notify, webauthn:extension:credBlob: true, webauthn:extension:largeBlob: true, webauthn:extension:minPinLength: true, webauthn:extension:prf: true, webauthn:virtualAuthenticators: true}
Element: [[ChromeDriver: chrome on windows (30a58f1a7f408bce33a9c8a118ba9687)] -&gt; xpath: //button[contains(.,&#039;APPLY&#039;)]]
Session ID: 30a58f1a7f408bce33a9c8a118ba9687" type="org.openqa.selenium.ElementClickInterceptedException">
      <![CDATA[org.openqa.selenium.ElementClickInterceptedException: element click intercepted: Element <button _ngcontent-pfk-c407="" color="primary" type="submit" mat-raised-button="" class="mat-focus-indicator mat-raised-button mat-button-base mat-primary">...</button> is not clickable at point (1171, 130). Other element would receive the click: <div _ngcontent-pfk-c407="" class="col-12">...</div>
  (Session info: chrome=116.0.5845.188)
Build info: version: '4.10.0', revision: 'c14d967899'
System info: os.name: 'Windows 10', os.arch: 'amd64', os.version: '10.0', java.version: '17.0.8'
Driver info: org.openqa.selenium.chrome.ChromeDriver
Command: [30a58f1a7f408bce33a9c8a118ba9687, clickElement {id=14399D2689B133E4F5D91C153E695858_element_301}]
Capabilities {acceptInsecureCerts: false, browserName: chrome, browserVersion: 116.0.5845.188, chrome: {chromedriverVersion: 116.0.5845.96 (1a3918166880..., userDataDir: C:\Users\raja.s\AppData\Loc...}, fedcm:accounts: true, goog:chromeOptions: {debuggerAddress: localhost:50386}, networkConnectionEnabled: false, pageLoadStrategy: normal, platformName: windows, proxy: Proxy(), se:cdp: ws://localhost:50386/devtoo..., se:cdpVersion: 116.0.5845.188, setWindowRect: true, strictFileInteractability: false, timeouts: {implicit: 0, pageLoad: 300000, script: 30000}, unhandledPromptBehavior: dismiss and notify, webauthn:extension:credBlob: true, webauthn:extension:largeBlob: true, webauthn:extension:minPinLength: true, webauthn:extension:prf: true, webauthn:virtualAuthenticators: true}
Element: [[ChromeDriver: chrome on windows (30a58f1a7f408bce33a9c8a118ba9687)] -> xpath: //button[contains(.,'APPLY')]]
Session ID: 30a58f1a7f408bce33a9c8a118ba9687
at java.base/jdk.internal.reflect.NativeConstructorAccessorImpl.newInstance0(Native Method)
at java.base/jdk.internal.reflect.NativeConstructorAccessorImpl.newInstance(NativeConstructorAccessorImpl.java:77)
at java.base/jdk.internal.reflect.DelegatingConstructorAccessorImpl.newInstance(DelegatingConstructorAccessorImpl.java:45)
at java.base/java.lang.reflect.Constructor.newInstanceWithCaller(Constructor.java:499)
at java.base/java.lang.reflect.Constructor.newInstance(Constructor.java:480)
at org.openqa.selenium.remote.codec.w3c.W3CHttpResponseCodec.createException(W3CHttpResponseCodec.java:199)
at org.openqa.selenium.remote.codec.w3c.W3CHttpResponseCodec.decode(W3CHttpResponseCodec.java:132)
at org.openqa.selenium.remote.codec.w3c.W3CHttpResponseCodec.decode(W3CHttpResponseCodec.java:51)
at org.openqa.selenium.remote.HttpCommandExecutor.execute(HttpCommandExecutor.java:191)
at org.openqa.selenium.remote.service.DriverCommandExecutor.invokeExecute(DriverCommandExecutor.java:196)
at org.openqa.selenium.remote.service.DriverCommandExecutor.execute(DriverCommandExecutor.java:171)
at org.openqa.selenium.remote.RemoteWebDriver.execute(RemoteWebDriver.java:531)
at org.openqa.selenium.remote.RemoteWebElement.execute(RemoteWebElement.java:242)
at org.openqa.selenium.remote.RemoteWebElement.click(RemoteWebElement.java:77)
at jdk.internal.reflect.GeneratedMethodAccessor1.invoke(Unknown Source)
at java.base/jdk.internal.reflect.DelegatingMethodAccessorImpl.invoke(DelegatingMethodAccessorImpl.java:43)
at java.base/java.lang.reflect.Method.invoke(Method.java:568)
at org.openqa.selenium.support.pagefactory.internal.LocatingElementHandler.invoke(LocatingElementHandler.java:52)
at jdk.proxy2/jdk.proxy2.$Proxy17.click(Unknown Source)
at com.Pages.ReportsPage.Click_ApplyButton(ReportsPage.java:133)
at com.Test.Reports_Comparison_Report.Comparison_Sale_Report_Comp1_DateRange_Comp2_DateRange_Comp3_DateRange_Comp4_DateRange(Reports_Comparison_Report.java:1504)
at com.Test.Reports_Comparison_Report.Calling(Reports_Comparison_Report.java:134)
at java.base/jdk.internal.reflect.NativeMethodAccessorImpl.invoke0(Native Method)
at java.base/jdk.internal.reflect.NativeMethodAccessorImpl.invoke(NativeMethodAccessorImpl.java:77)
at java.base/jdk.internal.reflect.DelegatingMethodAccessorImpl.invoke(DelegatingMethodAccessorImpl.java:43)
at java.base/java.lang.reflect.Method.invoke(Method.java:568)
at org.testng.internal.invokers.MethodInvocationHelper.invokeMethod(MethodInvocationHelper.java:139)
at org.testng.internal.invokers.TestInvoker.invokeMethod(TestInvoker.java:664)
at org.testng.internal.invokers.TestInvoker.invokeTestMethod(TestInvoker.java:227)
at org.testng.internal.invokers.MethodRunner.runInSequence(MethodRunner.java:50)
at org.testng.internal.invokers.TestInvoker$MethodInvocationAgent.invoke(TestInvoker.java:957)
at org.testng.internal.invokers.TestInvoker.invokeTestMethods(TestInvoker.java:200)
at org.testng.internal.invokers.TestMethodWorker.invokeTestMethods(TestMethodWorker.java:148)
at org.testng.internal.invokers.TestMethodWorker.run(TestMethodWorker.java:128)
at java.base/java.util.ArrayList.forEach(ArrayList.java:1511)
at org.testng.TestRunner.privateRun(TestRunner.java:848)
at org.testng.TestRunner.run(TestRunner.java:621)
at org.testng.SuiteRunner.runTest(SuiteRunner.java:443)
at org.testng.SuiteRunner.runSequentially(SuiteRunner.java:437)
at org.testng.SuiteRunner.privateRun(SuiteRunner.java:397)
at org.testng.SuiteRunner.run(SuiteRunner.java:336)
at org.testng.SuiteRunnerWorker.runSuite(SuiteRunnerWorker.java:52)
at org.testng.SuiteRunnerWorker.run(SuiteRunnerWorker.java:95)
at org.testng.TestNG.runSuitesSequentially(TestNG.java:1280)
at org.testng.TestNG.runSuitesLocally(TestNG.java:1200)
at org.testng.TestNG.runSuites(TestNG.java:1114)
at org.testng.TestNG.run(TestNG.java:1082)
at org.testng.remote.AbstractRemoteTestNG.run(AbstractRemoteTestNG.java:115)
at org.testng.remote.RemoteTestNG.initAndRun(RemoteTestNG.java:251)
at org.testng.remote.RemoteTestNG.main(RemoteTestNG.java:77)
]]>
    </error>
  </testcase> <!-- Calling -->
  <testcase classname="com.Test.Reports_Comparison_Report" name="LogOut" time="7.084"/>
  <testcase classname="com.Test.Reports_Comparison_Report" name="RefreshAndPaginination">
    <skipped/>
  </testcase> <!-- RefreshAndPaginination -->
  <testcase classname="com.Test.Reports_Comparison_Report" name="Comparison_Sale_Report_Comp1_SpecificDate_Comp2_SpecificDate_Comp3_SpecificDate_Comp4_SpecificDate">
    <skipped/>
  </testcase> <!-- Comparison_Sale_Report_Comp1_SpecificDate_Comp2_SpecificDate_Comp3_SpecificDate_Comp4_SpecificDate -->
  <testcase classname="com.Test.Reports_Comparison_Report" name="Comparison_Sale_Report_Comp1_Today_Comp2_Last_Month">
    <skipped/>
  </testcase> <!-- Comparison_Sale_Report_Comp1_Today_Comp2_Last_Month -->
  <testcase classname="com.Test.Reports_Comparison_Report" name="Comparison_Sale_Report_Comp1_DateRange_Comp2_DateRange_Comp3_DateRange_Comp4_DateRange">
    <skipped/>
  </testcase> <!-- Comparison_Sale_Report_Comp1_DateRange_Comp2_DateRange_Comp3_DateRange_Comp4_DateRange -->
  <testcase classname="com.Test.Reports_Comparison_Report" name="Comparison_Sale_Report_Comp1_Today_Comp2_Specific_Date">
    <skipped/>
  </testcase> <!-- Comparison_Sale_Report_Comp1_Today_Comp2_Specific_Date -->
  <testcase classname="com.Test.Reports_Comparison_Report" name="Comparison_Sale_Report_Comp1_Today_Comp2_This_Week">
    <skipped/>
  </testcase> <!-- Comparison_Sale_Report_Comp1_Today_Comp2_This_Week -->
  <testcase classname="com.Test.Reports_Comparison_Report" name="Comparison_Sale_Report_Comp1_Today_Comp2_Last_N_Days">
    <skipped/>
  </testcase> <!-- Comparison_Sale_Report_Comp1_Today_Comp2_Last_N_Days -->
  <testcase classname="com.Test.Reports_Comparison_Report" name="Comparison_Sale_Report_Comp1_Today_Comp2_This_Month">
    <skipped/>
  </testcase> <!-- Comparison_Sale_Report_Comp1_Today_Comp2_This_Month -->
  <testcase classname="com.Test.Reports_Comparison_Report" name="Comparison_Sale_Report_Comp1_Today_Comp2_Last_Week">
    <skipped/>
  </testcase> <!-- Comparison_Sale_Report_Comp1_Today_Comp2_Last_Week -->
  <testcase classname="com.Test.Reports_Comparison_Report" name="Open_Comparison_Report_Page">
    <skipped/>
  </testcase> <!-- Open_Comparison_Report_Page -->
  <testcase classname="com.Test.Reports_Comparison_Report" name="Comparison_Sale_Report_Comp1_Today_Comp2_Date_Range">
    <skipped/>
  </testcase> <!-- Comparison_Sale_Report_Comp1_Today_Comp2_Date_Range -->
  <testcase classname="com.Test.Reports_Comparison_Report" name="Comparison_Sale_Report_Comp1_Today_Comp2_Last_7_Days">
    <skipped/>
  </testcase> <!-- Comparison_Sale_Report_Comp1_Today_Comp2_Last_7_Days -->
  <testcase classname="com.Test.Reports_Comparison_Report" name="Comparison_Sale_Report_Comp1_SpecificDate_Comp2_SpecificDate_Comp3_SpecificDate">
    <skipped/>
  </testcase> <!-- Comparison_Sale_Report_Comp1_SpecificDate_Comp2_SpecificDate_Comp3_SpecificDate -->
  <testcase classname="com.Test.Reports_Comparison_Report" name="Comparison_Sale_Report_Comp1_SpecificDate_Comp2_SpecificDate">
    <skipped/>
  </testcase> <!-- Comparison_Sale_Report_Comp1_SpecificDate_Comp2_SpecificDate -->
  <testcase classname="com.Test.Reports_Comparison_Report" name="Comparison_Sale_Report_Comp1_DateRange_Comp2_DateRange">
    <skipped/>
  </testcase> <!-- Comparison_Sale_Report_Comp1_DateRange_Comp2_DateRange -->
  <testcase classname="com.Test.Reports_Comparison_Report" name="Comparison_Sale_Report_Comp1_Today_Comp2_Yesterday">
    <skipped/>
  </testcase> <!-- Comparison_Sale_Report_Comp1_Today_Comp2_Yesterday -->
  <testcase classname="com.Test.Reports_Comparison_Report" name="Comparison_Sale_Report_Comp1_Today_Comp2_Last_30_days">
    <skipped/>
  </testcase> <!-- Comparison_Sale_Report_Comp1_Today_Comp2_Last_30_days -->
  <testcase classname="com.Test.Reports_Comparison_Report" name="Comparison_Sale_Report_Comp1_DateRange_Comp2_DateRange_Comp3_DateRange">
    <skipped/>
  </testcase> <!-- Comparison_Sale_Report_Comp1_DateRange_Comp2_DateRange_Comp3_DateRange -->
</testsuite> <!-- com.Test.Reports_Comparison_Report -->
