<?xml version="1.0" encoding="UTF-8"?>
<!-- Generated by org.testng.reporters.JUnitReportReporter -->
<testsuite hostname="Raja-QA-Laptop-IN" failures="0" tests="27" name="com.Test.AllClassCalling_Product_and_Items" time="76.040" errors="1" timestamp="2023-07-07T16:09:00 IST" skipped="26">
  <testcase classname="com.Test.AllClassCalling_Product_and_Items" name="Login" time="76.040">
    <error message="no such element: Unable to locate element: {&quot;method&quot;:&quot;xpath&quot;,&quot;selector&quot;:&quot;//app-input[@placeholder=&#039;Search&#039;]/div/div/mat-form-field/div/div/div[4]/input&quot;}
  (Session info: chrome=114.0.5735.199)
For documentation on this error, please visit: https://selenium.dev/exceptions/#no_such_element
Build info: version: &#039;4.4.0&#039;, revision: &#039;e5c75ed026a&#039;
System info: host: &#039;RAJA-QA-LAPTOP-&#039;, ip: &#039;10.10.123.165&#039;, os.name: &#039;Windows 11&#039;, os.arch: &#039;amd64&#039;, os.version: &#039;10.0&#039;, java.version: &#039;17.0.4.1&#039;
Driver info: org.openqa.selenium.chrome.ChromeDriver
Command: [2f75afc91de48efad4a69992a72267a4, findElement {using=xpath, value=//app-input[@placeholder=&#039;Search&#039;]/div/div/mat-form-field/div/div/div[4]/input}]
Capabilities {acceptInsecureCerts: false, browserName: chrome, browserVersion: 114.0.5735.199, chrome: {chromedriverVersion: 114.0.5735.90 (386bc09e8f4f..., userDataDir: C:\WINDOWS\SystemTemp\scope...}, goog:chromeOptions: {debuggerAddress: localhost:53679}, networkConnectionEnabled: false, pageLoadStrategy: normal, platformName: WINDOWS, proxy: Proxy(), se:cdp: ws://localhost:53679/devtoo..., se:cdpVersion: 114.0.5735.199, setWindowRect: true, strictFileInteractability: false, timeouts: {implicit: 0, pageLoad: 300000, script: 30000}, unhandledPromptBehavior: dismiss and notify, webauthn:extension:credBlob: true, webauthn:extension:largeBlob: true, webauthn:extension:minPinLength: true, webauthn:extension:prf: true, webauthn:virtualAuthenticators: true}
Session ID: 2f75afc91de48efad4a69992a72267a4" type="org.openqa.selenium.NoSuchElementException">
      <![CDATA[org.openqa.selenium.NoSuchElementException: no such element: Unable to locate element: {"method":"xpath","selector":"//app-input[@placeholder='Search']/div/div/mat-form-field/div/div/div[4]/input"}
  (Session info: chrome=114.0.5735.199)
For documentation on this error, please visit: https://selenium.dev/exceptions/#no_such_element
Build info: version: '4.4.0', revision: 'e5c75ed026a'
System info: host: 'RAJA-QA-LAPTOP-', ip: '10.10.123.165', os.name: 'Windows 11', os.arch: 'amd64', os.version: '10.0', java.version: '17.0.4.1'
Driver info: org.openqa.selenium.chrome.ChromeDriver
Command: [2f75afc91de48efad4a69992a72267a4, findElement {using=xpath, value=//app-input[@placeholder='Search']/div/div/mat-form-field/div/div/div[4]/input}]
Capabilities {acceptInsecureCerts: false, browserName: chrome, browserVersion: 114.0.5735.199, chrome: {chromedriverVersion: 114.0.5735.90 (386bc09e8f4f..., userDataDir: C:\WINDOWS\SystemTemp\scope...}, goog:chromeOptions: {debuggerAddress: localhost:53679}, networkConnectionEnabled: false, pageLoadStrategy: normal, platformName: WINDOWS, proxy: Proxy(), se:cdp: ws://localhost:53679/devtoo..., se:cdpVersion: 114.0.5735.199, setWindowRect: true, strictFileInteractability: false, timeouts: {implicit: 0, pageLoad: 300000, script: 30000}, unhandledPromptBehavior: dismiss and notify, webauthn:extension:credBlob: true, webauthn:extension:largeBlob: true, webauthn:extension:minPinLength: true, webauthn:extension:prf: true, webauthn:virtualAuthenticators: true}
Session ID: 2f75afc91de48efad4a69992a72267a4
at java.base/jdk.internal.reflect.NativeConstructorAccessorImpl.newInstance0(Native Method)
at java.base/jdk.internal.reflect.NativeConstructorAccessorImpl.newInstance(NativeConstructorAccessorImpl.java:77)
at java.base/jdk.internal.reflect.DelegatingConstructorAccessorImpl.newInstance(DelegatingConstructorAccessorImpl.java:45)
at java.base/java.lang.reflect.Constructor.newInstanceWithCaller(Constructor.java:499)
at java.base/java.lang.reflect.Constructor.newInstance(Constructor.java:480)
at org.openqa.selenium.remote.codec.w3c.W3CHttpResponseCodec.createException(W3CHttpResponseCodec.java:200)
at org.openqa.selenium.remote.codec.w3c.W3CHttpResponseCodec.decode(W3CHttpResponseCodec.java:133)
at org.openqa.selenium.remote.codec.w3c.W3CHttpResponseCodec.decode(W3CHttpResponseCodec.java:53)
at org.openqa.selenium.remote.HttpCommandExecutor.execute(HttpCommandExecutor.java:184)
at org.openqa.selenium.remote.service.DriverCommandExecutor.invokeExecute(DriverCommandExecutor.java:167)
at org.openqa.selenium.remote.service.DriverCommandExecutor.execute(DriverCommandExecutor.java:142)
at org.openqa.selenium.remote.RemoteWebDriver.execute(RemoteWebDriver.java:547)
at org.openqa.selenium.remote.ElementLocation$ElementFinder$2.findElement(ElementLocation.java:162)
at org.openqa.selenium.remote.ElementLocation.findElement(ElementLocation.java:60)
at org.openqa.selenium.remote.RemoteWebDriver.findElement(RemoteWebDriver.java:365)
at org.openqa.selenium.remote.RemoteWebDriver.findElement(RemoteWebDriver.java:357)
at org.openqa.selenium.support.pagefactory.DefaultElementLocator.findElement(DefaultElementLocator.java:70)
at org.openqa.selenium.support.pagefactory.internal.LocatingElementHandler.invoke(LocatingElementHandler.java:39)
at jdk.proxy2/jdk.proxy2.$Proxy16.clear(Unknown Source)
at com.Pages.LoginPage.Login(LoginPage.java:142)
at com.Test.LoginTest.Login(LoginTest.java:48)
at com.Test.AllClassCalling_Product_and_Items.Login(AllClassCalling_Product_and_Items.java:98)
at java.base/jdk.internal.reflect.NativeMethodAccessorImpl.invoke0(Native Method)
at java.base/jdk.internal.reflect.NativeMethodAccessorImpl.invoke(NativeMethodAccessorImpl.java:77)
at java.base/jdk.internal.reflect.DelegatingMethodAccessorImpl.invoke(DelegatingMethodAccessorImpl.java:43)
at java.base/java.lang.reflect.Method.invoke(Method.java:568)
at org.testng.internal.MethodInvocationHelper.invokeMethod(MethodInvocationHelper.java:133)
at org.testng.internal.MethodInvocationHelper.invokeMethodConsideringTimeout(MethodInvocationHelper.java:62)
at org.testng.internal.ConfigInvoker.invokeConfigurationMethod(ConfigInvoker.java:385)
at org.testng.internal.ConfigInvoker.invokeConfigurations(ConfigInvoker.java:321)
at org.testng.TestRunner.invokeTestConfigurations(TestRunner.java:637)
at org.testng.TestRunner.beforeRun(TestRunner.java:627)
at org.testng.TestRunner.run(TestRunner.java:589)
at org.testng.SuiteRunner.runTest(SuiteRunner.java:377)
at org.testng.SuiteRunner.runSequentially(SuiteRunner.java:371)
at org.testng.SuiteRunner.privateRun(SuiteRunner.java:332)
at org.testng.SuiteRunner.run(SuiteRunner.java:276)
at org.testng.SuiteRunnerWorker.runSuite(SuiteRunnerWorker.java:53)
at org.testng.SuiteRunnerWorker.run(SuiteRunnerWorker.java:96)
at org.testng.TestNG.runSuitesSequentially(TestNG.java:1212)
at org.testng.TestNG.runSuitesLocally(TestNG.java:1134)
at org.testng.TestNG.runSuites(TestNG.java:1063)
at org.testng.TestNG.run(TestNG.java:1031)
at org.apache.maven.surefire.testng.TestNGExecutor.run(TestNGExecutor.java:308)
at org.apache.maven.surefire.testng.TestNGXmlTestSuite.execute(TestNGXmlTestSuite.java:71)
at org.apache.maven.surefire.testng.TestNGProvider.invoke(TestNGProvider.java:113)
at org.apache.maven.surefire.booter.ForkedBooter.runSuitesInProcess(ForkedBooter.java:385)
at org.apache.maven.surefire.booter.ForkedBooter.execute(ForkedBooter.java:162)
at org.apache.maven.surefire.booter.ForkedBooter.run(ForkedBooter.java:507)
at org.apache.maven.surefire.booter.ForkedBooter.main(ForkedBooter.java:495)
]]>
    </error>
  </testcase> <!-- Login -->
  <system-out/>
  <testcase classname="com.Test.AllClassCalling_Product_and_Items" name="Product_Items_AddEditDelete_Departments" time="0.000">
    <skipped/>
  </testcase> <!-- Product_Items_AddEditDelete_Departments -->
  <system-out/>
  <testcase classname="com.Test.AllClassCalling_Product_and_Items" name="Product_Items_AddEditDelete_Coursing" time="0.000">
    <skipped/>
  </testcase> <!-- Product_Items_AddEditDelete_Coursing -->
  <system-out/>
  <testcase classname="com.Test.AllClassCalling_Product_and_Items" name="Product_Items_AddEditDelete_Serving_Size_Levels" time="0.000">
    <skipped/>
  </testcase> <!-- Product_Items_AddEditDelete_Serving_Size_Levels -->
  <system-out/>
  <testcase classname="com.Test.AllClassCalling_Product_and_Items" name="Product_Items_AddEditDelete_Taxes" time="0.000">
    <skipped/>
  </testcase> <!-- Product_Items_AddEditDelete_Taxes -->
  <system-out/>
  <testcase classname="com.Test.AllClassCalling_Product_and_Items" name="Product_Items_AddEditDelete_Categories" time="0.000">
    <skipped/>
  </testcase> <!-- Product_Items_AddEditDelete_Categories -->
  <system-out/>
  <testcase classname="com.Test.AllClassCalling_Product_and_Items" name="Product_Items_AddEditDelete_SubCategories" time="0.000">
    <skipped/>
  </testcase> <!-- Product_Items_AddEditDelete_SubCategories -->
  <system-out/>
  <testcase classname="com.Test.AllClassCalling_Product_and_Items" name="Product_Items_AddEditDelete_Modifiers" time="0.000">
    <skipped/>
  </testcase> <!-- Product_Items_AddEditDelete_Modifiers -->
  <system-out/>
  <testcase classname="com.Test.AllClassCalling_Product_and_Items" name="Product_Items_AddEditDelete_ModifierGroups" time="0.000">
    <skipped/>
  </testcase> <!-- Product_Items_AddEditDelete_ModifierGroups -->
  <system-out/>
  <testcase classname="com.Test.AllClassCalling_Product_and_Items" name="Product_Items_Meito" time="0.000">
    <skipped/>
  </testcase> <!-- Product_Items_Meito -->
  <system-out/>
  <testcase classname="com.Test.AllClassCalling_Product_and_Items" name="Product_Items_AddEditDelete_MenuItem" time="0.000">
    <skipped/>
  </testcase> <!-- Product_Items_AddEditDelete_MenuItem -->
  <system-out/>
  <testcase classname="com.Test.AllClassCalling_Product_and_Items" name="Product_Items_AddEditDelete_RetailItem" time="0.000">
    <skipped/>
  </testcase> <!-- Product_Items_AddEditDelete_RetailItem -->
  <system-out/>
  <testcase classname="com.Test.AllClassCalling_Product_and_Items" name="Product_Items_Bulk_Update" time="0.000">
    <skipped/>
  </testcase> <!-- Product_Items_Bulk_Update -->
  <system-out/>
  <testcase classname="com.Test.AllClassCalling_Product_and_Items" name="Product_Items_AddEditDelete_DisplayGroups" time="0.000">
    <skipped/>
  </testcase> <!-- Product_Items_AddEditDelete_DisplayGroups -->
  <system-out/>
  <testcase classname="com.Test.AllClassCalling_Product_and_Items" name="Product_Items_AddEditDelete_Item_Based_Discount" time="0.000">
    <skipped/>
  </testcase> <!-- Product_Items_AddEditDelete_Item_Based_Discount -->
  <system-out/>
  <testcase classname="com.Test.AllClassCalling_Product_and_Items" name="Product_Items_AddEditDelete_Check_Based_Discount" time="0.000">
    <skipped/>
  </testcase> <!-- Product_Items_AddEditDelete_Check_Based_Discount -->
  <system-out/>
  <testcase classname="com.Test.AllClassCalling_Product_and_Items" name="Product_Items_AddEditDelete_Open_Item_Discount" time="0.000">
    <skipped/>
  </testcase> <!-- Product_Items_AddEditDelete_Open_Item_Discount -->
  <system-out/>
  <testcase classname="com.Test.AllClassCalling_Product_and_Items" name="Product_Items_AddEditDelete_Open_Check_Discount" time="0.000">
    <skipped/>
  </testcase> <!-- Product_Items_AddEditDelete_Open_Check_Discount -->
  <system-out/>
  <testcase classname="com.Test.AllClassCalling_Product_and_Items" name="Product_Items_AddEditDelete_MixAndMatch_Discount" time="0.000">
    <skipped/>
  </testcase> <!-- Product_Items_AddEditDelete_MixAndMatch_Discount -->
  <system-out/>
  <testcase classname="com.Test.AllClassCalling_Product_and_Items" name="Product_Items_AddEditDelete_Upcharges" time="0.000">
    <skipped/>
  </testcase> <!-- Product_Items_AddEditDelete_Upcharges -->
  <system-out/>
  <testcase classname="com.Test.AllClassCalling_Product_and_Items" name="Product_Items_Sort_Menu_Config" time="0.000">
    <skipped/>
  </testcase> <!-- Product_Items_Sort_Menu_Config -->
  <system-out/>
  <testcase classname="com.Test.AllClassCalling_Product_and_Items" name="Product_Items_AddEditDelete_Gratuities" time="0.000">
    <skipped/>
  </testcase> <!-- Product_Items_AddEditDelete_Gratuities -->
  <system-out/>
  <testcase classname="com.Test.AllClassCalling_Product_and_Items" name="Product_Items_AddEditDelete_GiftCards" time="0.000">
    <skipped/>
  </testcase> <!-- Product_Items_AddEditDelete_GiftCards -->
  <system-out/>
  <testcase classname="com.Test.AllClassCalling_Product_and_Items" name="Product_Items_Cut_And_Modify" time="0.000">
    <skipped/>
  </testcase> <!-- Product_Items_Cut_And_Modify -->
  <system-out/>
  <testcase classname="com.Test.AllClassCalling_Product_and_Items" name="Product_Items_AddEditDelete_TareGroup" time="0.000">
    <skipped/>
  </testcase> <!-- Product_Items_AddEditDelete_TareGroup -->
  <system-out/>
  <testcase classname="com.Test.AllClassCalling_Product_and_Items" name="Product_Items_AddEditDelete_Reasons" time="0.000">
    <skipped/>
  </testcase> <!-- Product_Items_AddEditDelete_Reasons -->
  <system-out/>
  <testcase classname="com.Test.AllClassCalling_Product_and_Items" name="Product_Items_AddEditDelete_Item_Service_Charge" time="0.000">
    <skipped/>
  </testcase> <!-- Product_Items_AddEditDelete_Item_Service_Charge -->
  <system-out/>
</testsuite> <!-- com.Test.AllClassCalling_Product_and_Items -->
