<?xml version="1.0" encoding="UTF-8"?>
<!-- Generated by org.testng.reporters.JUnitReportReporter -->
<testsuite hostname="INL-JVNGDL3" failures="0" tests="40" name="com.Test.AllClassCalling_Settings" time="45.052" errors="2" timestamp="2023-11-09T17:20:00 IST" skipped="37">
  <testcase classname="com.Test.AllClassCalling_Settings" name="TestFail" time="0.001">
    <error message="Cannot invoke &quot;com.epam.healenium.SelfHealingDriver.getDelegate()&quot; because &quot;this.driver&quot; is null" type="java.lang.NullPointerException">
      <![CDATA[java.lang.NullPointerException: Cannot invoke "com.epam.healenium.SelfHealingDriver.getDelegate()" because "this.driver" is null
at com.Test.AllClassCalling_Settings.TestFail(AllClassCalling_Settings.java:48)
at java.base/jdk.internal.reflect.NativeMethodAccessorImpl.invoke0(Native Method)
at java.base/jdk.internal.reflect.NativeMethodAccessorImpl.invoke(NativeMethodAccessorImpl.java:77)
at java.base/jdk.internal.reflect.DelegatingMethodAccessorImpl.invoke(DelegatingMethodAccessorImpl.java:43)
at java.base/java.lang.reflect.Method.invoke(Method.java:568)
at org.testng.internal.invokers.MethodInvocationHelper.invokeMethod(MethodInvocationHelper.java:139)
at org.testng.internal.invokers.MethodInvocationHelper.invokeMethodConsideringTimeout(MethodInvocationHelper.java:69)
at org.testng.internal.invokers.ConfigInvoker.invokeConfigurationMethod(ConfigInvoker.java:390)
at org.testng.internal.invokers.ConfigInvoker.invokeConfigurations(ConfigInvoker.java:325)
at org.testng.internal.invokers.TestInvoker.runConfigMethods(TestInvoker.java:810)
at org.testng.internal.invokers.TestInvoker.runAfterConfigurations(TestInvoker.java:779)
at org.testng.internal.invokers.TestInvoker.invokeMethod(TestInvoker.java:755)
at org.testng.internal.invokers.TestInvoker.invokeTestMethod(TestInvoker.java:227)
at org.testng.internal.invokers.MethodRunner.runInSequence(MethodRunner.java:50)
at org.testng.internal.invokers.TestInvoker$MethodInvocationAgent.invoke(TestInvoker.java:957)
at org.testng.internal.invokers.TestInvoker.invokeTestMethods(TestInvoker.java:200)
at org.testng.internal.invokers.TestMethodWorker.invokeTestMethods(TestMethodWorker.java:148)
at org.testng.internal.invokers.TestMethodWorker.run(TestMethodWorker.java:128)
at java.base/java.util.ArrayList.forEach(ArrayList.java:1511)
at org.testng.TestRunner.privateRun(TestRunner.java:848)
at org.testng.TestRunner.run(TestRunner.java:621)
at org.testng.SuiteRunner.runTest(SuiteRunner.java:443)
at org.testng.SuiteRunner.runSequentially(SuiteRunner.java:437)
at org.testng.SuiteRunner.privateRun(SuiteRunner.java:397)
at org.testng.SuiteRunner.run(SuiteRunner.java:336)
at org.testng.SuiteRunnerWorker.runSuite(SuiteRunnerWorker.java:52)
at org.testng.SuiteRunnerWorker.run(SuiteRunnerWorker.java:95)
at org.testng.TestNG.runSuitesSequentially(TestNG.java:1280)
at org.testng.TestNG.runSuitesLocally(TestNG.java:1200)
at org.testng.TestNG.runSuites(TestNG.java:1114)
at org.testng.TestNG.run(TestNG.java:1082)
at org.apache.maven.surefire.testng.TestNGExecutor.run(TestNGExecutor.java:308)
at org.apache.maven.surefire.testng.TestNGXmlTestSuite.execute(TestNGXmlTestSuite.java:71)
at org.apache.maven.surefire.testng.TestNGProvider.invoke(TestNGProvider.java:113)
at org.apache.maven.surefire.booter.ForkedBooter.runSuitesInProcess(ForkedBooter.java:385)
at org.apache.maven.surefire.booter.ForkedBooter.execute(ForkedBooter.java:162)
at org.apache.maven.surefire.booter.ForkedBooter.run(ForkedBooter.java:507)
at org.apache.maven.surefire.booter.ForkedBooter.main(ForkedBooter.java:495)
]]>
    </error>
  </testcase> <!-- TestFail -->
  <testcase classname="com.Test.AllClassCalling_Settings" name="Start_Settings" time="0.001"/>
  <testcase classname="com.Test.AllClassCalling_Settings" name="Settings_Till_Setting" time="45.050">
    <error message="Cannot invoke &quot;com.epam.healenium.SelfHealingDriver.get(String)&quot; because &quot;driver&quot; is null" type="java.lang.NullPointerException">
      <![CDATA[java.lang.NullPointerException: Cannot invoke "com.epam.healenium.SelfHealingDriver.get(String)" because "driver" is null
at com.Test.Settings_Till_Settings.Open_TillSettings_Page(Settings_Till_Settings.java:135)
at com.Test.AllClassCalling_Settings.Settings_Till_Setting(AllClassCalling_Settings.java:145)
at java.base/jdk.internal.reflect.NativeMethodAccessorImpl.invoke0(Native Method)
at java.base/jdk.internal.reflect.NativeMethodAccessorImpl.invoke(NativeMethodAccessorImpl.java:77)
at java.base/jdk.internal.reflect.DelegatingMethodAccessorImpl.invoke(DelegatingMethodAccessorImpl.java:43)
at java.base/java.lang.reflect.Method.invoke(Method.java:568)
at org.testng.internal.invokers.MethodInvocationHelper.invokeMethod(MethodInvocationHelper.java:139)
at org.testng.internal.invokers.TestInvoker.invokeMethod(TestInvoker.java:664)
at org.testng.internal.invokers.TestInvoker.invokeTestMethod(TestInvoker.java:227)
at org.testng.internal.invokers.MethodRunner.runInSequence(MethodRunner.java:50)
at org.testng.internal.invokers.TestInvoker$MethodInvocationAgent.invoke(TestInvoker.java:957)
at org.testng.internal.invokers.TestInvoker.invokeTestMethods(TestInvoker.java:200)
at org.testng.internal.invokers.TestMethodWorker.invokeTestMethods(TestMethodWorker.java:148)
at org.testng.internal.invokers.TestMethodWorker.run(TestMethodWorker.java:128)
at java.base/java.util.ArrayList.forEach(ArrayList.java:1511)
at org.testng.TestRunner.privateRun(TestRunner.java:848)
at org.testng.TestRunner.run(TestRunner.java:621)
at org.testng.SuiteRunner.runTest(SuiteRunner.java:443)
at org.testng.SuiteRunner.runSequentially(SuiteRunner.java:437)
at org.testng.SuiteRunner.privateRun(SuiteRunner.java:397)
at org.testng.SuiteRunner.run(SuiteRunner.java:336)
at org.testng.SuiteRunnerWorker.runSuite(SuiteRunnerWorker.java:52)
at org.testng.SuiteRunnerWorker.run(SuiteRunnerWorker.java:95)
at org.testng.TestNG.runSuitesSequentially(TestNG.java:1280)
at org.testng.TestNG.runSuitesLocally(TestNG.java:1200)
at org.testng.TestNG.runSuites(TestNG.java:1114)
at org.testng.TestNG.run(TestNG.java:1082)
at org.apache.maven.surefire.testng.TestNGExecutor.run(TestNGExecutor.java:308)
at org.apache.maven.surefire.testng.TestNGXmlTestSuite.execute(TestNGXmlTestSuite.java:71)
at org.apache.maven.surefire.testng.TestNGProvider.invoke(TestNGProvider.java:113)
at org.apache.maven.surefire.booter.ForkedBooter.runSuitesInProcess(ForkedBooter.java:385)
at org.apache.maven.surefire.booter.ForkedBooter.execute(ForkedBooter.java:162)
at org.apache.maven.surefire.booter.ForkedBooter.run(ForkedBooter.java:507)
at org.apache.maven.surefire.booter.ForkedBooter.main(ForkedBooter.java:495)
]]>
    </error>
  </testcase> <!-- Settings_Till_Setting -->
  <testcase classname="com.Test.AllClassCalling_Settings" name="Settings_Scales" time="0.000">
    <skipped/>
  </testcase> <!-- Settings_Scales -->
  <testcase classname="com.Test.AllClassCalling_Settings" name="Settings_CDS_Configuration" time="0.000">
    <skipped/>
  </testcase> <!-- Settings_CDS_Configuration -->
  <testcase classname="com.Test.AllClassCalling_Settings" name="Settings_Store_Information" time="0.000">
    <skipped/>
  </testcase> <!-- Settings_Store_Information -->
  <testcase classname="com.Test.AllClassCalling_Settings" name="Settings_Notifications" time="0.000">
    <skipped/>
  </testcase> <!-- Settings_Notifications -->
  <testcase classname="com.Test.AllClassCalling_Settings" name="Settings_Additional_Settings" time="0.000">
    <skipped/>
  </testcase> <!-- Settings_Additional_Settings -->
  <testcase classname="com.Test.AllClassCalling_Settings" name="Settings_Batch_Settings" time="0.000">
    <skipped/>
  </testcase> <!-- Settings_Batch_Settings -->
  <testcase classname="com.Test.AllClassCalling_Settings" name="Settings_Business_Hours" time="0.000">
    <skipped/>
  </testcase> <!-- Settings_Business_Hours -->
  <testcase classname="com.Test.AllClassCalling_Settings" name="Settings_Email_Receipt_Template" time="0.000">
    <skipped/>
  </testcase> <!-- Settings_Email_Receipt_Template -->
  <testcase classname="com.Test.AllClassCalling_Settings" name="Settings_Integrations_WebHook" time="0.000">
    <skipped/>
  </testcase> <!-- Settings_Integrations_WebHook -->
  <testcase classname="com.Test.AllClassCalling_Settings" name="Settings_Report_MatrixReport" time="0.000">
    <skipped/>
  </testcase> <!-- Settings_Report_MatrixReport -->
  <testcase classname="com.Test.AllClassCalling_Settings" name="Settings_Revenue_Center" time="0.000">
    <skipped/>
  </testcase> <!-- Settings_Revenue_Center -->
  <testcase classname="com.Test.AllClassCalling_Settings" name="Settings_WaitList" time="0.000">
    <skipped/>
  </testcase> <!-- Settings_WaitList -->
  <testcase classname="com.Test.AllClassCalling_Settings" name="Settings_General_Settings" time="0.000">
    <skipped/>
  </testcase> <!-- Settings_General_Settings -->
  <testcase classname="com.Test.AllClassCalling_Settings" name="Settings_Store_Licenses" time="0.000">
    <skipped/>
  </testcase> <!-- Settings_Store_Licenses -->
  <testcase classname="com.Test.AllClassCalling_Settings" name="Settings_Kitchen_Printers" time="0.000">
    <skipped/>
  </testcase> <!-- Settings_Kitchen_Printers -->
  <testcase classname="com.Test.AllClassCalling_Settings" name="Settings_Receipt_Printers" time="0.000">
    <skipped/>
  </testcase> <!-- Settings_Receipt_Printers -->
  <testcase classname="com.Test.AllClassCalling_Settings" name="Settings_Label_Printers" time="0.000">
    <skipped/>
  </testcase> <!-- Settings_Label_Printers -->
  <testcase classname="com.Test.AllClassCalling_Settings" name="Settings_AccountBalance" time="0.000">
    <skipped/>
  </testcase> <!-- Settings_AccountBalance -->
  <testcase classname="com.Test.AllClassCalling_Settings" name="Settings_POS_Custom_URL" time="0.000">
    <skipped/>
  </testcase> <!-- Settings_POS_Custom_URL -->
  <testcase classname="com.Test.AllClassCalling_Settings" name="Settings_Delivery_Settings" time="0.000">
    <skipped/>
  </testcase> <!-- Settings_Delivery_Settings -->
  <testcase classname="com.Test.AllClassCalling_Settings" name="Settings_StoreInventory" time="0.000">
    <skipped/>
  </testcase> <!-- Settings_StoreInventory -->
  <testcase classname="com.Test.AllClassCalling_Settings" name="Settings_EMV_Settings" time="0.000">
    <skipped/>
  </testcase> <!-- Settings_EMV_Settings -->
  <testcase classname="com.Test.AllClassCalling_Settings" name="Settings_Sale_Recap_Report" time="0.000">
    <skipped/>
  </testcase> <!-- Settings_Sale_Recap_Report -->
  <testcase classname="com.Test.AllClassCalling_Settings" name="Settings_Payment_Settings_and_Service_Charge" time="0.000">
    <skipped/>
  </testcase> <!-- Settings_Payment_Settings_and_Service_Charge -->
  <testcase classname="com.Test.AllClassCalling_Settings" name="Settings_Payment_Methods" time="0.000">
    <skipped/>
  </testcase> <!-- Settings_Payment_Methods -->
  <testcase classname="com.Test.AllClassCalling_Settings" name="Settings_Label_Template" time="0.000">
    <skipped/>
  </testcase> <!-- Settings_Label_Template -->
  <testcase classname="com.Test.AllClassCalling_Settings" name="Settings_KDS_Configuration" time="0.000">
    <skipped/>
  </testcase> <!-- Settings_KDS_Configuration -->
  <testcase classname="com.Test.AllClassCalling_Settings" name="Settings_Front_End_Receipt_Template" time="0.000">
    <skipped/>
  </testcase> <!-- Settings_Front_End_Receipt_Template -->
  <testcase classname="com.Test.AllClassCalling_Settings" name="Settings_Kitchen_Printer_Template" time="0.000">
    <skipped/>
  </testcase> <!-- Settings_Kitchen_Printer_Template -->
  <testcase classname="com.Test.AllClassCalling_Settings" name="Settings_Table_Layout" time="0.000">
    <skipped/>
  </testcase> <!-- Settings_Table_Layout -->
  <testcase classname="com.Test.AllClassCalling_Settings" name="Settings_ThirdPartyIntegrations" time="0.000">
    <skipped/>
  </testcase> <!-- Settings_ThirdPartyIntegrations -->
  <testcase classname="com.Test.AllClassCalling_Settings" name="Settings_Printer_Rerouting" time="0.000">
    <skipped/>
  </testcase> <!-- Settings_Printer_Rerouting -->
  <testcase classname="com.Test.AllClassCalling_Settings" name="Settings_TipOut_TipSharing" time="0.000">
    <skipped/>
  </testcase> <!-- Settings_TipOut_TipSharing -->
  <testcase classname="com.Test.AllClassCalling_Settings" name="Settings_Account_License" time="0.000">
    <skipped/>
  </testcase> <!-- Settings_Account_License -->
  <testcase classname="com.Test.AllClassCalling_Settings" name="Settings_Payroll_Report" time="0.000">
    <skipped/>
  </testcase> <!-- Settings_Payroll_Report -->
  <testcase classname="com.Test.AllClassCalling_Settings" name="Settings_Fiscal" time="0.000">
    <skipped/>
  </testcase> <!-- Settings_Fiscal -->
  <testcase classname="com.Test.AllClassCalling_Settings" name="End_Settings" time="0.000">
    <skipped/>
  </testcase> <!-- End_Settings -->
</testsuite> <!-- com.Test.AllClassCalling_Settings -->
